<?xml version="1.0" encoding="UTF-8"?>
<!-- Generated by org.testng.reporters.JUnitXMLReporter -->
<testsuite hostname="spirals-vortex.lille.inria.fr" name="CaptureTest" tests="1" failures="0" timestamp="17 Apr 2018 23:31:46 GMT" time="0.095" errors="0">
  <testcase name="@BeforeMethod startSession" time="0.0" classname="Suits.Login">
    <failure type="org.openqa.selenium.WebDriverException" message="Cannot find firefox binary in PATH. Make sure firefox is installed. OS appears to be: LINUX
Build info: version: &amp;apos;2.53.0&amp;apos;, revision: &amp;apos;35ae25b1534ae328c771e0856c93e187490ca824&amp;apos;, time: &amp;apos;2016-03-15 10:43:46&amp;apos;
System info: host: &amp;apos;spirals-vortex.lille.inria.fr&amp;apos;, ip: &amp;apos;172.17.0.7&amp;apos;, os.name: &amp;apos;Linux&amp;apos;, os.arch: &amp;apos;amd64&amp;apos;, os.version: &amp;apos;3.10.0-693.21.1.el7.x86_64&amp;apos;, java.version: &amp;apos;1.8.0_121&amp;apos;
Driver info: driver.version: FirefoxDriver">
      <![CDATA[org.openqa.selenium.WebDriverException: Cannot find firefox binary in PATH. Make sure firefox is installed. OS appears to be: LINUX
Build info: version: '2.53.0', revision: '35ae25b1534ae328c771e0856c93e187490ca824', time: '2016-03-15 10:43:46'
System info: host: 'spirals-vortex.lille.inria.fr', ip: '172.17.0.7', os.name: 'Linux', os.arch: 'amd64', os.version: '3.10.0-693.21.1.el7.x86_64', java.version: '1.8.0_121'
Driver info: driver.version: FirefoxDriver
	at org.openqa.selenium.firefox.internal.Executable.<init>(Executable.java:75)
	at org.openqa.selenium.firefox.FirefoxBinary.<init>(FirefoxBinary.java:60)
	at org.openqa.selenium.firefox.FirefoxBinary.<init>(FirefoxBinary.java:56)
	at org.openqa.selenium.firefox.FirefoxDriver.<init>(FirefoxDriver.java:120)
	at uy.com.cam.util.SeleniumTests.SeleniumTest.startSession(SeleniumTest.java:56)
... Removed 29 stack frames]]>
    </failure>
  </testcase> <!-- @BeforeMethod startSession -->
  <testcase name="@AfterMethod commonAfterTestMethod" time="0.0" classname="Suits.Login">
    <failure type="java.lang.NullPointerException">
      <![CDATA[java.lang.NullPointerException
	at uy.com.cam.util.SeleniumTests.SeleniumTest.commonAfterTestMethod(SeleniumTest.java:118)
... Removed 29 stack frames]]>
    </failure>
  </testcase> <!-- @AfterMethod commonAfterTestMethod -->
  <testcase name="completLogin" time="0.001" classname="Suits.Login">
    <skipped/>
  </testcase> <!-- completLogin -->
</testsuite> <!-- CaptureTest -->
