# JRE version: OpenJDK Runtime Environment (8.0_121-b13) (build 1.8.0_121-8u121-b13-1~bpo8+1-b13)
# Java VM: OpenJDK 64-Bit Server VM (25.121-b13 mixed mode linux-amd64 compressed oops)
Heap:
 PSYoungGen      total 194048K, used 0K [0x0000000718100000, 0x000000072b280000, 0x00000007c0000000)
  eden space 185856K, 0% used [0x0000000718100000,0x0000000718100000,0x0000000723680000)
  from space 8192K, 0% used [0x0000000723680000,0x0000000723680000,0x0000000723e80000)
  to   space 8192K, 0% used [0x000000072aa80000,0x000000072aa80000,0x000000072b280000)
 ParOldGen       total 222720K, used 8719K [0x00000005c8200000, 0x00000005d5b80000, 0x0000000718100000)
  object space 222720K, 3% used [0x00000005c8200000,0x00000005c8a83c20,0x00000005d5b80000)
 Metaspace       used 34941K, capacity 35244K, committed 35416K, reserved 1081344K
  class space    used 3847K, capacity 3958K, committed 3968K, reserved 1048576K
GC Heap History (10 events):
Event: 36.857 GC heap after
Heap after GC invocations=4 (full 1):
 PSYoungGen      total 150528K, used 0K [0x0000000718100000, 0x0000000722900000, 0x00000007c0000000)
  eden space 129024K, 0% used [0x0000000718100000,0x0000000718100000,0x000000071ff00000)
  from space 21504K, 0% used [0x000000071ff00000,0x000000071ff00000,0x0000000721400000)
  to   space 21504K, 0% used [0x0000000721400000,0x0000000721400000,0x0000000722900000)
 ParOldGen       total 222720K, used 7235K [0x00000005c8200000, 0x00000005d5b80000, 0x0000000718100000)
  object space 222720K, 3% used [0x00000005c8200000,0x00000005c8910d10,0x00000005d5b80000)
 Metaspace       used 20943K, capacity 21134K, committed 21248K, reserved 1069056K
  class space    used 2188K, capacity 2273K, committed 2304K, reserved 1048576K
}
Event: 43.780 GC heap before
{Heap before GC invocations=5 (full 1):
 PSYoungGen      total 150528K, used 129024K [0x0000000718100000, 0x0000000722900000, 0x00000007c0000000)
  eden space 129024K, 100% used [0x0000000718100000,0x000000071ff00000,0x000000071ff00000)
  from space 21504K, 0% used [0x000000071ff00000,0x000000071ff00000,0x0000000721400000)
  to   space 21504K, 0% used [0x0000000721400000,0x0000000721400000,0x0000000722900000)
 ParOldGen       total 222720K, used 7235K [0x00000005c8200000, 0x00000005d5b80000, 0x0000000718100000)
  object space 222720K, 3% used [0x00000005c8200000,0x00000005c8910d10,0x00000005d5b80000)
 Metaspace       used 25208K, capacity 25484K, committed 25728K, reserved 1073152K
  class space    used 2781K, capacity 2886K, committed 2944K, reserved 1048576K
Event: 43.815 GC heap after
Heap after GC invocations=5 (full 1):
 PSYoungGen      total 150528K, used 4286K [0x0000000718100000, 0x0000000725480000, 0x00000007c0000000)
  eden space 129024K, 0% used [0x0000000718100000,0x0000000718100000,0x000000071ff00000)
  from space 21504K, 19% used [0x0000000721400000,0x000000072182fb40,0x0000000722900000)
  to   space 21504K, 0% used [0x000000071ff00000,0x000000071ff00000,0x0000000721400000)
 ParOldGen       total 222720K, used 7235K [0x00000005c8200000, 0x00000005d5b80000, 0x0000000718100000)
  object space 222720K, 3% used [0x00000005c8200000,0x00000005c8910d10,0x00000005d5b80000)
 Metaspace       used 25208K, capacity 25484K, committed 25728K, reserved 1073152K
  class space    used 2781K, capacity 2886K, committed 2944K, reserved 1048576K
}
Event: 50.070 GC heap before
{Heap before GC invocations=6 (full 1):
 PSYoungGen      total 150528K, used 133310K [0x0000000718100000, 0x0000000725480000, 0x00000007c0000000)
  eden space 129024K, 100% used [0x0000000718100000,0x000000071ff00000,0x000000071ff00000)
  from space 21504K, 19% used [0x0000000721400000,0x000000072182fb40,0x0000000722900000)
  to   space 21504K, 0% used [0x000000071ff00000,0x000000071ff00000,0x0000000721400000)
 ParOldGen       total 222720K, used 7235K [0x00000005c8200000, 0x00000005d5b80000, 0x0000000718100000)
  object space 222720K, 3% used [0x00000005c8200000,0x00000005c8910d10,0x00000005d5b80000)
 Metaspace       used 29492K, capacity 29848K, committed 30080K, reserved 1075200K
  class space    used 3324K, capacity 3432K, committed 3456K, reserved 1048576K
Event: 50.162 GC heap after
Heap after GC invocations=6 (full 1):
 PSYoungGen      total 150528K, used 4994K [0x0000000718100000, 0x0000000724900000, 0x00000007c0000000)
  eden space 129024K, 0% used [0x0000000718100000,0x0000000718100000,0x000000071ff00000)
  from space 21504K, 23% used [0x000000071ff00000,0x00000007203e09d0,0x0000000721400000)
  to   space 8704K, 0% used [0x0000000724080000,0x0000000724080000,0x0000000724900000)
 ParOldGen       total 222720K, used 7235K [0x00000005c8200000, 0x00000005d5b80000, 0x0000000718100000)
  object space 222720K, 3% used [0x00000005c8200000,0x00000005c8910d10,0x00000005d5b80000)
 Metaspace       used 29492K, capacity 29848K, committed 30080K, reserved 1075200K
  class space    used 3324K, capacity 3432K, committed 3456K, reserved 1048576K
}
Event: 61.556 GC heap before
{Heap before GC invocations=7 (full 1):
 PSYoungGen      total 150528K, used 134018K [0x0000000718100000, 0x0000000724900000, 0x00000007c0000000)
  eden space 129024K, 100% used [0x0000000718100000,0x000000071ff00000,0x000000071ff00000)
  from space 21504K, 23% used [0x000000071ff00000,0x00000007203e09d0,0x0000000721400000)
  to   space 8704K, 0% used [0x0000000724080000,0x0000000724080000,0x0000000724900000)
 ParOldGen       total 222720K, used 7235K [0x00000005c8200000, 0x00000005d5b80000, 0x0000000718100000)
  object space 222720K, 3% used [0x00000005c8200000,0x00000005c8910d10,0x00000005d5b80000)
 Metaspace       used 34251K, capacity 34604K, committed 34944K, reserved 1081344K
  class space    used 3766K, capacity 3894K, committed 3968K, reserved 1048576K
Event: 61.578 GC heap after
Heap after GC invocations=7 (full 1):
 PSYoungGen      total 187392K, used 5975K [0x0000000718100000, 0x0000000724680000, 0x00000007c0000000)
  eden space 181248K, 0% used [0x0000000718100000,0x0000000718100000,0x0000000723200000)
  from space 6144K, 97% used [0x0000000724080000,0x0000000724655e60,0x0000000724680000)
  to   space 8192K, 0% used [0x0000000723680000,0x0000000723680000,0x0000000723e80000)
 ParOldGen       total 222720K, used 7251K [0x00000005c8200000, 0x00000005d5b80000, 0x0000000718100000)
  object space 222720K, 3% used [0x00000005c8200000,0x00000005c8914d10,0x00000005d5b80000)
 Metaspace       used 34251K, capacity 34604K, committed 34944K, reserved 1081344K
  class space    used 3766K, capacity 3894K, committed 3968K, reserved 1048576K
}
Event: 64.718 GC heap before
{Heap before GC invocations=8 (full 1):
 PSYoungGen      total 187392K, used 23978K [0x0000000718100000, 0x0000000724680000, 0x00000007c0000000)
  eden space 181248K, 9% used [0x0000000718100000,0x0000000719294c30,0x0000000723200000)
  from space 6144K, 97% used [0x0000000724080000,0x0000000724655e60,0x0000000724680000)
  to   space 8192K, 0% used [0x0000000723680000,0x0000000723680000,0x0000000723e80000)
 ParOldGen       total 222720K, used 7251K [0x00000005c8200000, 0x00000005d5b80000, 0x0000000718100000)
  object space 222720K, 3% used [0x00000005c8200000,0x00000005c8914d10,0x00000005d5b80000)
 Metaspace       used 34941K, capacity 35244K, committed 35416K, reserved 1081344K
  class space    used 3847K, capacity 3958K, committed 3968K, reserved 1048576K
Event: 64.853 GC heap after
Heap after GC invocations=8 (full 1):
 PSYoungGen      total 194048K, used 4704K [0x0000000718100000, 0x000000072b280000, 0x00000007c0000000)
  eden space 185856K, 0% used [0x0000000718100000,0x0000000718100000,0x0000000723680000)
  from space 8192K, 57% used [0x0000000723680000,0x0000000723b18040,0x0000000723e80000)
  to   space 8192K, 0% used [0x000000072aa80000,0x000000072aa80000,0x000000072b280000)
 ParOldGen       total 222720K, used 7267K [0x00000005c8200000, 0x00000005d5b80000, 0x0000000718100000)
  object space 222720K, 3% used [0x00000005c8200000,0x00000005c8918d10,0x00000005d5b80000)
 Metaspace       used 34941K, capacity 35244K, committed 35416K, reserved 1081344K
  class space    used 3847K, capacity 3958K, committed 3968K, reserved 1048576K
}
Event: 64.853 GC heap before
{Heap before GC invocations=9 (full 2):
 PSYoungGen      total 194048K, used 4704K [0x0000000718100000, 0x000000072b280000, 0x00000007c0000000)
  eden space 185856K, 0% used [0x0000000718100000,0x0000000718100000,0x0000000723680000)
  from space 8192K, 57% used [0x0000000723680000,0x0000000723b18040,0x0000000723e80000)
  to   space 8192K, 0% used [0x000000072aa80000,0x000000072aa80000,0x000000072b280000)
 ParOldGen       total 222720K, used 7267K [0x00000005c8200000, 0x00000005d5b80000, 0x0000000718100000)
  object space 222720K, 3% used [0x00000005c8200000,0x00000005c8918d10,0x00000005d5b80000)
 Metaspace       used 34941K, capacity 35244K, committed 35416K, reserved 1081344K
  class space    used 3847K, capacity 3958K, committed 3968K, reserved 1048576K

