-------------------------------------------------------------------------------
Test set: org.mage.test.cards.abilities.keywords.ConstellationTest
-------------------------------------------------------------------------------
Tests run: 8, Failures: 1, Errors: 0, Skipped: 0, Time elapsed: 0.251 sec <<< FAILURE!
test_DaxosGotBoostAndNewTypeByDependencyEffects(org.mage.test.cards.abilities.keywords.ConstellationTest)  Time elapsed: 0.05 sec  <<< FAILURE!
java.lang.AssertionError: dax boost - permanent Daxos's Torment have wrong power: 0 <> 5 expected:<5> but was:<0>
	at org.junit.Assert.fail(Assert.java:88)
	at org.junit.Assert.failNotEquals(Assert.java:834)
	at org.junit.Assert.assertEquals(Assert.java:645)
	at org.mage.test.player.TestPlayer.assertPT(TestPlayer.java:625)
	at org.mage.test.player.TestPlayer.priority(TestPlayer.java:547)
	at mage.game.GameImpl.playPriority(GameImpl.java:1353)
	at mage.game.turn.Step.priority(Step.java:87)
	at mage.game.turn.Phase.playStep(Phase.java:210)
	at mage.game.turn.Phase.play(Phase.java:115)
	at mage.game.turn.Turn.play(Turn.java:153)
	at mage.game.GameImpl.playTurn(GameImpl.java:883)
	at mage.game.GameImpl.play(GameImpl.java:792)
	at mage.game.GameImpl.start(GameImpl.java:756)
	at org.mage.test.serverside.base.impl.CardTestPlayerAPIImpl.execute(CardTestPlayerAPIImpl.java:198)
	at org.mage.test.cards.abilities.keywords.ConstellationTest.playDaxosAndVampire(ConstellationTest.java:220)
	at org.mage.test.cards.abilities.keywords.ConstellationTest.test_DaxosGotBoostAndNewTypeByDependencyEffects(ConstellationTest.java:225)
	at sun.reflect.NativeMethodAccessorImpl.invoke0(Native Method)
	at sun.reflect.NativeMethodAccessorImpl.invoke(NativeMethodAccessorImpl.java:62)
	at sun.reflect.DelegatingMethodAccessorImpl.invoke(DelegatingMethodAccessorImpl.java:43)
	at java.lang.reflect.Method.invoke(Method.java:498)
	at org.junit.runners.model.FrameworkMethod$1.runReflectiveCall(FrameworkMethod.java:50)
	at org.junit.internal.runners.model.ReflectiveCallable.run(ReflectiveCallable.java:12)
	at org.junit.runners.model.FrameworkMethod.invokeExplosively(FrameworkMethod.java:47)
	at org.junit.internal.runners.statements.InvokeMethod.evaluate(InvokeMethod.java:17)
	at org.junit.internal.runners.statements.RunBefores.evaluate(RunBefores.java:26)
	at org.junit.runners.ParentRunner.runLeaf(ParentRunner.java:325)
	at org.junit.runners.BlockJUnit4ClassRunner.runChild(BlockJUnit4ClassRunner.java:78)
	at org.junit.runners.BlockJUnit4ClassRunner.runChild(BlockJUnit4ClassRunner.java:57)
	at org.junit.runners.ParentRunner$3.run(ParentRunner.java:290)
	at org.junit.runners.ParentRunner$1.schedule(ParentRunner.java:71)
	at org.junit.runners.ParentRunner.runChildren(ParentRunner.java:288)
	at org.junit.runners.ParentRunner.access$000(ParentRunner.java:58)
	at org.junit.runners.ParentRunner$2.evaluate(ParentRunner.java:268)
	at org.junit.internal.runners.statements.RunBefores.evaluate(RunBefores.java:26)
	at org.junit.runners.ParentRunner.run(ParentRunner.java:363)
	at org.apache.maven.surefire.junit4.JUnit4Provider.execute(JUnit4Provider.java:252)
	at org.apache.maven.surefire.junit4.JUnit4Provider.executeTestSet(JUnit4Provider.java:141)
	at org.apache.maven.surefire.junit4.JUnit4Provider.invoke(JUnit4Provider.java:112)
	at sun.reflect.NativeMethodAccessorImpl.invoke0(Native Method)
	at sun.reflect.NativeMethodAccessorImpl.invoke(NativeMethodAccessorImpl.java:62)
	at sun.reflect.DelegatingMethodAccessorImpl.invoke(DelegatingMethodAccessorImpl.java:43)
	at java.lang.reflect.Method.invoke(Method.java:498)
	at org.apache.maven.surefire.util.ReflectionUtils.invokeMethodWithArray(ReflectionUtils.java:189)
	at org.apache.maven.surefire.booter.ProviderFactory$ProviderProxy.invoke(ProviderFactory.java:165)
	at org.apache.maven.surefire.booter.ProviderFactory.invokeProvider(ProviderFactory.java:85)
	at org.apache.maven.surefire.booter.ForkedBooter.runSuitesInProcess(ForkedBooter.java:115)
	at org.apache.maven.surefire.booter.ForkedBooter.main(ForkedBooter.java:75)

