-------------------------------------------------------------------------------
Test set: com.github.nosan.embedded.cassandra.CassandraStarterTests
-------------------------------------------------------------------------------
Tests run: 8, Failures: 0, Errors: 4, Skipped: 0, Time elapsed: 22.06 s <<< FAILURE! - in com.github.nosan.embedded.cassandra.CassandraStarterTests
multiplyInstances(com.github.nosan.embedded.cassandra.CassandraStarterTests)  Time elapsed: 2.599 s  <<< ERROR!
java.io.IOException: Could not start process. <EOF>
	at com.github.nosan.embedded.cassandra.CassandraStarterTests.start(CassandraStarterTests.java:138)
	at com.github.nosan.embedded.cassandra.CassandraStarterTests.multiplyInstances(CassandraStarterTests.java:73)

disableTransport(com.github.nosan.embedded.cassandra.CassandraStarterTests)  Time elapsed: 2.626 s  <<< ERROR!
java.io.IOException: Could not start process. <EOF>
	at com.github.nosan.embedded.cassandra.CassandraStarterTests.start(CassandraStarterTests.java:138)
	at com.github.nosan.embedded.cassandra.CassandraStarterTests.start(CassandraStarterTests.java:129)
	at com.github.nosan.embedded.cassandra.CassandraStarterTests.disableTransport(CassandraStarterTests.java:124)

rpcTransport(com.github.nosan.embedded.cassandra.CassandraStarterTests)  Time elapsed: 2.546 s  <<< ERROR!
java.io.IOException: Could not start process. <EOF>
	at com.github.nosan.embedded.cassandra.CassandraStarterTests.start(CassandraStarterTests.java:138)
	at com.github.nosan.embedded.cassandra.CassandraStarterTests.start(CassandraStarterTests.java:129)
	at com.github.nosan.embedded.cassandra.CassandraStarterTests.rpcTransport(CassandraStarterTests.java:113)

nativeTransport(com.github.nosan.embedded.cassandra.CassandraStarterTests)  Time elapsed: 2.66 s  <<< ERROR!
java.io.IOException: Could not start process. <EOF>
	at com.github.nosan.embedded.cassandra.CassandraStarterTests.start(CassandraStarterTests.java:138)
	at com.github.nosan.embedded.cassandra.CassandraStarterTests.nativeTransport(CassandraStarterTests.java:61)

