-------------------------------------------------------------------------------
Test set: com.github.nosan.embedded.cassandra.process.CassandraStarterTests
-------------------------------------------------------------------------------
Tests run: 7, Failures: 1, Errors: 5, Skipped: 0, Time elapsed: 387.87 s <<< FAILURE! - in com.github.nosan.embedded.cassandra.process.CassandraStarterTests
invalidConfig(com.github.nosan.embedded.cassandra.process.CassandraStarterTests)  Time elapsed: 63.321 s  <<< FAILURE!
java.lang.AssertionError: 

Expected: (an instance of java.io.IOException and exception with message a string containing "Missing required directive CommitLogSync")
     but: exception with message a string containing "Missing required directive CommitLogSync" message was "Could not start process. Please increase your startup timeout"
Stacktrace was: java.io.IOException: Could not start process. Please increase your startup timeout
	at com.github.nosan.embedded.cassandra.process.CassandraProcess.await(CassandraProcess.java:143)
	at com.github.nosan.embedded.cassandra.process.CassandraProcess.start(CassandraProcess.java:85)
	at com.github.nosan.embedded.cassandra.process.CassandraExecutable.start(CassandraExecutable.java:52)
	at com.github.nosan.embedded.cassandra.process.CassandraExecutable.start(CassandraExecutable.java:37)
	at de.flapdoodle.embed.process.runtime.Executable.start(Executable.java:108)
	at com.github.nosan.embedded.cassandra.process.CassandraStarterTests.start(CassandraStarterTests.java:128)
	at com.github.nosan.embedded.cassandra.process.CassandraStarterTests.start(CassandraStarterTests.java:119)
	at com.github.nosan.embedded.cassandra.process.CassandraStarterTests.invalidConfig(CassandraStarterTests.java:85)
	at sun.reflect.NativeMethodAccessorImpl.invoke0(Native Method)
	at sun.reflect.NativeMethodAccessorImpl.invoke(NativeMethodAccessorImpl.java:62)
	at sun.reflect.DelegatingMethodAccessorImpl.invoke(DelegatingMethodAccessorImpl.java:43)
	at java.lang.reflect.Method.invoke(Method.java:498)
	at org.junit.runners.model.FrameworkMethod$1.runReflectiveCall(FrameworkMethod.java:50)
	at org.junit.internal.runners.model.ReflectiveCallable.run(ReflectiveCallable.java:12)
	at org.junit.runners.model.FrameworkMethod.invokeExplosively(FrameworkMethod.java:47)
	at org.junit.internal.runners.statements.InvokeMethod.evaluate(InvokeMethod.java:17)
	at org.junit.rules.ExpectedException$ExpectedExceptionStatement.evaluate(ExpectedException.java:239)
	at org.junit.rules.RunRules.evaluate(RunRules.java:20)
	at org.junit.runners.ParentRunner.runLeaf(ParentRunner.java:325)
	at org.junit.runners.BlockJUnit4ClassRunner.runChild(BlockJUnit4ClassRunner.java:78)
	at org.junit.runners.BlockJUnit4ClassRunner.runChild(BlockJUnit4ClassRunner.java:57)
	at org.junit.runners.ParentRunner$3.run(ParentRunner.java:290)
	at org.junit.runners.ParentRunner$1.schedule(ParentRunner.java:71)
	at org.junit.runners.ParentRunner.runChildren(ParentRunner.java:288)
	at org.junit.runners.ParentRunner.access$000(ParentRunner.java:58)
	at org.junit.runners.ParentRunner$2.evaluate(ParentRunner.java:268)
	at org.junit.runners.ParentRunner.run(ParentRunner.java:363)
	at org.apache.maven.surefire.junit4.JUnit4Provider.execute(JUnit4Provider.java:365)
	at org.apache.maven.surefire.junit4.JUnit4Provider.executeWithRerun(JUnit4Provider.java:272)
	at org.apache.maven.surefire.junit4.JUnit4Provider.executeTestSet(JUnit4Provider.java:236)
	at org.apache.maven.surefire.junit4.JUnit4Provider.invoke(JUnit4Provider.java:159)
	at org.apache.maven.surefire.booter.ForkedBooter.invokeProviderInSameClassLoader(ForkedBooter.java:386)
	at org.apache.maven.surefire.booter.ForkedBooter.runSuitesInProcess(ForkedBooter.java:323)
	at org.apache.maven.surefire.booter.ForkedBooter.main(ForkedBooter.java:143)


multiplyInstances(com.github.nosan.embedded.cassandra.process.CassandraStarterTests)  Time elapsed: 64.213 s  <<< ERROR!
java.io.IOException: Could not start process. Please increase your startup timeout
	at com.github.nosan.embedded.cassandra.process.CassandraStarterTests.start(CassandraStarterTests.java:128)
	at com.github.nosan.embedded.cassandra.process.CassandraStarterTests.multiplyInstances(CassandraStarterTests.java:75)

useNativeTransport(com.github.nosan.embedded.cassandra.process.CassandraStarterTests)  Time elapsed: 64.054 s  <<< ERROR!
java.io.IOException: Could not start process. Please increase your startup timeout
	at com.github.nosan.embedded.cassandra.process.CassandraStarterTests.start(CassandraStarterTests.java:128)
	at com.github.nosan.embedded.cassandra.process.CassandraStarterTests.useNativeTransport(CassandraStarterTests.java:55)

shouldUseRpcTransport(com.github.nosan.embedded.cassandra.process.CassandraStarterTests)  Time elapsed: 63.965 s  <<< ERROR!
java.io.IOException: Could not start process. Please increase your startup timeout
	at com.github.nosan.embedded.cassandra.process.CassandraStarterTests.start(CassandraStarterTests.java:128)
	at com.github.nosan.embedded.cassandra.process.CassandraStarterTests.start(CassandraStarterTests.java:119)
	at com.github.nosan.embedded.cassandra.process.CassandraStarterTests.shouldUseRpcTransport(CassandraStarterTests.java:104)

restart(com.github.nosan.embedded.cassandra.process.CassandraStarterTests)  Time elapsed: 63.664 s  <<< ERROR!
java.io.IOException: Could not start process. Please increase your startup timeout
	at com.github.nosan.embedded.cassandra.process.CassandraStarterTests.start(CassandraStarterTests.java:128)
	at com.github.nosan.embedded.cassandra.process.CassandraStarterTests.start(CassandraStarterTests.java:119)
	at com.github.nosan.embedded.cassandra.process.CassandraStarterTests.restart(CassandraStarterTests.java:69)

shouldWorkWithDisableTransport(com.github.nosan.embedded.cassandra.process.CassandraStarterTests)  Time elapsed: 63.466 s  <<< ERROR!
java.io.IOException: Could not start process. Please increase your startup timeout
	at com.github.nosan.embedded.cassandra.process.CassandraStarterTests.start(CassandraStarterTests.java:128)
	at com.github.nosan.embedded.cassandra.process.CassandraStarterTests.start(CassandraStarterTests.java:119)
	at com.github.nosan.embedded.cassandra.process.CassandraStarterTests.shouldWorkWithDisableTransport(CassandraStarterTests.java:114)

