-------------------------------------------------------------------------------
Test set: com.github.nosan.embedded.cassandra.CassandraTests
-------------------------------------------------------------------------------
Tests run: 1, Failures: 0, Errors: 1, Skipped: 0, Time elapsed: 4.893 s <<< FAILURE! - in com.github.nosan.embedded.cassandra.CassandraTests
successfullyStarted(com.github.nosan.embedded.cassandra.CassandraTests)  Time elapsed: 4.893 s  <<< ERROR!
java.io.IOException: Could not start process. <EOF>
	at com.github.nosan.embedded.cassandra.CassandraTests.successfullyStarted(CassandraTests.java:41)

