<?xml version="1.0" encoding="UTF-8"?>
<testsuite xmlns:xsi="http://www.w3.org/2001/XMLSchema-instance" xsi:noNamespaceSchemaLocation="https://maven.apache.org/surefire/maven-surefire-plugin/xsd/surefire-test-report.xsd" name="com.github.nosan.embedded.cassandra.CassandraTests" time="0.932" tests="7" errors="3" skipped="0" failures="4">
  <properties>
    <property name="java.runtime.name" value="OpenJDK Runtime Environment"/>
    <property name="sun.boot.library.path" value="/usr/lib/jvm/java-8-openjdk-amd64/jre/lib/amd64"/>
    <property name="java.vm.version" value="25.121-b13"/>
    <property name="java.vm.vendor" value="Oracle Corporation"/>
    <property name="maven.multiModuleProjectDirectory" value="/root/workspace/nosan/embedded-cassandra/417215704"/>
    <property name="java.vendor.url" value="http://java.oracle.com/"/>
    <property name="path.separator" value=":"/>
    <property name="guice.disable.misplaced.annotation.check" value="true"/>
    <property name="skip.gulp" value="true"/>
    <property name="java.vm.name" value="OpenJDK 64-Bit Server VM"/>
    <property name="file.encoding.pkg" value="sun.io"/>
    <property name="sun.java.launcher" value="SUN_STANDARD"/>
    <property name="sun.os.patch.level" value="unknown"/>
    <property name="findbugs.skip" value="true"/>
    <property name="java.vm.specification.name" value="Java Virtual Machine Specification"/>
    <property name="user.dir" value="/root/workspace/nosan/embedded-cassandra/417215704"/>
    <property name="checkstyle.skip" value="true"/>
    <property name="java.runtime.version" value="1.8.0_121-8u121-b13-1~bpo8+1-b13"/>
    <property name="java.awt.graphicsenv" value="sun.awt.X11GraphicsEnvironment"/>
    <property name="skip.npm" value="true"/>
    <property name="java.endorsed.dirs" value="/usr/lib/jvm/java-8-openjdk-amd64/jre/lib/endorsed"/>
    <property name="os.arch" value="amd64"/>
    <property name="java.io.tmpdir" value="/tmp"/>
    <property name="gpg.skip" value="true"/>
    <property name="line.separator" value="&#10;"/>
    <property name="java.vm.specification.vendor" value="Oracle Corporation"/>
    <property name="cobertura.skip" value="true"/>
    <property name="os.name" value="Linux"/>
    <property name="classworlds.conf" value="/usr/share/maven/bin/m2.conf"/>
    <property name="sun.jnu.encoding" value="UTF-8"/>
    <property name="java.library.path" value="/usr/java/packages/lib/amd64:/usr/lib/x86_64-linux-gnu/jni:/lib/x86_64-linux-gnu:/usr/lib/x86_64-linux-gnu:/usr/lib/jni:/lib:/usr/lib"/>
    <property name="license.skip" value="true"/>
    <property name="java.specification.name" value="Java Platform API Specification"/>
    <property name="java.class.version" value="52.0"/>
    <property name="sun.management.compiler" value="HotSpot 64-Bit Tiered Compilers"/>
    <property name="skip.bower" value="true"/>
    <property name="maven.repo.local" value="/root/./workspace/nosan/embedded-cassandra/417215704/.m2"/>
    <property name="os.version" value="4.9.0-6-amd64"/>
    <property name="user.home" value="/root"/>
    <property name="user.timezone" value="Europe/Paris"/>
    <property name="java.awt.printerjob" value="sun.print.PSPrinterJob"/>
    <property name="java.specification.version" value="1.8"/>
    <property name="file.encoding" value="UTF-8"/>
    <property name="user.name" value="root"/>
    <property name="java.class.path" value="/usr/share/maven/boot/plexus-classworlds-2.5.2.jar"/>
    <property name="skipITs" value="true"/>
    <property name="java.vm.specification.version" value="1.8"/>
    <property name="sun.arch.data.model" value="64"/>
    <property name="java.home" value="/usr/lib/jvm/java-8-openjdk-amd64/jre"/>
    <property name="sun.java.command" value="org.codehaus.plexus.classworlds.launcher.Launcher -B -D enforcer.skip=true -D dependency-check.skip=true -D skipITs=true -D cobertura.skip=true -D maven.repo.local=/root/./workspace/nosan/embedded-cassandra/417215704/.m2 -D rat.skip=true -D findbugs.skip=true -D skip.bower=true -D gpg.skip=true -D checkstyle.skip=true -D skip.gulp=true -D license.skip=true -D skip.npm=true test"/>
    <property name="java.specification.vendor" value="Oracle Corporation"/>
    <property name="user.language" value="en"/>
    <property name="awt.toolkit" value="sun.awt.X11.XToolkit"/>
    <property name="dependency-check.skip" value="true"/>
    <property name="java.vm.info" value="mixed mode"/>
    <property name="java.version" value="1.8.0_121"/>
    <property name="java.ext.dirs" value="/usr/lib/jvm/java-8-openjdk-amd64/jre/lib/ext:/usr/java/packages/lib/ext"/>
    <property name="securerandom.source" value="file:/dev/./urandom"/>
    <property name="sun.boot.class.path" value="/usr/lib/jvm/java-8-openjdk-amd64/jre/lib/resources.jar:/usr/lib/jvm/java-8-openjdk-amd64/jre/lib/rt.jar:/usr/lib/jvm/java-8-openjdk-amd64/jre/lib/sunrsasign.jar:/usr/lib/jvm/java-8-openjdk-amd64/jre/lib/jsse.jar:/usr/lib/jvm/java-8-openjdk-amd64/jre/lib/jce.jar:/usr/lib/jvm/java-8-openjdk-amd64/jre/lib/charsets.jar:/usr/lib/jvm/java-8-openjdk-amd64/jre/lib/jfr.jar:/usr/lib/jvm/java-8-openjdk-amd64/jre/classes"/>
    <property name="java.vendor" value="Oracle Corporation"/>
    <property name="enforcer.skip" value="true"/>
    <property name="rat.skip" value="true"/>
    <property name="maven.home" value="/usr/share/maven"/>
    <property name="file.separator" value="/"/>
    <property name="java.vendor.url.bug" value="http://bugreport.sun.com/bugreport/"/>
    <property name="sun.cpu.endian" value="little"/>
    <property name="sun.io.unicode.encoding" value="UnicodeLittle"/>
    <property name="sun.cpu.isalist" value=""/>
  </properties>
  <testcase name="shouldBeAbleToRestartCassandra" classname="com.github.nosan.embedded.cassandra.CassandraTests" time="0.264">
    <error message="java.io.IOException: Could not open inputStream for http://www-eu.apache.org/dist/cassandra/3.11.2/apache-cassandra-3.11.2-bin.tar.gz" type="java.lang.RuntimeException">java.lang.RuntimeException: java.io.IOException: Could not open inputStream for http://www-eu.apache.org/dist/cassandra/3.11.2/apache-cassandra-3.11.2-bin.tar.gz
	at com.github.nosan.embedded.cassandra.Cassandra.start(Cassandra.java:199)
	at com.github.nosan.embedded.cassandra.CassandraTests.run(CassandraTests.java:128)
	at com.github.nosan.embedded.cassandra.CassandraTests.shouldBeAbleToRestartCassandra(CassandraTests.java:53)
	at sun.reflect.NativeMethodAccessorImpl.invoke0(Native Method)
	at sun.reflect.NativeMethodAccessorImpl.invoke(NativeMethodAccessorImpl.java:62)
	at sun.reflect.DelegatingMethodAccessorImpl.invoke(DelegatingMethodAccessorImpl.java:43)
	at java.lang.reflect.Method.invoke(Method.java:498)
	at org.junit.runners.model.FrameworkMethod$1.runReflectiveCall(FrameworkMethod.java:50)
	at org.junit.internal.runners.model.ReflectiveCallable.run(ReflectiveCallable.java:12)
	at org.junit.runners.model.FrameworkMethod.invokeExplosively(FrameworkMethod.java:47)
	at org.junit.internal.runners.statements.InvokeMethod.evaluate(InvokeMethod.java:17)
	at org.junit.rules.ExpectedException$ExpectedExceptionStatement.evaluate(ExpectedException.java:239)
	at org.junit.rules.RunRules.evaluate(RunRules.java:20)
	at org.junit.runners.ParentRunner.runLeaf(ParentRunner.java:325)
	at org.junit.runners.BlockJUnit4ClassRunner.runChild(BlockJUnit4ClassRunner.java:78)
	at org.junit.runners.BlockJUnit4ClassRunner.runChild(BlockJUnit4ClassRunner.java:57)
	at org.junit.runners.ParentRunner$3.run(ParentRunner.java:290)
	at org.junit.runners.ParentRunner$1.schedule(ParentRunner.java:71)
	at org.junit.runners.ParentRunner.runChildren(ParentRunner.java:288)
	at org.junit.runners.ParentRunner.access$000(ParentRunner.java:58)
	at org.junit.runners.ParentRunner$2.evaluate(ParentRunner.java:268)
	at org.junit.runners.ParentRunner.run(ParentRunner.java:363)
	at org.apache.maven.surefire.junit4.JUnit4Provider.execute(JUnit4Provider.java:365)
	at org.apache.maven.surefire.junit4.JUnit4Provider.executeWithRerun(JUnit4Provider.java:272)
	at org.apache.maven.surefire.junit4.JUnit4Provider.executeTestSet(JUnit4Provider.java:236)
	at org.apache.maven.surefire.junit4.JUnit4Provider.invoke(JUnit4Provider.java:159)
	at org.apache.maven.surefire.booter.ForkedBooter.invokeProviderInSameClassLoader(ForkedBooter.java:386)
	at org.apache.maven.surefire.booter.ForkedBooter.runSuitesInProcess(ForkedBooter.java:323)
	at org.apache.maven.surefire.booter.ForkedBooter.main(ForkedBooter.java:143)
Caused by: java.io.IOException: Could not open inputStream for http://www-eu.apache.org/dist/cassandra/3.11.2/apache-cassandra-3.11.2-bin.tar.gz
	at de.flapdoodle.embed.process.store.Downloader.downloadInputStream(Downloader.java:131)
	at de.flapdoodle.embed.process.store.Downloader.download(Downloader.java:69)
	at de.flapdoodle.embed.process.store.ArtifactStore.checkDistribution(ArtifactStore.java:66)
	at com.github.nosan.embedded.cassandra.support.SafeArtifactStore.checkDistribution(SafeArtifactStore.java:50)
	at com.github.nosan.embedded.cassandra.Cassandra$CassandraStarter.newExecutable(Cassandra.java:313)
	at com.github.nosan.embedded.cassandra.Cassandra.start(Cassandra.java:194)
	... 28 more
Caused by: java.io.FileNotFoundException: http://www-eu.apache.org/dist/cassandra/3.11.2/apache-cassandra-3.11.2-bin.tar.gz
	at sun.net.www.protocol.http.HttpURLConnection.getInputStream0(HttpURLConnection.java:1872)
	at sun.net.www.protocol.http.HttpURLConnection.getInputStream(HttpURLConnection.java:1474)
	at de.flapdoodle.embed.process.store.Downloader.downloadInputStream(Downloader.java:127)
	... 33 more
</error>
    <system-out><![CDATA[2018-08-17 13:20:15 [main] INFO  c.g.n.embedded.cassandra.Cassandra - Download LATEST:Linux:B64 : starting...
]]></system-out>
  </testcase>
  <testcase name="shouldNotStartCassandraIfCassandraHasBeenAlreadyStarted" classname="com.github.nosan.embedded.cassandra.CassandraTests" time="0.107">
    <failure message="&#10;Expected: (an instance of java.lang.IllegalStateException and exception with message a string containing &quot;Cassandra has already been initialized&quot;)&#10;     but: an instance of java.lang.IllegalStateException &lt;java.lang.RuntimeException: java.io.IOException: Could not open inputStream for http://www-eu.apache.org/dist/cassandra/3.11.2/apache-cassandra-3.11.2-bin.tar.gz&gt; is a java.lang.RuntimeException&#10;Stacktrace was: java.lang.RuntimeException: java.io.IOException: Could not open inputStream for http://www-eu.apache.org/dist/cassandra/3.11.2/apache-cassandra-3.11.2-bin.tar.gz&#10;	at com.github.nosan.embedded.cassandra.Cassandra.start(Cassandra.java:199)&#10;	at com.github.nosan.embedded.cassandra.CassandraTests.run(CassandraTests.java:128)&#10;	at com.github.nosan.embedded.cassandra.CassandraTests.shouldNotStartCassandraIfCassandraHasBeenAlreadyStarted(CassandraTests.java:47)&#10;	at sun.reflect.NativeMethodAccessorImpl.invoke0(Native Method)&#10;	at sun.reflect.NativeMethodAccessorImpl.invoke(NativeMethodAccessorImpl.java:62)&#10;	at sun.reflect.DelegatingMethodAccessorImpl.invoke(DelegatingMethodAccessorImpl.java:43)&#10;	at java.lang.reflect.Method.invoke(Method.java:498)&#10;	at org.junit.runners.model.FrameworkMethod$1.runReflectiveCall(FrameworkMethod.java:50)&#10;	at org.junit.internal.runners.model.ReflectiveCallable.run(ReflectiveCallable.java:12)&#10;	at org.junit.runners.model.FrameworkMethod.invokeExplosively(FrameworkMethod.java:47)&#10;	at org.junit.internal.runners.statements.InvokeMethod.evaluate(InvokeMethod.java:17)&#10;	at org.junit.rules.ExpectedException$ExpectedExceptionStatement.evaluate(ExpectedException.java:239)&#10;	at org.junit.rules.RunRules.evaluate(RunRules.java:20)&#10;	at org.junit.runners.ParentRunner.runLeaf(ParentRunner.java:325)&#10;	at org.junit.runners.BlockJUnit4ClassRunner.runChild(BlockJUnit4ClassRunner.java:78)&#10;	at org.junit.runners.BlockJUnit4ClassRunner.runChild(BlockJUnit4ClassRunner.java:57)&#10;	at org.junit.runners.ParentRunner$3.run(ParentRunner.java:290)&#10;	at org.junit.runners.ParentRunner$1.schedule(ParentRunner.java:71)&#10;	at org.junit.runners.ParentRunner.runChildren(ParentRunner.java:288)&#10;	at org.junit.runners.ParentRunner.access$000(ParentRunner.java:58)&#10;	at org.junit.runners.ParentRunner$2.evaluate(ParentRunner.java:268)&#10;	at org.junit.runners.ParentRunner.run(ParentRunner.java:363)&#10;	at org.apache.maven.surefire.junit4.JUnit4Provider.execute(JUnit4Provider.java:365)&#10;	at org.apache.maven.surefire.junit4.JUnit4Provider.executeWithRerun(JUnit4Provider.java:272)&#10;	at org.apache.maven.surefire.junit4.JUnit4Provider.executeTestSet(JUnit4Provider.java:236)&#10;	at org.apache.maven.surefire.junit4.JUnit4Provider.invoke(JUnit4Provider.java:159)&#10;	at org.apache.maven.surefire.booter.ForkedBooter.invokeProviderInSameClassLoader(ForkedBooter.java:386)&#10;	at org.apache.maven.surefire.booter.ForkedBooter.runSuitesInProcess(ForkedBooter.java:323)&#10;	at org.apache.maven.surefire.booter.ForkedBooter.main(ForkedBooter.java:143)&#10;Caused by: java.io.IOException: Could not open inputStream for http://www-eu.apache.org/dist/cassandra/3.11.2/apache-cassandra-3.11.2-bin.tar.gz&#10;	at de.flapdoodle.embed.process.store.Downloader.downloadInputStream(Downloader.java:131)&#10;	at de.flapdoodle.embed.process.store.Downloader.download(Downloader.java:69)&#10;	at de.flapdoodle.embed.process.store.ArtifactStore.checkDistribution(ArtifactStore.java:66)&#10;	at com.github.nosan.embedded.cassandra.support.SafeArtifactStore.checkDistribution(SafeArtifactStore.java:50)&#10;	at com.github.nosan.embedded.cassandra.Cassandra$CassandraStarter.newExecutable(Cassandra.java:313)&#10;	at com.github.nosan.embedded.cassandra.Cassandra.start(Cassandra.java:194)&#10;	... 28 more&#10;Caused by: java.io.FileNotFoundException: http://www-eu.apache.org/dist/cassandra/3.11.2/apache-cassandra-3.11.2-bin.tar.gz&#10;	at sun.net.www.protocol.http.HttpURLConnection.getInputStream0(HttpURLConnection.java:1872)&#10;	at sun.net.www.protocol.http.HttpURLConnection.getInputStream(HttpURLConnection.java:1474)&#10;	at de.flapdoodle.embed.process.store.Downloader.downloadInputStream(Downloader.java:127)&#10;	... 33 more&#10;" type="java.lang.AssertionError"><![CDATA[java.lang.AssertionError: 

Expected: (an instance of java.lang.IllegalStateException and exception with message a string containing "Cassandra has already been initialized")
     but: an instance of java.lang.IllegalStateException <java.lang.RuntimeException: java.io.IOException: Could not open inputStream for http://www-eu.apache.org/dist/cassandra/3.11.2/apache-cassandra-3.11.2-bin.tar.gz> is a java.lang.RuntimeException
Stacktrace was: java.lang.RuntimeException: java.io.IOException: Could not open inputStream for http://www-eu.apache.org/dist/cassandra/3.11.2/apache-cassandra-3.11.2-bin.tar.gz
	at com.github.nosan.embedded.cassandra.Cassandra.start(Cassandra.java:199)
	at com.github.nosan.embedded.cassandra.CassandraTests.run(CassandraTests.java:128)
	at com.github.nosan.embedded.cassandra.CassandraTests.shouldNotStartCassandraIfCassandraHasBeenAlreadyStarted(CassandraTests.java:47)
	at sun.reflect.NativeMethodAccessorImpl.invoke0(Native Method)
	at sun.reflect.NativeMethodAccessorImpl.invoke(NativeMethodAccessorImpl.java:62)
	at sun.reflect.DelegatingMethodAccessorImpl.invoke(DelegatingMethodAccessorImpl.java:43)
	at java.lang.reflect.Method.invoke(Method.java:498)
	at org.junit.runners.model.FrameworkMethod$1.runReflectiveCall(FrameworkMethod.java:50)
	at org.junit.internal.runners.model.ReflectiveCallable.run(ReflectiveCallable.java:12)
	at org.junit.runners.model.FrameworkMethod.invokeExplosively(FrameworkMethod.java:47)
	at org.junit.internal.runners.statements.InvokeMethod.evaluate(InvokeMethod.java:17)
	at org.junit.rules.ExpectedException$ExpectedExceptionStatement.evaluate(ExpectedException.java:239)
	at org.junit.rules.RunRules.evaluate(RunRules.java:20)
	at org.junit.runners.ParentRunner.runLeaf(ParentRunner.java:325)
	at org.junit.runners.BlockJUnit4ClassRunner.runChild(BlockJUnit4ClassRunner.java:78)
	at org.junit.runners.BlockJUnit4ClassRunner.runChild(BlockJUnit4ClassRunner.java:57)
	at org.junit.runners.ParentRunner$3.run(ParentRunner.java:290)
	at org.junit.runners.ParentRunner$1.schedule(ParentRunner.java:71)
	at org.junit.runners.ParentRunner.runChildren(ParentRunner.java:288)
	at org.junit.runners.ParentRunner.access$000(ParentRunner.java:58)
	at org.junit.runners.ParentRunner$2.evaluate(ParentRunner.java:268)
	at org.junit.runners.ParentRunner.run(ParentRunner.java:363)
	at org.apache.maven.surefire.junit4.JUnit4Provider.execute(JUnit4Provider.java:365)
	at org.apache.maven.surefire.junit4.JUnit4Provider.executeWithRerun(JUnit4Provider.java:272)
	at org.apache.maven.surefire.junit4.JUnit4Provider.executeTestSet(JUnit4Provider.java:236)
	at org.apache.maven.surefire.junit4.JUnit4Provider.invoke(JUnit4Provider.java:159)
	at org.apache.maven.surefire.booter.ForkedBooter.invokeProviderInSameClassLoader(ForkedBooter.java:386)
	at org.apache.maven.surefire.booter.ForkedBooter.runSuitesInProcess(ForkedBooter.java:323)
	at org.apache.maven.surefire.booter.ForkedBooter.main(ForkedBooter.java:143)
Caused by: java.io.IOException: Could not open inputStream for http://www-eu.apache.org/dist/cassandra/3.11.2/apache-cassandra-3.11.2-bin.tar.gz
	at de.flapdoodle.embed.process.store.Downloader.downloadInputStream(Downloader.java:131)
	at de.flapdoodle.embed.process.store.Downloader.download(Downloader.java:69)
	at de.flapdoodle.embed.process.store.ArtifactStore.checkDistribution(ArtifactStore.java:66)
	at com.github.nosan.embedded.cassandra.support.SafeArtifactStore.checkDistribution(SafeArtifactStore.java:50)
	at com.github.nosan.embedded.cassandra.Cassandra$CassandraStarter.newExecutable(Cassandra.java:313)
	at com.github.nosan.embedded.cassandra.Cassandra.start(Cassandra.java:194)
	... 28 more
Caused by: java.io.FileNotFoundException: http://www-eu.apache.org/dist/cassandra/3.11.2/apache-cassandra-3.11.2-bin.tar.gz
	at sun.net.www.protocol.http.HttpURLConnection.getInputStream0(HttpURLConnection.java:1872)
	at sun.net.www.protocol.http.HttpURLConnection.getInputStream(HttpURLConnection.java:1474)
	at de.flapdoodle.embed.process.store.Downloader.downloadInputStream(Downloader.java:127)
	... 33 more

	at org.hamcrest.MatcherAssert.assertThat(MatcherAssert.java:20)
	at org.junit.Assert.assertThat(Assert.java:956)
	at org.junit.Assert.assertThat(Assert.java:923)
	at org.junit.rules.ExpectedException.handleException(ExpectedException.java:252)
	at org.junit.rules.ExpectedException.access$000(ExpectedException.java:106)
	at org.junit.rules.ExpectedException$ExpectedExceptionStatement.evaluate(ExpectedException.java:241)
	at org.junit.rules.RunRules.evaluate(RunRules.java:20)
	at org.junit.runners.ParentRunner.runLeaf(ParentRunner.java:325)
	at org.junit.runners.BlockJUnit4ClassRunner.runChild(BlockJUnit4ClassRunner.java:78)
	at org.junit.runners.BlockJUnit4ClassRunner.runChild(BlockJUnit4ClassRunner.java:57)
	at org.junit.runners.ParentRunner$3.run(ParentRunner.java:290)
	at org.junit.runners.ParentRunner$1.schedule(ParentRunner.java:71)
	at org.junit.runners.ParentRunner.runChildren(ParentRunner.java:288)
	at org.junit.runners.ParentRunner.access$000(ParentRunner.java:58)
	at org.junit.runners.ParentRunner$2.evaluate(ParentRunner.java:268)
	at org.junit.runners.ParentRunner.run(ParentRunner.java:363)
	at org.apache.maven.surefire.junit4.JUnit4Provider.execute(JUnit4Provider.java:365)
	at org.apache.maven.surefire.junit4.JUnit4Provider.executeWithRerun(JUnit4Provider.java:272)
	at org.apache.maven.surefire.junit4.JUnit4Provider.executeTestSet(JUnit4Provider.java:236)
	at org.apache.maven.surefire.junit4.JUnit4Provider.invoke(JUnit4Provider.java:159)
	at org.apache.maven.surefire.booter.ForkedBooter.invokeProviderInSameClassLoader(ForkedBooter.java:386)
	at org.apache.maven.surefire.booter.ForkedBooter.runSuitesInProcess(ForkedBooter.java:323)
	at org.apache.maven.surefire.booter.ForkedBooter.main(ForkedBooter.java:143)
]]></failure>
    <system-out><![CDATA[2018-08-17 13:20:15 [main] INFO  c.g.n.embedded.cassandra.Cassandra - Download LATEST:Linux:B64 : starting...
]]></system-out>
  </testcase>
  <testcase name="shouldFailWithInvalidConfigurationError" classname="com.github.nosan.embedded.cassandra.CassandraTests" time="0.137">
    <failure message="&#10;Expected: (an instance of java.lang.RuntimeException and exception with message a string containing &quot;Missing required directive CommitLogSync&quot;)&#10;     but: exception with message a string containing &quot;Missing required directive CommitLogSync&quot; message was &quot;java.io.IOException: Could not open inputStream for http://www-eu.apache.org/dist/cassandra/3.11.2/apache-cassandra-3.11.2-bin.tar.gz&quot;&#10;Stacktrace was: java.lang.RuntimeException: java.io.IOException: Could not open inputStream for http://www-eu.apache.org/dist/cassandra/3.11.2/apache-cassandra-3.11.2-bin.tar.gz&#10;	at com.github.nosan.embedded.cassandra.Cassandra.start(Cassandra.java:199)&#10;	at com.github.nosan.embedded.cassandra.CassandraTests.run(CassandraTests.java:119)&#10;	at com.github.nosan.embedded.cassandra.CassandraTests.shouldFailWithInvalidConfigurationError(CassandraTests.java:74)&#10;	at sun.reflect.NativeMethodAccessorImpl.invoke0(Native Method)&#10;	at sun.reflect.NativeMethodAccessorImpl.invoke(NativeMethodAccessorImpl.java:62)&#10;	at sun.reflect.DelegatingMethodAccessorImpl.invoke(DelegatingMethodAccessorImpl.java:43)&#10;	at java.lang.reflect.Method.invoke(Method.java:498)&#10;	at org.junit.runners.model.FrameworkMethod$1.runReflectiveCall(FrameworkMethod.java:50)&#10;	at org.junit.internal.runners.model.ReflectiveCallable.run(ReflectiveCallable.java:12)&#10;	at org.junit.runners.model.FrameworkMethod.invokeExplosively(FrameworkMethod.java:47)&#10;	at org.junit.internal.runners.statements.InvokeMethod.evaluate(InvokeMethod.java:17)&#10;	at org.junit.rules.ExpectedException$ExpectedExceptionStatement.evaluate(ExpectedException.java:239)&#10;	at org.junit.rules.RunRules.evaluate(RunRules.java:20)&#10;	at org.junit.runners.ParentRunner.runLeaf(ParentRunner.java:325)&#10;	at org.junit.runners.BlockJUnit4ClassRunner.runChild(BlockJUnit4ClassRunner.java:78)&#10;	at org.junit.runners.BlockJUnit4ClassRunner.runChild(BlockJUnit4ClassRunner.java:57)&#10;	at org.junit.runners.ParentRunner$3.run(ParentRunner.java:290)&#10;	at org.junit.runners.ParentRunner$1.schedule(ParentRunner.java:71)&#10;	at org.junit.runners.ParentRunner.runChildren(ParentRunner.java:288)&#10;	at org.junit.runners.ParentRunner.access$000(ParentRunner.java:58)&#10;	at org.junit.runners.ParentRunner$2.evaluate(ParentRunner.java:268)&#10;	at org.junit.runners.ParentRunner.run(ParentRunner.java:363)&#10;	at org.apache.maven.surefire.junit4.JUnit4Provider.execute(JUnit4Provider.java:365)&#10;	at org.apache.maven.surefire.junit4.JUnit4Provider.executeWithRerun(JUnit4Provider.java:272)&#10;	at org.apache.maven.surefire.junit4.JUnit4Provider.executeTestSet(JUnit4Provider.java:236)&#10;	at org.apache.maven.surefire.junit4.JUnit4Provider.invoke(JUnit4Provider.java:159)&#10;	at org.apache.maven.surefire.booter.ForkedBooter.invokeProviderInSameClassLoader(ForkedBooter.java:386)&#10;	at org.apache.maven.surefire.booter.ForkedBooter.runSuitesInProcess(ForkedBooter.java:323)&#10;	at org.apache.maven.surefire.booter.ForkedBooter.main(ForkedBooter.java:143)&#10;Caused by: java.io.IOException: Could not open inputStream for http://www-eu.apache.org/dist/cassandra/3.11.2/apache-cassandra-3.11.2-bin.tar.gz&#10;	at de.flapdoodle.embed.process.store.Downloader.downloadInputStream(Downloader.java:131)&#10;	at de.flapdoodle.embed.process.store.Downloader.download(Downloader.java:69)&#10;	at de.flapdoodle.embed.process.store.ArtifactStore.checkDistribution(ArtifactStore.java:66)&#10;	at com.github.nosan.embedded.cassandra.support.SafeArtifactStore.checkDistribution(SafeArtifactStore.java:50)&#10;	at com.github.nosan.embedded.cassandra.Cassandra$CassandraStarter.newExecutable(Cassandra.java:313)&#10;	at com.github.nosan.embedded.cassandra.Cassandra.start(Cassandra.java:194)&#10;	... 28 more&#10;Caused by: java.io.FileNotFoundException: http://www-eu.apache.org/dist/cassandra/3.11.2/apache-cassandra-3.11.2-bin.tar.gz&#10;	at sun.net.www.protocol.http.HttpURLConnection.getInputStream0(HttpURLConnection.java:1872)&#10;	at sun.net.www.protocol.http.HttpURLConnection.getInputStream(HttpURLConnection.java:1474)&#10;	at de.flapdoodle.embed.process.store.Downloader.downloadInputStream(Downloader.java:127)&#10;	... 33 more&#10;" type="java.lang.AssertionError">java.lang.AssertionError: 

Expected: (an instance of java.lang.RuntimeException and exception with message a string containing "Missing required directive CommitLogSync")
     but: exception with message a string containing "Missing required directive CommitLogSync" message was "java.io.IOException: Could not open inputStream for http://www-eu.apache.org/dist/cassandra/3.11.2/apache-cassandra-3.11.2-bin.tar.gz"
Stacktrace was: java.lang.RuntimeException: java.io.IOException: Could not open inputStream for http://www-eu.apache.org/dist/cassandra/3.11.2/apache-cassandra-3.11.2-bin.tar.gz
	at com.github.nosan.embedded.cassandra.Cassandra.start(Cassandra.java:199)
	at com.github.nosan.embedded.cassandra.CassandraTests.run(CassandraTests.java:119)
	at com.github.nosan.embedded.cassandra.CassandraTests.shouldFailWithInvalidConfigurationError(CassandraTests.java:74)
	at sun.reflect.NativeMethodAccessorImpl.invoke0(Native Method)
	at sun.reflect.NativeMethodAccessorImpl.invoke(NativeMethodAccessorImpl.java:62)
	at sun.reflect.DelegatingMethodAccessorImpl.invoke(DelegatingMethodAccessorImpl.java:43)
	at java.lang.reflect.Method.invoke(Method.java:498)
	at org.junit.runners.model.FrameworkMethod$1.runReflectiveCall(FrameworkMethod.java:50)
	at org.junit.internal.runners.model.ReflectiveCallable.run(ReflectiveCallable.java:12)
	at org.junit.runners.model.FrameworkMethod.invokeExplosively(FrameworkMethod.java:47)
	at org.junit.internal.runners.statements.InvokeMethod.evaluate(InvokeMethod.java:17)
	at org.junit.rules.ExpectedException$ExpectedExceptionStatement.evaluate(ExpectedException.java:239)
	at org.junit.rules.RunRules.evaluate(RunRules.java:20)
	at org.junit.runners.ParentRunner.runLeaf(ParentRunner.java:325)
	at org.junit.runners.BlockJUnit4ClassRunner.runChild(BlockJUnit4ClassRunner.java:78)
	at org.junit.runners.BlockJUnit4ClassRunner.runChild(BlockJUnit4ClassRunner.java:57)
	at org.junit.runners.ParentRunner$3.run(ParentRunner.java:290)
	at org.junit.runners.ParentRunner$1.schedule(ParentRunner.java:71)
	at org.junit.runners.ParentRunner.runChildren(ParentRunner.java:288)
	at org.junit.runners.ParentRunner.access$000(ParentRunner.java:58)
	at org.junit.runners.ParentRunner$2.evaluate(ParentRunner.java:268)
	at org.junit.runners.ParentRunner.run(ParentRunner.java:363)
	at org.apache.maven.surefire.junit4.JUnit4Provider.execute(JUnit4Provider.java:365)
	at org.apache.maven.surefire.junit4.JUnit4Provider.executeWithRerun(JUnit4Provider.java:272)
	at org.apache.maven.surefire.junit4.JUnit4Provider.executeTestSet(JUnit4Provider.java:236)
	at org.apache.maven.surefire.junit4.JUnit4Provider.invoke(JUnit4Provider.java:159)
	at org.apache.maven.surefire.booter.ForkedBooter.invokeProviderInSameClassLoader(ForkedBooter.java:386)
	at org.apache.maven.surefire.booter.ForkedBooter.runSuitesInProcess(ForkedBooter.java:323)
	at org.apache.maven.surefire.booter.ForkedBooter.main(ForkedBooter.java:143)
Caused by: java.io.IOException: Could not open inputStream for http://www-eu.apache.org/dist/cassandra/3.11.2/apache-cassandra-3.11.2-bin.tar.gz
	at de.flapdoodle.embed.process.store.Downloader.downloadInputStream(Downloader.java:131)
	at de.flapdoodle.embed.process.store.Downloader.download(Downloader.java:69)
	at de.flapdoodle.embed.process.store.ArtifactStore.checkDistribution(ArtifactStore.java:66)
	at com.github.nosan.embedded.cassandra.support.SafeArtifactStore.checkDistribution(SafeArtifactStore.java:50)
	at com.github.nosan.embedded.cassandra.Cassandra$CassandraStarter.newExecutable(Cassandra.java:313)
	at com.github.nosan.embedded.cassandra.Cassandra.start(Cassandra.java:194)
	... 28 more
Caused by: java.io.FileNotFoundException: http://www-eu.apache.org/dist/cassandra/3.11.2/apache-cassandra-3.11.2-bin.tar.gz
	at sun.net.www.protocol.http.HttpURLConnection.getInputStream0(HttpURLConnection.java:1872)
	at sun.net.www.protocol.http.HttpURLConnection.getInputStream(HttpURLConnection.java:1474)
	at de.flapdoodle.embed.process.store.Downloader.downloadInputStream(Downloader.java:127)
	... 33 more

	at org.hamcrest.MatcherAssert.assertThat(MatcherAssert.java:20)
	at org.junit.Assert.assertThat(Assert.java:956)
	at org.junit.Assert.assertThat(Assert.java:923)
	at org.junit.rules.ExpectedException.handleException(ExpectedException.java:252)
	at org.junit.rules.ExpectedException.access$000(ExpectedException.java:106)
	at org.junit.rules.ExpectedException$ExpectedExceptionStatement.evaluate(ExpectedException.java:241)
	at org.junit.rules.RunRules.evaluate(RunRules.java:20)
	at org.junit.runners.ParentRunner.runLeaf(ParentRunner.java:325)
	at org.junit.runners.BlockJUnit4ClassRunner.runChild(BlockJUnit4ClassRunner.java:78)
	at org.junit.runners.BlockJUnit4ClassRunner.runChild(BlockJUnit4ClassRunner.java:57)
	at org.junit.runners.ParentRunner$3.run(ParentRunner.java:290)
	at org.junit.runners.ParentRunner$1.schedule(ParentRunner.java:71)
	at org.junit.runners.ParentRunner.runChildren(ParentRunner.java:288)
	at org.junit.runners.ParentRunner.access$000(ParentRunner.java:58)
	at org.junit.runners.ParentRunner$2.evaluate(ParentRunner.java:268)
	at org.junit.runners.ParentRunner.run(ParentRunner.java:363)
	at org.apache.maven.surefire.junit4.JUnit4Provider.execute(JUnit4Provider.java:365)
	at org.apache.maven.surefire.junit4.JUnit4Provider.executeWithRerun(JUnit4Provider.java:272)
	at org.apache.maven.surefire.junit4.JUnit4Provider.executeTestSet(JUnit4Provider.java:236)
	at org.apache.maven.surefire.junit4.JUnit4Provider.invoke(JUnit4Provider.java:159)
	at org.apache.maven.surefire.booter.ForkedBooter.invokeProviderInSameClassLoader(ForkedBooter.java:386)
	at org.apache.maven.surefire.booter.ForkedBooter.runSuitesInProcess(ForkedBooter.java:323)
	at org.apache.maven.surefire.booter.ForkedBooter.main(ForkedBooter.java:143)
</failure>
    <system-out><![CDATA[2018-08-17 13:20:15 [main] INFO  c.g.n.embedded.cassandra.Cassandra - Download LATEST:Linux:B64 : starting...
]]></system-out>
  </testcase>
  <testcase name="shouldStartCassandraUsingRpcTransport" classname="com.github.nosan.embedded.cassandra.CassandraTests" time="0.101">
    <error message="java.io.IOException: Could not open inputStream for http://www-eu.apache.org/dist/cassandra/3.11.2/apache-cassandra-3.11.2-bin.tar.gz" type="java.lang.RuntimeException">java.lang.RuntimeException: java.io.IOException: Could not open inputStream for http://www-eu.apache.org/dist/cassandra/3.11.2/apache-cassandra-3.11.2-bin.tar.gz
	at com.github.nosan.embedded.cassandra.Cassandra.start(Cassandra.java:199)
	at com.github.nosan.embedded.cassandra.CassandraTests.run(CassandraTests.java:128)
	at com.github.nosan.embedded.cassandra.CassandraTests.shouldStartCassandraUsingRpcTransport(CassandraTests.java:92)
	at sun.reflect.NativeMethodAccessorImpl.invoke0(Native Method)
	at sun.reflect.NativeMethodAccessorImpl.invoke(NativeMethodAccessorImpl.java:62)
	at sun.reflect.DelegatingMethodAccessorImpl.invoke(DelegatingMethodAccessorImpl.java:43)
	at java.lang.reflect.Method.invoke(Method.java:498)
	at org.junit.runners.model.FrameworkMethod$1.runReflectiveCall(FrameworkMethod.java:50)
	at org.junit.internal.runners.model.ReflectiveCallable.run(ReflectiveCallable.java:12)
	at org.junit.runners.model.FrameworkMethod.invokeExplosively(FrameworkMethod.java:47)
	at org.junit.internal.runners.statements.InvokeMethod.evaluate(InvokeMethod.java:17)
	at org.junit.rules.ExpectedException$ExpectedExceptionStatement.evaluate(ExpectedException.java:239)
	at org.junit.rules.RunRules.evaluate(RunRules.java:20)
	at org.junit.runners.ParentRunner.runLeaf(ParentRunner.java:325)
	at org.junit.runners.BlockJUnit4ClassRunner.runChild(BlockJUnit4ClassRunner.java:78)
	at org.junit.runners.BlockJUnit4ClassRunner.runChild(BlockJUnit4ClassRunner.java:57)
	at org.junit.runners.ParentRunner$3.run(ParentRunner.java:290)
	at org.junit.runners.ParentRunner$1.schedule(ParentRunner.java:71)
	at org.junit.runners.ParentRunner.runChildren(ParentRunner.java:288)
	at org.junit.runners.ParentRunner.access$000(ParentRunner.java:58)
	at org.junit.runners.ParentRunner$2.evaluate(ParentRunner.java:268)
	at org.junit.runners.ParentRunner.run(ParentRunner.java:363)
	at org.apache.maven.surefire.junit4.JUnit4Provider.execute(JUnit4Provider.java:365)
	at org.apache.maven.surefire.junit4.JUnit4Provider.executeWithRerun(JUnit4Provider.java:272)
	at org.apache.maven.surefire.junit4.JUnit4Provider.executeTestSet(JUnit4Provider.java:236)
	at org.apache.maven.surefire.junit4.JUnit4Provider.invoke(JUnit4Provider.java:159)
	at org.apache.maven.surefire.booter.ForkedBooter.invokeProviderInSameClassLoader(ForkedBooter.java:386)
	at org.apache.maven.surefire.booter.ForkedBooter.runSuitesInProcess(ForkedBooter.java:323)
	at org.apache.maven.surefire.booter.ForkedBooter.main(ForkedBooter.java:143)
Caused by: java.io.IOException: Could not open inputStream for http://www-eu.apache.org/dist/cassandra/3.11.2/apache-cassandra-3.11.2-bin.tar.gz
	at de.flapdoodle.embed.process.store.Downloader.downloadInputStream(Downloader.java:131)
	at de.flapdoodle.embed.process.store.Downloader.download(Downloader.java:69)
	at de.flapdoodle.embed.process.store.ArtifactStore.checkDistribution(ArtifactStore.java:66)
	at com.github.nosan.embedded.cassandra.support.SafeArtifactStore.checkDistribution(SafeArtifactStore.java:50)
	at com.github.nosan.embedded.cassandra.Cassandra$CassandraStarter.newExecutable(Cassandra.java:313)
	at com.github.nosan.embedded.cassandra.Cassandra.start(Cassandra.java:194)
	... 28 more
Caused by: java.io.FileNotFoundException: http://www-eu.apache.org/dist/cassandra/3.11.2/apache-cassandra-3.11.2-bin.tar.gz
	at sun.net.www.protocol.http.HttpURLConnection.getInputStream0(HttpURLConnection.java:1872)
	at sun.net.www.protocol.http.HttpURLConnection.getInputStream(HttpURLConnection.java:1474)
	at de.flapdoodle.embed.process.store.Downloader.downloadInputStream(Downloader.java:127)
	... 33 more
</error>
    <system-out><![CDATA[2018-08-17 13:20:15 [main] INFO  c.g.n.embedded.cassandra.Cassandra - Download LATEST:Linux:B64 : starting...
]]></system-out>
  </testcase>
  <testcase name="shouldStartCassandraWithDisableRpcAndNativeTransportPorts" classname="com.github.nosan.embedded.cassandra.CassandraTests" time="0.107">
    <failure message="&#10;Expected: (an instance of java.net.ConnectException and exception with message a string containing &quot;Connection refused&quot;)&#10;     but: an instance of java.net.ConnectException &lt;java.lang.RuntimeException: java.io.IOException: Could not open inputStream for http://www-eu.apache.org/dist/cassandra/3.11.2/apache-cassandra-3.11.2-bin.tar.gz&gt; is a java.lang.RuntimeException&#10;Stacktrace was: java.lang.RuntimeException: java.io.IOException: Could not open inputStream for http://www-eu.apache.org/dist/cassandra/3.11.2/apache-cassandra-3.11.2-bin.tar.gz&#10;	at com.github.nosan.embedded.cassandra.Cassandra.start(Cassandra.java:199)&#10;	at com.github.nosan.embedded.cassandra.CassandraTests.run(CassandraTests.java:128)&#10;	at com.github.nosan.embedded.cassandra.CassandraTests.shouldStartCassandraWithDisableRpcAndNativeTransportPorts(CassandraTests.java:104)&#10;	at sun.reflect.NativeMethodAccessorImpl.invoke0(Native Method)&#10;	at sun.reflect.NativeMethodAccessorImpl.invoke(NativeMethodAccessorImpl.java:62)&#10;	at sun.reflect.DelegatingMethodAccessorImpl.invoke(DelegatingMethodAccessorImpl.java:43)&#10;	at java.lang.reflect.Method.invoke(Method.java:498)&#10;	at org.junit.runners.model.FrameworkMethod$1.runReflectiveCall(FrameworkMethod.java:50)&#10;	at org.junit.internal.runners.model.ReflectiveCallable.run(ReflectiveCallable.java:12)&#10;	at org.junit.runners.model.FrameworkMethod.invokeExplosively(FrameworkMethod.java:47)&#10;	at org.junit.internal.runners.statements.InvokeMethod.evaluate(InvokeMethod.java:17)&#10;	at org.junit.rules.ExpectedException$ExpectedExceptionStatement.evaluate(ExpectedException.java:239)&#10;	at org.junit.rules.RunRules.evaluate(RunRules.java:20)&#10;	at org.junit.runners.ParentRunner.runLeaf(ParentRunner.java:325)&#10;	at org.junit.runners.BlockJUnit4ClassRunner.runChild(BlockJUnit4ClassRunner.java:78)&#10;	at org.junit.runners.BlockJUnit4ClassRunner.runChild(BlockJUnit4ClassRunner.java:57)&#10;	at org.junit.runners.ParentRunner$3.run(ParentRunner.java:290)&#10;	at org.junit.runners.ParentRunner$1.schedule(ParentRunner.java:71)&#10;	at org.junit.runners.ParentRunner.runChildren(ParentRunner.java:288)&#10;	at org.junit.runners.ParentRunner.access$000(ParentRunner.java:58)&#10;	at org.junit.runners.ParentRunner$2.evaluate(ParentRunner.java:268)&#10;	at org.junit.runners.ParentRunner.run(ParentRunner.java:363)&#10;	at org.apache.maven.surefire.junit4.JUnit4Provider.execute(JUnit4Provider.java:365)&#10;	at org.apache.maven.surefire.junit4.JUnit4Provider.executeWithRerun(JUnit4Provider.java:272)&#10;	at org.apache.maven.surefire.junit4.JUnit4Provider.executeTestSet(JUnit4Provider.java:236)&#10;	at org.apache.maven.surefire.junit4.JUnit4Provider.invoke(JUnit4Provider.java:159)&#10;	at org.apache.maven.surefire.booter.ForkedBooter.invokeProviderInSameClassLoader(ForkedBooter.java:386)&#10;	at org.apache.maven.surefire.booter.ForkedBooter.runSuitesInProcess(ForkedBooter.java:323)&#10;	at org.apache.maven.surefire.booter.ForkedBooter.main(ForkedBooter.java:143)&#10;Caused by: java.io.IOException: Could not open inputStream for http://www-eu.apache.org/dist/cassandra/3.11.2/apache-cassandra-3.11.2-bin.tar.gz&#10;	at de.flapdoodle.embed.process.store.Downloader.downloadInputStream(Downloader.java:131)&#10;	at de.flapdoodle.embed.process.store.Downloader.download(Downloader.java:69)&#10;	at de.flapdoodle.embed.process.store.ArtifactStore.checkDistribution(ArtifactStore.java:66)&#10;	at com.github.nosan.embedded.cassandra.support.SafeArtifactStore.checkDistribution(SafeArtifactStore.java:50)&#10;	at com.github.nosan.embedded.cassandra.Cassandra$CassandraStarter.newExecutable(Cassandra.java:313)&#10;	at com.github.nosan.embedded.cassandra.Cassandra.start(Cassandra.java:194)&#10;	... 28 more&#10;Caused by: java.io.FileNotFoundException: http://www-eu.apache.org/dist/cassandra/3.11.2/apache-cassandra-3.11.2-bin.tar.gz&#10;	at sun.net.www.protocol.http.HttpURLConnection.getInputStream0(HttpURLConnection.java:1872)&#10;	at sun.net.www.protocol.http.HttpURLConnection.getInputStream(HttpURLConnection.java:1474)&#10;	at de.flapdoodle.embed.process.store.Downloader.downloadInputStream(Downloader.java:127)&#10;	... 33 more&#10;" type="java.lang.AssertionError"><![CDATA[java.lang.AssertionError: 

Expected: (an instance of java.net.ConnectException and exception with message a string containing "Connection refused")
     but: an instance of java.net.ConnectException <java.lang.RuntimeException: java.io.IOException: Could not open inputStream for http://www-eu.apache.org/dist/cassandra/3.11.2/apache-cassandra-3.11.2-bin.tar.gz> is a java.lang.RuntimeException
Stacktrace was: java.lang.RuntimeException: java.io.IOException: Could not open inputStream for http://www-eu.apache.org/dist/cassandra/3.11.2/apache-cassandra-3.11.2-bin.tar.gz
	at com.github.nosan.embedded.cassandra.Cassandra.start(Cassandra.java:199)
	at com.github.nosan.embedded.cassandra.CassandraTests.run(CassandraTests.java:128)
	at com.github.nosan.embedded.cassandra.CassandraTests.shouldStartCassandraWithDisableRpcAndNativeTransportPorts(CassandraTests.java:104)
	at sun.reflect.NativeMethodAccessorImpl.invoke0(Native Method)
	at sun.reflect.NativeMethodAccessorImpl.invoke(NativeMethodAccessorImpl.java:62)
	at sun.reflect.DelegatingMethodAccessorImpl.invoke(DelegatingMethodAccessorImpl.java:43)
	at java.lang.reflect.Method.invoke(Method.java:498)
	at org.junit.runners.model.FrameworkMethod$1.runReflectiveCall(FrameworkMethod.java:50)
	at org.junit.internal.runners.model.ReflectiveCallable.run(ReflectiveCallable.java:12)
	at org.junit.runners.model.FrameworkMethod.invokeExplosively(FrameworkMethod.java:47)
	at org.junit.internal.runners.statements.InvokeMethod.evaluate(InvokeMethod.java:17)
	at org.junit.rules.ExpectedException$ExpectedExceptionStatement.evaluate(ExpectedException.java:239)
	at org.junit.rules.RunRules.evaluate(RunRules.java:20)
	at org.junit.runners.ParentRunner.runLeaf(ParentRunner.java:325)
	at org.junit.runners.BlockJUnit4ClassRunner.runChild(BlockJUnit4ClassRunner.java:78)
	at org.junit.runners.BlockJUnit4ClassRunner.runChild(BlockJUnit4ClassRunner.java:57)
	at org.junit.runners.ParentRunner$3.run(ParentRunner.java:290)
	at org.junit.runners.ParentRunner$1.schedule(ParentRunner.java:71)
	at org.junit.runners.ParentRunner.runChildren(ParentRunner.java:288)
	at org.junit.runners.ParentRunner.access$000(ParentRunner.java:58)
	at org.junit.runners.ParentRunner$2.evaluate(ParentRunner.java:268)
	at org.junit.runners.ParentRunner.run(ParentRunner.java:363)
	at org.apache.maven.surefire.junit4.JUnit4Provider.execute(JUnit4Provider.java:365)
	at org.apache.maven.surefire.junit4.JUnit4Provider.executeWithRerun(JUnit4Provider.java:272)
	at org.apache.maven.surefire.junit4.JUnit4Provider.executeTestSet(JUnit4Provider.java:236)
	at org.apache.maven.surefire.junit4.JUnit4Provider.invoke(JUnit4Provider.java:159)
	at org.apache.maven.surefire.booter.ForkedBooter.invokeProviderInSameClassLoader(ForkedBooter.java:386)
	at org.apache.maven.surefire.booter.ForkedBooter.runSuitesInProcess(ForkedBooter.java:323)
	at org.apache.maven.surefire.booter.ForkedBooter.main(ForkedBooter.java:143)
Caused by: java.io.IOException: Could not open inputStream for http://www-eu.apache.org/dist/cassandra/3.11.2/apache-cassandra-3.11.2-bin.tar.gz
	at de.flapdoodle.embed.process.store.Downloader.downloadInputStream(Downloader.java:131)
	at de.flapdoodle.embed.process.store.Downloader.download(Downloader.java:69)
	at de.flapdoodle.embed.process.store.ArtifactStore.checkDistribution(ArtifactStore.java:66)
	at com.github.nosan.embedded.cassandra.support.SafeArtifactStore.checkDistribution(SafeArtifactStore.java:50)
	at com.github.nosan.embedded.cassandra.Cassandra$CassandraStarter.newExecutable(Cassandra.java:313)
	at com.github.nosan.embedded.cassandra.Cassandra.start(Cassandra.java:194)
	... 28 more
Caused by: java.io.FileNotFoundException: http://www-eu.apache.org/dist/cassandra/3.11.2/apache-cassandra-3.11.2-bin.tar.gz
	at sun.net.www.protocol.http.HttpURLConnection.getInputStream0(HttpURLConnection.java:1872)
	at sun.net.www.protocol.http.HttpURLConnection.getInputStream(HttpURLConnection.java:1474)
	at de.flapdoodle.embed.process.store.Downloader.downloadInputStream(Downloader.java:127)
	... 33 more

	at org.hamcrest.MatcherAssert.assertThat(MatcherAssert.java:20)
	at org.junit.Assert.assertThat(Assert.java:956)
	at org.junit.Assert.assertThat(Assert.java:923)
	at org.junit.rules.ExpectedException.handleException(ExpectedException.java:252)
	at org.junit.rules.ExpectedException.access$000(ExpectedException.java:106)
	at org.junit.rules.ExpectedException$ExpectedExceptionStatement.evaluate(ExpectedException.java:241)
	at org.junit.rules.RunRules.evaluate(RunRules.java:20)
	at org.junit.runners.ParentRunner.runLeaf(ParentRunner.java:325)
	at org.junit.runners.BlockJUnit4ClassRunner.runChild(BlockJUnit4ClassRunner.java:78)
	at org.junit.runners.BlockJUnit4ClassRunner.runChild(BlockJUnit4ClassRunner.java:57)
	at org.junit.runners.ParentRunner$3.run(ParentRunner.java:290)
	at org.junit.runners.ParentRunner$1.schedule(ParentRunner.java:71)
	at org.junit.runners.ParentRunner.runChildren(ParentRunner.java:288)
	at org.junit.runners.ParentRunner.access$000(ParentRunner.java:58)
	at org.junit.runners.ParentRunner$2.evaluate(ParentRunner.java:268)
	at org.junit.runners.ParentRunner.run(ParentRunner.java:363)
	at org.apache.maven.surefire.junit4.JUnit4Provider.execute(JUnit4Provider.java:365)
	at org.apache.maven.surefire.junit4.JUnit4Provider.executeWithRerun(JUnit4Provider.java:272)
	at org.apache.maven.surefire.junit4.JUnit4Provider.executeTestSet(JUnit4Provider.java:236)
	at org.apache.maven.surefire.junit4.JUnit4Provider.invoke(JUnit4Provider.java:159)
	at org.apache.maven.surefire.booter.ForkedBooter.invokeProviderInSameClassLoader(ForkedBooter.java:386)
	at org.apache.maven.surefire.booter.ForkedBooter.runSuitesInProcess(ForkedBooter.java:323)
	at org.apache.maven.surefire.booter.ForkedBooter.main(ForkedBooter.java:143)
]]></failure>
    <system-out><![CDATA[2018-08-17 13:20:15 [main] INFO  c.g.n.embedded.cassandra.Cassandra - Download LATEST:Linux:B64 : starting...
]]></system-out>
  </testcase>
  <testcase name="shouldBePossibleToStartMultiplyInstances" classname="com.github.nosan.embedded.cassandra.CassandraTests" time="0.106">
    <error message="java.io.IOException: Could not open inputStream for http://www-eu.apache.org/dist/cassandra/3.11.2/apache-cassandra-3.11.2-bin.tar.gz" type="java.lang.RuntimeException">java.lang.RuntimeException: java.io.IOException: Could not open inputStream for http://www-eu.apache.org/dist/cassandra/3.11.2/apache-cassandra-3.11.2-bin.tar.gz
	at com.github.nosan.embedded.cassandra.Cassandra.start(Cassandra.java:199)
	at com.github.nosan.embedded.cassandra.CassandraTests.run(CassandraTests.java:128)
	at com.github.nosan.embedded.cassandra.CassandraTests.shouldBePossibleToStartMultiplyInstances(CassandraTests.java:61)
	at sun.reflect.NativeMethodAccessorImpl.invoke0(Native Method)
	at sun.reflect.NativeMethodAccessorImpl.invoke(NativeMethodAccessorImpl.java:62)
	at sun.reflect.DelegatingMethodAccessorImpl.invoke(DelegatingMethodAccessorImpl.java:43)
	at java.lang.reflect.Method.invoke(Method.java:498)
	at org.junit.runners.model.FrameworkMethod$1.runReflectiveCall(FrameworkMethod.java:50)
	at org.junit.internal.runners.model.ReflectiveCallable.run(ReflectiveCallable.java:12)
	at org.junit.runners.model.FrameworkMethod.invokeExplosively(FrameworkMethod.java:47)
	at org.junit.internal.runners.statements.InvokeMethod.evaluate(InvokeMethod.java:17)
	at org.junit.rules.ExpectedException$ExpectedExceptionStatement.evaluate(ExpectedException.java:239)
	at org.junit.rules.RunRules.evaluate(RunRules.java:20)
	at org.junit.runners.ParentRunner.runLeaf(ParentRunner.java:325)
	at org.junit.runners.BlockJUnit4ClassRunner.runChild(BlockJUnit4ClassRunner.java:78)
	at org.junit.runners.BlockJUnit4ClassRunner.runChild(BlockJUnit4ClassRunner.java:57)
	at org.junit.runners.ParentRunner$3.run(ParentRunner.java:290)
	at org.junit.runners.ParentRunner$1.schedule(ParentRunner.java:71)
	at org.junit.runners.ParentRunner.runChildren(ParentRunner.java:288)
	at org.junit.runners.ParentRunner.access$000(ParentRunner.java:58)
	at org.junit.runners.ParentRunner$2.evaluate(ParentRunner.java:268)
	at org.junit.runners.ParentRunner.run(ParentRunner.java:363)
	at org.apache.maven.surefire.junit4.JUnit4Provider.execute(JUnit4Provider.java:365)
	at org.apache.maven.surefire.junit4.JUnit4Provider.executeWithRerun(JUnit4Provider.java:272)
	at org.apache.maven.surefire.junit4.JUnit4Provider.executeTestSet(JUnit4Provider.java:236)
	at org.apache.maven.surefire.junit4.JUnit4Provider.invoke(JUnit4Provider.java:159)
	at org.apache.maven.surefire.booter.ForkedBooter.invokeProviderInSameClassLoader(ForkedBooter.java:386)
	at org.apache.maven.surefire.booter.ForkedBooter.runSuitesInProcess(ForkedBooter.java:323)
	at org.apache.maven.surefire.booter.ForkedBooter.main(ForkedBooter.java:143)
Caused by: java.io.IOException: Could not open inputStream for http://www-eu.apache.org/dist/cassandra/3.11.2/apache-cassandra-3.11.2-bin.tar.gz
	at de.flapdoodle.embed.process.store.Downloader.downloadInputStream(Downloader.java:131)
	at de.flapdoodle.embed.process.store.Downloader.download(Downloader.java:69)
	at de.flapdoodle.embed.process.store.ArtifactStore.checkDistribution(ArtifactStore.java:66)
	at com.github.nosan.embedded.cassandra.support.SafeArtifactStore.checkDistribution(SafeArtifactStore.java:50)
	at com.github.nosan.embedded.cassandra.Cassandra$CassandraStarter.newExecutable(Cassandra.java:313)
	at com.github.nosan.embedded.cassandra.Cassandra.start(Cassandra.java:194)
	... 28 more
Caused by: java.io.FileNotFoundException: http://www-eu.apache.org/dist/cassandra/3.11.2/apache-cassandra-3.11.2-bin.tar.gz
	at sun.net.www.protocol.http.HttpURLConnection.getInputStream0(HttpURLConnection.java:1872)
	at sun.net.www.protocol.http.HttpURLConnection.getInputStream(HttpURLConnection.java:1474)
	at de.flapdoodle.embed.process.store.Downloader.downloadInputStream(Downloader.java:127)
	... 33 more
</error>
    <system-out><![CDATA[2018-08-17 13:20:15 [main] INFO  c.g.n.embedded.cassandra.Cassandra - Download LATEST:Linux:B64 : starting...
]]></system-out>
  </testcase>
  <testcase name="shouldFailWithTimeoutError" classname="com.github.nosan.embedded.cassandra.CassandraTests" time="0.092">
    <failure message="&#10;Expected: (an instance of java.lang.RuntimeException and exception with message a string containing &quot;Please increase startup timeout&quot;)&#10;     but: exception with message a string containing &quot;Please increase startup timeout&quot; message was &quot;java.io.IOException: Could not open inputStream for http://www-eu.apache.org/dist/cassandra/3.11.2/apache-cassandra-3.11.2-bin.tar.gz&quot;&#10;Stacktrace was: java.lang.RuntimeException: java.io.IOException: Could not open inputStream for http://www-eu.apache.org/dist/cassandra/3.11.2/apache-cassandra-3.11.2-bin.tar.gz&#10;	at com.github.nosan.embedded.cassandra.Cassandra.start(Cassandra.java:199)&#10;	at com.github.nosan.embedded.cassandra.CassandraTests.run(CassandraTests.java:119)&#10;	at com.github.nosan.embedded.cassandra.CassandraTests.shouldFailWithTimeoutError(CassandraTests.java:83)&#10;	at sun.reflect.NativeMethodAccessorImpl.invoke0(Native Method)&#10;	at sun.reflect.NativeMethodAccessorImpl.invoke(NativeMethodAccessorImpl.java:62)&#10;	at sun.reflect.DelegatingMethodAccessorImpl.invoke(DelegatingMethodAccessorImpl.java:43)&#10;	at java.lang.reflect.Method.invoke(Method.java:498)&#10;	at org.junit.runners.model.FrameworkMethod$1.runReflectiveCall(FrameworkMethod.java:50)&#10;	at org.junit.internal.runners.model.ReflectiveCallable.run(ReflectiveCallable.java:12)&#10;	at org.junit.runners.model.FrameworkMethod.invokeExplosively(FrameworkMethod.java:47)&#10;	at org.junit.internal.runners.statements.InvokeMethod.evaluate(InvokeMethod.java:17)&#10;	at org.junit.rules.ExpectedException$ExpectedExceptionStatement.evaluate(ExpectedException.java:239)&#10;	at org.junit.rules.RunRules.evaluate(RunRules.java:20)&#10;	at org.junit.runners.ParentRunner.runLeaf(ParentRunner.java:325)&#10;	at org.junit.runners.BlockJUnit4ClassRunner.runChild(BlockJUnit4ClassRunner.java:78)&#10;	at org.junit.runners.BlockJUnit4ClassRunner.runChild(BlockJUnit4ClassRunner.java:57)&#10;	at org.junit.runners.ParentRunner$3.run(ParentRunner.java:290)&#10;	at org.junit.runners.ParentRunner$1.schedule(ParentRunner.java:71)&#10;	at org.junit.runners.ParentRunner.runChildren(ParentRunner.java:288)&#10;	at org.junit.runners.ParentRunner.access$000(ParentRunner.java:58)&#10;	at org.junit.runners.ParentRunner$2.evaluate(ParentRunner.java:268)&#10;	at org.junit.runners.ParentRunner.run(ParentRunner.java:363)&#10;	at org.apache.maven.surefire.junit4.JUnit4Provider.execute(JUnit4Provider.java:365)&#10;	at org.apache.maven.surefire.junit4.JUnit4Provider.executeWithRerun(JUnit4Provider.java:272)&#10;	at org.apache.maven.surefire.junit4.JUnit4Provider.executeTestSet(JUnit4Provider.java:236)&#10;	at org.apache.maven.surefire.junit4.JUnit4Provider.invoke(JUnit4Provider.java:159)&#10;	at org.apache.maven.surefire.booter.ForkedBooter.invokeProviderInSameClassLoader(ForkedBooter.java:386)&#10;	at org.apache.maven.surefire.booter.ForkedBooter.runSuitesInProcess(ForkedBooter.java:323)&#10;	at org.apache.maven.surefire.booter.ForkedBooter.main(ForkedBooter.java:143)&#10;Caused by: java.io.IOException: Could not open inputStream for http://www-eu.apache.org/dist/cassandra/3.11.2/apache-cassandra-3.11.2-bin.tar.gz&#10;	at de.flapdoodle.embed.process.store.Downloader.downloadInputStream(Downloader.java:131)&#10;	at de.flapdoodle.embed.process.store.Downloader.download(Downloader.java:69)&#10;	at de.flapdoodle.embed.process.store.ArtifactStore.checkDistribution(ArtifactStore.java:66)&#10;	at com.github.nosan.embedded.cassandra.support.SafeArtifactStore.checkDistribution(SafeArtifactStore.java:50)&#10;	at com.github.nosan.embedded.cassandra.Cassandra$CassandraStarter.newExecutable(Cassandra.java:313)&#10;	at com.github.nosan.embedded.cassandra.Cassandra.start(Cassandra.java:194)&#10;	... 28 more&#10;Caused by: java.io.FileNotFoundException: http://www-eu.apache.org/dist/cassandra/3.11.2/apache-cassandra-3.11.2-bin.tar.gz&#10;	at sun.net.www.protocol.http.HttpURLConnection.getInputStream0(HttpURLConnection.java:1872)&#10;	at sun.net.www.protocol.http.HttpURLConnection.getInputStream(HttpURLConnection.java:1474)&#10;	at de.flapdoodle.embed.process.store.Downloader.downloadInputStream(Downloader.java:127)&#10;	... 33 more&#10;" type="java.lang.AssertionError">java.lang.AssertionError: 

Expected: (an instance of java.lang.RuntimeException and exception with message a string containing "Please increase startup timeout")
     but: exception with message a string containing "Please increase startup timeout" message was "java.io.IOException: Could not open inputStream for http://www-eu.apache.org/dist/cassandra/3.11.2/apache-cassandra-3.11.2-bin.tar.gz"
Stacktrace was: java.lang.RuntimeException: java.io.IOException: Could not open inputStream for http://www-eu.apache.org/dist/cassandra/3.11.2/apache-cassandra-3.11.2-bin.tar.gz
	at com.github.nosan.embedded.cassandra.Cassandra.start(Cassandra.java:199)
	at com.github.nosan.embedded.cassandra.CassandraTests.run(CassandraTests.java:119)
	at com.github.nosan.embedded.cassandra.CassandraTests.shouldFailWithTimeoutError(CassandraTests.java:83)
	at sun.reflect.NativeMethodAccessorImpl.invoke0(Native Method)
	at sun.reflect.NativeMethodAccessorImpl.invoke(NativeMethodAccessorImpl.java:62)
	at sun.reflect.DelegatingMethodAccessorImpl.invoke(DelegatingMethodAccessorImpl.java:43)
	at java.lang.reflect.Method.invoke(Method.java:498)
	at org.junit.runners.model.FrameworkMethod$1.runReflectiveCall(FrameworkMethod.java:50)
	at org.junit.internal.runners.model.ReflectiveCallable.run(ReflectiveCallable.java:12)
	at org.junit.runners.model.FrameworkMethod.invokeExplosively(FrameworkMethod.java:47)
	at org.junit.internal.runners.statements.InvokeMethod.evaluate(InvokeMethod.java:17)
	at org.junit.rules.ExpectedException$ExpectedExceptionStatement.evaluate(ExpectedException.java:239)
	at org.junit.rules.RunRules.evaluate(RunRules.java:20)
	at org.junit.runners.ParentRunner.runLeaf(ParentRunner.java:325)
	at org.junit.runners.BlockJUnit4ClassRunner.runChild(BlockJUnit4ClassRunner.java:78)
	at org.junit.runners.BlockJUnit4ClassRunner.runChild(BlockJUnit4ClassRunner.java:57)
	at org.junit.runners.ParentRunner$3.run(ParentRunner.java:290)
	at org.junit.runners.ParentRunner$1.schedule(ParentRunner.java:71)
	at org.junit.runners.ParentRunner.runChildren(ParentRunner.java:288)
	at org.junit.runners.ParentRunner.access$000(ParentRunner.java:58)
	at org.junit.runners.ParentRunner$2.evaluate(ParentRunner.java:268)
	at org.junit.runners.ParentRunner.run(ParentRunner.java:363)
	at org.apache.maven.surefire.junit4.JUnit4Provider.execute(JUnit4Provider.java:365)
	at org.apache.maven.surefire.junit4.JUnit4Provider.executeWithRerun(JUnit4Provider.java:272)
	at org.apache.maven.surefire.junit4.JUnit4Provider.executeTestSet(JUnit4Provider.java:236)
	at org.apache.maven.surefire.junit4.JUnit4Provider.invoke(JUnit4Provider.java:159)
	at org.apache.maven.surefire.booter.ForkedBooter.invokeProviderInSameClassLoader(ForkedBooter.java:386)
	at org.apache.maven.surefire.booter.ForkedBooter.runSuitesInProcess(ForkedBooter.java:323)
	at org.apache.maven.surefire.booter.ForkedBooter.main(ForkedBooter.java:143)
Caused by: java.io.IOException: Could not open inputStream for http://www-eu.apache.org/dist/cassandra/3.11.2/apache-cassandra-3.11.2-bin.tar.gz
	at de.flapdoodle.embed.process.store.Downloader.downloadInputStream(Downloader.java:131)
	at de.flapdoodle.embed.process.store.Downloader.download(Downloader.java:69)
	at de.flapdoodle.embed.process.store.ArtifactStore.checkDistribution(ArtifactStore.java:66)
	at com.github.nosan.embedded.cassandra.support.SafeArtifactStore.checkDistribution(SafeArtifactStore.java:50)
	at com.github.nosan.embedded.cassandra.Cassandra$CassandraStarter.newExecutable(Cassandra.java:313)
	at com.github.nosan.embedded.cassandra.Cassandra.start(Cassandra.java:194)
	... 28 more
Caused by: java.io.FileNotFoundException: http://www-eu.apache.org/dist/cassandra/3.11.2/apache-cassandra-3.11.2-bin.tar.gz
	at sun.net.www.protocol.http.HttpURLConnection.getInputStream0(HttpURLConnection.java:1872)
	at sun.net.www.protocol.http.HttpURLConnection.getInputStream(HttpURLConnection.java:1474)
	at de.flapdoodle.embed.process.store.Downloader.downloadInputStream(Downloader.java:127)
	... 33 more

	at org.hamcrest.MatcherAssert.assertThat(MatcherAssert.java:20)
	at org.junit.Assert.assertThat(Assert.java:956)
	at org.junit.Assert.assertThat(Assert.java:923)
	at org.junit.rules.ExpectedException.handleException(ExpectedException.java:252)
	at org.junit.rules.ExpectedException.access$000(ExpectedException.java:106)
	at org.junit.rules.ExpectedException$ExpectedExceptionStatement.evaluate(ExpectedException.java:241)
	at org.junit.rules.RunRules.evaluate(RunRules.java:20)
	at org.junit.runners.ParentRunner.runLeaf(ParentRunner.java:325)
	at org.junit.runners.BlockJUnit4ClassRunner.runChild(BlockJUnit4ClassRunner.java:78)
	at org.junit.runners.BlockJUnit4ClassRunner.runChild(BlockJUnit4ClassRunner.java:57)
	at org.junit.runners.ParentRunner$3.run(ParentRunner.java:290)
	at org.junit.runners.ParentRunner$1.schedule(ParentRunner.java:71)
	at org.junit.runners.ParentRunner.runChildren(ParentRunner.java:288)
	at org.junit.runners.ParentRunner.access$000(ParentRunner.java:58)
	at org.junit.runners.ParentRunner$2.evaluate(ParentRunner.java:268)
	at org.junit.runners.ParentRunner.run(ParentRunner.java:363)
	at org.apache.maven.surefire.junit4.JUnit4Provider.execute(JUnit4Provider.java:365)
	at org.apache.maven.surefire.junit4.JUnit4Provider.executeWithRerun(JUnit4Provider.java:272)
	at org.apache.maven.surefire.junit4.JUnit4Provider.executeTestSet(JUnit4Provider.java:236)
	at org.apache.maven.surefire.junit4.JUnit4Provider.invoke(JUnit4Provider.java:159)
	at org.apache.maven.surefire.booter.ForkedBooter.invokeProviderInSameClassLoader(ForkedBooter.java:386)
	at org.apache.maven.surefire.booter.ForkedBooter.runSuitesInProcess(ForkedBooter.java:323)
	at org.apache.maven.surefire.booter.ForkedBooter.main(ForkedBooter.java:143)
</failure>
    <system-out><![CDATA[2018-08-17 13:20:15 [main] INFO  c.g.n.embedded.cassandra.Cassandra - Download LATEST:Linux:B64 : starting...
]]></system-out>
  </testcase>
</testsuite>