<?xml version="1.0" encoding="UTF-8"?>
<!-- Generated by org.testng.reporters.JUnitXMLReporter -->
<testsuite hostname="spirals-vortex.lille.inria.fr" ignored="0" name="Command line test" tests="4" failures="1" timestamp="12 Apr 2018 10:16:49 GMT" time="185.103" errors="0">
  <testcase name="awakenMinorityTest" time="8.738" classname="marnikitta.concierge.atomic.AtomicBroadcastTest"/>
  <testcase name="integrityAndTotalOrderTest" time="170.746" classname="marnikitta.concierge.atomic.AtomicBroadcastTest">
    <failure type="java.lang.AssertionError" message="expected [1] but found [15]">
      <![CDATA[java.lang.AssertionError: expected [1] but found [15]
	at marnikitta.concierge.atomic.AtomicBroadcastTest.integrityAndTotalOrderTest(AtomicBroadcastTest.java:165)
... Removed 40 stack frames]]>
    </failure>
  </testcase> <!-- integrityAndTotalOrderTest -->
  <testcase name="killOneByOneTest" time="4.559" classname="marnikitta.concierge.atomic.AtomicBroadcastTest"/>
  <testcase name="singleLeaderBroadcastTest" time="1.037" classname="marnikitta.concierge.atomic.AtomicBroadcastTest"/>
</testsuite> <!-- Command line test -->
