-------------------------------------------------------------------------------
Test set: org.yamcs.PermissionsTest
-------------------------------------------------------------------------------
Tests run: 6, Failures: 1, Errors: 0, Skipped: 0, Time elapsed: 7.192 sec <<< FAILURE! - in org.yamcs.PermissionsTest
testAuthenticationWebServices(org.yamcs.PermissionsTest)  Time elapsed: 0.047 sec  <<< FAILURE!
java.lang.AssertionError: should have thrown an exception
	at org.yamcs.PermissionsTest.testAuthenticationWebServices(PermissionsTest.java:39)

