{
  "repository": {
    "name": "jdereg/n-cube",
    "githubId": 14685930,
    "url": "https://github.com/jdereg/n-cube",
    "isFork": false,
    "original": {
      "name": "",
      "githubId": 0,
      "url": ""
    },
    "isPullRequest": false,
    "pullRequestId": 0
  },
  "builds": {
    "buggyBuild": {
      "id": 410852688,
      "url": "http://travis-ci.org/jdereg/n-cube/builds/410852688",
      "date": "Aug 1, 2018 5:15:39 PM"
    }
  },
  "projectMetrics": {
    "numberModules": 1,
    "numberSourceFiles": 0,
    "numberTestFiles": 0,
    "numberLibrariesFailingModule": 78
  },
  "reproductionBuggyBuild": {
    "reproductionDateBeginning": "Aug 1, 2018 5:15:51 PM",
    "reproductionDateEnd": "Aug 1, 2018 5:26:53 PM",
    "totalDuration": 658,
    "processDurations": {
      "cloning": {
        "nbSteps": 1,
        "totalDuration": 17,
        "stepNames": [
          "CloneRepository"
        ],
        "stepDurations": [
          17
        ]
      },
      "building": {
        "nbSteps": 2,
        "totalDuration": 134,
        "stepNames": [
          "CheckoutBuggyBuild",
          "BuildProject"
        ],
        "stepDurations": [
          0,
          134
        ]
      },
      "testing": {
        "nbSteps": 1,
        "totalDuration": 472,
        "stepNames": [
          "TestProject"
        ],
        "stepDurations": [
          472
        ]
      }
    },
    "projectRootPomPath": "./workspace/jdereg/n-cube/410852688/pom.xml"
  },
  "patchDiff": {
    "files": {
      "numberAdded": 0,
      "numberChanged": 0,
      "numberDeleted": 0
    },
    "lines": {
      "numberAdded": 0,
      "numberDeleted": 0
    }
  },
  "commits": {
    "buggyBuild": {
      "repoName": "jdereg/n-cube",
      "branchName": "master",
      "sha": "fb9921d1fad2d257473c51e46b1168546786ce5a",
      "url": "http://github.com/jdereg/n-cube/commit/fb9921d1fad2d257473c51e46b1168546786ce5a",
      "date": "Aug 1, 2018 5:02:50 PM"
    }
  },
  "tests": {
    "failingModule": "/root/workspace/jdereg/n-cube/410852688",
    "overallMetrics": {
      "numberRunning": 1261,
      "numberPassing": 1243,
      "numberFailing": 14,
      "numberErroring": 4,
      "numberSkipping": 8,
      "failures": [
        {
          "failureName": "java.lang.IllegalStateException",
          "isError": true,
          "occurrences": 4
        },
        {
          "failureName": "java.lang.AssertionError",
          "isError": false,
          "occurrences": 14
        }
      ]
    },
    "failingClasses": [
      {
        "testClass": "com.cedarsoftware.ncube.TestNCubeRuntimeFileCaching",
        "numberRunning": 25,
        "numberPassing": 7,
        "numberFailing": 14,
        "numberErroring": 4,
        "numberSkipping": 0
      }
    ],
    "failureDetails": [
      {
        "testClass": "com.cedarsoftware.ncube.TestNCubeRuntimeFileCaching",
        "testMethod": "testReadOfInvalidSnapshotWithUpdate",
        "failureName": "java.lang.AssertionError",
        "isError": false
      },
      {
        "testClass": "com.cedarsoftware.ncube.TestNCubeRuntimeFileCaching",
        "testMethod": "testReadWriteChangingSnapshotWithForce",
        "failureName": "java.lang.AssertionError",
        "detail": "file\u003dtarget/ncubeFileCacheTests/none/default_app/999.99.9/snapshot/test/TestBranch.sha1 should exist expected:\u003ctrue\u003e but was:\u003cfalse\u003e",
        "isError": false
      },
      {
        "testClass": "com.cedarsoftware.ncube.TestNCubeRuntimeFileCaching",
        "testMethod": "testOfflineReadOfInvalidSha1",
        "failureName": "java.lang.AssertionError",
        "detail": "\nExpected: exception with message a string containing \"Failed to load sha1 for cube: TestBranch from offline cache\"\n     but: message was \"Failed to find cube: TestBranch in offline cache\"\nStacktrace was: java.lang.IllegalStateException: Failed to find cube: TestBranch in offline cache\n at sun.reflect.NativeConstructorAccessorImpl.newInstance0(Native Method)\n at sun.reflect.NativeConstructorAccessorImpl.newInstance(NativeConstructorAccessorImpl.java:62)\n at sun.reflect.DelegatingConstructorAccessorImpl.newInstance(DelegatingConstructorAccessorImpl.java:45)\n at java.lang.reflect.Constructor.newInstance(Constructor.java:423)\n at org.codehaus.groovy.reflection.CachedConstructor.invoke(CachedConstructor.java:83)\n at org.codehaus.groovy.reflection.CachedConstructor.doConstructorInvoke(CachedConstructor.java:77)\n at org.codehaus.groovy.runtime.callsite.ConstructorSite$ConstructorSiteNoUnwrap.callConstructor(ConstructorSite.java:84)\n at org.codehaus.groovy.runtime.callsite.CallSiteArray.defaultCallConstructor(CallSiteArray.java:59)\n at org.codehaus.groovy.runtime.callsite.AbstractCallSite.callConstructor(AbstractCallSite.java:238)\n at org.codehaus.groovy.runtime.callsite.AbstractCallSite.callConstructor(AbstractCallSite.java:250)\n at com.cedarsoftware.ncube.util.LocalFileCache.get(LocalFileCache.groovy:113)\n at com.cedarsoftware.ncube.NCubeRuntime.getCubeInternal(NCubeRuntime.groovy:1276)\n at com.cedarsoftware.ncube.NCubeRuntime.getCube(NCubeRuntime.groovy:346)\n at com.cedarsoftware.ncube.TestNCubeRuntimeFileCaching.getCubeFromRuntime(TestNCubeRuntimeFileCaching.groovy:682)\n at com.cedarsoftware.ncube.TestNCubeRuntimeFileCaching.testOfflineReadOfInvalidSha1(TestNCubeRuntimeFileCaching.groovy:628)\n at sun.reflect.NativeMethodAccessorImpl.invoke0(Native Method)\n at sun.reflect.NativeMethodAccessorImpl.invoke(NativeMethodAccessorImpl.java:62)\n at sun.reflect.DelegatingMethodAccessorImpl.invoke(DelegatingMethodAccessorImpl.java:43)\n at java.lang.reflect.Method.invoke(Method.java:498)\n at org.junit.runners.model.FrameworkMethod$1.runReflectiveCall(FrameworkMethod.java:50)\n at org.junit.internal.runners.model.ReflectiveCallable.run(ReflectiveCallable.java:12)\n at org.junit.runners.model.FrameworkMethod.invokeExplosively(FrameworkMethod.java:47)\n at org.junit.internal.runners.statements.InvokeMethod.evaluate(InvokeMethod.java:17)\n at org.junit.internal.runners.statements.RunBefores.evaluate(RunBefores.java:26)\n at org.springframework.test.context.junit4.statements.RunBeforeTestMethodCallbacks.evaluate(RunBeforeTestMethodCallbacks.java:75)\n at org.junit.internal.runners.statements.RunAfters.evaluate(RunAfters.java:27)\n at org.springframework.test.context.junit4.statements.RunAfterTestMethodCallbacks.evaluate(RunAfterTestMethodCallbacks.java:86)\n at org.junit.rules.ExpectedException$ExpectedExceptionStatement.evaluate(ExpectedException.java:239)\n at org.junit.rules.RunRules.evaluate(RunRules.java:20)\n at org.springframework.test.context.junit4.statements.SpringRepeat.evaluate(SpringRepeat.java:84)\n at org.junit.runners.ParentRunner.runLeaf(ParentRunner.java:325)\n at org.springframework.test.context.junit4.SpringJUnit4ClassRunner.runChild(SpringJUnit4ClassRunner.java:252)\n at org.springframework.test.context.junit4.SpringJUnit4ClassRunner.runChild(SpringJUnit4ClassRunner.java:94)\n at org.junit.runners.ParentRunner$3.run(ParentRunner.java:290)\n at org.junit.runners.ParentRunner$1.schedule(ParentRunner.java:71)\n at org.junit.runners.ParentRunner.runChildren(ParentRunner.java:288)\n at org.junit.runners.ParentRunner.access$000(ParentRunner.java:58)\n at org.junit.runners.ParentRunner$2.evaluate(ParentRunner.java:268)\n at org.springframework.test.context.junit4.statements.RunBeforeTestClassCallbacks.evaluate(RunBeforeTestClassCallbacks.java:61)\n at org.springframework.test.context.junit4.statements.RunAfterTestClassCallbacks.evaluate(RunAfterTestClassCallbacks.java:70)\n at org.junit.runners.ParentRunner.run(ParentRunner.java:363)\n at org.springframework.test.context.junit4.SpringJUnit4ClassRunner.run(SpringJUnit4ClassRunner.java:191)\n at org.apache.maven.surefire.junit4.JUnit4Provider.execute(JUnit4Provider.java:365)\n at org.apache.maven.surefire.junit4.JUnit4Provider.executeWithRerun(JUnit4Provider.java:273)\n at org.apache.maven.surefire.junit4.JUnit4Provider.executeTestSet(JUnit4Provider.java:238)\n at org.apache.maven.surefire.junit4.JUnit4Provider.invoke(JUnit4Provider.java:159)\n at org.apache.maven.surefire.booter.ForkedBooter.invokeProviderInSameClassLoader(ForkedBooter.java:379)\n at org.apache.maven.surefire.booter.ForkedBooter.runSuitesInProcess(ForkedBooter.java:340)\n at org.apache.maven.surefire.booter.ForkedBooter.execute(ForkedBooter.java:125)\n at org.apache.maven.surefire.booter.ForkedBooter.main(ForkedBooter.java:413)\n",
        "isError": false
      },
      {
        "testClass": "com.cedarsoftware.ncube.TestNCubeRuntimeFileCaching",
        "testMethod": "testReadWriteNonChangingSnapshotWithUpdate",
        "failureName": "java.lang.AssertionError",
        "detail": "file\u003dtarget/ncubeFileCacheTests/none/default_app/999.99.9/snapshot/test/TestBranch.sha1 should exist expected:\u003ctrue\u003e but was:\u003cfalse\u003e",
        "isError": false
      },
      {
        "testClass": "com.cedarsoftware.ncube.TestNCubeRuntimeFileCaching",
        "testMethod": "testWriteValidReleaseWithReleaseOnly",
        "failureName": "java.lang.AssertionError",
        "detail": "file\u003dtarget/ncubeFileCacheTests/none/default_app/999.99.9/release/head/TestBranch.json should exist expected:\u003ctrue\u003e but was:\u003cfalse\u003e",
        "isError": false
      },
      {
        "testClass": "com.cedarsoftware.ncube.TestNCubeRuntimeFileCaching",
        "testMethod": "testOfflineReadEmptySnapshot",
        "failureName": "java.lang.IllegalStateException",
        "detail": "Failed to find cube: TestEmpty in offline cache",
        "isError": true
      },
      {
        "testClass": "com.cedarsoftware.ncube.TestNCubeRuntimeFileCaching",
        "testMethod": "testOfflineReadValidSnapshot",
        "failureName": "java.lang.IllegalStateException",
        "detail": "Failed to find cube: TestBranch in offline cache",
        "isError": true
      },
      {
        "testClass": "com.cedarsoftware.ncube.TestNCubeRuntimeFileCaching",
        "testMethod": "testReadWriteNonChangingReleaseWithForce",
        "failureName": "java.lang.AssertionError",
        "detail": "file\u003dtarget/ncubeFileCacheTests/none/default_app/999.99.9/release/head/TestBranch.json should exist expected:\u003ctrue\u003e but was:\u003cfalse\u003e",
        "isError": false
      },
      {
        "testClass": "com.cedarsoftware.ncube.TestNCubeRuntimeFileCaching",
        "testMethod": "testReadWriteChangingSnapshotWithUpdate",
        "failureName": "java.lang.AssertionError",
        "detail": "file\u003dtarget/ncubeFileCacheTests/none/default_app/999.99.9/snapshot/test/TestBranch.sha1 should exist expected:\u003ctrue\u003e but was:\u003cfalse\u003e",
        "isError": false
      },
      {
        "testClass": "com.cedarsoftware.ncube.TestNCubeRuntimeFileCaching",
        "testMethod": "testOfflineReadOfInvalidSnapshot",
        "failureName": "java.lang.AssertionError",
        "detail": "\nExpected: exception with message a string containing \"Failed to load cube: TestBranch from offline cache\"\n     but: message was \"Failed to find cube: TestBranch in offline cache\"\nStacktrace was: java.lang.IllegalStateException: Failed to find cube: TestBranch in offline cache\n at sun.reflect.NativeConstructorAccessorImpl.newInstance0(Native Method)\n at sun.reflect.NativeConstructorAccessorImpl.newInstance(NativeConstructorAccessorImpl.java:62)\n at sun.reflect.DelegatingConstructorAccessorImpl.newInstance(DelegatingConstructorAccessorImpl.java:45)\n at java.lang.reflect.Constructor.newInstance(Constructor.java:423)\n at org.codehaus.groovy.reflection.CachedConstructor.invoke(CachedConstructor.java:83)\n at org.codehaus.groovy.reflection.CachedConstructor.doConstructorInvoke(CachedConstructor.java:77)\n at org.codehaus.groovy.runtime.callsite.ConstructorSite$ConstructorSiteNoUnwrap.callConstructor(ConstructorSite.java:84)\n at org.codehaus.groovy.runtime.callsite.AbstractCallSite.callConstructor(AbstractCallSite.java:250)\n at com.cedarsoftware.ncube.util.LocalFileCache.get(LocalFileCache.groovy:113)\n at com.cedarsoftware.ncube.NCubeRuntime.getCubeInternal(NCubeRuntime.groovy:1276)\n at com.cedarsoftware.ncube.NCubeRuntime.getCube(NCubeRuntime.groovy:346)\n at com.cedarsoftware.ncube.TestNCubeRuntimeFileCaching.getCubeFromRuntime(TestNCubeRuntimeFileCaching.groovy:682)\n at com.cedarsoftware.ncube.TestNCubeRuntimeFileCaching.testOfflineReadOfInvalidSnapshot(TestNCubeRuntimeFileCaching.groovy:648)\n at sun.reflect.NativeMethodAccessorImpl.invoke0(Native Method)\n at sun.reflect.NativeMethodAccessorImpl.invoke(NativeMethodAccessorImpl.java:62)\n at sun.reflect.DelegatingMethodAccessorImpl.invoke(DelegatingMethodAccessorImpl.java:43)\n at java.lang.reflect.Method.invoke(Method.java:498)\n at org.junit.runners.model.FrameworkMethod$1.runReflectiveCall(FrameworkMethod.java:50)\n at org.junit.internal.runners.model.ReflectiveCallable.run(ReflectiveCallable.java:12)\n at org.junit.runners.model.FrameworkMethod.invokeExplosively(FrameworkMethod.java:47)\n at org.junit.internal.runners.statements.InvokeMethod.evaluate(InvokeMethod.java:17)\n at org.junit.internal.runners.statements.RunBefores.evaluate(RunBefores.java:26)\n at org.springframework.test.context.junit4.statements.RunBeforeTestMethodCallbacks.evaluate(RunBeforeTestMethodCallbacks.java:75)\n at org.junit.internal.runners.statements.RunAfters.evaluate(RunAfters.java:27)\n at org.springframework.test.context.junit4.statements.RunAfterTestMethodCallbacks.evaluate(RunAfterTestMethodCallbacks.java:86)\n at org.junit.rules.ExpectedException$ExpectedExceptionStatement.evaluate(ExpectedException.java:239)\n at org.junit.rules.RunRules.evaluate(RunRules.java:20)\n at org.springframework.test.context.junit4.statements.SpringRepeat.evaluate(SpringRepeat.java:84)\n at org.junit.runners.ParentRunner.runLeaf(ParentRunner.java:325)\n at org.springframework.test.context.junit4.SpringJUnit4ClassRunner.runChild(SpringJUnit4ClassRunner.java:252)\n at org.springframework.test.context.junit4.SpringJUnit4ClassRunner.runChild(SpringJUnit4ClassRunner.java:94)\n at org.junit.runners.ParentRunner$3.run(ParentRunner.java:290)\n at org.junit.runners.ParentRunner$1.schedule(ParentRunner.java:71)\n at org.junit.runners.ParentRunner.runChildren(ParentRunner.java:288)\n at org.junit.runners.ParentRunner.access$000(ParentRunner.java:58)\n at org.junit.runners.ParentRunner$2.evaluate(ParentRunner.java:268)\n at org.springframework.test.context.junit4.statements.RunBeforeTestClassCallbacks.evaluate(RunBeforeTestClassCallbacks.java:61)\n at org.springframework.test.context.junit4.statements.RunAfterTestClassCallbacks.evaluate(RunAfterTestClassCallbacks.java:70)\n at org.junit.runners.ParentRunner.run(ParentRunner.java:363)\n at org.springframework.test.context.junit4.SpringJUnit4ClassRunner.run(SpringJUnit4ClassRunner.java:191)\n at org.apache.maven.surefire.junit4.JUnit4Provider.execute(JUnit4Provider.java:365)\n at org.apache.maven.surefire.junit4.JUnit4Provider.executeWithRerun(JUnit4Provider.java:273)\n at org.apache.maven.surefire.junit4.JUnit4Provider.executeTestSet(JUnit4Provider.java:238)\n at org.apache.maven.surefire.junit4.JUnit4Provider.invoke(JUnit4Provider.java:159)\n at org.apache.maven.surefire.booter.ForkedBooter.invokeProviderInSameClassLoader(ForkedBooter.java:379)\n at org.apache.maven.surefire.booter.ForkedBooter.runSuitesInProcess(ForkedBooter.java:340)\n at org.apache.maven.surefire.booter.ForkedBooter.execute(ForkedBooter.java:125)\n at org.apache.maven.surefire.booter.ForkedBooter.main(ForkedBooter.java:413)\n",
        "isError": false
      },
      {
        "testClass": "com.cedarsoftware.ncube.TestNCubeRuntimeFileCaching",
        "testMethod": "testReadWriteNonChangingSnapshotWithForce",
        "failureName": "java.lang.AssertionError",
        "detail": "file\u003dtarget/ncubeFileCacheTests/none/default_app/999.99.9/snapshot/test/TestBranch.sha1 should exist expected:\u003ctrue\u003e but was:\u003cfalse\u003e",
        "isError": false
      },
      {
        "testClass": "com.cedarsoftware.ncube.TestNCubeRuntimeFileCaching",
        "testMethod": "testReadWriteMissingToValidSnapshotWithForce",
        "failureName": "java.lang.AssertionError",
        "detail": "file\u003dtarget/ncubeFileCacheTests/none/default_app/999.99.9/snapshot/test/TestBranch.sha1 should exist expected:\u003ctrue\u003e but was:\u003cfalse\u003e",
        "isError": false
      },
      {
        "testClass": "com.cedarsoftware.ncube.TestNCubeRuntimeFileCaching",
        "testMethod": "testReadWriteNonChangingReleaseWithUpdate",
        "failureName": "java.lang.AssertionError",
        "detail": "file\u003dtarget/ncubeFileCacheTests/none/default_app/999.99.9/release/head/TestBranch.json should exist expected:\u003ctrue\u003e but was:\u003cfalse\u003e",
        "isError": false
      },
      {
        "testClass": "com.cedarsoftware.ncube.TestNCubeRuntimeFileCaching",
        "testMethod": "testReadWriteChangingToMissingSnapshotWithForce",
        "failureName": "java.lang.AssertionError",
        "detail": "file\u003dtarget/ncubeFileCacheTests/none/default_app/999.99.9/snapshot/test/TestBranch.sha1 should exist expected:\u003ctrue\u003e but was:\u003cfalse\u003e",
        "isError": false
      },
      {
        "testClass": "com.cedarsoftware.ncube.TestNCubeRuntimeFileCaching",
        "testMethod": "testOfflineReadEmptyRelease",
        "failureName": "java.lang.IllegalStateException",
        "detail": "Failed to find cube: TestEmpty in offline cache",
        "isError": true
      },
      {
        "testClass": "com.cedarsoftware.ncube.TestNCubeRuntimeFileCaching",
        "testMethod": "testOfflineReadValidRelease",
        "failureName": "java.lang.IllegalStateException",
        "detail": "Failed to find cube: TestBranch in offline cache",
        "isError": true
      },
      {
        "testClass": "com.cedarsoftware.ncube.TestNCubeRuntimeFileCaching",
        "testMethod": "testWriteWithException",
        "failureName": "java.lang.AssertionError",
        "detail": "file\u003dtarget/ncubeFileCacheTests/none/default_app/999.99.9/snapshot/test/TestBranch.sha1 should exist expected:\u003ctrue\u003e but was:\u003cfalse\u003e",
        "isError": false
      },
      {
        "testClass": "com.cedarsoftware.ncube.TestNCubeRuntimeFileCaching",
        "testMethod": "testWriteMissingReleaseWithReleaseOnly",
        "failureName": "java.lang.AssertionError",
        "detail": "file\u003dtarget/ncubeFileCacheTests/none/default_app/999.99.9/release/head/TestMissing.json should exist expected:\u003ctrue\u003e but was:\u003cfalse\u003e",
        "isError": false
      }
    ]
  },
  "type": "only_fail"
}