2018-03-05 03:55:59.758 [main] INFO - Running User Tracking Updater task.
2018-03-05 03:55:59.767 [main] INFO - Running User Tracking Updater task.
2018-03-05 03:55:59.770 [main] INFO - Running User Tracking Updater task.
2018-03-05 03:55:59.770 [main] INFO - Running User Tracking Updater task.
2018-03-05 03:56:00.662 [main] INFO - Search term: User
2018-03-05 03:56:01.713 [main] INFO - Checking mentioned users: @user#1234
2018-03-05 03:56:02.719 [main] ERROR- User searched for invalid server
2018-03-05 03:56:05.042 [main] INFO - Search term: User
2018-03-05 03:56:05.545 [main] INFO - Search term: junk
2018-03-05 03:56:06.051 [main] INFO - Running User Tracking Updater task.
2018-03-05 03:56:06.171 [main] INFO - Running User Tracking Updater task.
2018-03-05 03:56:06.172 [main] INFO - Running User Tracking Updater task.
2018-03-05 03:56:06.266 [main] INFO - Running User Tracking Updater task.
2018-03-05 03:56:06.346 [main] INFO - Running User Tracking Updater task.
2018-03-05 03:56:06.347 [main] INFO - Running User Tracking Updater task.
2018-03-05 03:56:06.348 [main] INFO - Running User Tracking Updater task.
2018-03-05 03:56:06.348 [main] INFO - Running User Tracking Updater task.
2018-03-05 03:56:06.349 [main] INFO - Running User Tracking Updater task.
2018-03-05 03:56:06.350 [main] INFO - Running User Tracking Updater task.
2018-03-05 03:56:06.350 [main] INFO - Running User Tracking Updater task.
2018-03-05 03:56:06.351 [main] INFO - Running User Tracking Updater task.
2018-03-05 03:56:06.351 [main] INFO - Running User Tracking Updater task.
2018-03-05 03:56:06.352 [main] INFO - Running User Tracking Updater task.
2018-03-05 03:56:06.352 [main] INFO - Running User Tracking Updater task.
2018-03-05 03:56:06.352 [main] INFO - Running User Tracking Updater task.
2018-03-05 03:56:06.353 [main] INFO - Running User Tracking Updater task.
2018-03-05 03:56:06.353 [main] INFO - Running User Tracking Updater task.
2018-03-05 03:56:06.354 [main] INFO - Running User Tracking Updater task.
2018-03-05 03:56:06.354 [main] INFO - Running User Tracking Updater task.
2018-03-05 03:56:06.355 [main] INFO - Running User Tracking Updater task.
2018-03-05 03:56:06.355 [main] INFO - Running User Tracking Updater task.
2018-03-05 03:56:06.356 [main] INFO - Running User Tracking Updater task.
2018-03-05 03:56:06.356 [main] INFO - Running User Tracking Updater task.
2018-03-05 03:56:06.357 [main] INFO - Running User Tracking Updater task.
2018-03-05 03:56:06.464 [main] ERROR- The file nor the parent directory exists
2018-03-05 03:56:06.500 [main] ERROR- Could not validate config against schema
org.xml.sax.SAXParseException: null
	at javax.xml.bind.util.JAXBSource$1.parse(JAXBSource.java:248) ~[?:1.8.0_121]
	at javax.xml.bind.util.JAXBSource$1.parse(JAXBSource.java:232) ~[?:1.8.0_121]
	at com.sun.org.apache.xerces.internal.jaxp.validation.ValidatorHandlerImpl.validate(ValidatorHandlerImpl.java:730) ~[?:1.8.0_121]
	at com.sun.org.apache.xerces.internal.jaxp.validation.ValidatorImpl.validate(ValidatorImpl.java:102) ~[?:1.8.0_121]
	at javax.xml.validation.Validator.validate(Validator.java:124) ~[?:1.8.0_121]
	at com.soa.rs.discordbot.cfg.DefaultConfigValidator.validateConformsToSchema(DefaultConfigValidator.java:142) [classes/:?]
	at com.soa.rs.discordbot.cfg.ConfigValidatorTest.testImproperObjectSchemaValidate(ConfigValidatorTest.java:235) [test-classes/:?]
	at sun.reflect.NativeMethodAccessorImpl.invoke0(Native Method) ~[?:1.8.0_121]
	at sun.reflect.NativeMethodAccessorImpl.invoke(NativeMethodAccessorImpl.java:62) ~[?:1.8.0_121]
	at sun.reflect.DelegatingMethodAccessorImpl.invoke(DelegatingMethodAccessorImpl.java:43) ~[?:1.8.0_121]
	at java.lang.reflect.Method.invoke(Method.java:498) ~[?:1.8.0_121]
	at org.junit.runners.model.FrameworkMethod$1.runReflectiveCall(FrameworkMethod.java:50) [junit-4.12.jar:4.12]
	at org.junit.internal.runners.model.ReflectiveCallable.run(ReflectiveCallable.java:12) [junit-4.12.jar:4.12]
	at org.junit.runners.model.FrameworkMethod.invokeExplosively(FrameworkMethod.java:47) [junit-4.12.jar:4.12]
	at org.junit.internal.runners.statements.InvokeMethod.evaluate(InvokeMethod.java:17) [junit-4.12.jar:4.12]
	at org.junit.internal.runners.statements.RunBefores.evaluate(RunBefores.java:26) [junit-4.12.jar:4.12]
	at org.junit.runners.ParentRunner.runLeaf(ParentRunner.java:325) [junit-4.12.jar:4.12]
	at org.junit.runners.BlockJUnit4ClassRunner.runChild(BlockJUnit4ClassRunner.java:78) [junit-4.12.jar:4.12]
	at org.junit.runners.BlockJUnit4ClassRunner.runChild(BlockJUnit4ClassRunner.java:57) [junit-4.12.jar:4.12]
	at org.junit.runners.ParentRunner$3.run(ParentRunner.java:290) [junit-4.12.jar:4.12]
	at org.junit.runners.ParentRunner$1.schedule(ParentRunner.java:71) [junit-4.12.jar:4.12]
	at org.junit.runners.ParentRunner.runChildren(ParentRunner.java:288) [junit-4.12.jar:4.12]
	at org.junit.runners.ParentRunner.access$000(ParentRunner.java:58) [junit-4.12.jar:4.12]
	at org.junit.runners.ParentRunner$2.evaluate(ParentRunner.java:268) [junit-4.12.jar:4.12]
	at org.junit.runners.ParentRunner.run(ParentRunner.java:363) [junit-4.12.jar:4.12]
	at org.apache.maven.surefire.junit4.JUnit4Provider.execute(JUnit4Provider.java:252) [surefire-junit4-2.12.4.jar:2.12.4]
	at org.apache.maven.surefire.junit4.JUnit4Provider.executeTestSet(JUnit4Provider.java:141) [surefire-junit4-2.12.4.jar:2.12.4]
	at org.apache.maven.surefire.junit4.JUnit4Provider.invoke(JUnit4Provider.java:112) [surefire-junit4-2.12.4.jar:2.12.4]
	at sun.reflect.NativeMethodAccessorImpl.invoke0(Native Method) ~[?:1.8.0_121]
	at sun.reflect.NativeMethodAccessorImpl.invoke(NativeMethodAccessorImpl.java:62) ~[?:1.8.0_121]
	at sun.reflect.DelegatingMethodAccessorImpl.invoke(DelegatingMethodAccessorImpl.java:43) ~[?:1.8.0_121]
	at java.lang.reflect.Method.invoke(Method.java:498) ~[?:1.8.0_121]
	at org.apache.maven.surefire.util.ReflectionUtils.invokeMethodWithArray(ReflectionUtils.java:189) [surefire-api-2.12.4.jar:2.12.4]
	at org.apache.maven.surefire.booter.ProviderFactory$ProviderProxy.invoke(ProviderFactory.java:165) [surefire-booter-2.12.4.jar:2.12.4]
	at org.apache.maven.surefire.booter.ProviderFactory.invokeProvider(ProviderFactory.java:85) [surefire-booter-2.12.4.jar:2.12.4]
	at org.apache.maven.surefire.booter.ForkedBooter.runSuitesInProcess(ForkedBooter.java:115) [surefire-booter-2.12.4.jar:2.12.4]
	at org.apache.maven.surefire.booter.ForkedBooter.main(ForkedBooter.java:75) [surefire-booter-2.12.4.jar:2.12.4]
Caused by: javax.xml.bind.MarshalException
	at com.sun.xml.internal.bind.v2.runtime.MarshallerImpl.write(MarshallerImpl.java:311) ~[?:1.8.0_121]
	at com.sun.xml.internal.bind.v2.runtime.MarshallerImpl.marshal(MarshallerImpl.java:236) ~[?:1.8.0_121]
	at javax.xml.bind.helpers.AbstractMarshallerImpl.marshal(AbstractMarshallerImpl.java:123) ~[?:1.8.0_121]
	at javax.xml.bind.util.JAXBSource$1.parse(JAXBSource.java:244) ~[?:1.8.0_121]
	... 36 more
Caused by: org.xml.sax.SAXParseException: cvc-complex-type.2.4.a: Invalid content was found starting with element 'staff-roles'. One of '{discordToken}' is expected.
	at com.sun.org.apache.xerces.internal.util.ErrorHandlerWrapper.createSAXParseException(ErrorHandlerWrapper.java:203) ~[?:1.8.0_121]
	at com.sun.org.apache.xerces.internal.util.ErrorHandlerWrapper.error(ErrorHandlerWrapper.java:134) ~[?:1.8.0_121]
	at com.sun.org.apache.xerces.internal.impl.XMLErrorReporter.reportError(XMLErrorReporter.java:396) ~[?:1.8.0_121]
	at com.sun.org.apache.xerces.internal.impl.XMLErrorReporter.reportError(XMLErrorReporter.java:327) ~[?:1.8.0_121]
	at com.sun.org.apache.xerces.internal.impl.XMLErrorReporter.reportError(XMLErrorReporter.java:284) ~[?:1.8.0_121]
	at com.sun.org.apache.xerces.internal.impl.xs.XMLSchemaValidator$XSIErrorReporter.reportError(XMLSchemaValidator.java:452) ~[?:1.8.0_121]
	at com.sun.org.apache.xerces.internal.impl.xs.XMLSchemaValidator.reportSchemaError(XMLSchemaValidator.java:3230) ~[?:1.8.0_121]
	at com.sun.org.apache.xerces.internal.impl.xs.XMLSchemaValidator.handleStartElement(XMLSchemaValidator.java:1790) ~[?:1.8.0_121]
	at com.sun.org.apache.xerces.internal.impl.xs.XMLSchemaValidator.startElement(XMLSchemaValidator.java:740) ~[?:1.8.0_121]
	at com.sun.org.apache.xerces.internal.jaxp.validation.ValidatorHandlerImpl.startElement(ValidatorHandlerImpl.java:570) ~[?:1.8.0_121]
	at org.xml.sax.helpers.XMLFilterImpl.startElement(XMLFilterImpl.java:551) ~[?:1.8.0_121]
	at com.sun.xml.internal.bind.v2.runtime.output.SAXOutput.endStartTag(SAXOutput.java:113) ~[?:1.8.0_121]
	at com.sun.xml.internal.bind.v2.runtime.XMLSerializer.endAttributes(XMLSerializer.java:292) ~[?:1.8.0_121]
	at com.sun.xml.internal.bind.v2.runtime.XMLSerializer.childAsXsiType(XMLSerializer.java:680) ~[?:1.8.0_121]
	at com.sun.xml.internal.bind.v2.runtime.property.SingleElementNodeProperty.serializeBody(SingleElementNodeProperty.java:143) ~[?:1.8.0_121]
	at com.sun.xml.internal.bind.v2.runtime.ClassBeanInfoImpl.serializeBody(ClassBeanInfoImpl.java:345) ~[?:1.8.0_121]
	at com.sun.xml.internal.bind.v2.runtime.XMLSerializer.childAsSoleContent(XMLSerializer.java:578) ~[?:1.8.0_121]
	at com.sun.xml.internal.bind.v2.runtime.ClassBeanInfoImpl.serializeRoot(ClassBeanInfoImpl.java:326) ~[?:1.8.0_121]
	at com.sun.xml.internal.bind.v2.runtime.XMLSerializer.childAsRoot(XMLSerializer.java:479) ~[?:1.8.0_121]
	at com.sun.xml.internal.bind.v2.runtime.MarshallerImpl.write(MarshallerImpl.java:308) ~[?:1.8.0_121]
	at com.sun.xml.internal.bind.v2.runtime.MarshallerImpl.marshal(MarshallerImpl.java:236) ~[?:1.8.0_121]
	at javax.xml.bind.helpers.AbstractMarshallerImpl.marshal(AbstractMarshallerImpl.java:123) ~[?:1.8.0_121]
	at javax.xml.bind.util.JAXBSource$1.parse(JAXBSource.java:244) ~[?:1.8.0_121]
	... 36 more
2018-03-05 03:56:06.511 [main] ERROR- The specified file path leads to a directory, not a file.
2018-03-05 03:56:06.512 [main] ERROR- URL does not conform to URL schema
2018-03-05 03:56:06.513 [main] ERROR- An invalid URL was provided
2018-03-05 03:56:06.513 [main] ERROR- No tracking file path was specified.
2018-03-05 03:56:16.669 [main] ERROR- The file nor the parent directory exists
2018-03-05 03:56:16.842 [main] ERROR- Could not validate config against schema
org.xml.sax.SAXParseException: null
	at javax.xml.bind.util.JAXBSource$1.parse(JAXBSource.java:248) ~[?:1.8.0_121]
	at javax.xml.bind.util.JAXBSource$1.parse(JAXBSource.java:232) ~[?:1.8.0_121]
	at com.sun.org.apache.xerces.internal.jaxp.validation.ValidatorHandlerImpl.validate(ValidatorHandlerImpl.java:730) ~[?:1.8.0_121]
	at com.sun.org.apache.xerces.internal.jaxp.validation.ValidatorImpl.validate(ValidatorImpl.java:102) ~[?:1.8.0_121]
	at javax.xml.validation.Validator.validate(Validator.java:124) ~[?:1.8.0_121]
	at com.soa.rs.discordbot.cfg.DefaultConfigValidator.validateConformsToSchema(DefaultConfigValidator.java:142) [default/:?]
	at com.soa.rs.discordbot.cfg.ConfigValidatorTest.testImproperObjectSchemaValidate(ConfigValidatorTest.java:235) [default/:?]
	at sun.reflect.NativeMethodAccessorImpl.invoke0(Native Method) ~[?:1.8.0_121]
	at sun.reflect.NativeMethodAccessorImpl.invoke(NativeMethodAccessorImpl.java:62) ~[?:1.8.0_121]
	at sun.reflect.DelegatingMethodAccessorImpl.invoke(DelegatingMethodAccessorImpl.java:43) ~[?:1.8.0_121]
	at java.lang.reflect.Method.invoke(Method.java:498) ~[?:1.8.0_121]
	at org.junit.runners.model.FrameworkMethod$1.runReflectiveCall(FrameworkMethod.java:50) [junit-4.12.jar:4.12]
	at org.junit.internal.runners.model.ReflectiveCallable.run(ReflectiveCallable.java:12) [junit-4.12.jar:4.12]
	at org.junit.runners.model.FrameworkMethod.invokeExplosively(FrameworkMethod.java:47) [junit-4.12.jar:4.12]
	at org.junit.internal.runners.statements.InvokeMethod.evaluate(InvokeMethod.java:17) [junit-4.12.jar:4.12]
	at org.junit.internal.runners.statements.RunBefores.evaluate(RunBefores.java:26) [junit-4.12.jar:4.12]
	at org.junit.runners.ParentRunner.runLeaf(ParentRunner.java:325) [junit-4.12.jar:4.12]
	at org.junit.runners.BlockJUnit4ClassRunner.runChild(BlockJUnit4ClassRunner.java:78) [junit-4.12.jar:4.12]
	at org.junit.runners.BlockJUnit4ClassRunner.runChild(BlockJUnit4ClassRunner.java:57) [junit-4.12.jar:4.12]
	at org.junit.runners.ParentRunner$3.run(ParentRunner.java:290) [junit-4.12.jar:4.12]
	at org.junit.runners.ParentRunner$1.schedule(ParentRunner.java:71) [junit-4.12.jar:4.12]
	at org.junit.runners.ParentRunner.runChildren(ParentRunner.java:288) [junit-4.12.jar:4.12]
	at org.junit.runners.ParentRunner.access$000(ParentRunner.java:58) [junit-4.12.jar:4.12]
	at org.junit.runners.ParentRunner$2.evaluate(ParentRunner.java:268) [junit-4.12.jar:4.12]
	at org.junit.runners.ParentRunner.run(ParentRunner.java:363) [junit-4.12.jar:4.12]
	at org.junit.runner.JUnitCore.run(JUnitCore.java:137) [junit-4.12.jar:4.12]
	at org.junit.runner.JUnitCore.run(JUnitCore.java:115) [junit-4.12.jar:4.12]
	at com.gzoltar.core.instr.testing.junit.JUnitRunner.run(JUnitRunner.java:47) [gzoltar.agent3664572983668424410.jar:?]
	at com.gzoltar.core.instr.Runner.main(Runner.java:46) [gzoltar.agent3664572983668424410.jar:?]
Caused by: javax.xml.bind.MarshalException
	at com.sun.xml.internal.bind.v2.runtime.MarshallerImpl.write(MarshallerImpl.java:311) ~[?:1.8.0_121]
	at com.sun.xml.internal.bind.v2.runtime.MarshallerImpl.marshal(MarshallerImpl.java:236) ~[?:1.8.0_121]
	at javax.xml.bind.helpers.AbstractMarshallerImpl.marshal(AbstractMarshallerImpl.java:123) ~[?:1.8.0_121]
	at javax.xml.bind.util.JAXBSource$1.parse(JAXBSource.java:244) ~[?:1.8.0_121]
	... 28 more
Caused by: org.xml.sax.SAXParseException: cvc-complex-type.2.4.a: Invalid content was found starting with element 'staff-roles'. One of '{discordToken}' is expected.
	at com.sun.org.apache.xerces.internal.util.ErrorHandlerWrapper.createSAXParseException(ErrorHandlerWrapper.java:203) ~[?:1.8.0_121]
	at com.sun.org.apache.xerces.internal.util.ErrorHandlerWrapper.error(ErrorHandlerWrapper.java:134) ~[?:1.8.0_121]
	at com.sun.org.apache.xerces.internal.impl.XMLErrorReporter.reportError(XMLErrorReporter.java:396) ~[?:1.8.0_121]
	at com.sun.org.apache.xerces.internal.impl.XMLErrorReporter.reportError(XMLErrorReporter.java:327) ~[?:1.8.0_121]
	at com.sun.org.apache.xerces.internal.impl.XMLErrorReporter.reportError(XMLErrorReporter.java:284) ~[?:1.8.0_121]
	at com.sun.org.apache.xerces.internal.impl.xs.XMLSchemaValidator$XSIErrorReporter.reportError(XMLSchemaValidator.java:452) ~[?:1.8.0_121]
	at com.sun.org.apache.xerces.internal.impl.xs.XMLSchemaValidator.reportSchemaError(XMLSchemaValidator.java:3230) ~[?:1.8.0_121]
	at com.sun.org.apache.xerces.internal.impl.xs.XMLSchemaValidator.handleStartElement(XMLSchemaValidator.java:1790) ~[?:1.8.0_121]
	at com.sun.org.apache.xerces.internal.impl.xs.XMLSchemaValidator.startElement(XMLSchemaValidator.java:740) ~[?:1.8.0_121]
	at com.sun.org.apache.xerces.internal.jaxp.validation.ValidatorHandlerImpl.startElement(ValidatorHandlerImpl.java:570) ~[?:1.8.0_121]
	at org.xml.sax.helpers.XMLFilterImpl.startElement(XMLFilterImpl.java:551) ~[?:1.8.0_121]
	at com.sun.xml.internal.bind.v2.runtime.output.SAXOutput.endStartTag(SAXOutput.java:113) ~[?:1.8.0_121]
	at com.sun.xml.internal.bind.v2.runtime.XMLSerializer.endAttributes(XMLSerializer.java:292) ~[?:1.8.0_121]
	at com.sun.xml.internal.bind.v2.runtime.XMLSerializer.childAsXsiType(XMLSerializer.java:680) ~[?:1.8.0_121]
	at com.sun.xml.internal.bind.v2.runtime.property.SingleElementNodeProperty.serializeBody(SingleElementNodeProperty.java:143) ~[?:1.8.0_121]
	at com.sun.xml.internal.bind.v2.runtime.ClassBeanInfoImpl.serializeBody(ClassBeanInfoImpl.java:345) ~[?:1.8.0_121]
	at com.sun.xml.internal.bind.v2.runtime.XMLSerializer.childAsSoleContent(XMLSerializer.java:578) ~[?:1.8.0_121]
	at com.sun.xml.internal.bind.v2.runtime.ClassBeanInfoImpl.serializeRoot(ClassBeanInfoImpl.java:326) ~[?:1.8.0_121]
	at com.sun.xml.internal.bind.v2.runtime.XMLSerializer.childAsRoot(XMLSerializer.java:479) ~[?:1.8.0_121]
	at com.sun.xml.internal.bind.v2.runtime.MarshallerImpl.write(MarshallerImpl.java:308) ~[?:1.8.0_121]
	at com.sun.xml.internal.bind.v2.runtime.MarshallerImpl.marshal(MarshallerImpl.java:236) ~[?:1.8.0_121]
	at javax.xml.bind.helpers.AbstractMarshallerImpl.marshal(AbstractMarshallerImpl.java:123) ~[?:1.8.0_121]
	at javax.xml.bind.util.JAXBSource$1.parse(JAXBSource.java:244) ~[?:1.8.0_121]
	... 28 more
2018-03-05 03:56:16.849 [main] ERROR- The specified file path leads to a directory, not a file.
2018-03-05 03:56:16.853 [main] ERROR- URL does not conform to URL schema
2018-03-05 03:56:16.853 [main] ERROR- An invalid URL was provided
2018-03-05 03:56:16.853 [main] ERROR- No tracking file path was specified.
2018-03-05 03:56:16.913 [main] INFO - Running User Tracking Updater task.
2018-03-05 03:56:16.916 [main] INFO - Running User Tracking Updater task.
2018-03-05 03:56:16.918 [main] INFO - Running User Tracking Updater task.
2018-03-05 03:56:16.918 [main] INFO - Running User Tracking Updater task.
2018-03-05 03:56:17.612 [main] INFO - Search term: User
2018-03-05 03:56:18.694 [main] INFO - Checking mentioned users: @user#1234
2018-03-05 03:56:19.700 [main] ERROR- User searched for invalid server
2018-03-05 03:56:21.832 [main] INFO - Search term: User
2018-03-05 03:56:22.335 [main] INFO - Search term: junk
2018-03-05 03:56:22.842 [main] INFO - Running User Tracking Updater task.
2018-03-05 03:56:22.946 [main] INFO - Running User Tracking Updater task.
2018-03-05 03:56:22.946 [main] INFO - Running User Tracking Updater task.
2018-03-05 03:56:23.019 [main] INFO - Running User Tracking Updater task.
2018-03-05 03:56:23.082 [main] INFO - Running User Tracking Updater task.
2018-03-05 03:56:23.083 [main] INFO - Running User Tracking Updater task.
2018-03-05 03:56:23.083 [main] INFO - Running User Tracking Updater task.
2018-03-05 03:56:23.084 [main] INFO - Running User Tracking Updater task.
2018-03-05 03:56:23.084 [main] INFO - Running User Tracking Updater task.
2018-03-05 03:56:23.084 [main] INFO - Running User Tracking Updater task.
2018-03-05 03:56:23.085 [main] INFO - Running User Tracking Updater task.
2018-03-05 03:56:23.085 [main] INFO - Running User Tracking Updater task.
2018-03-05 03:56:23.085 [main] INFO - Running User Tracking Updater task.
2018-03-05 03:56:23.085 [main] INFO - Running User Tracking Updater task.
2018-03-05 03:56:23.086 [main] INFO - Running User Tracking Updater task.
2018-03-05 03:56:23.086 [main] INFO - Running User Tracking Updater task.
2018-03-05 03:56:23.086 [main] INFO - Running User Tracking Updater task.
2018-03-05 03:56:23.087 [main] INFO - Running User Tracking Updater task.
2018-03-05 03:56:23.087 [main] INFO - Running User Tracking Updater task.
2018-03-05 03:56:23.087 [main] INFO - Running User Tracking Updater task.
2018-03-05 03:56:23.088 [main] INFO - Running User Tracking Updater task.
2018-03-05 03:56:23.088 [main] INFO - Running User Tracking Updater task.
2018-03-05 03:56:23.089 [main] INFO - Running User Tracking Updater task.
2018-03-05 03:56:23.089 [main] INFO - Running User Tracking Updater task.
2018-03-05 03:56:23.089 [main] INFO - Running User Tracking Updater task.
