com.thekoalas.tests.DataFrameTest#testGetDataset
.
Time: 0.144

OK (1 test)

com.thekoalas.tests.DataFrameTest#testEquals
.
Time: 0.254

OK (1 test)

com.thekoalas.tests.DataFrameTest#testGetColumnSetInvalid
.
Time: 0.01

OK (1 test)

com.thekoalas.tests.DataFrameTest#testGetLineSubset
.
Time: 0.259

OK (1 test)

com.thekoalas.tests.DataFrameTest#testHeadNoArgs
.
Time: 0.087

OK (1 test)

com.thekoalas.tests.DataFrameTest#testTailNoArgs
.
Time: 0.094

OK (1 test)

com.thekoalas.tests.DataFrameTest#testHead2
.
Time: 0.108

OK (1 test)

com.thekoalas.tests.DataFrameTest#testCreationFromColumns
.
Time: 0.079

OK (1 test)

com.thekoalas.tests.DataFrameTest#testTail2
.
Time: 0.083

OK (1 test)

com.thekoalas.tests.DataFrameTest#testGetColumnSubset
.
Time: 0.158

OK (1 test)

com.thekoalas.tests.DataFrameTest#testHeadMoreThanNumberOfValues
.Impossible d'afficher 100

Time: 0.073

OK (1 test)

com.thekoalas.tests.DataFrameTest#testDataFrameFromCsvFile
.Current Type is : 2
Current Type is : 0
Current Type is : 0
Current Type is : 2
Current Type is : 0
E
Time: 0.239
There was 1 failure:
1) testDataFrameFromCsvFile(com.thekoalas.tests.DataFrameTest)
java.lang.AssertionError: expected:<Ints	Strings	Dates	Doubles	
2	Row1	Wed Apr 04 22:00:40 CEST 2018	52.06	
1	Row2	Thu Jan 01 01:00:00 CET 1970	0.05	
> but was:<Ints	Strings	Dates	Doubles		
2.0	Row1	Wed Apr 04 22:00:40 CEST 2018	52.06		
1.0	Row2	Thu Jan 01 01:00:00 CET 1970	0.05		
>
	at org.junit.Assert.fail(Assert.java:93)
	at org.junit.Assert.failNotEquals(Assert.java:647)
	at org.junit.Assert.assertEquals(Assert.java:128)
	at org.junit.Assert.assertEquals(Assert.java:147)
	at com.thekoalas.tests.DataFrameTest.testDataFrameFromCsvFile(DataFrameTest.java:643)
	at sun.reflect.NativeMethodAccessorImpl.invoke0(Native Method)
	at sun.reflect.NativeMethodAccessorImpl.invoke(NativeMethodAccessorImpl.java:62)
	at sun.reflect.DelegatingMethodAccessorImpl.invoke(DelegatingMethodAccessorImpl.java:43)
	at java.lang.reflect.Method.invoke(Method.java:498)
	at org.junit.runners.model.FrameworkMethod$1.runReflectiveCall(FrameworkMethod.java:45)
	at org.junit.internal.runners.model.ReflectiveCallable.run(ReflectiveCallable.java:15)
	at org.junit.runners.model.FrameworkMethod.invokeExplosively(FrameworkMethod.java:42)
	at org.junit.internal.runners.statements.InvokeMethod.evaluate(InvokeMethod.java:20)
	at org.junit.internal.runners.statements.RunBefores.evaluate(RunBefores.java:28)
	at org.junit.internal.runners.statements.RunAfters.evaluate(RunAfters.java:30)
	at org.junit.runners.ParentRunner.runLeaf(ParentRunner.java:263)
	at org.junit.runners.BlockJUnit4ClassRunner.runChild(BlockJUnit4ClassRunner.java:68)
	at org.junit.runners.BlockJUnit4ClassRunner.runChild(BlockJUnit4ClassRunner.java:47)
	at org.junit.runners.ParentRunner$3.run(ParentRunner.java:231)
	at org.junit.runners.ParentRunner$1.schedule(ParentRunner.java:60)
	at org.junit.runners.ParentRunner.runChildren(ParentRunner.java:229)
	at org.junit.runners.ParentRunner.access$000(ParentRunner.java:50)
	at org.junit.runners.ParentRunner$2.evaluate(ParentRunner.java:222)
	at org.junit.internal.runners.statements.RunBefores.evaluate(RunBefores.java:28)
	at org.junit.internal.runners.statements.RunAfters.evaluate(RunAfters.java:30)
	at org.junit.runners.ParentRunner.run(ParentRunner.java:300)
	at org.junit.runner.JUnitCore.run(JUnitCore.java:157)
	at org.junit.runner.JUnitCore.run(JUnitCore.java:136)
	at fr.inria.lille.repair.MethodTestRunner.runTest(MethodTestRunner.java:44)
	at fr.inria.lille.repair.MethodTestRunner.access$000(MethodTestRunner.java:12)
	at fr.inria.lille.repair.MethodTestRunner$1.call(MethodTestRunner.java:20)
	at java.util.concurrent.FutureTask.run(FutureTask.java:266)
	at java.util.concurrent.ThreadPoolExecutor.runWorker(ThreadPoolExecutor.java:1142)
	at java.util.concurrent.ThreadPoolExecutor$Worker.run(ThreadPoolExecutor.java:617)
	at java.lang.Thread.run(Thread.java:745)

FAILURES!!!
Tests run: 1,  Failures: 1

com.thekoalas.tests.DataFrameTest#testGetLineSubsetBiggerThanPossible
.
Time: 0.105

OK (1 test)

com.thekoalas.tests.DataFrameTest#testStatistics
.
Time: 0.01

OK (1 test)

com.thekoalas.tests.DataFrameTest#testTailMoreThanNumberOfValues
.Impossible d'afficher 100

Time: 0.077

OK (1 test)

com.thekoalas.tests.DataFrameTest#testToString
.
Time: 0.012

OK (1 test)

