# JRE version: OpenJDK Runtime Environment (8.0_121-b13) (build 1.8.0_121-8u121-b13-1~bpo8+1-b13)
# Java VM: OpenJDK 64-Bit Server VM (25.121-b13 mixed mode linux-amd64 compressed oops)
Heap:
 PSYoungGen      total 886272K, used 16889K [0x0000000718100000, 0x0000000758b80000, 0x00000007c0000000)
  eden space 869376K, 0% used [0x0000000718100000,0x0000000718100000,0x000000074d200000)
  from space 16896K, 99% used [0x0000000756a80000,0x0000000757afe570,0x0000000757b00000)
  to   space 9216K, 0% used [0x0000000758280000,0x0000000758280000,0x0000000758b80000)
 ParOldGen       total 182784K, used 19730K [0x00000005c8200000, 0x00000005d3480000, 0x0000000718100000)
  object space 182784K, 10% used [0x00000005c8200000,0x00000005c9544b00,0x00000005d3480000)
 Metaspace       used 34635K, capacity 34990K, committed 35248K, reserved 1081344K
  class space    used 4129K, capacity 4244K, committed 4272K, reserved 1048576K
GC Heap History (10 events):
Event: 3.440 GC heap after
Heap after GC invocations=3 (full 0):
 PSYoungGen      total 279552K, used 7383K [0x0000000718100000, 0x000000073a300000, 0x00000007c0000000)
  eden space 258048K, 0% used [0x0000000718100000,0x0000000718100000,0x0000000727d00000)
  from space 21504K, 34% used [0x0000000727d00000,0x0000000728435c18,0x0000000729200000)
  to   space 21504K, 0% used [0x0000000738e00000,0x0000000738e00000,0x000000073a300000)
 ParOldGen       total 344064K, used 16K [0x00000005c8200000, 0x00000005dd200000, 0x0000000718100000)
  object space 344064K, 0% used [0x00000005c8200000,0x00000005c8204000,0x00000005dd200000)
 Metaspace       used 12296K, capacity 12392K, committed 12800K, reserved 1060864K
  class space    used 1686K, capacity 1726K, committed 1792K, reserved 1048576K
}
Event: 4.859 GC heap before
{Heap before GC invocations=4 (full 0):
 PSYoungGen      total 279552K, used 265431K [0x0000000718100000, 0x000000073a300000, 0x00000007c0000000)
  eden space 258048K, 100% used [0x0000000718100000,0x0000000727d00000,0x0000000727d00000)
  from space 21504K, 34% used [0x0000000727d00000,0x0000000728435c18,0x0000000729200000)
  to   space 21504K, 0% used [0x0000000738e00000,0x0000000738e00000,0x000000073a300000)
 ParOldGen       total 344064K, used 16K [0x00000005c8200000, 0x00000005dd200000, 0x0000000718100000)
  object space 344064K, 0% used [0x00000005c8200000,0x00000005c8204000,0x00000005dd200000)
 Metaspace       used 13168K, capacity 13306K, committed 13696K, reserved 1060864K
  class space    used 1797K, capacity 1857K, committed 1920K, reserved 1048576K
Event: 4.889 GC heap after
Heap after GC invocations=4 (full 0):
 PSYoungGen      total 537600K, used 10969K [0x0000000718100000, 0x000000073a300000, 0x00000007c0000000)
  eden space 516096K, 0% used [0x0000000718100000,0x0000000718100000,0x0000000737900000)
  from space 21504K, 51% used [0x0000000738e00000,0x00000007398b6470,0x000000073a300000)
  to   space 21504K, 0% used [0x0000000737900000,0x0000000737900000,0x0000000738e00000)
 ParOldGen       total 344064K, used 40K [0x00000005c8200000, 0x00000005dd200000, 0x0000000718100000)
  object space 344064K, 0% used [0x00000005c8200000,0x00000005c820a000,0x00000005dd200000)
 Metaspace       used 13168K, capacity 13306K, committed 13696K, reserved 1060864K
  class space    used 1797K, capacity 1857K, committed 1920K, reserved 1048576K
}
Event: 8.375 GC heap before
{Heap before GC invocations=5 (full 0):
 PSYoungGen      total 537600K, used 135716K [0x0000000718100000, 0x000000073a300000, 0x00000007c0000000)
  eden space 516096K, 24% used [0x0000000718100000,0x000000071fad2d08,0x0000000737900000)
  from space 21504K, 51% used [0x0000000738e00000,0x00000007398b6470,0x000000073a300000)
  to   space 21504K, 0% used [0x0000000737900000,0x0000000737900000,0x0000000738e00000)
 ParOldGen       total 344064K, used 40K [0x00000005c8200000, 0x00000005dd200000, 0x0000000718100000)
  object space 344064K, 0% used [0x00000005c8200000,0x00000005c820a000,0x00000005dd200000)
 Metaspace       used 20853K, capacity 21092K, committed 21296K, reserved 1067008K
  class space    used 2768K, capacity 2850K, committed 2864K, reserved 1048576K
Event: 8.397 GC heap after
Heap after GC invocations=5 (full 0):
 PSYoungGen      total 537600K, used 16232K [0x0000000718100000, 0x0000000759400000, 0x00000007c0000000)
  eden space 516096K, 0% used [0x0000000718100000,0x0000000718100000,0x0000000737900000)
  from space 21504K, 75% used [0x0000000737900000,0x00000007388da020,0x0000000738e00000)
  to   space 17920K, 0% used [0x0000000758280000,0x0000000758280000,0x0000000759400000)
 ParOldGen       total 344064K, used 112K [0x00000005c8200000, 0x00000005dd200000, 0x0000000718100000)
  object space 344064K, 0% used [0x00000005c8200000,0x00000005c821c010,0x00000005dd200000)
 Metaspace       used 20853K, capacity 21092K, committed 21296K, reserved 1067008K
  class space    used 2768K, capacity 2850K, committed 2864K, reserved 1048576K
}
Event: 8.397 GC heap before
{Heap before GC invocations=6 (full 1):
 PSYoungGen      total 537600K, used 16232K [0x0000000718100000, 0x0000000759400000, 0x00000007c0000000)
  eden space 516096K, 0% used [0x0000000718100000,0x0000000718100000,0x0000000737900000)
  from space 21504K, 75% used [0x0000000737900000,0x00000007388da020,0x0000000738e00000)
  to   space 17920K, 0% used [0x0000000758280000,0x0000000758280000,0x0000000759400000)
 ParOldGen       total 344064K, used 112K [0x00000005c8200000, 0x00000005dd200000, 0x0000000718100000)
  object space 344064K, 0% used [0x00000005c8200000,0x00000005c821c010,0x00000005dd200000)
 Metaspace       used 20853K, capacity 21092K, committed 21296K, reserved 1067008K
  class space    used 2768K, capacity 2850K, committed 2864K, reserved 1048576K
Event: 8.496 GC heap after
Heap after GC invocations=6 (full 1):
 PSYoungGen      total 537600K, used 0K [0x0000000718100000, 0x0000000759400000, 0x00000007c0000000)
  eden space 516096K, 0% used [0x0000000718100000,0x0000000718100000,0x0000000737900000)
  from space 21504K, 0% used [0x0000000737900000,0x0000000737900000,0x0000000738e00000)
  to   space 17920K, 0% used [0x0000000758280000,0x0000000758280000,0x0000000759400000)
 ParOldGen       total 182784K, used 15977K [0x00000005c8200000, 0x00000005d3480000, 0x0000000718100000)
  object space 182784K, 8% used [0x00000005c8200000,0x00000005c919a708,0x00000005d3480000)
 Metaspace       used 20853K, capacity 21092K, committed 21296K, reserved 1067008K
  class space    used 2768K, capacity 2850K, committed 2864K, reserved 1048576K
}
Event: 10.612 GC heap before
{Heap before GC invocations=7 (full 1):
 PSYoungGen      total 537600K, used 516096K [0x0000000718100000, 0x0000000759400000, 0x00000007c0000000)
  eden space 516096K, 100% used [0x0000000718100000,0x0000000737900000,0x0000000737900000)
  from space 21504K, 0% used [0x0000000737900000,0x0000000737900000,0x0000000738e00000)
  to   space 17920K, 0% used [0x0000000758280000,0x0000000758280000,0x0000000759400000)
 ParOldGen       total 182784K, used 15977K [0x00000005c8200000, 0x00000005d3480000, 0x0000000718100000)
  object space 182784K, 8% used [0x00000005c8200000,0x00000005c919a708,0x00000005d3480000)
 Metaspace       used 22373K, capacity 22676K, committed 23088K, reserved 1069056K
  class space    used 2915K, capacity 3026K, committed 3120K, reserved 1048576K
Event: 10.646 GC heap after
Heap after GC invocations=7 (full 1):
 PSYoungGen      total 878592K, used 9064K [0x0000000718100000, 0x0000000758b80000, 0x00000007c0000000)
  eden space 869376K, 0% used [0x0000000718100000,0x0000000718100000,0x000000074d200000)
  from space 9216K, 98% used [0x0000000758280000,0x0000000758b5a3a8,0x0000000758b80000)
  to   space 16896K, 0% used [0x0000000756a80000,0x0000000756a80000,0x0000000757b00000)
 ParOldGen       total 182784K, used 15985K [0x00000005c8200000, 0x00000005d3480000, 0x0000000718100000)
  object space 182784K, 8% used [0x00000005c8200000,0x00000005c919c708,0x00000005d3480000)
 Metaspace       used 22373K, capacity 22676K, committed 23088K, reserved 1069056K
  class space    used 2915K, capacity 3026K, committed 3120K, reserved 1048576K
}
Event: 18.578 GC heap before
{Heap before GC invocations=8 (full 1):
 PSYoungGen      total 878592K, used 878440K [0x0000000718100000, 0x0000000758b80000, 0x00000007c0000000)
  eden space 869376K, 100% used [0x0000000718100000,0x000000074d200000,0x000000074d200000)
  from space 9216K, 98% used [0x0000000758280000,0x0000000758b5a3a8,0x0000000758b80000)
  to   space 16896K, 0% used [0x0000000756a80000,0x0000000756a80000,0x0000000757b00000)
 ParOldGen       total 182784K, used 15985K [0x00000005c8200000, 0x00000005d3480000, 0x0000000718100000)
  object space 182784K, 8% used [0x00000005c8200000,0x00000005c919c708,0x00000005d3480000)
 Metaspace       used 34635K, capacity 34990K, committed 35248K, reserved 1081344K
  class space    used 4129K, capacity 4244K, committed 4272K, reserved 1048576K

