# JRE version: OpenJDK Runtime Environment (8.0_121-b13) (build 1.8.0_121-8u121-b13-1~bpo8+1-b13)
# Java VM: OpenJDK 64-Bit Server VM (25.121-b13 mixed mode linux-amd64 compressed oops)
Heap:
 PSYoungGen      total 2023424K, used 64K [0x0000000718100000, 0x000000079c500000, 0x00000007c0000000)
  eden space 1880064K, 0% used [0x0000000718100000,0x0000000718100000,0x000000078ad00000)
  from space 143360K, 0% used [0x000000078ad00000,0x000000078ad10000,0x0000000793900000)
  to   space 88576K, 0% used [0x0000000796e80000,0x0000000796e80000,0x000000079c500000)
 ParOldGen       total 326656K, used 19768K [0x00000005c8200000, 0x00000005dc100000, 0x0000000718100000)
  object space 326656K, 6% used [0x00000005c8200000,0x00000005c954e3f8,0x00000005dc100000)
 Metaspace       used 25525K, capacity 25772K, committed 26112K, reserved 1073152K
  class space    used 2130K, capacity 2222K, committed 2304K, reserved 1048576K
GC Heap History (10 events):
Event: 29.222 GC heap after
Heap after GC invocations=14 (full 2):
 PSYoungGen      total 1094656K, used 0K [0x0000000718100000, 0x0000000764380000, 0x00000007c0000000)
  eden space 944640K, 0% used [0x0000000718100000,0x0000000718100000,0x0000000751b80000)
  from space 150016K, 0% used [0x000000075ae00000,0x000000075ae00000,0x0000000764080000)
  to   space 150016K, 0% used [0x0000000751b80000,0x0000000751b80000,0x000000075ae00000)
 ParOldGen       total 326656K, used 19744K [0x00000005c8200000, 0x00000005dc100000, 0x0000000718100000)
  object space 326656K, 6% used [0x00000005c8200000,0x00000005c95483f8,0x00000005dc100000)
 Metaspace       used 25520K, capacity 25762K, committed 26112K, reserved 1073152K
  class space    used 2130K, capacity 2221K, committed 2304K, reserved 1048576K
}
Event: 30.018 GC heap before
{Heap before GC invocations=15 (full 2):
 PSYoungGen      total 1094656K, used 944640K [0x0000000718100000, 0x0000000764380000, 0x00000007c0000000)
  eden space 944640K, 100% used [0x0000000718100000,0x0000000751b80000,0x0000000751b80000)
  from space 150016K, 0% used [0x000000075ae00000,0x000000075ae00000,0x0000000764080000)
  to   space 150016K, 0% used [0x0000000751b80000,0x0000000751b80000,0x000000075ae00000)
 ParOldGen       total 326656K, used 19744K [0x00000005c8200000, 0x00000005dc100000, 0x0000000718100000)
  object space 326656K, 6% used [0x00000005c8200000,0x00000005c95483f8,0x00000005dc100000)
 Metaspace       used 25523K, capacity 25768K, committed 26112K, reserved 1073152K
  class space    used 2130K, capacity 2222K, committed 2304K, reserved 1048576K
Event: 30.045 GC heap after
Heap after GC invocations=15 (full 2):
 PSYoungGen      total 1094656K, used 32K [0x0000000718100000, 0x000000077f300000, 0x00000007c0000000)
  eden space 944640K, 0% used [0x0000000718100000,0x0000000718100000,0x0000000751b80000)
  from space 150016K, 0% used [0x0000000751b80000,0x0000000751b88000,0x000000075ae00000)
  to   space 150528K, 0% used [0x0000000776000000,0x0000000776000000,0x000000077f300000)
 ParOldGen       total 326656K, used 19744K [0x00000005c8200000, 0x00000005dc100000, 0x0000000718100000)
  object space 326656K, 6% used [0x00000005c8200000,0x00000005c95483f8,0x00000005dc100000)
 Metaspace       used 25523K, capacity 25768K, committed 26112K, reserved 1073152K
  class space    used 2130K, capacity 2222K, committed 2304K, reserved 1048576K
}
Event: 30.603 GC heap before
{Heap before GC invocations=16 (full 2):
 PSYoungGen      total 1094656K, used 944672K [0x0000000718100000, 0x000000077f300000, 0x00000007c0000000)
  eden space 944640K, 100% used [0x0000000718100000,0x0000000751b80000,0x0000000751b80000)
  from space 150016K, 0% used [0x0000000751b80000,0x0000000751b88000,0x000000075ae00000)
  to   space 150528K, 0% used [0x0000000776000000,0x0000000776000000,0x000000077f300000)
 ParOldGen       total 326656K, used 19744K [0x00000005c8200000, 0x00000005dc100000, 0x0000000718100000)
  object space 326656K, 6% used [0x00000005c8200000,0x00000005c95483f8,0x00000005dc100000)
 Metaspace       used 25523K, capacity 25768K, committed 26112K, reserved 1073152K
  class space    used 2130K, capacity 2222K, committed 2304K, reserved 1048576K
Event: 30.613 GC heap after
Heap after GC invocations=16 (full 2):
 PSYoungGen      total 1491968K, used 96K [0x0000000718100000, 0x000000077da80000, 0x00000007c0000000)
  eden space 1366528K, 0% used [0x0000000718100000,0x0000000718100000,0x000000076b780000)
  from space 125440K, 0% used [0x0000000776000000,0x0000000776018000,0x000000077da80000)
  to   space 148992K, 0% used [0x000000076b780000,0x000000076b780000,0x0000000774900000)
 ParOldGen       total 326656K, used 19744K [0x00000005c8200000, 0x00000005dc100000, 0x0000000718100000)
  object space 326656K, 6% used [0x00000005c8200000,0x00000005c95483f8,0x00000005dc100000)
 Metaspace       used 25523K, capacity 25768K, committed 26112K, reserved 1073152K
  class space    used 2130K, capacity 2222K, committed 2304K, reserved 1048576K
}
Event: 31.703 GC heap before
{Heap before GC invocations=17 (full 2):
 PSYoungGen      total 1491968K, used 1366624K [0x0000000718100000, 0x000000077da80000, 0x00000007c0000000)
  eden space 1366528K, 100% used [0x0000000718100000,0x000000076b780000,0x000000076b780000)
  from space 125440K, 0% used [0x0000000776000000,0x0000000776018000,0x000000077da80000)
  to   space 148992K, 0% used [0x000000076b780000,0x000000076b780000,0x0000000774900000)
 ParOldGen       total 326656K, used 19744K [0x00000005c8200000, 0x00000005dc100000, 0x0000000718100000)
  object space 326656K, 6% used [0x00000005c8200000,0x00000005c95483f8,0x00000005dc100000)
 Metaspace       used 25523K, capacity 25768K, committed 26112K, reserved 1073152K
  class space    used 2130K, capacity 2222K, committed 2304K, reserved 1048576K
Event: 31.707 GC heap after
Heap after GC invocations=17 (full 2):
 PSYoungGen      total 1515520K, used 32K [0x0000000718100000, 0x000000079fe00000, 0x00000007c0000000)
  eden space 1366528K, 0% used [0x0000000718100000,0x0000000718100000,0x000000076b780000)
  from space 148992K, 0% used [0x000000076b780000,0x000000076b788000,0x0000000774900000)
  to   space 146944K, 0% used [0x0000000796e80000,0x0000000796e80000,0x000000079fe00000)
 ParOldGen       total 326656K, used 19752K [0x00000005c8200000, 0x00000005dc100000, 0x0000000718100000)
  object space 326656K, 6% used [0x00000005c8200000,0x00000005c954a3f8,0x00000005dc100000)
 Metaspace       used 25523K, capacity 25768K, committed 26112K, reserved 1073152K
  class space    used 2130K, capacity 2222K, committed 2304K, reserved 1048576K
}
Event: 32.517 GC heap before
{Heap before GC invocations=18 (full 2):
 PSYoungGen      total 1515520K, used 1366560K [0x0000000718100000, 0x000000079fe00000, 0x00000007c0000000)
  eden space 1366528K, 100% used [0x0000000718100000,0x000000076b780000,0x000000076b780000)
  from space 148992K, 0% used [0x000000076b780000,0x000000076b788000,0x0000000774900000)
  to   space 146944K, 0% used [0x0000000796e80000,0x0000000796e80000,0x000000079fe00000)
 ParOldGen       total 326656K, used 19752K [0x00000005c8200000, 0x00000005dc100000, 0x0000000718100000)
  object space 326656K, 6% used [0x00000005c8200000,0x00000005c954a3f8,0x00000005dc100000)
 Metaspace       used 25525K, capacity 25772K, committed 26112K, reserved 1073152K
  class space    used 2130K, capacity 2222K, committed 2304K, reserved 1048576K
Event: 32.519 GC heap after
Heap after GC invocations=18 (full 2):
 PSYoungGen      total 1968640K, used 96K [0x0000000718100000, 0x000000079c500000, 0x00000007c0000000)
  eden space 1880064K, 0% used [0x0000000718100000,0x0000000718100000,0x000000078ad00000)
  from space 88576K, 0% used [0x0000000796e80000,0x0000000796e98000,0x000000079c500000)
  to   space 143360K, 0% used [0x000000078ad00000,0x000000078ad00000,0x0000000793900000)
 ParOldGen       total 326656K, used 19760K [0x00000005c8200000, 0x00000005dc100000, 0x0000000718100000)
  object space 326656K, 6% used [0x00000005c8200000,0x00000005c954c3f8,0x00000005dc100000)
 Metaspace       used 25525K, capacity 25772K, committed 26112K, reserved 1073152K
  class space    used 2130K, capacity 2222K, committed 2304K, reserved 1048576K
}
Event: 33.928 GC heap before
{Heap before GC invocations=19 (full 2):
 PSYoungGen      total 1968640K, used 1880160K [0x0000000718100000, 0x000000079c500000, 0x00000007c0000000)
  eden space 1880064K, 100% used [0x0000000718100000,0x000000078ad00000,0x000000078ad00000)
  from space 88576K, 0% used [0x0000000796e80000,0x0000000796e98000,0x000000079c500000)
  to   space 143360K, 0% used [0x000000078ad00000,0x000000078ad00000,0x0000000793900000)
 ParOldGen       total 326656K, used 19760K [0x00000005c8200000, 0x00000005dc100000, 0x0000000718100000)
  object space 326656K, 6% used [0x00000005c8200000,0x00000005c954c3f8,0x00000005dc100000)
 Metaspace       used 25525K, capacity 25772K, committed 26112K, reserved 1073152K
  class space    used 2130K, capacity 2222K, committed 2304K, reserved 1048576K

