# JRE version: OpenJDK Runtime Environment (8.0_121-b13) (build 1.8.0_121-8u121-b13-1~bpo8+1-b13)
# Java VM: OpenJDK 64-Bit Server VM (25.121-b13 mixed mode linux-amd64 compressed oops)
Heap:
 PSYoungGen      total 847872K, used 37067K [0x0000000718100000, 0x0000000751980000, 0x00000007c0000000)
  eden space 792576K, 0% used [0x0000000718100000,0x0000000718100000,0x0000000748700000)
  from space 55296K, 67% used [0x0000000748700000,0x000000074ab32ee8,0x000000074bd00000)
  to   space 55296K, 0% used [0x000000074bd00000,0x000000074bd00000,0x000000074f300000)
 ParOldGen       total 309760K, used 62478K [0x00000005c8200000, 0x00000005db080000, 0x0000000718100000)
  object space 309760K, 20% used [0x00000005c8200000,0x00000005cbf03ac8,0x00000005db080000)
 Metaspace       used 41259K, capacity 41990K, committed 42280K, reserved 1087488K
  class space    used 4374K, capacity 4612K, committed 4656K, reserved 1048576K
GC Heap History (10 events):
Event: 9.610 GC heap after
Heap after GC invocations=7 (full 2):
 PSYoungGen      total 279552K, used 0K [0x0000000718100000, 0x000000073a300000, 0x00000007c0000000)
  eden space 258048K, 0% used [0x0000000718100000,0x0000000718100000,0x0000000727d00000)
  from space 21504K, 0% used [0x0000000727d00000,0x0000000727d00000,0x0000000729200000)
  to   space 21504K, 0% used [0x0000000738e00000,0x0000000738e00000,0x000000073a300000)
 ParOldGen       total 183808K, used 20363K [0x00000005c8200000, 0x00000005d3580000, 0x0000000718100000)
  object space 183808K, 11% used [0x00000005c8200000,0x00000005c95e2c68,0x00000005d3580000)
 Metaspace       used 20759K, capacity 21120K, committed 21296K, reserved 1069056K
  class space    used 2216K, capacity 2335K, committed 2352K, reserved 1048576K
}
Event: 13.114 GC heap before
{Heap before GC invocations=8 (full 2):
 PSYoungGen      total 279552K, used 258048K [0x0000000718100000, 0x000000073a300000, 0x00000007c0000000)
  eden space 258048K, 100% used [0x0000000718100000,0x0000000727d00000,0x0000000727d00000)
  from space 21504K, 0% used [0x0000000727d00000,0x0000000727d00000,0x0000000729200000)
  to   space 21504K, 0% used [0x0000000738e00000,0x0000000738e00000,0x000000073a300000)
 ParOldGen       total 183808K, used 20363K [0x00000005c8200000, 0x00000005d3580000, 0x0000000718100000)
  object space 183808K, 11% used [0x00000005c8200000,0x00000005c95e2c68,0x00000005d3580000)
 Metaspace       used 27655K, capacity 28062K, committed 28464K, reserved 1075200K
  class space    used 2944K, capacity 3083K, committed 3120K, reserved 1048576K
Event: 13.181 GC heap after
Heap after GC invocations=8 (full 2):
 PSYoungGen      total 475648K, used 21499K [0x0000000718100000, 0x000000073a300000, 0x00000007c0000000)
  eden space 454144K, 0% used [0x0000000718100000,0x0000000718100000,0x0000000733c80000)
  from space 21504K, 99% used [0x0000000738e00000,0x000000073a2fef28,0x000000073a300000)
  to   space 42496K, 0% used [0x0000000735000000,0x0000000735000000,0x0000000737980000)
 ParOldGen       total 183808K, used 38422K [0x00000005c8200000, 0x00000005d3580000, 0x0000000718100000)
  object space 183808K, 20% used [0x00000005c8200000,0x00000005ca785810,0x00000005d3580000)
 Metaspace       used 27655K, capacity 28062K, committed 28464K, reserved 1075200K
  class space    used 2944K, capacity 3083K, committed 3120K, reserved 1048576K
}
Event: 17.944 GC heap before
{Heap before GC invocations=9 (full 2):
 PSYoungGen      total 475648K, used 475643K [0x0000000718100000, 0x000000073a300000, 0x00000007c0000000)
  eden space 454144K, 100% used [0x0000000718100000,0x0000000733c80000,0x0000000733c80000)
  from space 21504K, 99% used [0x0000000738e00000,0x000000073a2fef28,0x000000073a300000)
  to   space 42496K, 0% used [0x0000000735000000,0x0000000735000000,0x0000000737980000)
 ParOldGen       total 183808K, used 38422K [0x00000005c8200000, 0x00000005d3580000, 0x0000000718100000)
  object space 183808K, 20% used [0x00000005c8200000,0x00000005ca785810,0x00000005d3580000)
 Metaspace       used 33935K, capacity 34280K, committed 34736K, reserved 1081344K
  class space    used 3524K, capacity 3663K, committed 3760K, reserved 1048576K
Event: 18.048 GC heap after
Heap after GC invocations=9 (full 2):
 PSYoungGen      total 516608K, used 42466K [0x0000000718100000, 0x000000074f300000, 0x00000007c0000000)
  eden space 474112K, 0% used [0x0000000718100000,0x0000000718100000,0x0000000735000000)
  from space 42496K, 99% used [0x0000000735000000,0x0000000737978b48,0x0000000737980000)
  to   space 55296K, 0% used [0x000000074bd00000,0x000000074bd00000,0x000000074f300000)
 ParOldGen       total 183808K, used 48505K [0x00000005c8200000, 0x00000005d3580000, 0x0000000718100000)
  object space 183808K, 26% used [0x00000005c8200000,0x00000005cb15e430,0x00000005d3580000)
 Metaspace       used 33935K, capacity 34280K, committed 34736K, reserved 1081344K
  class space    used 3524K, capacity 3663K, committed 3760K, reserved 1048576K
}
Event: 19.037 GC heap before
{Heap before GC invocations=10 (full 2):
 PSYoungGen      total 516608K, used 126805K [0x0000000718100000, 0x000000074f300000, 0x00000007c0000000)
  eden space 474112K, 17% used [0x0000000718100000,0x000000071d35c8b8,0x0000000735000000)
  from space 42496K, 99% used [0x0000000735000000,0x0000000737978b48,0x0000000737980000)
  to   space 55296K, 0% used [0x000000074bd00000,0x000000074bd00000,0x000000074f300000)
 ParOldGen       total 183808K, used 48505K [0x00000005c8200000, 0x00000005d3580000, 0x0000000718100000)
  object space 183808K, 26% used [0x00000005c8200000,0x00000005cb15e430,0x00000005d3580000)
 Metaspace       used 34691K, capacity 35080K, committed 35496K, reserved 1081344K
  class space    used 3603K, capacity 3759K, committed 3760K, reserved 1048576K
Event: 19.072 GC heap after
Heap after GC invocations=10 (full 2):
 PSYoungGen      total 847872K, used 33888K [0x0000000718100000, 0x0000000751980000, 0x00000007c0000000)
  eden space 792576K, 0% used [0x0000000718100000,0x0000000718100000,0x0000000748700000)
  from space 55296K, 61% used [0x000000074bd00000,0x000000074de18050,0x000000074f300000)
  to   space 55296K, 0% used [0x0000000748700000,0x0000000748700000,0x000000074bd00000)
 ParOldGen       total 183808K, used 48513K [0x00000005c8200000, 0x00000005d3580000, 0x0000000718100000)
  object space 183808K, 26% used [0x00000005c8200000,0x00000005cb160430,0x00000005d3580000)
 Metaspace       used 34691K, capacity 35080K, committed 35496K, reserved 1081344K
  class space    used 3603K, capacity 3759K, committed 3760K, reserved 1048576K
}
Event: 19.072 GC heap before
{Heap before GC invocations=11 (full 3):
 PSYoungGen      total 847872K, used 33888K [0x0000000718100000, 0x0000000751980000, 0x00000007c0000000)
  eden space 792576K, 0% used [0x0000000718100000,0x0000000718100000,0x0000000748700000)
  from space 55296K, 61% used [0x000000074bd00000,0x000000074de18050,0x000000074f300000)
  to   space 55296K, 0% used [0x0000000748700000,0x0000000748700000,0x000000074bd00000)
 ParOldGen       total 183808K, used 48513K [0x00000005c8200000, 0x00000005d3580000, 0x0000000718100000)
  object space 183808K, 26% used [0x00000005c8200000,0x00000005cb160430,0x00000005d3580000)
 Metaspace       used 34691K, capacity 35080K, committed 35496K, reserved 1081344K
  class space    used 3603K, capacity 3759K, committed 3760K, reserved 1048576K
Event: 19.471 GC heap after
Heap after GC invocations=11 (full 3):
 PSYoungGen      total 847872K, used 0K [0x0000000718100000, 0x0000000751980000, 0x00000007c0000000)
  eden space 792576K, 0% used [0x0000000718100000,0x0000000718100000,0x0000000748700000)
  from space 55296K, 0% used [0x000000074bd00000,0x000000074bd00000,0x000000074f300000)
  to   space 55296K, 0% used [0x0000000748700000,0x0000000748700000,0x000000074bd00000)
 ParOldGen       total 309760K, used 62470K [0x00000005c8200000, 0x00000005db080000, 0x0000000718100000)
  object space 309760K, 20% used [0x00000005c8200000,0x00000005cbf01ac8,0x00000005db080000)
 Metaspace       used 34691K, capacity 35080K, committed 35496K, reserved 1081344K
  class space    used 3603K, capacity 3759K, committed 3760K, reserved 1048576K
}
Event: 36.441 GC heap before
{Heap before GC invocations=12 (full 3):
 PSYoungGen      total 847872K, used 792576K [0x0000000718100000, 0x0000000751980000, 0x00000007c0000000)
  eden space 792576K, 100% used [0x0000000718100000,0x0000000748700000,0x0000000748700000)
  from space 55296K, 0% used [0x000000074bd00000,0x000000074bd00000,0x000000074f300000)
  to   space 55296K, 0% used [0x0000000748700000,0x0000000748700000,0x000000074bd00000)
 ParOldGen       total 309760K, used 62470K [0x00000005c8200000, 0x00000005db080000, 0x0000000718100000)
  object space 309760K, 20% used [0x00000005c8200000,0x00000005cbf01ac8,0x00000005db080000)
 Metaspace       used 41259K, capacity 41990K, committed 42280K, reserved 1087488K
  class space    used 4374K, capacity 4612K, committed 4656K, reserved 1048576K

