# JRE version: OpenJDK Runtime Environment (8.0_121-b13) (build 1.8.0_121-8u121-b13-1~bpo8+1-b13)
# Java VM: OpenJDK 64-Bit Server VM (25.121-b13 mixed mode linux-amd64 compressed oops)
Heap:
 PSYoungGen      total 271872K, used 7270K [0x000000076c380000, 0x000000077da80000, 0x00000007c0000000)
  eden space 258048K, 0% used [0x000000076c380000,0x000000076c380000,0x000000077bf80000)
  from space 13824K, 52% used [0x000000077bf80000,0x000000077c699818,0x000000077cd00000)
  to   space 13312K, 0% used [0x000000077cd80000,0x000000077cd80000,0x000000077da80000)
 ParOldGen       total 172032K, used 10774K [0x00000006c4a00000, 0x00000006cf200000, 0x000000076c380000)
  object space 172032K, 6% used [0x00000006c4a00000,0x00000006c5485b20,0x00000006cf200000)
 Metaspace       used 20563K, capacity 21254K, committed 21296K, reserved 1069056K
  class space    used 2370K, capacity 2582K, committed 2608K, reserved 1048576K
GC Heap History (10 events):
Event: 6.010 GC heap after
Heap after GC invocations=2 (full 0):
 PSYoungGen      total 75264K, used 9707K [0x000000076c380000, 0x0000000775680000, 0x00000007c0000000)
  eden space 64512K, 0% used [0x000000076c380000,0x000000076c380000,0x0000000770280000)
  from space 10752K, 90% used [0x0000000770d00000,0x000000077167aec0,0x0000000771780000)
  to   space 10752K, 0% used [0x0000000770280000,0x0000000770280000,0x0000000770d00000)
 ParOldGen       total 172032K, used 24K [0x00000006c4a00000, 0x00000006cf200000, 0x000000076c380000)
  object space 172032K, 0% used [0x00000006c4a00000,0x00000006c4a06000,0x00000006cf200000)
 Metaspace       used 15263K, capacity 15514K, committed 15744K, reserved 1062912K
  class space    used 1805K, capacity 1915K, committed 1920K, reserved 1048576K
}
Event: 8.957 GC heap before
{Heap before GC invocations=3 (full 0):
 PSYoungGen      total 75264K, used 74219K [0x000000076c380000, 0x0000000775680000, 0x00000007c0000000)
  eden space 64512K, 100% used [0x000000076c380000,0x0000000770280000,0x0000000770280000)
  from space 10752K, 90% used [0x0000000770d00000,0x000000077167aec0,0x0000000771780000)
  to   space 10752K, 0% used [0x0000000770280000,0x0000000770280000,0x0000000770d00000)
 ParOldGen       total 172032K, used 24K [0x00000006c4a00000, 0x00000006cf200000, 0x000000076c380000)
  object space 172032K, 0% used [0x00000006c4a00000,0x00000006c4a06000,0x00000006cf200000)
 Metaspace       used 17538K, capacity 18044K, committed 18176K, reserved 1064960K
  class space    used 2095K, capacity 2264K, committed 2304K, reserved 1048576K
Event: 9.001 GC heap after
Heap after GC invocations=3 (full 0):
 PSYoungGen      total 75264K, used 10720K [0x000000076c380000, 0x0000000775680000, 0x00000007c0000000)
  eden space 64512K, 0% used [0x000000076c380000,0x000000076c380000,0x0000000770280000)
  from space 10752K, 99% used [0x0000000770280000,0x0000000770cf8020,0x0000000770d00000)
  to   space 10752K, 0% used [0x0000000774c00000,0x0000000774c00000,0x0000000775680000)
 ParOldGen       total 172032K, used 1929K [0x00000006c4a00000, 0x00000006cf200000, 0x000000076c380000)
  object space 172032K, 1% used [0x00000006c4a00000,0x00000006c4be2758,0x00000006cf200000)
 Metaspace       used 17538K, capacity 18044K, committed 18176K, reserved 1064960K
  class space    used 2095K, capacity 2264K, committed 2304K, reserved 1048576K
}
Event: 9.926 GC heap before
{Heap before GC invocations=4 (full 0):
 PSYoungGen      total 75264K, used 75232K [0x000000076c380000, 0x0000000775680000, 0x00000007c0000000)
  eden space 64512K, 100% used [0x000000076c380000,0x0000000770280000,0x0000000770280000)
  from space 10752K, 99% used [0x0000000770280000,0x0000000770cf8020,0x0000000770d00000)
  to   space 10752K, 0% used [0x0000000774c00000,0x0000000774c00000,0x0000000775680000)
 ParOldGen       total 172032K, used 1929K [0x00000006c4a00000, 0x00000006cf200000, 0x000000076c380000)
  object space 172032K, 1% used [0x00000006c4a00000,0x00000006c4be2758,0x00000006cf200000)
 Metaspace       used 18446K, capacity 18996K, committed 19072K, reserved 1067008K
  class space    used 2191K, capacity 2368K, committed 2432K, reserved 1048576K
Event: 9.958 GC heap after
Heap after GC invocations=4 (full 0):
 PSYoungGen      total 139776K, used 10749K [0x000000076c380000, 0x0000000775680000, 0x00000007c0000000)
  eden space 129024K, 0% used [0x000000076c380000,0x000000076c380000,0x0000000774180000)
  from space 10752K, 99% used [0x0000000774c00000,0x000000077567f548,0x0000000775680000)
  to   space 10752K, 0% used [0x0000000774180000,0x0000000774180000,0x0000000774c00000)
 ParOldGen       total 172032K, used 3699K [0x00000006c4a00000, 0x00000006cf200000, 0x000000076c380000)
  object space 172032K, 2% used [0x00000006c4a00000,0x00000006c4d9cf60,0x00000006cf200000)
 Metaspace       used 18446K, capacity 18996K, committed 19072K, reserved 1067008K
  class space    used 2191K, capacity 2368K, committed 2432K, reserved 1048576K
}
Event: 11.845 GC heap before
{Heap before GC invocations=5 (full 0):
 PSYoungGen      total 139776K, used 139773K [0x000000076c380000, 0x0000000775680000, 0x00000007c0000000)
  eden space 129024K, 100% used [0x000000076c380000,0x0000000774180000,0x0000000774180000)
  from space 10752K, 99% used [0x0000000774c00000,0x000000077567f548,0x0000000775680000)
  to   space 10752K, 0% used [0x0000000774180000,0x0000000774180000,0x0000000774c00000)
 ParOldGen       total 172032K, used 3699K [0x00000006c4a00000, 0x00000006cf200000, 0x000000076c380000)
  object space 172032K, 2% used [0x00000006c4a00000,0x00000006c4d9cf60,0x00000006cf200000)
 Metaspace       used 19214K, capacity 19822K, committed 19968K, reserved 1067008K
  class space    used 2252K, capacity 2451K, committed 2560K, reserved 1048576K
Event: 11.885 GC heap after
Heap after GC invocations=5 (full 0):
 PSYoungGen      total 139776K, used 10720K [0x000000076c380000, 0x000000077db80000, 0x00000007c0000000)
  eden space 129024K, 0% used [0x000000076c380000,0x000000076c380000,0x0000000774180000)
  from space 10752K, 99% used [0x0000000774180000,0x0000000774bf8020,0x0000000774c00000)
  to   space 14336K, 0% used [0x000000077cd80000,0x000000077cd80000,0x000000077db80000)
 ParOldGen       total 172032K, used 5236K [0x00000006c4a00000, 0x00000006cf200000, 0x000000076c380000)
  object space 172032K, 3% used [0x00000006c4a00000,0x00000006c4f1d270,0x00000006cf200000)
 Metaspace       used 19214K, capacity 19822K, committed 19968K, reserved 1067008K
  class space    used 2252K, capacity 2451K, committed 2560K, reserved 1048576K
}
Event: 13.552 GC heap before
{Heap before GC invocations=6 (full 0):
 PSYoungGen      total 139776K, used 139744K [0x000000076c380000, 0x000000077db80000, 0x00000007c0000000)
  eden space 129024K, 100% used [0x000000076c380000,0x0000000774180000,0x0000000774180000)
  from space 10752K, 99% used [0x0000000774180000,0x0000000774bf8020,0x0000000774c00000)
  to   space 14336K, 0% used [0x000000077cd80000,0x000000077cd80000,0x000000077db80000)
 ParOldGen       total 172032K, used 5236K [0x00000006c4a00000, 0x00000006cf200000, 0x000000076c380000)
  object space 172032K, 3% used [0x00000006c4a00000,0x00000006c4f1d270,0x00000006cf200000)
 Metaspace       used 19637K, capacity 20390K, committed 20480K, reserved 1067008K
  class space    used 2279K, capacity 2486K, committed 2560K, reserved 1048576K
Event: 13.619 GC heap after
Heap after GC invocations=6 (full 0):
 PSYoungGen      total 271360K, used 11726K [0x000000076c380000, 0x000000077da80000, 0x00000007c0000000)
  eden space 258048K, 0% used [0x000000076c380000,0x000000076c380000,0x000000077bf80000)
  from space 13312K, 88% used [0x000000077cd80000,0x000000077d8f3950,0x000000077da80000)
  to   space 13824K, 0% used [0x000000077bf80000,0x000000077bf80000,0x000000077cd00000)
 ParOldGen       total 172032K, used 5244K [0x00000006c4a00000, 0x00000006cf200000, 0x000000076c380000)
  object space 172032K, 3% used [0x00000006c4a00000,0x00000006c4f1f270,0x00000006cf200000)
 Metaspace       used 19637K, capacity 20390K, committed 20480K, reserved 1067008K
  class space    used 2279K, capacity 2486K, committed 2560K, reserved 1048576K
}
Event: 14.470 GC heap before
{Heap before GC invocations=7 (full 0):
 PSYoungGen      total 271360K, used 27446K [0x000000076c380000, 0x000000077da80000, 0x00000007c0000000)
  eden space 258048K, 6% used [0x000000076c380000,0x000000076d2d9ef0,0x000000077bf80000)
  from space 13312K, 88% used [0x000000077cd80000,0x000000077d8f3950,0x000000077da80000)
  to   space 13824K, 0% used [0x000000077bf80000,0x000000077bf80000,0x000000077cd00000)
 ParOldGen       total 172032K, used 5244K [0x00000006c4a00000, 0x00000006cf200000, 0x000000076c380000)
  object space 172032K, 3% used [0x00000006c4a00000,0x00000006c4f1f270,0x00000006cf200000)
 Metaspace       used 20563K, capacity 21254K, committed 21296K, reserved 1069056K
  class space    used 2370K, capacity 2582K, committed 2608K, reserved 1048576K

