# JRE version: OpenJDK Runtime Environment (8.0_121-b13) (build 1.8.0_121-8u121-b13-1~bpo8+1-b13)
# Java VM: OpenJDK 64-Bit Server VM (25.121-b13 mixed mode linux-amd64 compressed oops)
Heap:
 PSYoungGen      total 1609216K, used 32K [0x0000000718100000, 0x0000000782000000, 0x00000007c0000000)
  eden space 1482752K, 0% used [0x0000000718100000,0x0000000718100000,0x0000000772900000)
  from space 126464K, 0% used [0x0000000772900000,0x0000000772908000,0x000000077a480000)
  to   space 94720K, 0% used [0x000000077c380000,0x000000077c380000,0x0000000782000000)
 ParOldGen       total 284672K, used 20322K [0x00000005c8200000, 0x00000005d9800000, 0x0000000718100000)
  object space 284672K, 7% used [0x00000005c8200000,0x00000005c95d88c0,0x00000005d9800000)
 Metaspace       used 25631K, capacity 25846K, committed 26112K, reserved 1073152K
  class space    used 2139K, capacity 2225K, committed 2304K, reserved 1048576K
GC Heap History (10 events):
Event: 46.523 GC heap after
Heap after GC invocations=10 (full 1):
 PSYoungGen      total 861184K, used 39313K [0x0000000718100000, 0x0000000766d80000, 0x00000007c0000000)
  eden space 729088K, 0% used [0x0000000718100000,0x0000000718100000,0x0000000744900000)
  from space 132096K, 29% used [0x0000000744900000,0x0000000746f644a8,0x000000074ca00000)
  to   space 125952K, 0% used [0x000000075f280000,0x000000075f280000,0x0000000766d80000)
 ParOldGen       total 195072K, used 172159K [0x00000005c8200000, 0x00000005d4080000, 0x0000000718100000)
  object space 195072K, 88% used [0x00000005c8200000,0x00000005d2a1ff70,0x00000005d4080000)
 Metaspace       used 25628K, capacity 25840K, committed 26112K, reserved 1073152K
  class space    used 2138K, capacity 2224K, committed 2304K, reserved 1048576K
}
Event: 46.523 GC heap before
{Heap before GC invocations=11 (full 2):
 PSYoungGen      total 861184K, used 39313K [0x0000000718100000, 0x0000000766d80000, 0x00000007c0000000)
  eden space 729088K, 0% used [0x0000000718100000,0x0000000718100000,0x0000000744900000)
  from space 132096K, 29% used [0x0000000744900000,0x0000000746f644a8,0x000000074ca00000)
  to   space 125952K, 0% used [0x000000075f280000,0x000000075f280000,0x0000000766d80000)
 ParOldGen       total 195072K, used 172159K [0x00000005c8200000, 0x00000005d4080000, 0x0000000718100000)
  object space 195072K, 88% used [0x00000005c8200000,0x00000005d2a1ff70,0x00000005d4080000)
 Metaspace       used 25628K, capacity 25840K, committed 26112K, reserved 1073152K
  class space    used 2138K, capacity 2224K, committed 2304K, reserved 1048576K
Event: 46.767 GC heap after
Heap after GC invocations=11 (full 2):
 PSYoungGen      total 861184K, used 0K [0x0000000718100000, 0x0000000766d80000, 0x00000007c0000000)
  eden space 729088K, 0% used [0x0000000718100000,0x0000000718100000,0x0000000744900000)
  from space 132096K, 0% used [0x0000000744900000,0x0000000744900000,0x000000074ca00000)
  to   space 125952K, 0% used [0x000000075f280000,0x000000075f280000,0x0000000766d80000)
 ParOldGen       total 284672K, used 20306K [0x00000005c8200000, 0x00000005d9800000, 0x0000000718100000)
  object space 284672K, 7% used [0x00000005c8200000,0x00000005c95d48c0,0x00000005d9800000)
 Metaspace       used 25628K, capacity 25840K, committed 26112K, reserved 1073152K
  class space    used 2138K, capacity 2224K, committed 2304K, reserved 1048576K
}
Event: 47.373 GC heap before
{Heap before GC invocations=12 (full 2):
 PSYoungGen      total 861184K, used 729088K [0x0000000718100000, 0x0000000766d80000, 0x00000007c0000000)
  eden space 729088K, 100% used [0x0000000718100000,0x0000000744900000,0x0000000744900000)
  from space 132096K, 0% used [0x0000000744900000,0x0000000744900000,0x000000074ca00000)
  to   space 125952K, 0% used [0x000000075f280000,0x000000075f280000,0x0000000766d80000)
 ParOldGen       total 284672K, used 20306K [0x00000005c8200000, 0x00000005d9800000, 0x0000000718100000)
  object space 284672K, 7% used [0x00000005c8200000,0x00000005c95d48c0,0x00000005d9800000)
 Metaspace       used 25628K, capacity 25840K, committed 26112K, reserved 1073152K
  class space    used 2138K, capacity 2224K, committed 2304K, reserved 1048576K
Event: 47.381 GC heap after
Heap after GC invocations=12 (full 2):
 PSYoungGen      total 1163264K, used 32K [0x0000000718100000, 0x0000000767780000, 0x00000007c0000000)
  eden space 1037312K, 0% used [0x0000000718100000,0x0000000718100000,0x0000000757600000)
  from space 125952K, 0% used [0x000000075f280000,0x000000075f288000,0x0000000766d80000)
  to   space 127488K, 0% used [0x0000000757600000,0x0000000757600000,0x000000075f280000)
 ParOldGen       total 284672K, used 20306K [0x00000005c8200000, 0x00000005d9800000, 0x0000000718100000)
  object space 284672K, 7% used [0x00000005c8200000,0x00000005c95d48c0,0x00000005d9800000)
 Metaspace       used 25628K, capacity 25840K, committed 26112K, reserved 1073152K
  class space    used 2138K, capacity 2224K, committed 2304K, reserved 1048576K
}
Event: 48.396 GC heap before
{Heap before GC invocations=13 (full 2):
 PSYoungGen      total 1163264K, used 1037344K [0x0000000718100000, 0x0000000767780000, 0x00000007c0000000)
  eden space 1037312K, 100% used [0x0000000718100000,0x0000000757600000,0x0000000757600000)
  from space 125952K, 0% used [0x000000075f280000,0x000000075f288000,0x0000000766d80000)
  to   space 127488K, 0% used [0x0000000757600000,0x0000000757600000,0x000000075f280000)
 ParOldGen       total 284672K, used 20306K [0x00000005c8200000, 0x00000005d9800000, 0x0000000718100000)
  object space 284672K, 7% used [0x00000005c8200000,0x00000005c95d48c0,0x00000005d9800000)
 Metaspace       used 25631K, capacity 25846K, committed 26112K, reserved 1073152K
  class space    used 2139K, capacity 2225K, committed 2304K, reserved 1048576K
Event: 48.459 GC heap after
Heap after GC invocations=13 (full 2):
 PSYoungGen      total 1164800K, used 32K [0x0000000718100000, 0x0000000784000000, 0x00000007c0000000)
  eden space 1037312K, 0% used [0x0000000718100000,0x0000000718100000,0x0000000757600000)
  from space 127488K, 0% used [0x0000000757600000,0x0000000757608000,0x000000075f280000)
  to   space 127488K, 0% used [0x000000077c380000,0x000000077c380000,0x0000000784000000)
 ParOldGen       total 284672K, used 20314K [0x00000005c8200000, 0x00000005d9800000, 0x0000000718100000)
  object space 284672K, 7% used [0x00000005c8200000,0x00000005c95d68c0,0x00000005d9800000)
 Metaspace       used 25631K, capacity 25846K, committed 26112K, reserved 1073152K
  class space    used 2139K, capacity 2225K, committed 2304K, reserved 1048576K
}
Event: 49.322 GC heap before
{Heap before GC invocations=14 (full 2):
 PSYoungGen      total 1164800K, used 1037344K [0x0000000718100000, 0x0000000784000000, 0x00000007c0000000)
  eden space 1037312K, 100% used [0x0000000718100000,0x0000000757600000,0x0000000757600000)
  from space 127488K, 0% used [0x0000000757600000,0x0000000757608000,0x000000075f280000)
  to   space 127488K, 0% used [0x000000077c380000,0x000000077c380000,0x0000000784000000)
 ParOldGen       total 284672K, used 20314K [0x00000005c8200000, 0x00000005d9800000, 0x0000000718100000)
  object space 284672K, 7% used [0x00000005c8200000,0x00000005c95d68c0,0x00000005d9800000)
 Metaspace       used 25631K, capacity 25846K, committed 26112K, reserved 1073152K
  class space    used 2139K, capacity 2225K, committed 2304K, reserved 1048576K
Event: 49.325 GC heap after
Heap after GC invocations=14 (full 2):
 PSYoungGen      total 1577472K, used 32K [0x0000000718100000, 0x0000000782000000, 0x00000007c0000000)
  eden space 1482752K, 0% used [0x0000000718100000,0x0000000718100000,0x0000000772900000)
  from space 94720K, 0% used [0x000000077c380000,0x000000077c388000,0x0000000782000000)
  to   space 126464K, 0% used [0x0000000772900000,0x0000000772900000,0x000000077a480000)
 ParOldGen       total 284672K, used 20322K [0x00000005c8200000, 0x00000005d9800000, 0x0000000718100000)
  object space 284672K, 7% used [0x00000005c8200000,0x00000005c95d88c0,0x00000005d9800000)
 Metaspace       used 25631K, capacity 25846K, committed 26112K, reserved 1073152K
  class space    used 2139K, capacity 2225K, committed 2304K, reserved 1048576K
}
Event: 50.668 GC heap before
{Heap before GC invocations=15 (full 2):
 PSYoungGen      total 1577472K, used 1482784K [0x0000000718100000, 0x0000000782000000, 0x00000007c0000000)
  eden space 1482752K, 100% used [0x0000000718100000,0x0000000772900000,0x0000000772900000)
  from space 94720K, 0% used [0x000000077c380000,0x000000077c388000,0x0000000782000000)
  to   space 126464K, 0% used [0x0000000772900000,0x0000000772900000,0x000000077a480000)
 ParOldGen       total 284672K, used 20322K [0x00000005c8200000, 0x00000005d9800000, 0x0000000718100000)
  object space 284672K, 7% used [0x00000005c8200000,0x00000005c95d88c0,0x00000005d9800000)
 Metaspace       used 25631K, capacity 25846K, committed 26112K, reserved 1073152K
  class space    used 2139K, capacity 2225K, committed 2304K, reserved 1048576K

