# JRE version: OpenJDK Runtime Environment (8.0_121-b13) (build 1.8.0_121-8u121-b13-1~bpo8+1-b13)
# Java VM: OpenJDK 64-Bit Server VM (25.121-b13 mixed mode linux-amd64 compressed oops)
Heap:
 PSYoungGen      total 1413632K, used 121343K [0x0000000718100000, 0x0000000775c00000, 0x00000007c0000000)
  eden space 1292288K, 0% used [0x0000000718100000,0x0000000718100000,0x0000000766f00000)
  from space 121344K, 99% used [0x0000000766f00000,0x000000076e57ffe0,0x000000076e580000)
  to   space 93696K, 0% used [0x000000076e780000,0x000000076e780000,0x0000000774300000)
 ParOldGen       total 603648K, used 287305K [0x00000005c8200000, 0x00000005ecf80000, 0x0000000718100000)
  object space 603648K, 47% used [0x00000005c8200000,0x00000005d9a926d0,0x00000005ecf80000)
 Metaspace       used 77618K, capacity 79614K, committed 79744K, reserved 1118208K
  class space    used 9430K, capacity 10046K, committed 10112K, reserved 1048576K
GC Heap History (10 events):
Event: 305.948 GC heap after
Heap after GC invocations=17 (full 3):
 PSYoungGen      total 986624K, used 60832K [0x0000000718100000, 0x0000000759f80000, 0x00000007c0000000)
  eden space 905728K, 0% used [0x0000000718100000,0x0000000718100000,0x000000074f580000)
  from space 80896K, 75% used [0x0000000754780000,0x00000007582e8000,0x0000000759680000)
  to   space 83968K, 0% used [0x000000074f580000,0x000000074f580000,0x0000000754780000)
 ParOldGen       total 603648K, used 123243K [0x00000005c8200000, 0x00000005ecf80000, 0x0000000718100000)
  object space 603648K, 20% used [0x00000005c8200000,0x00000005cfa5ac08,0x00000005ecf80000)
 Metaspace       used 62536K, capacity 64344K, committed 64640K, reserved 1105920K
  class space    used 7146K, capacity 7701K, committed 7808K, reserved 1048576K
}
Event: 310.622 GC heap before
{Heap before GC invocations=18 (full 3):
 PSYoungGen      total 986624K, used 966560K [0x0000000718100000, 0x0000000759f80000, 0x00000007c0000000)
  eden space 905728K, 100% used [0x0000000718100000,0x000000074f580000,0x000000074f580000)
  from space 80896K, 75% used [0x0000000754780000,0x00000007582e8000,0x0000000759680000)
  to   space 83968K, 0% used [0x000000074f580000,0x000000074f580000,0x0000000754780000)
 ParOldGen       total 603648K, used 123243K [0x00000005c8200000, 0x00000005ecf80000, 0x0000000718100000)
  object space 603648K, 20% used [0x00000005c8200000,0x00000005cfa5ac08,0x00000005ecf80000)
 Metaspace       used 62538K, capacity 64350K, committed 64640K, reserved 1105920K
  class space    used 7146K, capacity 7702K, committed 7808K, reserved 1048576K
Event: 310.739 GC heap after
Heap after GC invocations=18 (full 3):
 PSYoungGen      total 989696K, used 63408K [0x0000000718100000, 0x0000000767600000, 0x00000007c0000000)
  eden space 905728K, 0% used [0x0000000718100000,0x0000000718100000,0x000000074f580000)
  from space 83968K, 75% used [0x000000074f580000,0x000000075336c010,0x0000000754780000)
  to   space 87552K, 0% used [0x0000000762080000,0x0000000762080000,0x0000000767600000)
 ParOldGen       total 603648K, used 123251K [0x00000005c8200000, 0x00000005ecf80000, 0x0000000718100000)
  object space 603648K, 20% used [0x00000005c8200000,0x00000005cfa5cc08,0x00000005ecf80000)
 Metaspace       used 62538K, capacity 64350K, committed 64640K, reserved 1105920K
  class space    used 7146K, capacity 7702K, committed 7808K, reserved 1048576K
}
Event: 315.295 GC heap before
{Heap before GC invocations=19 (full 3):
 PSYoungGen      total 989696K, used 969136K [0x0000000718100000, 0x0000000767600000, 0x00000007c0000000)
  eden space 905728K, 100% used [0x0000000718100000,0x000000074f580000,0x000000074f580000)
  from space 83968K, 75% used [0x000000074f580000,0x000000075336c010,0x0000000754780000)
  to   space 87552K, 0% used [0x0000000762080000,0x0000000762080000,0x0000000767600000)
 ParOldGen       total 603648K, used 123251K [0x00000005c8200000, 0x00000005ecf80000, 0x0000000718100000)
  object space 603648K, 20% used [0x00000005c8200000,0x00000005cfa5cc08,0x00000005ecf80000)
 Metaspace       used 62539K, capacity 64350K, committed 64640K, reserved 1105920K
  class space    used 7146K, capacity 7702K, committed 7808K, reserved 1048576K
Event: 315.440 GC heap after
Heap after GC invocations=19 (full 3):
 PSYoungGen      total 1208832K, used 64448K [0x0000000718100000, 0x0000000768f00000, 0x00000007c0000000)
  eden space 1121280K, 0% used [0x0000000718100000,0x0000000718100000,0x000000075c800000)
  from space 87552K, 73% used [0x0000000762080000,0x0000000765f70000,0x0000000767600000)
  to   space 90624K, 0% used [0x000000075c800000,0x000000075c800000,0x0000000762080000)
 ParOldGen       total 603648K, used 123259K [0x00000005c8200000, 0x00000005ecf80000, 0x0000000718100000)
  object space 603648K, 20% used [0x00000005c8200000,0x00000005cfa5ec08,0x00000005ecf80000)
 Metaspace       used 62539K, capacity 64350K, committed 64640K, reserved 1105920K
  class space    used 7146K, capacity 7702K, committed 7808K, reserved 1048576K
}
Event: 321.312 GC heap before
{Heap before GC invocations=20 (full 3):
 PSYoungGen      total 1208832K, used 1185728K [0x0000000718100000, 0x0000000768f00000, 0x00000007c0000000)
  eden space 1121280K, 100% used [0x0000000718100000,0x000000075c800000,0x000000075c800000)
  from space 87552K, 73% used [0x0000000762080000,0x0000000765f70000,0x0000000767600000)
  to   space 90624K, 0% used [0x000000075c800000,0x000000075c800000,0x0000000762080000)
 ParOldGen       total 603648K, used 123259K [0x00000005c8200000, 0x00000005ecf80000, 0x0000000718100000)
  object space 603648K, 20% used [0x00000005c8200000,0x00000005cfa5ec08,0x00000005ecf80000)
 Metaspace       used 62557K, capacity 64350K, committed 64640K, reserved 1105920K
  class space    used 7147K, capacity 7702K, committed 7808K, reserved 1048576K
Event: 321.449 GC heap after
Heap after GC invocations=20 (full 3):
 PSYoungGen      total 1211904K, used 67568K [0x0000000718100000, 0x0000000774300000, 0x00000007c0000000)
  eden space 1121280K, 0% used [0x0000000718100000,0x0000000718100000,0x000000075c800000)
  from space 90624K, 74% used [0x000000075c800000,0x00000007609fc010,0x0000000762080000)
  to   space 93696K, 0% used [0x000000076e780000,0x000000076e780000,0x0000000774300000)
 ParOldGen       total 603648K, used 123259K [0x00000005c8200000, 0x00000005ecf80000, 0x0000000718100000)
  object space 603648K, 20% used [0x00000005c8200000,0x00000005cfa5ec08,0x00000005ecf80000)
 Metaspace       used 62557K, capacity 64350K, committed 64640K, reserved 1105920K
  class space    used 7147K, capacity 7702K, committed 7808K, reserved 1048576K
}
Event: 429.314 GC heap before
{Heap before GC invocations=21 (full 3):
 PSYoungGen      total 1211904K, used 1188848K [0x0000000718100000, 0x0000000774300000, 0x00000007c0000000)
  eden space 1121280K, 100% used [0x0000000718100000,0x000000075c800000,0x000000075c800000)
  from space 90624K, 74% used [0x000000075c800000,0x00000007609fc010,0x0000000762080000)
  to   space 93696K, 0% used [0x000000076e780000,0x000000076e780000,0x0000000774300000)
 ParOldGen       total 603648K, used 123259K [0x00000005c8200000, 0x00000005ecf80000, 0x0000000718100000)
  object space 603648K, 20% used [0x00000005c8200000,0x00000005cfa5ec08,0x00000005ecf80000)
 Metaspace       used 63516K, capacity 65334K, committed 65664K, reserved 1107968K
  class space    used 7162K, capacity 7706K, committed 7808K, reserved 1048576K
Event: 429.411 GC heap after
Heap after GC invocations=21 (full 3):
 PSYoungGen      total 1385984K, used 93674K [0x0000000718100000, 0x0000000775c00000, 0x00000007c0000000)
  eden space 1292288K, 0% used [0x0000000718100000,0x0000000718100000,0x0000000766f00000)
  from space 93696K, 99% used [0x000000076e780000,0x00000007742fab98,0x0000000774300000)
  to   space 121344K, 0% used [0x0000000766f00000,0x0000000766f00000,0x000000076e580000)
 ParOldGen       total 603648K, used 165614K [0x00000005c8200000, 0x00000005ecf80000, 0x0000000718100000)
  object space 603648K, 27% used [0x00000005c8200000,0x00000005d23bb898,0x00000005ecf80000)
 Metaspace       used 63516K, capacity 65334K, committed 65664K, reserved 1107968K
  class space    used 7162K, capacity 7706K, committed 7808K, reserved 1048576K
}
Event: 467.288 GC heap before
{Heap before GC invocations=22 (full 3):
 PSYoungGen      total 1385984K, used 1385962K [0x0000000718100000, 0x0000000775c00000, 0x00000007c0000000)
  eden space 1292288K, 100% used [0x0000000718100000,0x0000000766f00000,0x0000000766f00000)
  from space 93696K, 99% used [0x000000076e780000,0x00000007742fab98,0x0000000774300000)
  to   space 121344K, 0% used [0x0000000766f00000,0x0000000766f00000,0x000000076e580000)
 ParOldGen       total 603648K, used 165614K [0x00000005c8200000, 0x00000005ecf80000, 0x0000000718100000)
  object space 603648K, 27% used [0x00000005c8200000,0x00000005d23bb898,0x00000005ecf80000)
 Metaspace       used 77618K, capacity 79614K, committed 79744K, reserved 1118208K
  class space    used 9430K, capacity 10046K, committed 10112K, reserved 1048576K

