# JRE version: OpenJDK Runtime Environment (8.0_121-b13) (build 1.8.0_121-8u121-b13-1~bpo8+1-b13)
# Java VM: OpenJDK 64-Bit Server VM (25.121-b13 mixed mode linux-amd64 compressed oops)
Heap:
 PSYoungGen      total 2018816K, used 129003K [0x0000000715580000, 0x000000079a080000, 0x00000007c0000000)
  eden space 1867776K, 0% used [0x0000000715580000,0x0000000715580000,0x0000000787580000)
  from space 151040K, 85% used [0x0000000787580000,0x000000078f37ad10,0x0000000790900000)
  to   space 151040K, 0% used [0x0000000790900000,0x0000000790900000,0x0000000799c80000)
 ParOldGen       total 250368K, used 112996K [0x00000005c0000000, 0x00000005cf480000, 0x0000000715580000)
  object space 250368K, 45% used [0x00000005c0000000,0x00000005c6e59120,0x00000005cf480000)
 Metaspace       used 56115K, capacity 58186K, committed 58368K, reserved 1101824K
  class space    used 6138K, capacity 6819K, committed 6912K, reserved 1048576K
GC Heap History (10 events):
Event: 158.111 GC heap after
Heap after GC invocations=26 (full 2):
 PSYoungGen      total 1732096K, used 89598K [0x0000000715580000, 0x0000000788b00000, 0x00000007c0000000)
  eden space 1602048K, 0% used [0x0000000715580000,0x0000000715580000,0x0000000777200000)
  from space 130048K, 68% used [0x0000000780c00000,0x000000078637f828,0x0000000788b00000)
  to   space 143872K, 0% used [0x0000000777200000,0x0000000777200000,0x000000077fe80000)
 ParOldGen       total 250368K, used 99553K [0x00000005c0000000, 0x00000005cf480000, 0x0000000715580000)
  object space 250368K, 39% used [0x00000005c0000000,0x00000005c61384a8,0x00000005cf480000)
 Metaspace       used 54446K, capacity 56292K, committed 56320K, reserved 1099776K
  class space    used 5986K, capacity 6644K, committed 6656K, reserved 1048576K
}
Event: 191.523 GC heap before
{Heap before GC invocations=27 (full 2):
 PSYoungGen      total 1732096K, used 1691646K [0x0000000715580000, 0x0000000788b00000, 0x00000007c0000000)
  eden space 1602048K, 100% used [0x0000000715580000,0x0000000777200000,0x0000000777200000)
  from space 130048K, 68% used [0x0000000780c00000,0x000000078637f828,0x0000000788b00000)
  to   space 143872K, 0% used [0x0000000777200000,0x0000000777200000,0x000000077fe80000)
 ParOldGen       total 250368K, used 99553K [0x00000005c0000000, 0x00000005cf480000, 0x0000000715580000)
  object space 250368K, 39% used [0x00000005c0000000,0x00000005c61384a8,0x00000005cf480000)
 Metaspace       used 55041K, capacity 56948K, committed 57216K, reserved 1099776K
  class space    used 6052K, capacity 6684K, committed 6784K, reserved 1048576K
Event: 191.615 GC heap after
Heap after GC invocations=27 (full 2):
 PSYoungGen      total 1745920K, used 92864K [0x0000000715580000, 0x0000000792200000, 0x00000007c0000000)
  eden space 1602048K, 0% used [0x0000000715580000,0x0000000715580000,0x0000000777200000)
  from space 143872K, 64% used [0x0000000777200000,0x000000077ccb0308,0x000000077fe80000)
  to   space 145408K, 0% used [0x0000000789400000,0x0000000789400000,0x0000000792200000)
 ParOldGen       total 250368K, used 99577K [0x00000005c0000000, 0x00000005cf480000, 0x0000000715580000)
  object space 250368K, 39% used [0x00000005c0000000,0x00000005c613e4a8,0x00000005cf480000)
 Metaspace       used 55041K, capacity 56948K, committed 57216K, reserved 1099776K
  class space    used 6052K, capacity 6684K, committed 6784K, reserved 1048576K
}
Event: 231.741 GC heap before
{Heap before GC invocations=28 (full 2):
 PSYoungGen      total 1745920K, used 1694912K [0x0000000715580000, 0x0000000792200000, 0x00000007c0000000)
  eden space 1602048K, 100% used [0x0000000715580000,0x0000000777200000,0x0000000777200000)
  from space 143872K, 64% used [0x0000000777200000,0x000000077ccb0308,0x000000077fe80000)
  to   space 145408K, 0% used [0x0000000789400000,0x0000000789400000,0x0000000792200000)
 ParOldGen       total 250368K, used 99577K [0x00000005c0000000, 0x00000005cf480000, 0x0000000715580000)
  object space 250368K, 39% used [0x00000005c0000000,0x00000005c613e4a8,0x00000005cf480000)
 Metaspace       used 55188K, capacity 57154K, committed 57472K, reserved 1099776K
  class space    used 6059K, capacity 6697K, committed 6784K, reserved 1048576K
Event: 231.871 GC heap after
Heap after GC invocations=28 (full 2):
 PSYoungGen      total 1857024K, used 94935K [0x0000000715580000, 0x0000000790f80000, 0x00000007c0000000)
  eden space 1730560K, 0% used [0x0000000715580000,0x0000000715580000,0x000000077ef80000)
  from space 126464K, 75% used [0x0000000789400000,0x000000078f0b5f70,0x0000000790f80000)
  to   space 147456K, 0% used [0x000000077ef80000,0x000000077ef80000,0x0000000787f80000)
 ParOldGen       total 250368K, used 99609K [0x00000005c0000000, 0x00000005cf480000, 0x0000000715580000)
  object space 250368K, 39% used [0x00000005c0000000,0x00000005c61464a8,0x00000005cf480000)
 Metaspace       used 55188K, capacity 57154K, committed 57472K, reserved 1099776K
  class space    used 6059K, capacity 6697K, committed 6784K, reserved 1048576K
}
Event: 245.607 GC heap before
{Heap before GC invocations=29 (full 2):
 PSYoungGen      total 1857024K, used 1825495K [0x0000000715580000, 0x0000000790f80000, 0x00000007c0000000)
  eden space 1730560K, 100% used [0x0000000715580000,0x000000077ef80000,0x000000077ef80000)
  from space 126464K, 75% used [0x0000000789400000,0x000000078f0b5f70,0x0000000790f80000)
  to   space 147456K, 0% used [0x000000077ef80000,0x000000077ef80000,0x0000000787f80000)
 ParOldGen       total 250368K, used 99609K [0x00000005c0000000, 0x00000005cf480000, 0x0000000715580000)
  object space 250368K, 39% used [0x00000005c0000000,0x00000005c61464a8,0x00000005cf480000)
 Metaspace       used 55788K, capacity 57824K, committed 57984K, reserved 1099776K
  class space    used 6116K, capacity 6770K, committed 6784K, reserved 1048576K
Event: 245.792 GC heap after
Heap after GC invocations=29 (full 2):
 PSYoungGen      total 1878016K, used 101974K [0x0000000715580000, 0x0000000799c80000, 0x00000007c0000000)
  eden space 1730560K, 0% used [0x0000000715580000,0x0000000715580000,0x000000077ef80000)
  from space 147456K, 69% used [0x000000077ef80000,0x0000000785315b40,0x0000000787f80000)
  to   space 151040K, 0% used [0x0000000790900000,0x0000000790900000,0x0000000799c80000)
 ParOldGen       total 250368K, used 104135K [0x00000005c0000000, 0x00000005cf480000, 0x0000000715580000)
  object space 250368K, 41% used [0x00000005c0000000,0x00000005c65b1e78,0x00000005cf480000)
 Metaspace       used 55788K, capacity 57824K, committed 57984K, reserved 1099776K
  class space    used 6116K, capacity 6770K, committed 6784K, reserved 1048576K
}
Event: 267.752 GC heap before
{Heap before GC invocations=30 (full 2):
 PSYoungGen      total 1878016K, used 1832534K [0x0000000715580000, 0x0000000799c80000, 0x00000007c0000000)
  eden space 1730560K, 100% used [0x0000000715580000,0x000000077ef80000,0x000000077ef80000)
  from space 147456K, 69% used [0x000000077ef80000,0x0000000785315b40,0x0000000787f80000)
  to   space 151040K, 0% used [0x0000000790900000,0x0000000790900000,0x0000000799c80000)
 ParOldGen       total 250368K, used 104135K [0x00000005c0000000, 0x00000005cf480000, 0x0000000715580000)
  object space 250368K, 41% used [0x00000005c0000000,0x00000005c65b1e78,0x00000005cf480000)
 Metaspace       used 56045K, capacity 58174K, committed 58368K, reserved 1101824K
  class space    used 6137K, capacity 6817K, committed 6912K, reserved 1048576K
Event: 268.092 GC heap after
Heap after GC invocations=30 (full 2):
 PSYoungGen      total 2018816K, used 96124K [0x0000000715580000, 0x000000079a080000, 0x00000007c0000000)
  eden space 1867776K, 0% used [0x0000000715580000,0x0000000715580000,0x0000000787580000)
  from space 151040K, 63% used [0x0000000790900000,0x00000007966df050,0x0000000799c80000)
  to   space 151040K, 0% used [0x0000000787580000,0x0000000787580000,0x0000000790900000)
 ParOldGen       total 250368K, used 112932K [0x00000005c0000000, 0x00000005cf480000, 0x0000000715580000)
  object space 250368K, 45% used [0x00000005c0000000,0x00000005c6e49120,0x00000005cf480000)
 Metaspace       used 56045K, capacity 58174K, committed 58368K, reserved 1101824K
  class space    used 6137K, capacity 6817K, committed 6912K, reserved 1048576K
}
Event: 301.422 GC heap before
{Heap before GC invocations=31 (full 2):
 PSYoungGen      total 2018816K, used 1963900K [0x0000000715580000, 0x000000079a080000, 0x00000007c0000000)
  eden space 1867776K, 100% used [0x0000000715580000,0x0000000787580000,0x0000000787580000)
  from space 151040K, 63% used [0x0000000790900000,0x00000007966df050,0x0000000799c80000)
  to   space 151040K, 0% used [0x0000000787580000,0x0000000787580000,0x0000000790900000)
 ParOldGen       total 250368K, used 112932K [0x00000005c0000000, 0x00000005cf480000, 0x0000000715580000)
  object space 250368K, 45% used [0x00000005c0000000,0x00000005c6e49120,0x00000005cf480000)
 Metaspace       used 56115K, capacity 58186K, committed 58368K, reserved 1101824K
  class space    used 6138K, capacity 6819K, committed 6912K, reserved 1048576K

