# JRE version: OpenJDK Runtime Environment (8.0_121-b13) (build 1.8.0_121-8u121-b13-1~bpo8+1-b13)
# Java VM: OpenJDK 64-Bit Server VM (25.121-b13 mixed mode linux-amd64 compressed oops)
Heap:
 PSYoungGen      total 1912832K, used 46229K [0x0000000718100000, 0x0000000796e00000, 0x00000007c0000000)
  eden space 1839104K, 0% used [0x0000000718100000,0x0000000718100000,0x0000000788500000)
  from space 73728K, 62% used [0x000000078de00000,0x0000000790b25560,0x0000000792600000)
  to   space 53248K, 0% used [0x0000000793a00000,0x0000000793a00000,0x0000000796e00000)
 ParOldGen       total 322560K, used 114423K [0x00000005c8200000, 0x00000005dbd00000, 0x0000000718100000)
  object space 322560K, 35% used [0x00000005c8200000,0x00000005cf1bdff0,0x00000005dbd00000)
 Metaspace       used 49214K, capacity 50106K, committed 50304K, reserved 1093632K
  class space    used 5467K, capacity 5749K, committed 5760K, reserved 1048576K
GC Heap History (10 events):
Event: 107.016 GC heap after
Heap after GC invocations=17 (full 3):
 PSYoungGen      total 1389056K, used 35816K [0x0000000718100000, 0x0000000772d80000, 0x00000007c0000000)
  eden space 1353216K, 0% used [0x0000000718100000,0x0000000718100000,0x000000076aa80000)
  from space 35840K, 99% used [0x0000000770a80000,0x0000000772d7a2a0,0x0000000772d80000)
  to   space 56320K, 0% used [0x000000076bf80000,0x000000076bf80000,0x000000076f680000)
 ParOldGen       total 322560K, used 63567K [0x00000005c8200000, 0x00000005dbd00000, 0x0000000718100000)
  object space 322560K, 19% used [0x00000005c8200000,0x00000005cc013e68,0x00000005dbd00000)
 Metaspace       used 41929K, capacity 42676K, committed 42880K, reserved 1087488K
  class space    used 4458K, capacity 4673K, committed 4736K, reserved 1048576K
}
Event: 127.725 GC heap before
{Heap before GC invocations=18 (full 3):
 PSYoungGen      total 1389056K, used 1389032K [0x0000000718100000, 0x0000000772d80000, 0x00000007c0000000)
  eden space 1353216K, 100% used [0x0000000718100000,0x000000076aa80000,0x000000076aa80000)
  from space 35840K, 99% used [0x0000000770a80000,0x0000000772d7a2a0,0x0000000772d80000)
  to   space 56320K, 0% used [0x000000076bf80000,0x000000076bf80000,0x000000076f680000)
 ParOldGen       total 322560K, used 63567K [0x00000005c8200000, 0x00000005dbd00000, 0x0000000718100000)
  object space 322560K, 19% used [0x00000005c8200000,0x00000005cc013e68,0x00000005dbd00000)
 Metaspace       used 43320K, capacity 44148K, committed 44416K, reserved 1089536K
  class space    used 4590K, capacity 4865K, committed 4992K, reserved 1048576K
Event: 127.750 GC heap after
Heap after GC invocations=18 (full 3):
 PSYoungGen      total 1431040K, used 27029K [0x0000000718100000, 0x0000000781a00000, 0x00000007c0000000)
  eden space 1374720K, 0% used [0x0000000718100000,0x0000000718100000,0x000000076bf80000)
  from space 56320K, 47% used [0x000000076bf80000,0x000000076d9e56d8,0x000000076f680000)
  to   space 54272K, 0% used [0x000000077e500000,0x000000077e500000,0x0000000781a00000)
 ParOldGen       total 322560K, used 63575K [0x00000005c8200000, 0x00000005dbd00000, 0x0000000718100000)
  object space 322560K, 19% used [0x00000005c8200000,0x00000005cc015e68,0x00000005dbd00000)
 Metaspace       used 43320K, capacity 44148K, committed 44416K, reserved 1089536K
  class space    used 4590K, capacity 4865K, committed 4992K, reserved 1048576K
}
Event: 143.790 GC heap before
{Heap before GC invocations=19 (full 3):
 PSYoungGen      total 1431040K, used 1401749K [0x0000000718100000, 0x0000000781a00000, 0x00000007c0000000)
  eden space 1374720K, 100% used [0x0000000718100000,0x000000076bf80000,0x000000076bf80000)
  from space 56320K, 47% used [0x000000076bf80000,0x000000076d9e56d8,0x000000076f680000)
  to   space 54272K, 0% used [0x000000077e500000,0x000000077e500000,0x0000000781a00000)
 ParOldGen       total 322560K, used 63575K [0x00000005c8200000, 0x00000005dbd00000, 0x0000000718100000)
  object space 322560K, 19% used [0x00000005c8200000,0x00000005cc015e68,0x00000005dbd00000)
 Metaspace       used 49203K, capacity 50106K, committed 50304K, reserved 1093632K
  class space    used 5467K, capacity 5749K, committed 5760K, reserved 1048576K
Event: 143.894 GC heap after
Heap after GC invocations=19 (full 3):
 PSYoungGen      total 1655296K, used 54249K [0x0000000718100000, 0x0000000784880000, 0x00000007c0000000)
  eden space 1601024K, 0% used [0x0000000718100000,0x0000000718100000,0x0000000779c80000)
  from space 54272K, 99% used [0x000000077e500000,0x00000007819fa718,0x0000000781a00000)
  to   space 74240K, 0% used [0x0000000779c80000,0x0000000779c80000,0x000000077e500000)
 ParOldGen       total 322560K, used 99739K [0x00000005c8200000, 0x00000005dbd00000, 0x0000000718100000)
  object space 322560K, 30% used [0x00000005c8200000,0x00000005ce366e28,0x00000005dbd00000)
 Metaspace       used 49203K, capacity 50106K, committed 50304K, reserved 1093632K
  class space    used 5467K, capacity 5749K, committed 5760K, reserved 1048576K
}
Event: 146.999 GC heap before
{Heap before GC invocations=20 (full 3):
 PSYoungGen      total 1655296K, used 1655273K [0x0000000718100000, 0x0000000784880000, 0x00000007c0000000)
  eden space 1601024K, 100% used [0x0000000718100000,0x0000000779c80000,0x0000000779c80000)
  from space 54272K, 99% used [0x000000077e500000,0x00000007819fa718,0x0000000781a00000)
  to   space 74240K, 0% used [0x0000000779c80000,0x0000000779c80000,0x000000077e500000)
 ParOldGen       total 322560K, used 99739K [0x00000005c8200000, 0x00000005dbd00000, 0x0000000718100000)
  object space 322560K, 30% used [0x00000005c8200000,0x00000005ce366e28,0x00000005dbd00000)
 Metaspace       used 49209K, capacity 50106K, committed 50304K, reserved 1093632K
  class space    used 5467K, capacity 5749K, committed 5760K, reserved 1048576K
Event: 147.068 GC heap after
Heap after GC invocations=20 (full 3):
 PSYoungGen      total 1675264K, used 39526K [0x0000000718100000, 0x0000000798000000, 0x00000007c0000000)
  eden space 1601024K, 0% used [0x0000000718100000,0x0000000718100000,0x0000000779c80000)
  from space 74240K, 53% used [0x0000000779c80000,0x000000077c319b98,0x000000077e500000)
  to   space 71680K, 0% used [0x0000000793a00000,0x0000000793a00000,0x0000000798000000)
 ParOldGen       total 322560K, used 114407K [0x00000005c8200000, 0x00000005dbd00000, 0x0000000718100000)
  object space 322560K, 35% used [0x00000005c8200000,0x00000005cf1b9ff0,0x00000005dbd00000)
 Metaspace       used 49209K, capacity 50106K, committed 50304K, reserved 1093632K
  class space    used 5467K, capacity 5749K, committed 5760K, reserved 1048576K
}
Event: 150.160 GC heap before
{Heap before GC invocations=21 (full 3):
 PSYoungGen      total 1675264K, used 1640550K [0x0000000718100000, 0x0000000798000000, 0x00000007c0000000)
  eden space 1601024K, 100% used [0x0000000718100000,0x0000000779c80000,0x0000000779c80000)
  from space 74240K, 53% used [0x0000000779c80000,0x000000077c319b98,0x000000077e500000)
  to   space 71680K, 0% used [0x0000000793a00000,0x0000000793a00000,0x0000000798000000)
 ParOldGen       total 322560K, used 114407K [0x00000005c8200000, 0x00000005dbd00000, 0x0000000718100000)
  object space 322560K, 35% used [0x00000005c8200000,0x00000005cf1b9ff0,0x00000005dbd00000)
 Metaspace       used 49210K, capacity 50106K, committed 50304K, reserved 1093632K
  class space    used 5467K, capacity 5749K, committed 5760K, reserved 1048576K
Event: 150.203 GC heap after
Heap after GC invocations=21 (full 3):
 PSYoungGen      total 1892352K, used 52973K [0x0000000718100000, 0x0000000796e00000, 0x00000007c0000000)
  eden space 1839104K, 0% used [0x0000000718100000,0x0000000718100000,0x0000000788500000)
  from space 53248K, 99% used [0x0000000793a00000,0x0000000796dbb560,0x0000000796e00000)
  to   space 73728K, 0% used [0x000000078de00000,0x000000078de00000,0x0000000792600000)
 ParOldGen       total 322560K, used 114415K [0x00000005c8200000, 0x00000005dbd00000, 0x0000000718100000)
  object space 322560K, 35% used [0x00000005c8200000,0x00000005cf1bbff0,0x00000005dbd00000)
 Metaspace       used 49210K, capacity 50106K, committed 50304K, reserved 1093632K
  class space    used 5467K, capacity 5749K, committed 5760K, reserved 1048576K
}
Event: 153.066 GC heap before
{Heap before GC invocations=22 (full 3):
 PSYoungGen      total 1892352K, used 1892077K [0x0000000718100000, 0x0000000796e00000, 0x00000007c0000000)
  eden space 1839104K, 100% used [0x0000000718100000,0x0000000788500000,0x0000000788500000)
  from space 53248K, 99% used [0x0000000793a00000,0x0000000796dbb560,0x0000000796e00000)
  to   space 73728K, 0% used [0x000000078de00000,0x000000078de00000,0x0000000792600000)
 ParOldGen       total 322560K, used 114415K [0x00000005c8200000, 0x00000005dbd00000, 0x0000000718100000)
  object space 322560K, 35% used [0x00000005c8200000,0x00000005cf1bbff0,0x00000005dbd00000)
 Metaspace       used 49214K, capacity 50106K, committed 50304K, reserved 1093632K
  class space    used 5467K, capacity 5749K, committed 5760K, reserved 1048576K

