# JRE version: OpenJDK Runtime Environment (8.0_121-b13) (build 1.8.0_121-8u121-b13-1~bpo8+1-b13)
# Java VM: OpenJDK 64-Bit Server VM (25.121-b13 mixed mode linux-amd64 compressed oops)
Heap:
 PSYoungGen      total 1800192K, used 32K [0x0000000718100000, 0x000000078d280000, 0x00000007c0000000)
  eden space 1681920K, 0% used [0x0000000718100000,0x0000000718100000,0x000000077eb80000)
  from space 118272K, 0% used [0x000000077eb80000,0x000000077eb88000,0x0000000785f00000)
  to   space 70144K, 0% used [0x0000000788e00000,0x0000000788e00000,0x000000078d280000)
 ParOldGen       total 310272K, used 25602K [0x00000005c8200000, 0x00000005db100000, 0x0000000718100000)
  object space 310272K, 8% used [0x00000005c8200000,0x00000005c9b00918,0x00000005db100000)
 Metaspace       used 25578K, capacity 25844K, committed 26112K, reserved 1073152K
  class space    used 2130K, capacity 2224K, committed 2304K, reserved 1048576K
GC Heap History (10 events):
Event: 31.065 GC heap after
Heap after GC invocations=12 (full 2):
 PSYoungGen      total 1074688K, used 64K [0x0000000718100000, 0x0000000761980000, 0x00000007c0000000)
  eden space 951808K, 0% used [0x0000000718100000,0x0000000718100000,0x0000000752280000)
  from space 122880K, 0% used [0x0000000759c00000,0x0000000759c10000,0x0000000761400000)
  to   space 124416K, 0% used [0x0000000752280000,0x0000000752280000,0x0000000759c00000)
 ParOldGen       total 310272K, used 25538K [0x00000005c8200000, 0x00000005db100000, 0x0000000718100000)
  object space 310272K, 8% used [0x00000005c8200000,0x00000005c9af0918,0x00000005db100000)
 Metaspace       used 25565K, capacity 25834K, committed 26112K, reserved 1073152K
  class space    used 2130K, capacity 2223K, committed 2304K, reserved 1048576K
}
Event: 31.750 GC heap before
{Heap before GC invocations=13 (full 2):
 PSYoungGen      total 1074688K, used 951872K [0x0000000718100000, 0x0000000761980000, 0x00000007c0000000)
  eden space 951808K, 100% used [0x0000000718100000,0x0000000752280000,0x0000000752280000)
  from space 122880K, 0% used [0x0000000759c00000,0x0000000759c10000,0x0000000761400000)
  to   space 124416K, 0% used [0x0000000752280000,0x0000000752280000,0x0000000759c00000)
 ParOldGen       total 310272K, used 25538K [0x00000005c8200000, 0x00000005db100000, 0x0000000718100000)
  object space 310272K, 8% used [0x00000005c8200000,0x00000005c9af0918,0x00000005db100000)
 Metaspace       used 25565K, capacity 25834K, committed 26112K, reserved 1073152K
  class space    used 2130K, capacity 2223K, committed 2304K, reserved 1048576K
Event: 31.757 GC heap after
Heap after GC invocations=13 (full 2):
 PSYoungGen      total 1076224K, used 32K [0x0000000718100000, 0x0000000778680000, 0x00000007c0000000)
  eden space 951808K, 0% used [0x0000000718100000,0x0000000718100000,0x0000000752280000)
  from space 124416K, 0% used [0x0000000752280000,0x0000000752288000,0x0000000759c00000)
  to   space 124416K, 0% used [0x0000000770d00000,0x0000000770d00000,0x0000000778680000)
 ParOldGen       total 310272K, used 25562K [0x00000005c8200000, 0x00000005db100000, 0x0000000718100000)
  object space 310272K, 8% used [0x00000005c8200000,0x00000005c9af6918,0x00000005db100000)
 Metaspace       used 25565K, capacity 25834K, committed 26112K, reserved 1073152K
  class space    used 2130K, capacity 2223K, committed 2304K, reserved 1048576K
}
Event: 32.343 GC heap before
{Heap before GC invocations=14 (full 2):
 PSYoungGen      total 1076224K, used 951840K [0x0000000718100000, 0x0000000778680000, 0x00000007c0000000)
  eden space 951808K, 100% used [0x0000000718100000,0x0000000752280000,0x0000000752280000)
  from space 124416K, 0% used [0x0000000752280000,0x0000000752288000,0x0000000759c00000)
  to   space 124416K, 0% used [0x0000000770d00000,0x0000000770d00000,0x0000000778680000)
 ParOldGen       total 310272K, used 25562K [0x00000005c8200000, 0x00000005db100000, 0x0000000718100000)
  object space 310272K, 8% used [0x00000005c8200000,0x00000005c9af6918,0x00000005db100000)
 Metaspace       used 25575K, capacity 25840K, committed 26112K, reserved 1073152K
  class space    used 2130K, capacity 2224K, committed 2304K, reserved 1048576K
Event: 32.346 GC heap after
Heap after GC invocations=14 (full 2):
 PSYoungGen      total 1392640K, used 32K [0x0000000718100000, 0x0000000776780000, 0x00000007c0000000)
  eden space 1299968K, 0% used [0x0000000718100000,0x0000000718100000,0x0000000767680000)
  from space 92672K, 0% used [0x0000000770d00000,0x0000000770d08000,0x0000000776780000)
  to   space 123392K, 0% used [0x0000000767680000,0x0000000767680000,0x000000076ef00000)
 ParOldGen       total 310272K, used 25570K [0x00000005c8200000, 0x00000005db100000, 0x0000000718100000)
  object space 310272K, 8% used [0x00000005c8200000,0x00000005c9af8918,0x00000005db100000)
 Metaspace       used 25575K, capacity 25840K, committed 26112K, reserved 1073152K
  class space    used 2130K, capacity 2224K, committed 2304K, reserved 1048576K
}
Event: 33.393 GC heap before
{Heap before GC invocations=15 (full 2):
 PSYoungGen      total 1392640K, used 1300000K [0x0000000718100000, 0x0000000776780000, 0x00000007c0000000)
  eden space 1299968K, 100% used [0x0000000718100000,0x0000000767680000,0x0000000767680000)
  from space 92672K, 0% used [0x0000000770d00000,0x0000000770d08000,0x0000000776780000)
  to   space 123392K, 0% used [0x0000000767680000,0x0000000767680000,0x000000076ef00000)
 ParOldGen       total 310272K, used 25570K [0x00000005c8200000, 0x00000005db100000, 0x0000000718100000)
  object space 310272K, 8% used [0x00000005c8200000,0x00000005c9af8918,0x00000005db100000)
 Metaspace       used 25576K, capacity 25840K, committed 26112K, reserved 1073152K
  class space    used 2130K, capacity 2224K, committed 2304K, reserved 1048576K
Event: 33.396 GC heap after
Heap after GC invocations=15 (full 2):
 PSYoungGen      total 1423360K, used 64K [0x0000000718100000, 0x0000000790480000, 0x00000007c0000000)
  eden space 1299968K, 0% used [0x0000000718100000,0x0000000718100000,0x0000000767680000)
  from space 123392K, 0% used [0x0000000767680000,0x0000000767690000,0x000000076ef00000)
  to   space 121344K, 0% used [0x0000000788e00000,0x0000000788e00000,0x0000000790480000)
 ParOldGen       total 310272K, used 25586K [0x00000005c8200000, 0x00000005db100000, 0x0000000718100000)
  object space 310272K, 8% used [0x00000005c8200000,0x00000005c9afc918,0x00000005db100000)
 Metaspace       used 25576K, capacity 25840K, committed 26112K, reserved 1073152K
  class space    used 2130K, capacity 2224K, committed 2304K, reserved 1048576K
}
Event: 34.187 GC heap before
{Heap before GC invocations=16 (full 2):
 PSYoungGen      total 1423360K, used 1300032K [0x0000000718100000, 0x0000000790480000, 0x00000007c0000000)
  eden space 1299968K, 100% used [0x0000000718100000,0x0000000767680000,0x0000000767680000)
  from space 123392K, 0% used [0x0000000767680000,0x0000000767690000,0x000000076ef00000)
  to   space 121344K, 0% used [0x0000000788e00000,0x0000000788e00000,0x0000000790480000)
 ParOldGen       total 310272K, used 25586K [0x00000005c8200000, 0x00000005db100000, 0x0000000718100000)
  object space 310272K, 8% used [0x00000005c8200000,0x00000005c9afc918,0x00000005db100000)
 Metaspace       used 25576K, capacity 25840K, committed 26112K, reserved 1073152K
  class space    used 2130K, capacity 2224K, committed 2304K, reserved 1048576K
Event: 34.189 GC heap after
Heap after GC invocations=16 (full 2):
 PSYoungGen      total 1752064K, used 32K [0x0000000718100000, 0x000000078d280000, 0x00000007c0000000)
  eden space 1681920K, 0% used [0x0000000718100000,0x0000000718100000,0x000000077eb80000)
  from space 70144K, 0% used [0x0000000788e00000,0x0000000788e08000,0x000000078d280000)
  to   space 118272K, 0% used [0x000000077eb80000,0x000000077eb80000,0x0000000785f00000)
 ParOldGen       total 310272K, used 25594K [0x00000005c8200000, 0x00000005db100000, 0x0000000718100000)
  object space 310272K, 8% used [0x00000005c8200000,0x00000005c9afe918,0x00000005db100000)
 Metaspace       used 25576K, capacity 25840K, committed 26112K, reserved 1073152K
  class space    used 2130K, capacity 2224K, committed 2304K, reserved 1048576K
}
Event: 36.123 GC heap before
{Heap before GC invocations=17 (full 2):
 PSYoungGen      total 1752064K, used 1681952K [0x0000000718100000, 0x000000078d280000, 0x00000007c0000000)
  eden space 1681920K, 100% used [0x0000000718100000,0x000000077eb80000,0x000000077eb80000)
  from space 70144K, 0% used [0x0000000788e00000,0x0000000788e08000,0x000000078d280000)
  to   space 118272K, 0% used [0x000000077eb80000,0x000000077eb80000,0x0000000785f00000)
 ParOldGen       total 310272K, used 25594K [0x00000005c8200000, 0x00000005db100000, 0x0000000718100000)
  object space 310272K, 8% used [0x00000005c8200000,0x00000005c9afe918,0x00000005db100000)
 Metaspace       used 25578K, capacity 25844K, committed 26112K, reserved 1073152K
  class space    used 2130K, capacity 2224K, committed 2304K, reserved 1048576K

