INFO: [main] net.nikr.eve.jeveasset.io.local.update.Update - No settings.xml file found - nothing to update
INFO: [main] net.nikr.eve.jeveasset.io.shared.AbstractGetter - Starting 1 list threads
INFO: [main] net.nikr.eve.jeveasset.io.shared.ThreadWoker - Starting 1 main threads
INFO: [pool-2-thread-1] net.nikr.eve.jeveasset.io.shared.AbstractGetter - Updated: ESI > IDs to Names > jEveAssets (1 of 1)
INFO: [main] net.nikr.eve.jeveasset.io.shared.AbstractGetter - Starting 0 list threads
INFO: [main] net.nikr.eve.jeveasset.io.shared.ThreadWoker - Starting 0 main threads
INFO: [main] net.nikr.eve.jeveasset.io.shared.AbstractGetter - Updated: ESI > IDs to Names > jEveAssets (Completed)
INFO: [main] net.nikr.eve.jeveasset.io.local.AbstractXmlBackup - test.xml moved to: test.error1
INFO: [main] net.nikr.eve.jeveasset.io.local.AbstractXmlBackup - test.new moved to: test.xml
INFO: [main] net.nikr.eve.jeveasset.io.local.AbstractXmlBackup - test.xml moved to: test.error2
WARN: [main] net.nikr.eve.jeveasset.io.local.AbstractXmlBackup - Move failed: test.new does not exist
WARN: [main] net.nikr.eve.jeveasset.io.local.AbstractXmlBackup - Move failed: test.xml does not exist
INFO: [main] net.nikr.eve.jeveasset.io.local.AbstractXmlBackup - test.bac moved to: test.xml
INFO: [main] net.nikr.eve.jeveasset.io.local.AbstractXmlBackup - test.xml moved to: test.error3
WARN: [main] net.nikr.eve.jeveasset.io.local.AbstractXmlBackup - Move failed: test.new does not exist
WARN: [main] net.nikr.eve.jeveasset.io.local.AbstractXmlBackup - Move failed: test.xml does not exist
WARN: [main] net.nikr.eve.jeveasset.io.local.AbstractXmlBackup - Move failed: test.bac does not exist
WARN: [main] net.nikr.eve.jeveasset.io.local.AbstractXmlBackup - Move failed: test.xml does not exist
ERROR: [main] net.nikr.eve.jeveasset.io.local.AbstractXmlReader - Simple reader not loaded: Content is not allowed in prolog.
net.nikr.eve.jeveasset.io.local.XmlException: Content is not allowed in prolog.
	at net.nikr.eve.jeveasset.io.local.AbstractXmlReader.getDocumentElement(AbstractXmlReader.java:107)
	at net.nikr.eve.jeveasset.io.local.AbstractXmlReader.read(AbstractXmlReader.java:51)
	at net.nikr.eve.jeveasset.io.local.AbstractXmlReader.read(AbstractXmlReader.java:68)
	at net.nikr.eve.jeveasset.io.local.AbstractXmlReader.read(AbstractXmlReader.java:66)
	at net.nikr.eve.jeveasset.io.local.BackupTest$SimpleReader.read(BackupTest.java:231)
	at net.nikr.eve.jeveasset.io.local.BackupTest$SimpleReader.access$300(BackupTest.java:228)
	at net.nikr.eve.jeveasset.io.local.BackupTest.testCorrupted(BackupTest.java:146)
	at sun.reflect.NativeMethodAccessorImpl.invoke0(Native Method)
	at sun.reflect.NativeMethodAccessorImpl.invoke(NativeMethodAccessorImpl.java:62)
	at sun.reflect.DelegatingMethodAccessorImpl.invoke(DelegatingMethodAccessorImpl.java:43)
	at java.lang.reflect.Method.invoke(Method.java:498)
	at org.junit.runners.model.FrameworkMethod$1.runReflectiveCall(FrameworkMethod.java:50)
	at org.junit.internal.runners.model.ReflectiveCallable.run(ReflectiveCallable.java:12)
	at org.junit.runners.model.FrameworkMethod.invokeExplosively(FrameworkMethod.java:47)
	at org.junit.internal.runners.statements.InvokeMethod.evaluate(InvokeMethod.java:17)
	at org.junit.runners.ParentRunner.runLeaf(ParentRunner.java:325)
	at org.junit.runners.BlockJUnit4ClassRunner.runChild(BlockJUnit4ClassRunner.java:78)
	at org.junit.runners.BlockJUnit4ClassRunner.runChild(BlockJUnit4ClassRunner.java:57)
	at org.junit.runners.ParentRunner$3.run(ParentRunner.java:290)
	at org.junit.runners.ParentRunner$1.schedule(ParentRunner.java:71)
	at org.junit.runners.ParentRunner.runChildren(ParentRunner.java:288)
	at org.junit.runners.ParentRunner.access$000(ParentRunner.java:58)
	at org.junit.runners.ParentRunner$2.evaluate(ParentRunner.java:268)
	at org.junit.internal.runners.statements.RunBefores.evaluate(RunBefores.java:26)
	at org.junit.internal.runners.statements.RunAfters.evaluate(RunAfters.java:27)
	at org.junit.runners.ParentRunner.run(ParentRunner.java:363)
	at org.junit.runners.Suite.runChild(Suite.java:128)
	at org.junit.runners.Suite.runChild(Suite.java:27)
	at org.junit.runners.ParentRunner$3.run(ParentRunner.java:290)
	at org.junit.runners.ParentRunner$1.schedule(ParentRunner.java:71)
	at org.junit.runners.ParentRunner.runChildren(ParentRunner.java:288)
	at org.junit.runners.ParentRunner.access$000(ParentRunner.java:58)
	at org.junit.runners.ParentRunner$2.evaluate(ParentRunner.java:268)
	at org.junit.runners.ParentRunner.run(ParentRunner.java:363)
	at org.junit.runner.JUnitCore.run(JUnitCore.java:137)
	at org.junit.runner.JUnitCore.run(JUnitCore.java:115)
	at org.junit.runner.JUnitCore.run(JUnitCore.java:105)
	at org.junit.runner.JUnitCore.run(JUnitCore.java:94)
	at fr.inria.astor.core.validation.junit.JUnitExternalExecutor.run(JUnitExternalExecutor.java:89)
	at fr.inria.astor.core.validation.junit.JUnitNologExternalExecutor.main(JUnitNologExternalExecutor.java:37)
Caused by: org.xml.sax.SAXParseException: Content is not allowed in prolog.
	at com.sun.org.apache.xerces.internal.parsers.DOMParser.parse(DOMParser.java:257)
	at com.sun.org.apache.xerces.internal.jaxp.DocumentBuilderImpl.parse(DocumentBuilderImpl.java:339)
	at javax.xml.parsers.DocumentBuilder.parse(DocumentBuilder.java:121)
	at net.nikr.eve.jeveasset.io.local.AbstractXmlReader.getDocumentElement(AbstractXmlReader.java:100)
	... 39 common frames omitted
INFO: [main] net.nikr.eve.jeveasset.io.local.AbstractXmlBackup - test.xml moved to: test.error4
INFO: [main] net.nikr.eve.jeveasset.io.local.AbstractXmlBackup - test.new moved to: test.xml
INFO: [main] net.nikr.eve.jeveasset.io.local.AbstractXmlBackup - test.xml moved to: test.error5
WARN: [main] net.nikr.eve.jeveasset.io.local.AbstractXmlBackup - Move failed: test.new does not exist
WARN: [main] net.nikr.eve.jeveasset.io.local.AbstractXmlBackup - Move failed: test.xml does not exist
WARN: [main] net.nikr.eve.jeveasset.io.local.AbstractXmlBackup - Move failed: test.bac does not exist
WARN: [main] net.nikr.eve.jeveasset.io.local.AbstractXmlBackup - Move failed: test.xml does not exist
ERROR: [main] net.nikr.eve.jeveasset.io.local.AbstractXmlReader - Simple reader not loaded: Content is not allowed in prolog.
net.nikr.eve.jeveasset.io.local.XmlException: Content is not allowed in prolog.
	at net.nikr.eve.jeveasset.io.local.AbstractXmlReader.getDocumentElement(AbstractXmlReader.java:107)
	at net.nikr.eve.jeveasset.io.local.AbstractXmlReader.read(AbstractXmlReader.java:51)
	at net.nikr.eve.jeveasset.io.local.AbstractXmlReader.read(AbstractXmlReader.java:66)
	at net.nikr.eve.jeveasset.io.local.BackupTest$SimpleReader.read(BackupTest.java:231)
	at net.nikr.eve.jeveasset.io.local.BackupTest$SimpleReader.access$300(BackupTest.java:228)
	at net.nikr.eve.jeveasset.io.local.BackupTest.testCorrupted(BackupTest.java:153)
	at sun.reflect.NativeMethodAccessorImpl.invoke0(Native Method)
	at sun.reflect.NativeMethodAccessorImpl.invoke(NativeMethodAccessorImpl.java:62)
	at sun.reflect.DelegatingMethodAccessorImpl.invoke(DelegatingMethodAccessorImpl.java:43)
	at java.lang.reflect.Method.invoke(Method.java:498)
	at org.junit.runners.model.FrameworkMethod$1.runReflectiveCall(FrameworkMethod.java:50)
	at org.junit.internal.runners.model.ReflectiveCallable.run(ReflectiveCallable.java:12)
	at org.junit.runners.model.FrameworkMethod.invokeExplosively(FrameworkMethod.java:47)
	at org.junit.internal.runners.statements.InvokeMethod.evaluate(InvokeMethod.java:17)
	at org.junit.runners.ParentRunner.runLeaf(ParentRunner.java:325)
	at org.junit.runners.BlockJUnit4ClassRunner.runChild(BlockJUnit4ClassRunner.java:78)
	at org.junit.runners.BlockJUnit4ClassRunner.runChild(BlockJUnit4ClassRunner.java:57)
	at org.junit.runners.ParentRunner$3.run(ParentRunner.java:290)
	at org.junit.runners.ParentRunner$1.schedule(ParentRunner.java:71)
	at org.junit.runners.ParentRunner.runChildren(ParentRunner.java:288)
	at org.junit.runners.ParentRunner.access$000(ParentRunner.java:58)
	at org.junit.runners.ParentRunner$2.evaluate(ParentRunner.java:268)
	at org.junit.internal.runners.statements.RunBefores.evaluate(RunBefores.java:26)
	at org.junit.internal.runners.statements.RunAfters.evaluate(RunAfters.java:27)
	at org.junit.runners.ParentRunner.run(ParentRunner.java:363)
	at org.junit.runners.Suite.runChild(Suite.java:128)
	at org.junit.runners.Suite.runChild(Suite.java:27)
	at org.junit.runners.ParentRunner$3.run(ParentRunner.java:290)
	at org.junit.runners.ParentRunner$1.schedule(ParentRunner.java:71)
	at org.junit.runners.ParentRunner.runChildren(ParentRunner.java:288)
	at org.junit.runners.ParentRunner.access$000(ParentRunner.java:58)
	at org.junit.runners.ParentRunner$2.evaluate(ParentRunner.java:268)
	at org.junit.runners.ParentRunner.run(ParentRunner.java:363)
	at org.junit.runner.JUnitCore.run(JUnitCore.java:137)
	at org.junit.runner.JUnitCore.run(JUnitCore.java:115)
	at org.junit.runner.JUnitCore.run(JUnitCore.java:105)
	at org.junit.runner.JUnitCore.run(JUnitCore.java:94)
	at fr.inria.astor.core.validation.junit.JUnitExternalExecutor.run(JUnitExternalExecutor.java:89)
	at fr.inria.astor.core.validation.junit.JUnitNologExternalExecutor.main(JUnitNologExternalExecutor.java:37)
Caused by: org.xml.sax.SAXParseException: Content is not allowed in prolog.
	at com.sun.org.apache.xerces.internal.parsers.DOMParser.parse(DOMParser.java:257)
	at com.sun.org.apache.xerces.internal.jaxp.DocumentBuilderImpl.parse(DocumentBuilderImpl.java:339)
	at javax.xml.parsers.DocumentBuilder.parse(DocumentBuilder.java:121)
	at net.nikr.eve.jeveasset.io.local.AbstractXmlReader.getDocumentElement(AbstractXmlReader.java:100)
	... 38 common frames omitted
INFO: [main] net.nikr.eve.jeveasset.io.local.AbstractXmlBackup - test.xml moved to: test.error6
INFO: [main] net.nikr.eve.jeveasset.io.local.AbstractXmlBackup - test.new moved to: test.xml
INFO: [main] net.nikr.eve.jeveasset.io.local.AbstractXmlBackup - test.xml moved to: test.error7
WARN: [main] net.nikr.eve.jeveasset.io.local.AbstractXmlBackup - Move failed: test.new does not exist
WARN: [main] net.nikr.eve.jeveasset.io.local.AbstractXmlBackup - Move failed: test.xml does not exist
WARN: [main] net.nikr.eve.jeveasset.io.local.AbstractXmlBackup - Move failed: test.bac does not exist
WARN: [main] net.nikr.eve.jeveasset.io.local.AbstractXmlBackup - Move failed: test.xml does not exist
ERROR: [main] net.nikr.eve.jeveasset.io.local.AbstractXmlReader - Simple reader not loaded: Content is not allowed in prolog.
net.nikr.eve.jeveasset.io.local.XmlException: Content is not allowed in prolog.
	at net.nikr.eve.jeveasset.io.local.AbstractXmlReader.getDocumentElement(AbstractXmlReader.java:107)
	at net.nikr.eve.jeveasset.io.local.AbstractXmlReader.read(AbstractXmlReader.java:51)
	at net.nikr.eve.jeveasset.io.local.AbstractXmlReader.read(AbstractXmlReader.java:66)
	at net.nikr.eve.jeveasset.io.local.BackupTest$SimpleReader.read(BackupTest.java:231)
	at net.nikr.eve.jeveasset.io.local.BackupTest$SimpleReader.access$300(BackupTest.java:228)
	at net.nikr.eve.jeveasset.io.local.BackupTest.testCorrupted(BackupTest.java:160)
	at sun.reflect.NativeMethodAccessorImpl.invoke0(Native Method)
	at sun.reflect.NativeMethodAccessorImpl.invoke(NativeMethodAccessorImpl.java:62)
	at sun.reflect.DelegatingMethodAccessorImpl.invoke(DelegatingMethodAccessorImpl.java:43)
	at java.lang.reflect.Method.invoke(Method.java:498)
	at org.junit.runners.model.FrameworkMethod$1.runReflectiveCall(FrameworkMethod.java:50)
	at org.junit.internal.runners.model.ReflectiveCallable.run(ReflectiveCallable.java:12)
	at org.junit.runners.model.FrameworkMethod.invokeExplosively(FrameworkMethod.java:47)
	at org.junit.internal.runners.statements.InvokeMethod.evaluate(InvokeMethod.java:17)
	at org.junit.runners.ParentRunner.runLeaf(ParentRunner.java:325)
	at org.junit.runners.BlockJUnit4ClassRunner.runChild(BlockJUnit4ClassRunner.java:78)
	at org.junit.runners.BlockJUnit4ClassRunner.runChild(BlockJUnit4ClassRunner.java:57)
	at org.junit.runners.ParentRunner$3.run(ParentRunner.java:290)
	at org.junit.runners.ParentRunner$1.schedule(ParentRunner.java:71)
	at org.junit.runners.ParentRunner.runChildren(ParentRunner.java:288)
	at org.junit.runners.ParentRunner.access$000(ParentRunner.java:58)
	at org.junit.runners.ParentRunner$2.evaluate(ParentRunner.java:268)
	at org.junit.internal.runners.statements.RunBefores.evaluate(RunBefores.java:26)
	at org.junit.internal.runners.statements.RunAfters.evaluate(RunAfters.java:27)
	at org.junit.runners.ParentRunner.run(ParentRunner.java:363)
	at org.junit.runners.Suite.runChild(Suite.java:128)
	at org.junit.runners.Suite.runChild(Suite.java:27)
	at org.junit.runners.ParentRunner$3.run(ParentRunner.java:290)
	at org.junit.runners.ParentRunner$1.schedule(ParentRunner.java:71)
	at org.junit.runners.ParentRunner.runChildren(ParentRunner.java:288)
	at org.junit.runners.ParentRunner.access$000(ParentRunner.java:58)
	at org.junit.runners.ParentRunner$2.evaluate(ParentRunner.java:268)
	at org.junit.runners.ParentRunner.run(ParentRunner.java:363)
	at org.junit.runner.JUnitCore.run(JUnitCore.java:137)
	at org.junit.runner.JUnitCore.run(JUnitCore.java:115)
	at org.junit.runner.JUnitCore.run(JUnitCore.java:105)
	at org.junit.runner.JUnitCore.run(JUnitCore.java:94)
	at fr.inria.astor.core.validation.junit.JUnitExternalExecutor.run(JUnitExternalExecutor.java:89)
	at fr.inria.astor.core.validation.junit.JUnitNologExternalExecutor.main(JUnitNologExternalExecutor.java:37)
Caused by: org.xml.sax.SAXParseException: Content is not allowed in prolog.
	at com.sun.org.apache.xerces.internal.parsers.DOMParser.parse(DOMParser.java:257)
	at com.sun.org.apache.xerces.internal.jaxp.DocumentBuilderImpl.parse(DocumentBuilderImpl.java:339)
	at javax.xml.parsers.DocumentBuilder.parse(DocumentBuilder.java:121)
	at net.nikr.eve.jeveasset.io.local.AbstractXmlReader.getDocumentElement(AbstractXmlReader.java:100)
	... 38 common frames omitted
INFO: [main] net.nikr.eve.jeveasset.io.local.AbstractXmlBackup - test.xml moved to: test.error8
WARN: [main] net.nikr.eve.jeveasset.io.local.AbstractXmlBackup - Move failed: test.new does not exist
WARN: [main] net.nikr.eve.jeveasset.io.local.AbstractXmlBackup - Move failed: test.xml does not exist
WARN: [main] net.nikr.eve.jeveasset.io.local.AbstractXmlBackup - Move failed: test.bac does not exist
WARN: [main] net.nikr.eve.jeveasset.io.local.AbstractXmlBackup - Move failed: test.xml does not exist
ERROR: [main] net.nikr.eve.jeveasset.io.local.AbstractXmlReader - Simple reader not loaded: Content is not allowed in prolog.
net.nikr.eve.jeveasset.io.local.XmlException: Content is not allowed in prolog.
	at net.nikr.eve.jeveasset.io.local.AbstractXmlReader.getDocumentElement(AbstractXmlReader.java:107)
	at net.nikr.eve.jeveasset.io.local.AbstractXmlReader.read(AbstractXmlReader.java:51)
	at net.nikr.eve.jeveasset.io.local.BackupTest$SimpleReader.read(BackupTest.java:231)
	at net.nikr.eve.jeveasset.io.local.BackupTest$SimpleReader.access$300(BackupTest.java:228)
	at net.nikr.eve.jeveasset.io.local.BackupTest.testCorrupted(BackupTest.java:167)
	at sun.reflect.NativeMethodAccessorImpl.invoke0(Native Method)
	at sun.reflect.NativeMethodAccessorImpl.invoke(NativeMethodAccessorImpl.java:62)
	at sun.reflect.DelegatingMethodAccessorImpl.invoke(DelegatingMethodAccessorImpl.java:43)
	at java.lang.reflect.Method.invoke(Method.java:498)
	at org.junit.runners.model.FrameworkMethod$1.runReflectiveCall(FrameworkMethod.java:50)
	at org.junit.internal.runners.model.ReflectiveCallable.run(ReflectiveCallable.java:12)
	at org.junit.runners.model.FrameworkMethod.invokeExplosively(FrameworkMethod.java:47)
	at org.junit.internal.runners.statements.InvokeMethod.evaluate(InvokeMethod.java:17)
	at org.junit.runners.ParentRunner.runLeaf(ParentRunner.java:325)
	at org.junit.runners.BlockJUnit4ClassRunner.runChild(BlockJUnit4ClassRunner.java:78)
	at org.junit.runners.BlockJUnit4ClassRunner.runChild(BlockJUnit4ClassRunner.java:57)
	at org.junit.runners.ParentRunner$3.run(ParentRunner.java:290)
	at org.junit.runners.ParentRunner$1.schedule(ParentRunner.java:71)
	at org.junit.runners.ParentRunner.runChildren(ParentRunner.java:288)
	at org.junit.runners.ParentRunner.access$000(ParentRunner.java:58)
	at org.junit.runners.ParentRunner$2.evaluate(ParentRunner.java:268)
	at org.junit.internal.runners.statements.RunBefores.evaluate(RunBefores.java:26)
	at org.junit.internal.runners.statements.RunAfters.evaluate(RunAfters.java:27)
	at org.junit.runners.ParentRunner.run(ParentRunner.java:363)
	at org.junit.runners.Suite.runChild(Suite.java:128)
	at org.junit.runners.Suite.runChild(Suite.java:27)
	at org.junit.runners.ParentRunner$3.run(ParentRunner.java:290)
	at org.junit.runners.ParentRunner$1.schedule(ParentRunner.java:71)
	at org.junit.runners.ParentRunner.runChildren(ParentRunner.java:288)
	at org.junit.runners.ParentRunner.access$000(ParentRunner.java:58)
	at org.junit.runners.ParentRunner$2.evaluate(ParentRunner.java:268)
	at org.junit.runners.ParentRunner.run(ParentRunner.java:363)
	at org.junit.runner.JUnitCore.run(JUnitCore.java:137)
	at org.junit.runner.JUnitCore.run(JUnitCore.java:115)
	at org.junit.runner.JUnitCore.run(JUnitCore.java:105)
	at org.junit.runner.JUnitCore.run(JUnitCore.java:94)
	at fr.inria.astor.core.validation.junit.JUnitExternalExecutor.run(JUnitExternalExecutor.java:89)
	at fr.inria.astor.core.validation.junit.JUnitNologExternalExecutor.main(JUnitNologExternalExecutor.java:37)
Caused by: org.xml.sax.SAXParseException: Content is not allowed in prolog.
	at com.sun.org.apache.xerces.internal.parsers.DOMParser.parse(DOMParser.java:257)
	at com.sun.org.apache.xerces.internal.jaxp.DocumentBuilderImpl.parse(DocumentBuilderImpl.java:339)
	at javax.xml.parsers.DocumentBuilder.parse(DocumentBuilder.java:121)
	at net.nikr.eve.jeveasset.io.local.AbstractXmlReader.getDocumentElement(AbstractXmlReader.java:100)
	... 37 common frames omitted
INFO: [main] net.nikr.eve.jeveasset.io.local.BackupTest - testRestoreBackup
WARN: [main] net.nikr.eve.jeveasset.io.local.AbstractXmlBackup - Move failed: test.xml does not exist
INFO: [main] net.nikr.eve.jeveasset.io.local.AbstractXmlBackup - test.new moved to: test.xml
INFO: [main] net.nikr.eve.jeveasset.io.local.AbstractXmlReader - Simple reader loaded
INFO: [main] net.nikr.eve.jeveasset.io.local.AbstractXmlBackup - test.xml moved to: test.error9
INFO: [main] net.nikr.eve.jeveasset.io.local.AbstractXmlBackup - test.new moved to: test.xml
INFO: [main] net.nikr.eve.jeveasset.io.local.AbstractXmlReader - Simple reader loaded
INFO: [main] net.nikr.eve.jeveasset.io.local.AbstractXmlBackup - test.xml moved to: test.error10
INFO: [main] net.nikr.eve.jeveasset.io.local.AbstractXmlBackup - test.new moved to: test.xml
INFO: [main] net.nikr.eve.jeveasset.io.local.AbstractXmlReader - Simple reader loaded
INFO: [main] net.nikr.eve.jeveasset.io.local.AbstractXmlBackup - test.xml moved to: test.error11
INFO: [main] net.nikr.eve.jeveasset.io.local.AbstractXmlBackup - test.new moved to: test.xml
INFO: [main] net.nikr.eve.jeveasset.io.local.AbstractXmlBackup - test.xml moved to: test.error12
WARN: [main] net.nikr.eve.jeveasset.io.local.AbstractXmlBackup - Move failed: test.new does not exist
WARN: [main] net.nikr.eve.jeveasset.io.local.AbstractXmlBackup - Move failed: test.xml does not exist
INFO: [main] net.nikr.eve.jeveasset.io.local.AbstractXmlBackup - test.bac moved to: test.xml
INFO: [main] net.nikr.eve.jeveasset.io.local.AbstractXmlReader - Simple reader loaded
INFO: [main] net.nikr.eve.jeveasset.io.local.AbstractXmlBackup - test.xml moved to: test.error13
WARN: [main] net.nikr.eve.jeveasset.io.local.AbstractXmlBackup - Move failed: test.new does not exist
WARN: [main] net.nikr.eve.jeveasset.io.local.AbstractXmlBackup - Move failed: test.xml does not exist
INFO: [main] net.nikr.eve.jeveasset.io.local.AbstractXmlBackup - test.bac moved to: test.xml
INFO: [main] net.nikr.eve.jeveasset.io.local.AbstractXmlReader - Simple reader loaded
INFO: [main] net.nikr.eve.jeveasset.io.local.BackupTest - testCreateBackup
WARN: [main] net.nikr.eve.jeveasset.io.local.AbstractXmlBackup - Move failed: test.xml does not exist
INFO: [main] net.nikr.eve.jeveasset.io.local.AbstractXmlBackup - test.new moved to: test.xml
INFO: [main] net.nikr.eve.jeveasset.io.local.AbstractXmlReader - Simple reader loaded
INFO: [main] net.nikr.eve.jeveasset.io.local.AbstractXmlBackup - test.xml moved to: test.bac
INFO: [main] net.nikr.eve.jeveasset.io.local.AbstractXmlBackup - test.new moved to: test.xml
INFO: [main] net.nikr.eve.jeveasset.io.local.AbstractXmlReader - Simple reader loaded
INFO: [main] net.nikr.eve.jeveasset.io.local.AbstractXmlBackup - profile_read_write_test.xml moved to: profile_read_write_test.bac
INFO: [main] net.nikr.eve.jeveasset.io.local.AbstractXmlBackup - profile_read_write_test.new moved to: profile_read_write_test.xml
INFO: [main] net.nikr.eve.jeveasset.io.local.ProfileWriter - Profile saved
INFO: [main] net.nikr.eve.jeveasset.io.local.AbstractXmlReader - target/profile_read_write_test.xml loaded
INFO: [main] net.nikr.eve.jeveasset.io.local.AbstractXmlBackup - profile_read_write_test.xml moved to: profile_read_write_test.bac
INFO: [main] net.nikr.eve.jeveasset.io.local.AbstractXmlBackup - profile_read_write_test.new moved to: profile_read_write_test.xml
INFO: [main] net.nikr.eve.jeveasset.io.local.ProfileWriter - Profile saved
INFO: [main] net.nikr.eve.jeveasset.io.local.AbstractXmlReader - target/profile_read_write_test.xml loaded
INFO: [Thread-2] net.nikr.eve.jeveasset.io.local.FileLock - Unlocking 0 files
