[INFO] Scanning for projects...
[INFO] ------------------------------------------------------------------------
[INFO] Reactor Build Order:
[INFO] 
[INFO] Singularity
[INFO] SingularityBase
[INFO] SingularityUI
[INFO] SingularityServiceBase
[INFO] SingularityMesosClient
[INFO] SingularitySwagger
[INFO] SingularityService
[INFO] SingularityRunnerBase
[INFO] SingularityS3Base
[INFO] SingularityClient
[INFO] SingularityExecutor
[INFO] SingularityExecutorCleanup
[INFO] SingularityS3Uploader
[INFO] SingularityS3Downloader
[INFO] EmbedSingularityExample
[INFO] SingularityServiceIntegrationTests
[INFO]                                                                         
[INFO] ------------------------------------------------------------------------
[INFO] Building Singularity 0.18.0-SNAPSHOT
[INFO] ------------------------------------------------------------------------
[INFO] 
[INFO] --- property-helper-maven-plugin:2.0:get (get-build-id) @ Singularity ---
[INFO] 
[INFO] --- maven-enforcer-plugin:1.4.1:enforce (default) @ Singularity ---
[INFO] 
[INFO] --- maven-dependency-versions-check-plugin:2.0.2:check (default) @ Singularity ---
[INFO] Checking dependency versions
[INFO] 
[INFO] --- maven-checkstyle-plugin:2.17:check (default) @ Singularity ---
[INFO] Starting audit...
Audit done.
[INFO] 
[INFO] --- dependency-management-plugin:0.4:analyze (analyze) @ Singularity ---
[INFO] No dependency management issues found
[INFO] 
[INFO] --- git-commit-id-plugin:2.2.0:revision (default) @ Singularity ---
[INFO] 
[INFO] --- jacoco-maven-plugin:0.7.5.201505241946:prepare-agent (default) @ Singularity ---
[INFO] argLine set to -javaagent:/root/./workspace/HubSpot/Singularity/308721725/.m2/org/jacoco/org.jacoco.agent/0.7.5.201505241946/org.jacoco.agent-0.7.5.201505241946-runtime.jar=destfile=/root/workspace/HubSpot/Singularity/308721725/target/jacoco.exec
[INFO] 
[INFO] --- maven-jar-plugin:2.6:test-jar (attach-tests) @ Singularity ---
[INFO] Skipping packaging of the test-jar
[INFO] 
[INFO] --- maven-source-plugin:2.4:jar-no-fork (attach-sources) @ Singularity ---
[INFO] 
[INFO] --- maven-source-plugin:2.4:test-jar-no-fork (attach-sources) @ Singularity ---
[INFO] 
[INFO] --- maven-dependency-plugin:2.10:analyze-only (default) @ Singularity ---
[INFO] Skipping pom project
[INFO] 
[INFO] --- maven-dependency-plugin:2.10:analyze-duplicate (default) @ Singularity ---
[INFO] No duplicate dependencies found in <dependencies/> or in <dependencyManagement/>
[INFO] 
[INFO] --- maven-dependency-plugin:2.10:analyze-dep-mgt (default) @ Singularity ---
[INFO] Found Resolved Dependency / DependencyManagement mismatches:
[INFO] 	Ignoring Direct Dependencies.
[INFO]    None
[INFO] 
[INFO] --- duplicate-finder-maven-plugin:1.2.1:check (default) @ Singularity ---
[INFO] Ignoring POM project!
[INFO] 
[INFO] >>> findbugs-maven-plugin:3.0.3:check (default) > :findbugs @ Singularity >>>
[INFO] 
[INFO] --- findbugs-maven-plugin:3.0.3:findbugs (findbugs) @ Singularity ---
[INFO] 
[INFO] <<< findbugs-maven-plugin:3.0.3:check (default) < :findbugs @ Singularity <<<
[INFO] 
[INFO] --- findbugs-maven-plugin:3.0.3:check (default) @ Singularity ---
[INFO] 
[INFO] >>> maven-pmd-plugin:3.6:check (default) > :pmd @ Singularity >>>
[INFO] 
[INFO] --- maven-pmd-plugin:3.6:pmd (pmd) @ Singularity ---
[INFO] 
[INFO] <<< maven-pmd-plugin:3.6:check (default) < :pmd @ Singularity <<<
[INFO] 
[INFO] --- maven-pmd-plugin:3.6:check (default) @ Singularity ---
[INFO] 
[INFO] --- license-maven-plugin:2.11:check (default) @ Singularity ---
[INFO] 
[INFO] --- maven-install-plugin:2.5.2:install (default-install) @ Singularity ---
[INFO] Installing /root/workspace/HubSpot/Singularity/308721725/pom.xml to /root/./workspace/HubSpot/Singularity/308721725/.m2/com/hubspot/Singularity/0.18.0-SNAPSHOT/Singularity-0.18.0-SNAPSHOT.pom
[INFO]                                                                         
[INFO] ------------------------------------------------------------------------
[INFO] Building SingularityBase 0.18.0-SNAPSHOT
[INFO] ------------------------------------------------------------------------
[INFO] 
[INFO] --- property-helper-maven-plugin:2.0:get (get-build-id) @ SingularityBase ---
[INFO] 
[INFO] --- maven-enforcer-plugin:1.4.1:enforce (default) @ SingularityBase ---
[INFO] 
[INFO] --- maven-dependency-versions-check-plugin:2.0.2:check (default) @ SingularityBase ---
[INFO] Checking dependency versions
[INFO] 
[INFO] --- maven-checkstyle-plugin:2.17:check (default) @ SingularityBase ---
[INFO] Starting audit...
[WARN] /root/workspace/HubSpot/Singularity/308721725/SingularityBase/src/main/java/com/hubspot/mesos/JavaUtils.java:206:17: Redundant 'final' modifier. [RedundantModifier]
[WARN] /root/workspace/HubSpot/Singularity/308721725/SingularityBase/src/main/java/com/hubspot/singularity/RequestCleanupType.java:12:3: Redundant 'private' modifier. [RedundantModifier]
[WARN] /root/workspace/HubSpot/Singularity/308721725/SingularityBase/src/main/java/com/hubspot/singularity/SlaveMatchState.java:18:3: Redundant 'private' modifier. [RedundantModifier]
[WARN] /root/workspace/HubSpot/Singularity/308721725/SingularityBase/src/main/java/com/hubspot/singularity/TaskCleanupType.java:13:3: Redundant 'private' modifier. [RedundantModifier]
[WARN] /root/workspace/HubSpot/Singularity/308721725/SingularityBase/src/main/java/com/hubspot/singularity/RequestType.java:13:3: Redundant 'private' modifier. [RedundantModifier]
[WARN] /root/workspace/HubSpot/Singularity/308721725/SingularityBase/src/main/java/com/hubspot/singularity/HealthcheckProtocol.java:9:3: Redundant 'private' modifier. [RedundantModifier]
[WARN] /root/workspace/HubSpot/Singularity/308721725/SingularityBase/src/main/java/com/hubspot/singularity/RequestState.java:9:3: Redundant 'private' modifier. [RedundantModifier]
[WARN] /root/workspace/HubSpot/Singularity/308721725/SingularityBase/src/main/java/com/hubspot/singularity/DeployState.java:9:3: Redundant 'private' modifier. [RedundantModifier]
Audit done.
[INFO] 
[INFO] --- dependency-management-plugin:0.4:analyze (analyze) @ SingularityBase ---
[INFO] No dependency management issues found
[INFO] 
[INFO] --- git-commit-id-plugin:2.2.0:revision (default) @ SingularityBase ---
[INFO] 
[INFO] --- jacoco-maven-plugin:0.7.5.201505241946:prepare-agent (default) @ SingularityBase ---
[INFO] argLine set to -javaagent:/root/./workspace/HubSpot/Singularity/308721725/.m2/org/jacoco/org.jacoco.agent/0.7.5.201505241946/org.jacoco.agent-0.7.5.201505241946-runtime.jar=destfile=/root/workspace/HubSpot/Singularity/308721725/SingularityBase/target/jacoco.exec
[INFO] 
[INFO] --- maven-resources-plugin:2.7:resources (default-resources) @ SingularityBase ---
[INFO] Using 'UTF-8' encoding to copy filtered resources.
[INFO] skip non existing resourceDirectory /root/workspace/HubSpot/Singularity/308721725/SingularityBase/src/main/resources
[INFO] 
[INFO] --- maven-compiler-plugin:3.3:compile (default-compile) @ SingularityBase ---
[INFO] Nothing to compile - all classes are up to date
[INFO] 
[INFO] --- maven-resources-plugin:2.7:testResources (default-testResources) @ SingularityBase ---
[INFO] Using 'UTF-8' encoding to copy filtered resources.
[INFO] skip non existing resourceDirectory /root/workspace/HubSpot/Singularity/308721725/SingularityBase/src/test/resources
[INFO] 
[INFO] --- maven-compiler-plugin:3.3:testCompile (default-testCompile) @ SingularityBase ---
[INFO] No sources to compile
[INFO] 
[INFO] --- maven-surefire-plugin:2.19:test (default-test) @ SingularityBase ---
[INFO] Tests are skipped.
[INFO] 
[INFO] --- maven-jar-plugin:2.6:jar (default-jar) @ SingularityBase ---
[INFO] Building jar: /root/workspace/HubSpot/Singularity/308721725/SingularityBase/target/SingularityBase-0.18.0-SNAPSHOT.jar
[INFO] 
[INFO] --- maven-jar-plugin:2.6:test-jar (attach-tests) @ SingularityBase ---
[INFO] Skipping packaging of the test-jar
[INFO] 
[INFO] --- maven-source-plugin:2.4:jar-no-fork (attach-sources) @ SingularityBase ---
[INFO] Building jar: /root/workspace/HubSpot/Singularity/308721725/SingularityBase/target/SingularityBase-0.18.0-SNAPSHOT-sources.jar
[INFO] 
[INFO] --- maven-source-plugin:2.4:test-jar-no-fork (attach-sources) @ SingularityBase ---
[INFO] No sources in project. Archive not created.
[INFO] 
[INFO] --- maven-dependency-plugin:2.10:analyze-only (default) @ SingularityBase ---
[INFO] No dependency problems found
[INFO] 
[INFO] --- maven-dependency-plugin:2.10:analyze-duplicate (default) @ SingularityBase ---
[INFO] No duplicate dependencies found in <dependencies/> or in <dependencyManagement/>
[INFO] 
[INFO] --- maven-dependency-plugin:2.10:analyze-dep-mgt (default) @ SingularityBase ---
[INFO] Found Resolved Dependency / DependencyManagement mismatches:
[INFO] 	Ignoring Direct Dependencies.
[INFO] com.fasterxml.jackson.core:jackson-core:jar was excluded in DepMgt, but version 2.7.9 has been found in the dependency tree.
[INFO] org.apache.httpcomponents:httpcore:jar was excluded in DepMgt, but version 4.4.4 has been found in the dependency tree.
[WARNING] Potential problems found in Dependency Management 
[INFO] 
[INFO] --- duplicate-finder-maven-plugin:1.2.1:check (default) @ SingularityBase ---
[INFO] Checking compile classpath
[INFO] Checking runtime classpath
[INFO] Checking test classpath
[INFO] 
[INFO] >>> findbugs-maven-plugin:3.0.3:check (default) > :findbugs @ SingularityBase >>>
[INFO] 
[INFO] --- findbugs-maven-plugin:3.0.3:findbugs (findbugs) @ SingularityBase ---
[INFO] Fork Value is true
[INFO] Done FindBugs Analysis....
[INFO] 
[INFO] <<< findbugs-maven-plugin:3.0.3:check (default) < :findbugs @ SingularityBase <<<
[INFO] 
[INFO] --- findbugs-maven-plugin:3.0.3:check (default) @ SingularityBase ---
[INFO] BugInstance size is 0
[INFO] Error size is 0
[INFO] No errors/warnings found
[INFO] 
[INFO] >>> maven-pmd-plugin:3.6:check (default) > :pmd @ SingularityBase >>>
[INFO] 
[INFO] --- maven-pmd-plugin:3.6:pmd (pmd) @ SingularityBase ---
[WARNING] Unable to locate Source XRef to link to - DISABLED
[WARNING] Unable to locate Source XRef to link to - DISABLED
[INFO] 
[INFO] <<< maven-pmd-plugin:3.6:check (default) < :pmd @ SingularityBase <<<
[INFO] 
[INFO] --- maven-pmd-plugin:3.6:check (default) @ SingularityBase ---
[INFO] 
[INFO] 
[INFO] --- license-maven-plugin:2.11:check (default) @ SingularityBase ---
[INFO] 
[INFO] --- maven-install-plugin:2.5.2:install (default-install) @ SingularityBase ---
[INFO] Installing /root/workspace/HubSpot/Singularity/308721725/SingularityBase/target/SingularityBase-0.18.0-SNAPSHOT.jar to /root/./workspace/HubSpot/Singularity/308721725/.m2/com/hubspot/SingularityBase/0.18.0-SNAPSHOT/SingularityBase-0.18.0-SNAPSHOT.jar
[INFO] Installing /root/workspace/HubSpot/Singularity/308721725/SingularityBase/pom.xml to /root/./workspace/HubSpot/Singularity/308721725/.m2/com/hubspot/SingularityBase/0.18.0-SNAPSHOT/SingularityBase-0.18.0-SNAPSHOT.pom
[INFO] Installing /root/workspace/HubSpot/Singularity/308721725/SingularityBase/target/SingularityBase-0.18.0-SNAPSHOT-sources.jar to /root/./workspace/HubSpot/Singularity/308721725/.m2/com/hubspot/SingularityBase/0.18.0-SNAPSHOT/SingularityBase-0.18.0-SNAPSHOT-sources.jar
[INFO]                                                                         
[INFO] ------------------------------------------------------------------------
[INFO] Building SingularityUI 0.18.0-SNAPSHOT
[INFO] ------------------------------------------------------------------------
[INFO] 
[INFO] --- property-helper-maven-plugin:2.0:get (get-build-id) @ SingularityUI ---
[INFO] 
[INFO] --- maven-enforcer-plugin:1.4.1:enforce (default) @ SingularityUI ---
[INFO] 
[INFO] --- maven-dependency-versions-check-plugin:2.0.2:check (default) @ SingularityUI ---
[INFO] Checking dependency versions
[INFO] 
[INFO] --- maven-checkstyle-plugin:2.17:check (default) @ SingularityUI ---
[INFO] Starting audit...
Audit done.
[INFO] 
[INFO] --- dependency-management-plugin:0.4:analyze (analyze) @ SingularityUI ---
[INFO] No dependency management issues found
[INFO] 
[INFO] --- git-commit-id-plugin:2.2.0:revision (default) @ SingularityUI ---
[INFO] 
[INFO] --- jacoco-maven-plugin:0.7.5.201505241946:prepare-agent (default) @ SingularityUI ---
[INFO] argLine set to -javaagent:/root/./workspace/HubSpot/Singularity/308721725/.m2/org/jacoco/org.jacoco.agent/0.7.5.201505241946/org.jacoco.agent-0.7.5.201505241946-runtime.jar=destfile=/root/workspace/HubSpot/Singularity/308721725/SingularityUI/target/jacoco.exec
[INFO] 
[INFO] --- maven-resources-plugin:2.7:copy-resources (copy-index.html-template) @ SingularityUI ---
[INFO] Using 'UTF-8' encoding to copy filtered resources.
[INFO] Copying 1 resource
[INFO] 
[INFO] --- maven-resources-plugin:2.7:copy-resources (copy-ui) @ SingularityUI ---
[INFO] Using 'UTF-8' encoding to copy filtered resources.
[INFO] Copying 12 resources
[INFO] 
[INFO] --- build-helper-maven-plugin:1.10:add-resource (add-generated-resources) @ SingularityUI ---
[INFO] 
[INFO] --- frontend-maven-plugin:0.0.23:install-node-and-npm (install node and npm) @ SingularityUI ---
[INFO] Node v6.2.1 is already installed.
[INFO] Found NPM version 3.9.3
[INFO] 
[INFO] --- frontend-maven-plugin:0.0.23:npm (npm install) @ SingularityUI ---
[INFO] Running 'npm install --color=false' in /root/workspace/HubSpot/Singularity/308721725/SingularityUI
[ERROR] npm WARN optional Skipping failed optional dependency /chokidar/fsevents:
[ERROR] npm WARN notsup Not compatible with your operating system or architecture: fsevents@1.1.3
[INFO] 
[INFO] --- frontend-maven-plugin:0.0.23:npm (npm test) @ SingularityUI ---
[INFO] Running 'npm test --color=false' in /root/workspace/HubSpot/Singularity/308721725/SingularityUI
[INFO] 
[INFO] > SingularityUI@0.3.0 test /root/workspace/HubSpot/Singularity/308721725/SingularityUI
[INFO] > mocha --compilers js:babel-core/register test/index.test
[INFO] 
[ERROR] Warning: Accessing PropTypes via the main React package is deprecated, and will be removed in  React v16.0. Use the latest available v15.* prop-types package from npm instead. For info on usage, compatibility, migration and more, see https://fb.me/prop-types-docs
[INFO] 
[INFO] 
[INFO]   Utils
[INFO]     getTaskDataFromTaskId()
[INFO]       âœ“ should grab all fields from a valid task id
[INFO] 
[INFO]   Reducers
[INFO]     tailerView
[INFO]       âœ“ should be properly initialized
[INFO]       âœ“ should populate the tailerId field
[INFO]       âœ“ should auto-populate the requestIds, taskIds, and paths fields
[INFO]       âœ“ should add tailer groups
[INFO]       âœ“ should remove tailer groups
[INFO]       âœ“ should pick an individual tailer group
[INFO] 
[INFO] 
[INFO]   7 passing (35ms)
[INFO] 
[INFO] 
[INFO] --- frontend-maven-plugin:0.0.23:gulp (gulp build) @ SingularityUI ---
[INFO] Running 'gulp build --no-color' in /root/workspace/HubSpot/Singularity/308721725/SingularityUI
[INFO] [01:46:17] Using gulpfile ~/workspace/HubSpot/Singularity/308721725/SingularityUI/gulpfile.js
[INFO] [01:46:17] Starting 'clean'...
[INFO] [01:46:17] Finished 'clean' after 51 ms
[INFO] [01:46:17] Starting 'static'...
[INFO] [01:46:17] Finished 'static' after 74 ms
[INFO] [01:46:17] Starting 'html'...
[INFO] [01:46:17] Finished 'html' after 26 ms
[INFO] [01:46:17] Starting 'build'...
[INFO] [01:48:51] Version: webpack [1m1.13.1[22m
[INFO] Time: [1m153166[22mms
[INFO]                                [1mAsset[22m     [1mSize[22m  [1mChunks[22m  [1m[22m           [1mChunk Names[22m
[INFO] [1m[32m89889688147bd7575d6327160d64e760.svg[39m[22m   109 kB        [1m[22m  [1m[32m[emitted][39m[22m  
[INFO]                  [1m[32mjs/vendor.bundle.js[39m[22m   617 kB       [1m0[22m  [1m[32m[emitted][39m[22m  js/vendor
[INFO]                     [1m[32mjs/app.bundle.js[39m[22m  2.17 MB       [1m1[22m  [1m[32m[emitted][39m[22m  js/app
[INFO]                          [1m[32mcss/app.css[39m[22m   338 kB       [1m1[22m  [1m[32m[emitted][39m[22m  js/app
[INFO]              [1m[32mjs/vendor.bundle.js.map[39m[22m  4.62 MB       [1m0[22m  [1m[32m[emitted][39m[22m  js/vendor
[INFO]                 [1m[32mjs/app.bundle.js.map[39m[22m  10.4 MB       [1m1[22m  [1m[32m[emitted][39m[22m  js/app
[INFO]                      [1m[32mcss/app.css.map[39m[22m   415 kB       [1m1[22m  [1m[32m[emitted][39m[22m  js/app
[INFO] Child [1mextract-text-webpack-plugin[22m:
[INFO]     
[INFO] Child [1mextract-text-webpack-plugin[22m:
[INFO]     
[INFO] Child [1mextract-text-webpack-plugin[22m:
[INFO]     
[INFO] Child [1mextract-text-webpack-plugin[22m:
[INFO]     
[INFO] Child [1mextract-text-webpack-plugin[22m:
[INFO]     
[INFO] Child [1mextract-text-webpack-plugin[22m:
[INFO]     
[INFO] [01:48:51] Finished 'build' after 2.55 min
[INFO] 
[INFO] --- maven-resources-plugin:2.7:resources (default-resources) @ SingularityUI ---
[INFO] Using 'UTF-8' encoding to copy filtered resources.
[INFO] skip non existing resourceDirectory /root/workspace/HubSpot/Singularity/308721725/SingularityUI/src/main/resources
[INFO] Copying 13 resources
[INFO] 
[INFO] --- maven-compiler-plugin:3.3:compile (default-compile) @ SingularityUI ---
[INFO] No sources to compile
[INFO] 
[INFO] --- maven-resources-plugin:2.7:testResources (default-testResources) @ SingularityUI ---
[INFO] Using 'UTF-8' encoding to copy filtered resources.
[INFO] skip non existing resourceDirectory /root/workspace/HubSpot/Singularity/308721725/SingularityUI/src/test/resources
[INFO] 
[INFO] --- maven-compiler-plugin:3.3:testCompile (default-testCompile) @ SingularityUI ---
[INFO] No sources to compile
[INFO] 
[INFO] --- maven-surefire-plugin:2.19:test (default-test) @ SingularityUI ---
[INFO] Tests are skipped.
[INFO] 
[INFO] --- maven-jar-plugin:2.6:jar (default-jar) @ SingularityUI ---
[INFO] Building jar: /root/workspace/HubSpot/Singularity/308721725/SingularityUI/target/SingularityUI-0.18.0-SNAPSHOT.jar
[INFO] 
[INFO] --- maven-jar-plugin:2.6:test-jar (attach-tests) @ SingularityUI ---
[INFO] Skipping packaging of the test-jar
[INFO] 
[INFO] --- maven-source-plugin:2.4:jar-no-fork (attach-sources) @ SingularityUI ---
[INFO] Building jar: /root/workspace/HubSpot/Singularity/308721725/SingularityUI/target/SingularityUI-0.18.0-SNAPSHOT-sources.jar
[INFO] 
[INFO] --- maven-source-plugin:2.4:test-jar-no-fork (attach-sources) @ SingularityUI ---
[INFO] No sources in project. Archive not created.
[INFO] 
[INFO] --- maven-dependency-plugin:2.10:analyze-only (default) @ SingularityUI ---
[INFO] No dependency problems found
[INFO] 
[INFO] --- maven-dependency-plugin:2.10:analyze-duplicate (default) @ SingularityUI ---
[INFO] No duplicate dependencies found in <dependencies/> or in <dependencyManagement/>
[INFO] 
[INFO] --- maven-dependency-plugin:2.10:analyze-dep-mgt (default) @ SingularityUI ---
[INFO] Found Resolved Dependency / DependencyManagement mismatches:
[INFO] 	Ignoring Direct Dependencies.
[INFO]    None
[INFO] 
[INFO] --- duplicate-finder-maven-plugin:1.2.1:check (default) @ SingularityUI ---
[INFO] Checking compile classpath
[INFO] Checking runtime classpath
[INFO] Checking test classpath
[INFO] 
[INFO] >>> findbugs-maven-plugin:3.0.3:check (default) > :findbugs @ SingularityUI >>>
[INFO] 
[INFO] --- findbugs-maven-plugin:3.0.3:findbugs (findbugs) @ SingularityUI ---
[INFO] 
[INFO] <<< findbugs-maven-plugin:3.0.3:check (default) < :findbugs @ SingularityUI <<<
[INFO] 
[INFO] --- findbugs-maven-plugin:3.0.3:check (default) @ SingularityUI ---
[INFO] 
[INFO] >>> maven-pmd-plugin:3.6:check (default) > :pmd @ SingularityUI >>>
[INFO] 
[INFO] --- maven-pmd-plugin:3.6:pmd (pmd) @ SingularityUI ---
[INFO] 
[INFO] <<< maven-pmd-plugin:3.6:check (default) < :pmd @ SingularityUI <<<
[INFO] 
[INFO] --- maven-pmd-plugin:3.6:check (default) @ SingularityUI ---
[INFO] 
[INFO] 
[INFO] --- license-maven-plugin:2.11:check (default) @ SingularityUI ---
[INFO] 
[INFO] --- maven-install-plugin:2.5.2:install (default-install) @ SingularityUI ---
[INFO] Installing /root/workspace/HubSpot/Singularity/308721725/SingularityUI/target/SingularityUI-0.18.0-SNAPSHOT.jar to /root/./workspace/HubSpot/Singularity/308721725/.m2/com/hubspot/SingularityUI/0.18.0-SNAPSHOT/SingularityUI-0.18.0-SNAPSHOT.jar
[INFO] Installing /root/workspace/HubSpot/Singularity/308721725/SingularityUI/pom.xml to /root/./workspace/HubSpot/Singularity/308721725/.m2/com/hubspot/SingularityUI/0.18.0-SNAPSHOT/SingularityUI-0.18.0-SNAPSHOT.pom
[INFO] Installing /root/workspace/HubSpot/Singularity/308721725/SingularityUI/target/SingularityUI-0.18.0-SNAPSHOT-sources.jar to /root/./workspace/HubSpot/Singularity/308721725/.m2/com/hubspot/SingularityUI/0.18.0-SNAPSHOT/SingularityUI-0.18.0-SNAPSHOT-sources.jar
[INFO]                                                                         
[INFO] ------------------------------------------------------------------------
[INFO] Building SingularityServiceBase 0.18.0-SNAPSHOT
[INFO] ------------------------------------------------------------------------
[INFO] 
[INFO] --- property-helper-maven-plugin:2.0:get (get-build-id) @ SingularityServiceBase ---
[INFO] 
[INFO] --- maven-enforcer-plugin:1.4.1:enforce (default) @ SingularityServiceBase ---
[INFO] 
[INFO] --- maven-dependency-versions-check-plugin:2.0.2:check (default) @ SingularityServiceBase ---
[INFO] Checking dependency versions
[INFO] 
[INFO] --- maven-checkstyle-plugin:2.17:check (default) @ SingularityServiceBase ---
[INFO] Starting audit...
[WARN] /root/workspace/HubSpot/Singularity/308721725/SingularityServiceBase/src/main/java/com/hubspot/singularity/config/UIConfiguration.java:21:10: Redundant 'static' modifier. [RedundantModifier]
Audit done.
[INFO] 
[INFO] --- dependency-management-plugin:0.4:analyze (analyze) @ SingularityServiceBase ---
[INFO] No dependency management issues found
[INFO] 
[INFO] --- git-commit-id-plugin:2.2.0:revision (default) @ SingularityServiceBase ---
[INFO] 
[INFO] --- jacoco-maven-plugin:0.7.5.201505241946:prepare-agent (default) @ SingularityServiceBase ---
[INFO] argLine set to -javaagent:/root/./workspace/HubSpot/Singularity/308721725/.m2/org/jacoco/org.jacoco.agent/0.7.5.201505241946/org.jacoco.agent-0.7.5.201505241946-runtime.jar=destfile=/root/workspace/HubSpot/Singularity/308721725/SingularityServiceBase/target/jacoco.exec
[INFO] 
[INFO] --- maven-resources-plugin:2.7:resources (default-resources) @ SingularityServiceBase ---
[INFO] Using 'UTF-8' encoding to copy filtered resources.
[INFO] skip non existing resourceDirectory /root/workspace/HubSpot/Singularity/308721725/SingularityServiceBase/src/main/resources
[INFO] 
[INFO] --- maven-compiler-plugin:3.3:compile (default-compile) @ SingularityServiceBase ---
[INFO] Nothing to compile - all classes are up to date
[INFO] 
[INFO] --- maven-resources-plugin:2.7:testResources (default-testResources) @ SingularityServiceBase ---
[INFO] Using 'UTF-8' encoding to copy filtered resources.
[INFO] skip non existing resourceDirectory /root/workspace/HubSpot/Singularity/308721725/SingularityServiceBase/src/test/resources
[INFO] 
[INFO] --- maven-compiler-plugin:3.3:testCompile (default-testCompile) @ SingularityServiceBase ---
[INFO] No sources to compile
[INFO] 
[INFO] --- maven-surefire-plugin:2.19:test (default-test) @ SingularityServiceBase ---
[INFO] Tests are skipped.
[INFO] 
[INFO] --- maven-jar-plugin:2.6:jar (default-jar) @ SingularityServiceBase ---
[INFO] Building jar: /root/workspace/HubSpot/Singularity/308721725/SingularityServiceBase/target/SingularityServiceBase-0.18.0-SNAPSHOT.jar
[INFO] 
[INFO] --- maven-jar-plugin:2.6:test-jar (attach-tests) @ SingularityServiceBase ---
[INFO] Skipping packaging of the test-jar
[INFO] 
[INFO] --- maven-source-plugin:2.4:jar-no-fork (attach-sources) @ SingularityServiceBase ---
[INFO] Building jar: /root/workspace/HubSpot/Singularity/308721725/SingularityServiceBase/target/SingularityServiceBase-0.18.0-SNAPSHOT-sources.jar
[INFO] 
[INFO] --- maven-source-plugin:2.4:test-jar-no-fork (attach-sources) @ SingularityServiceBase ---
[INFO] No sources in project. Archive not created.
[INFO] 
[INFO] --- maven-dependency-plugin:2.10:analyze-only (default) @ SingularityServiceBase ---
[INFO] No dependency problems found
[INFO] 
[INFO] --- maven-dependency-plugin:2.10:analyze-duplicate (default) @ SingularityServiceBase ---
[INFO] No duplicate dependencies found in <dependencies/> or in <dependencyManagement/>
[INFO] 
[INFO] --- maven-dependency-plugin:2.10:analyze-dep-mgt (default) @ SingularityServiceBase ---
[INFO] Found Resolved Dependency / DependencyManagement mismatches:
[INFO] 	Ignoring Direct Dependencies.
[INFO] aopalliance:aopalliance:jar was excluded in DepMgt, but version 1.0 has been found in the dependency tree.
[INFO] joda-time:joda-time:jar was excluded in DepMgt, but version 2.9.4 has been found in the dependency tree.
[WARNING] Potential problems found in Dependency Management 
[INFO] 
[INFO] --- duplicate-finder-maven-plugin:1.2.1:check (default) @ SingularityServiceBase ---
[INFO] Checking compile classpath
[INFO] Checking runtime classpath
[INFO] Checking test classpath
[INFO] 
[INFO] >>> findbugs-maven-plugin:3.0.3:check (default) > :findbugs @ SingularityServiceBase >>>
[INFO] 
[INFO] --- findbugs-maven-plugin:3.0.3:findbugs (findbugs) @ SingularityServiceBase ---
[INFO] Fork Value is true
[INFO] Done FindBugs Analysis....
[INFO] 
[INFO] <<< findbugs-maven-plugin:3.0.3:check (default) < :findbugs @ SingularityServiceBase <<<
[INFO] 
[INFO] --- findbugs-maven-plugin:3.0.3:check (default) @ SingularityServiceBase ---
[INFO] BugInstance size is 0
[INFO] Error size is 0
[INFO] No errors/warnings found
[INFO] 
[INFO] >>> maven-pmd-plugin:3.6:check (default) > :pmd @ SingularityServiceBase >>>
[INFO] 
[INFO] --- maven-pmd-plugin:3.6:pmd (pmd) @ SingularityServiceBase ---
[WARNING] Unable to locate Source XRef to link to - DISABLED
[WARNING] Unable to locate Source XRef to link to - DISABLED
[INFO] 
[INFO] <<< maven-pmd-plugin:3.6:check (default) < :pmd @ SingularityServiceBase <<<
[INFO] 
[INFO] --- maven-pmd-plugin:3.6:check (default) @ SingularityServiceBase ---
[INFO] 
[INFO] 
[INFO] --- license-maven-plugin:2.11:check (default) @ SingularityServiceBase ---
[INFO] 
[INFO] --- maven-install-plugin:2.5.2:install (default-install) @ SingularityServiceBase ---
[INFO] Installing /root/workspace/HubSpot/Singularity/308721725/SingularityServiceBase/target/SingularityServiceBase-0.18.0-SNAPSHOT.jar to /root/./workspace/HubSpot/Singularity/308721725/.m2/com/hubspot/SingularityServiceBase/0.18.0-SNAPSHOT/SingularityServiceBase-0.18.0-SNAPSHOT.jar
[INFO] Installing /root/workspace/HubSpot/Singularity/308721725/SingularityServiceBase/pom.xml to /root/./workspace/HubSpot/Singularity/308721725/.m2/com/hubspot/SingularityServiceBase/0.18.0-SNAPSHOT/SingularityServiceBase-0.18.0-SNAPSHOT.pom
[INFO] Installing /root/workspace/HubSpot/Singularity/308721725/SingularityServiceBase/target/SingularityServiceBase-0.18.0-SNAPSHOT-sources.jar to /root/./workspace/HubSpot/Singularity/308721725/.m2/com/hubspot/SingularityServiceBase/0.18.0-SNAPSHOT/SingularityServiceBase-0.18.0-SNAPSHOT-sources.jar
[INFO]                                                                         
[INFO] ------------------------------------------------------------------------
[INFO] Building SingularityMesosClient 0.18.0-SNAPSHOT
[INFO] ------------------------------------------------------------------------
[INFO] 
[INFO] --- property-helper-maven-plugin:2.0:get (get-build-id) @ SingularityMesosClient ---
[INFO] 
[INFO] --- maven-enforcer-plugin:1.4.1:enforce (default) @ SingularityMesosClient ---
[INFO] 
[INFO] --- maven-dependency-versions-check-plugin:2.0.2:check (default) @ SingularityMesosClient ---
[INFO] Checking dependency versions
[INFO] 
[INFO] --- maven-checkstyle-plugin:2.17:check (default) @ SingularityMesosClient ---
[INFO] Starting audit...
[WARN] /root/workspace/HubSpot/Singularity/308721725/SingularityMesosClient/src/main/java/com/hubspot/mesos/client/MesosClient.java:12:3: Redundant 'public' modifier. [RedundantModifier]
[WARN] /root/workspace/HubSpot/Singularity/308721725/SingularityMesosClient/src/main/java/com/hubspot/mesos/client/MesosClient.java:14:3: Redundant 'public' modifier. [RedundantModifier]
[WARN] /root/workspace/HubSpot/Singularity/308721725/SingularityMesosClient/src/main/java/com/hubspot/mesos/client/MesosClient.java:16:3: Redundant 'public' modifier. [RedundantModifier]
[WARN] /root/workspace/HubSpot/Singularity/308721725/SingularityMesosClient/src/main/java/com/hubspot/mesos/client/MesosClient.java:29:3: Redundant 'public' modifier. [RedundantModifier]
[WARN] /root/workspace/HubSpot/Singularity/308721725/SingularityMesosClient/src/main/java/com/hubspot/mesos/client/MesosClient.java:31:3: Redundant 'public' modifier. [RedundantModifier]
[WARN] /root/workspace/HubSpot/Singularity/308721725/SingularityMesosClient/src/main/java/com/hubspot/mesos/client/MesosClient.java:33:3: Redundant 'public' modifier. [RedundantModifier]
[WARN] /root/workspace/HubSpot/Singularity/308721725/SingularityMesosClient/src/main/java/com/hubspot/mesos/client/MesosClient.java:35:3: Redundant 'public' modifier. [RedundantModifier]
[WARN] /root/workspace/HubSpot/Singularity/308721725/SingularityMesosClient/src/main/java/com/hubspot/mesos/client/MesosClient.java:37:3: Redundant 'public' modifier. [RedundantModifier]
Audit done.
[INFO] 
[INFO] --- dependency-management-plugin:0.4:analyze (analyze) @ SingularityMesosClient ---
[INFO] No dependency management issues found
[INFO] 
[INFO] --- git-commit-id-plugin:2.2.0:revision (default) @ SingularityMesosClient ---
[INFO] 
[INFO] --- jacoco-maven-plugin:0.7.5.201505241946:prepare-agent (default) @ SingularityMesosClient ---
[INFO] argLine set to -javaagent:/root/./workspace/HubSpot/Singularity/308721725/.m2/org/jacoco/org.jacoco.agent/0.7.5.201505241946/org.jacoco.agent-0.7.5.201505241946-runtime.jar=destfile=/root/workspace/HubSpot/Singularity/308721725/SingularityMesosClient/target/jacoco.exec
[INFO] 
[INFO] --- maven-resources-plugin:2.7:resources (default-resources) @ SingularityMesosClient ---
[INFO] Using 'UTF-8' encoding to copy filtered resources.
[INFO] skip non existing resourceDirectory /root/workspace/HubSpot/Singularity/308721725/SingularityMesosClient/src/main/resources
[INFO] 
[INFO] --- maven-compiler-plugin:3.3:compile (default-compile) @ SingularityMesosClient ---
[INFO] Nothing to compile - all classes are up to date
[INFO] 
[INFO] --- maven-resources-plugin:2.7:testResources (default-testResources) @ SingularityMesosClient ---
[INFO] Using 'UTF-8' encoding to copy filtered resources.
[INFO] skip non existing resourceDirectory /root/workspace/HubSpot/Singularity/308721725/SingularityMesosClient/src/test/resources
[INFO] 
[INFO] --- maven-compiler-plugin:3.3:testCompile (default-testCompile) @ SingularityMesosClient ---
[INFO] No sources to compile
[INFO] 
[INFO] --- maven-surefire-plugin:2.19:test (default-test) @ SingularityMesosClient ---
[INFO] Tests are skipped.
[INFO] 
[INFO] --- maven-jar-plugin:2.6:jar (default-jar) @ SingularityMesosClient ---
[INFO] 
[INFO] --- maven-jar-plugin:2.6:test-jar (attach-tests) @ SingularityMesosClient ---
[INFO] Skipping packaging of the test-jar
[INFO] 
[INFO] --- maven-source-plugin:2.4:jar-no-fork (attach-sources) @ SingularityMesosClient ---
[INFO] Building jar: /root/workspace/HubSpot/Singularity/308721725/SingularityMesosClient/target/SingularityMesosClient-0.18.0-SNAPSHOT-sources.jar
[INFO] 
[INFO] --- maven-source-plugin:2.4:test-jar-no-fork (attach-sources) @ SingularityMesosClient ---
[INFO] No sources in project. Archive not created.
[INFO] 
[INFO] --- maven-dependency-plugin:2.10:analyze-only (default) @ SingularityMesosClient ---
[INFO] No dependency problems found
[INFO] 
[INFO] --- maven-dependency-plugin:2.10:analyze-duplicate (default) @ SingularityMesosClient ---
[INFO] No duplicate dependencies found in <dependencies/> or in <dependencyManagement/>
[INFO] 
[INFO] --- maven-dependency-plugin:2.10:analyze-dep-mgt (default) @ SingularityMesosClient ---
[INFO] Found Resolved Dependency / DependencyManagement mismatches:
[INFO] 	Ignoring Direct Dependencies.
[INFO] com.google.guava:guava:jar was excluded in DepMgt, but version 19.0 has been found in the dependency tree.
[INFO] aopalliance:aopalliance:jar was excluded in DepMgt, but version 1.0 has been found in the dependency tree.
[INFO] org.apache.httpcomponents:httpcore:jar was excluded in DepMgt, but version 4.4.4 has been found in the dependency tree.
[WARNING] Potential problems found in Dependency Management 
[INFO] 
[INFO] --- duplicate-finder-maven-plugin:1.2.1:check (default) @ SingularityMesosClient ---
[INFO] Checking compile classpath
[INFO] Checking runtime classpath
[INFO] Checking test classpath
[INFO] 
[INFO] >>> findbugs-maven-plugin:3.0.3:check (default) > :findbugs @ SingularityMesosClient >>>
[INFO] 
[INFO] --- findbugs-maven-plugin:3.0.3:findbugs (findbugs) @ SingularityMesosClient ---
[INFO] Fork Value is true
[INFO] Done FindBugs Analysis....
[INFO] 
[INFO] <<< findbugs-maven-plugin:3.0.3:check (default) < :findbugs @ SingularityMesosClient <<<
[INFO] 
[INFO] --- findbugs-maven-plugin:3.0.3:check (default) @ SingularityMesosClient ---
[INFO] BugInstance size is 0
[INFO] Error size is 0
[INFO] No errors/warnings found
[INFO] 
[INFO] >>> maven-pmd-plugin:3.6:check (default) > :pmd @ SingularityMesosClient >>>
[INFO] 
[INFO] --- maven-pmd-plugin:3.6:pmd (pmd) @ SingularityMesosClient ---
[WARNING] Unable to locate Source XRef to link to - DISABLED
[WARNING] Unable to locate Source XRef to link to - DISABLED
[INFO] 
[INFO] <<< maven-pmd-plugin:3.6:check (default) < :pmd @ SingularityMesosClient <<<
[INFO] 
[INFO] --- maven-pmd-plugin:3.6:check (default) @ SingularityMesosClient ---
[INFO] 
[INFO] 
[INFO] --- license-maven-plugin:2.11:check (default) @ SingularityMesosClient ---
[INFO] 
[INFO] --- maven-install-plugin:2.5.2:install (default-install) @ SingularityMesosClient ---
[INFO] Installing /root/workspace/HubSpot/Singularity/308721725/SingularityMesosClient/target/SingularityMesosClient-0.18.0-SNAPSHOT.jar to /root/./workspace/HubSpot/Singularity/308721725/.m2/com/hubspot/SingularityMesosClient/0.18.0-SNAPSHOT/SingularityMesosClient-0.18.0-SNAPSHOT.jar
[INFO] Installing /root/workspace/HubSpot/Singularity/308721725/SingularityMesosClient/pom.xml to /root/./workspace/HubSpot/Singularity/308721725/.m2/com/hubspot/SingularityMesosClient/0.18.0-SNAPSHOT/SingularityMesosClient-0.18.0-SNAPSHOT.pom
[INFO] Installing /root/workspace/HubSpot/Singularity/308721725/SingularityMesosClient/target/SingularityMesosClient-0.18.0-SNAPSHOT-sources.jar to /root/./workspace/HubSpot/Singularity/308721725/.m2/com/hubspot/SingularityMesosClient/0.18.0-SNAPSHOT/SingularityMesosClient-0.18.0-SNAPSHOT-sources.jar
[INFO]                                                                         
[INFO] ------------------------------------------------------------------------
[INFO] Building SingularitySwagger 0.18.0-SNAPSHOT
[INFO] ------------------------------------------------------------------------
[INFO] 
[INFO] --- property-helper-maven-plugin:2.0:get (get-build-id) @ SingularitySwagger ---
[INFO] 
[INFO] --- maven-enforcer-plugin:1.4.1:enforce (default) @ SingularitySwagger ---
[INFO] 
[INFO] --- maven-dependency-versions-check-plugin:2.0.2:check (default) @ SingularitySwagger ---
[INFO] Checking dependency versions
[INFO] 
[INFO] --- maven-checkstyle-plugin:2.17:check (default) @ SingularitySwagger ---
[INFO] Starting audit...
Audit done.
[INFO] 
[INFO] --- dependency-management-plugin:0.4:analyze (analyze) @ SingularitySwagger ---
[INFO] No dependency management issues found
[INFO] 
[INFO] --- git-commit-id-plugin:2.2.0:revision (default) @ SingularitySwagger ---
[INFO] 
[INFO] --- jacoco-maven-plugin:0.7.5.201505241946:prepare-agent (default) @ SingularitySwagger ---
[INFO] argLine set to -javaagent:/root/./workspace/HubSpot/Singularity/308721725/.m2/org/jacoco/org.jacoco.agent/0.7.5.201505241946/org.jacoco.agent-0.7.5.201505241946-runtime.jar=destfile=/root/workspace/HubSpot/Singularity/308721725/SingularitySwagger/target/jacoco.exec
[INFO] 
[INFO] --- maven-resources-plugin:2.7:resources (default-resources) @ SingularitySwagger ---
[INFO] Using 'UTF-8' encoding to copy filtered resources.
[INFO] skip non existing resourceDirectory /root/workspace/HubSpot/Singularity/308721725/SingularitySwagger/src/main/resources
[INFO] 
[INFO] --- maven-compiler-plugin:3.3:compile (default-compile) @ SingularitySwagger ---
[INFO] Nothing to compile - all classes are up to date
[INFO] 
[INFO] --- maven-resources-plugin:2.7:testResources (default-testResources) @ SingularitySwagger ---
[INFO] Using 'UTF-8' encoding to copy filtered resources.
[INFO] skip non existing resourceDirectory /root/workspace/HubSpot/Singularity/308721725/SingularitySwagger/src/test/resources
[INFO] 
[INFO] --- maven-compiler-plugin:3.3:testCompile (default-testCompile) @ SingularitySwagger ---
[INFO] No sources to compile
[INFO] 
[INFO] --- maven-surefire-plugin:2.19:test (default-test) @ SingularitySwagger ---
[INFO] Tests are skipped.
[INFO] 
[INFO] --- maven-jar-plugin:2.6:jar (default-jar) @ SingularitySwagger ---
[INFO] Building jar: /root/workspace/HubSpot/Singularity/308721725/SingularitySwagger/target/SingularitySwagger-0.18.0-SNAPSHOT.jar
[INFO] 
[INFO] --- maven-jar-plugin:2.6:test-jar (attach-tests) @ SingularitySwagger ---
[INFO] Skipping packaging of the test-jar
[INFO] 
[INFO] --- maven-source-plugin:2.4:jar-no-fork (attach-sources) @ SingularitySwagger ---
[INFO] Building jar: /root/workspace/HubSpot/Singularity/308721725/SingularitySwagger/target/SingularitySwagger-0.18.0-SNAPSHOT-sources.jar
[INFO] 
[INFO] --- maven-source-plugin:2.4:test-jar-no-fork (attach-sources) @ SingularitySwagger ---
[INFO] No sources in project. Archive not created.
[INFO] 
[INFO] --- maven-dependency-plugin:2.10:analyze-only (default) @ SingularitySwagger ---
[INFO] No dependency problems found
[INFO] 
[INFO] --- maven-dependency-plugin:2.10:analyze-duplicate (default) @ SingularitySwagger ---
[INFO] No duplicate dependencies found in <dependencies/> or in <dependencyManagement/>
[INFO] 
[INFO] --- maven-dependency-plugin:2.10:analyze-dep-mgt (default) @ SingularitySwagger ---
[INFO] Found Resolved Dependency / DependencyManagement mismatches:
[INFO] 	Ignoring Direct Dependencies.
[INFO] log4j:log4j:jar was excluded in DepMgt, but version 1.2.17 has been found in the dependency tree.
[INFO] com.google.guava:guava:jar was excluded in DepMgt, but version 19.0 has been found in the dependency tree.
[INFO] org.apache.httpcomponents:httpcore:jar was excluded in DepMgt, but version 4.4.4 has been found in the dependency tree.
[WARNING] Potential problems found in Dependency Management 
[INFO] 
[INFO] --- duplicate-finder-maven-plugin:1.2.1:check (default) @ SingularitySwagger ---
[INFO] Checking compile classpath
[INFO] Checking runtime classpath
[INFO] Checking test classpath
[INFO] 
[INFO] >>> findbugs-maven-plugin:3.0.3:check (default) > :findbugs @ SingularitySwagger >>>
[INFO] 
[INFO] --- findbugs-maven-plugin:3.0.3:findbugs (findbugs) @ SingularitySwagger ---
[INFO] Fork Value is true
[INFO] Done FindBugs Analysis....
[INFO] 
[INFO] <<< findbugs-maven-plugin:3.0.3:check (default) < :findbugs @ SingularitySwagger <<<
[INFO] 
[INFO] --- findbugs-maven-plugin:3.0.3:check (default) @ SingularitySwagger ---
[INFO] BugInstance size is 0
[INFO] Error size is 0
[INFO] No errors/warnings found
[INFO] 
[INFO] >>> maven-pmd-plugin:3.6:check (default) > :pmd @ SingularitySwagger >>>
[INFO] 
[INFO] --- maven-pmd-plugin:3.6:pmd (pmd) @ SingularitySwagger ---
[WARNING] Unable to locate Source XRef to link to - DISABLED
[WARNING] Unable to locate Source XRef to link to - DISABLED
[INFO] 
[INFO] <<< maven-pmd-plugin:3.6:check (default) < :pmd @ SingularitySwagger <<<
[INFO] 
[INFO] --- maven-pmd-plugin:3.6:check (default) @ SingularitySwagger ---
[INFO] 
[INFO] 
[INFO] --- license-maven-plugin:2.11:check (default) @ SingularitySwagger ---
[INFO] 
[INFO] --- maven-install-plugin:2.5.2:install (default-install) @ SingularitySwagger ---
[INFO] Installing /root/workspace/HubSpot/Singularity/308721725/SingularitySwagger/target/SingularitySwagger-0.18.0-SNAPSHOT.jar to /root/./workspace/HubSpot/Singularity/308721725/.m2/com/hubspot/SingularitySwagger/0.18.0-SNAPSHOT/SingularitySwagger-0.18.0-SNAPSHOT.jar
[INFO] Installing /root/workspace/HubSpot/Singularity/308721725/SingularitySwagger/pom.xml to /root/./workspace/HubSpot/Singularity/308721725/.m2/com/hubspot/SingularitySwagger/0.18.0-SNAPSHOT/SingularitySwagger-0.18.0-SNAPSHOT.pom
[INFO] Installing /root/workspace/HubSpot/Singularity/308721725/SingularitySwagger/target/SingularitySwagger-0.18.0-SNAPSHOT-sources.jar to /root/./workspace/HubSpot/Singularity/308721725/.m2/com/hubspot/SingularitySwagger/0.18.0-SNAPSHOT/SingularitySwagger-0.18.0-SNAPSHOT-sources.jar
[INFO]                                                                         
[INFO] ------------------------------------------------------------------------
[INFO] Building SingularityService 0.18.0-SNAPSHOT
[INFO] ------------------------------------------------------------------------
[INFO] 
[INFO] --- property-helper-maven-plugin:2.0:get (get-build-id) @ SingularityService ---
[INFO] 
[INFO] --- maven-enforcer-plugin:1.4.1:enforce (default) @ SingularityService ---
[INFO] 
[INFO] --- maven-dependency-versions-check-plugin:2.0.2:check (default) @ SingularityService ---
[INFO] Checking dependency versions
[INFO] 
[INFO] --- maven-checkstyle-plugin:2.17:check (default) @ SingularityService ---
[INFO] Starting audit...
[WARN] /root/workspace/HubSpot/Singularity/308721725/SingularityService/src/main/java/com/hubspot/singularity/hooks/LoadBalancerClientImpl.java:110:5: Redundant 'public' modifier. [RedundantModifier]
[WARN] /root/workspace/HubSpot/Singularity/308721725/SingularityService/src/main/java/com/hubspot/singularity/mesos/OfferCache.java:12:3: Redundant 'public' modifier. [RedundantModifier]
[WARN] /root/workspace/HubSpot/Singularity/308721725/SingularityService/src/main/java/com/hubspot/singularity/mesos/OfferCache.java:14:3: Redundant 'public' modifier. [RedundantModifier]
[WARN] /root/workspace/HubSpot/Singularity/308721725/SingularityService/src/main/java/com/hubspot/singularity/mesos/OfferCache.java:16:3: Redundant 'public' modifier. [RedundantModifier]
[WARN] /root/workspace/HubSpot/Singularity/308721725/SingularityService/src/main/java/com/hubspot/singularity/mesos/OfferCache.java:18:3: Redundant 'public' modifier. [RedundantModifier]
[WARN] /root/workspace/HubSpot/Singularity/308721725/SingularityService/src/main/java/com/hubspot/singularity/mesos/OfferCache.java:20:3: Redundant 'public' modifier. [RedundantModifier]
[WARN] /root/workspace/HubSpot/Singularity/308721725/SingularityService/src/main/java/com/hubspot/singularity/mesos/OfferCache.java:22:3: Redundant 'public' modifier. [RedundantModifier]
[WARN] /root/workspace/HubSpot/Singularity/308721725/SingularityService/src/main/java/com/hubspot/singularity/mesos/OfferCache.java:24:3: Redundant 'public' modifier. [RedundantModifier]
[WARN] /root/workspace/HubSpot/Singularity/308721725/SingularityService/src/main/java/com/hubspot/singularity/mesos/OfferCache.java:26:3: Redundant 'public' modifier. [RedundantModifier]
[WARN] /root/workspace/HubSpot/Singularity/308721725/SingularityService/src/main/java/com/hubspot/singularity/scheduler/SingularityExpiringUserActionPoller.java:175:5: Redundant 'public' modifier. [RedundantModifier]
[WARN] /root/workspace/HubSpot/Singularity/308721725/SingularityService/src/main/java/com/hubspot/singularity/scheduler/SingularityExpiringUserActionPoller.java:224:5: Redundant 'public' modifier. [RedundantModifier]
[WARN] /root/workspace/HubSpot/Singularity/308721725/SingularityService/src/main/java/com/hubspot/singularity/scheduler/SingularityExpiringUserActionPoller.java:249:5: Redundant 'public' modifier. [RedundantModifier]
[WARN] /root/workspace/HubSpot/Singularity/308721725/SingularityService/src/main/java/com/hubspot/singularity/scheduler/SingularityExpiringUserActionPoller.java:289:5: Redundant 'public' modifier. [RedundantModifier]
[WARN] /root/workspace/HubSpot/Singularity/308721725/SingularityService/src/main/java/com/hubspot/singularity/scheduler/SingularityExpiringUserActionPoller.java:315:5: Redundant 'public' modifier. [RedundantModifier]
[WARN] /root/workspace/HubSpot/Singularity/308721725/SingularityService/src/main/java/com/hubspot/singularity/data/CuratorManager.java:64:5: Redundant 'public' modifier. [RedundantModifier]
[WARN] /root/workspace/HubSpot/Singularity/308721725/SingularityService/src/main/java/com/hubspot/singularity/data/zkmigrations/SingularityCmdLineArgsMigration.java:58:5: Redundant 'public' modifier. [RedundantModifier]
[WARN] /root/workspace/HubSpot/Singularity/308721725/SingularityService/src/main/java/com/hubspot/singularity/data/zkmigrations/SingularityRequestTypeMigration.java:84:9: Redundant 'public' modifier. [RedundantModifier]
[WARN] /root/workspace/HubSpot/Singularity/308721725/SingularityService/src/main/java/com/hubspot/singularity/data/zkmigrations/SingularityRequestTypeMigration.java:139:9: Redundant 'public' modifier. [RedundantModifier]
[WARN] /root/workspace/HubSpot/Singularity/308721725/SingularityService/src/main/java/com/hubspot/singularity/data/history/SingularityHistoryModule.java:126:5: Redundant 'public' modifier. [RedundantModifier]
[WARN] /root/workspace/HubSpot/Singularity/308721725/SingularityService/src/main/java/com/hubspot/singularity/data/CuratorAsyncManager.java:46:5: Redundant 'private' modifier. [RedundantModifier]
[WARN] /root/workspace/HubSpot/Singularity/308721725/SingularityService/src/main/java/com/hubspot/singularity/smtp/SmtpMailer.java:366:5: Redundant 'private' modifier. [RedundantModifier]
Audit done.
[INFO] 
[INFO] --- dependency-management-plugin:0.4:analyze (analyze) @ SingularityService ---
[INFO] No dependency management issues found
[INFO] 
[INFO] --- git-commit-id-plugin:2.2.0:revision (default) @ SingularityService ---
[INFO] 
[INFO] --- jacoco-maven-plugin:0.7.5.201505241946:prepare-agent (default) @ SingularityService ---
[INFO] argLine set to -javaagent:/root/./workspace/HubSpot/Singularity/308721725/.m2/org/jacoco/org.jacoco.agent/0.7.5.201505241946/org.jacoco.agent-0.7.5.201505241946-runtime.jar=destfile=/root/workspace/HubSpot/Singularity/308721725/SingularityService/target/jacoco.exec
[INFO] 
[INFO] --- maven-resources-plugin:2.7:resources (default-resources) @ SingularityService ---
[INFO] Using 'UTF-8' encoding to copy filtered resources.
[INFO] Copying 9 resources
[INFO] 
[INFO] --- maven-compiler-plugin:3.3:compile (default-compile) @ SingularityService ---
[INFO] Nothing to compile - all classes are up to date
[INFO] 
[INFO] --- swagger-maven-plugin:2.3.2:generate (build-embedded-documentation) @ SingularityService ---
[INFO] Reflections took 306 ms to scan 2 urls, producing 13 keys and 78 values 
[INFO] Detect Resource:com.hubspot.singularity.resources.PriorityResource
UNKNOWN TYPE: com.hubspot.singularity.SingularityPaginatedResponse
UNKNOWN TYPE: com.hubspot.singularity.SingularityPaginatedResponse
UNKNOWN TYPE: com.hubspot.singularity.SingularityPaginatedResponse
UNKNOWN TYPE: com.hubspot.singularity.SingularityPaginatedResponse
UNKNOWN TYPE: com.hubspot.singularity.SingularityPaginatedResponse
UNKNOWN TYPE: java.lang.Iterable
[INFO] Detect Resource:com.hubspot.singularity.resources.HistoryResource
[INFO] Detect Resource:com.hubspot.singularity.resources.DeployResource
[INFO] Detect Resource:com.hubspot.singularity.resources.UserResource
[INFO] Detect Resource:com.hubspot.singularity.resources.SandboxResource
[INFO] Detect Resource:com.hubspot.singularity.resources.RackResource
[INFO] Detect Resource:com.hubspot.singularity.resources.RequestGroupResource
[INFO] Detect Resource:com.hubspot.singularity.resources.S3LogResource
[INFO] Detect Resource:com.hubspot.singularity.resources.SlaveResource
[INFO] Detect Resource:com.hubspot.singularity.resources.DisastersResource
[INFO] Detect Resource:com.hubspot.singularity.resources.UsageResource
[INFO] Detect Resource:com.hubspot.singularity.resources.WebhookResource
[INFO] Detect Resource:com.hubspot.singularity.resources.InactiveSlaveResource
[INFO] Detect Resource:com.hubspot.singularity.resources.StateResource
[INFO] Detect Resource:com.hubspot.singularity.resources.TestResource
[INFO] Detect Resource:com.hubspot.singularity.resources.TaskTrackerResource
UNKNOWN TYPE: java.lang.Iterable
UNKNOWN TYPE: java.lang.Iterable
UNKNOWN TYPE: java.lang.Iterable
UNKNOWN TYPE: java.lang.Iterable
UNKNOWN TYPE: java.lang.Iterable
UNKNOWN TYPE: java.lang.Iterable
[INFO] Detect Resource:com.hubspot.singularity.resources.TaskResource
UNKNOWN TYPE: java.lang.Iterable
[INFO] Detect Resource:com.hubspot.singularity.resources.RequestResource
[INFO] Writing doc to /root/workspace/HubSpot/Singularity/308721725/SingularityService/target/classes/assets/api-docs/index.html...
[INFO] Done!
[INFO] Creating file /root/workspace/HubSpot/Singularity/308721725/SingularityService/target/classes/assets/api-docs/service.json
[INFO] Creating file /root/workspace/HubSpot/Singularity/308721725/SingularityService/target/classes/assets/api-docs/api_priority.json
[INFO] Creating file /root/workspace/HubSpot/Singularity/308721725/SingularityService/target/classes/assets/api-docs/api_history.json
[INFO] Creating file /root/workspace/HubSpot/Singularity/308721725/SingularityService/target/classes/assets/api-docs/api_deploys.json
[INFO] Creating file /root/workspace/HubSpot/Singularity/308721725/SingularityService/target/classes/assets/api-docs/api_users.json
[INFO] Creating file /root/workspace/HubSpot/Singularity/308721725/SingularityService/target/classes/assets/api-docs/api_sandbox.json
[INFO] Creating file /root/workspace/HubSpot/Singularity/308721725/SingularityService/target/classes/assets/api-docs/api_racks.json
[INFO] Creating file /root/workspace/HubSpot/Singularity/308721725/SingularityService/target/classes/assets/api-docs/api_groups.json
[INFO] Creating file /root/workspace/HubSpot/Singularity/308721725/SingularityService/target/classes/assets/api-docs/api_logs.json
[INFO] Creating file /root/workspace/HubSpot/Singularity/308721725/SingularityService/target/classes/assets/api-docs/api_slaves.json
[INFO] Creating file /root/workspace/HubSpot/Singularity/308721725/SingularityService/target/classes/assets/api-docs/api_disasters.json
[INFO] Creating file /root/workspace/HubSpot/Singularity/308721725/SingularityService/target/classes/assets/api-docs/api_usage.json
[INFO] Creating file /root/workspace/HubSpot/Singularity/308721725/SingularityService/target/classes/assets/api-docs/api_webhooks.json
[INFO] Creating file /root/workspace/HubSpot/Singularity/308721725/SingularityService/target/classes/assets/api-docs/api_inactive.json
[INFO] Creating file /root/workspace/HubSpot/Singularity/308721725/SingularityService/target/classes/assets/api-docs/api_state.json
[INFO] Creating file /root/workspace/HubSpot/Singularity/308721725/SingularityService/target/classes/assets/api-docs/api_test.json
[INFO] Creating file /root/workspace/HubSpot/Singularity/308721725/SingularityService/target/classes/assets/api-docs/api_track.json
[INFO] Creating file /root/workspace/HubSpot/Singularity/308721725/SingularityService/target/classes/assets/api-docs/api_tasks.json
[INFO] Creating file /root/workspace/HubSpot/Singularity/308721725/SingularityService/target/classes/assets/api-docs/api_requests.json
[INFO] 
[INFO] --- maven-resources-plugin:2.7:testResources (default-testResources) @ SingularityService ---
[INFO] Using 'UTF-8' encoding to copy filtered resources.
[INFO] Copying 3 resources
[INFO] 
[INFO] --- maven-compiler-plugin:3.3:testCompile (default-testCompile) @ SingularityService ---
[INFO] Changes detected - recompiling the module!
[INFO] Compiling 33 source files to /root/workspace/HubSpot/Singularity/308721725/SingularityService/target/test-classes
[INFO] 
[INFO] --- maven-surefire-plugin:2.19:test (default-test) @ SingularityService ---
[INFO] Tests are skipped.
[INFO] 
[INFO] --- maven-jar-plugin:2.6:jar (default-jar) @ SingularityService ---
[INFO] Building jar: /root/workspace/HubSpot/Singularity/308721725/SingularityService/target/SingularityService-0.18.0-SNAPSHOT.jar
[INFO] 
[INFO] --- maven-jar-plugin:2.6:test-jar (attach-tests) @ SingularityService ---
[INFO] Building jar: /root/workspace/HubSpot/Singularity/308721725/SingularityService/target/SingularityService-0.18.0-SNAPSHOT-tests.jar
[INFO] 
[INFO] --- maven-source-plugin:2.4:jar-no-fork (attach-sources) @ SingularityService ---
[INFO] Building jar: /root/workspace/HubSpot/Singularity/308721725/SingularityService/target/SingularityService-0.18.0-SNAPSHOT-sources.jar
[INFO] 
[INFO] --- maven-source-plugin:2.4:test-jar-no-fork (attach-sources) @ SingularityService ---
[INFO] Building jar: /root/workspace/HubSpot/Singularity/308721725/SingularityService/target/SingularityService-0.18.0-SNAPSHOT-test-sources.jar
[INFO] 
[INFO] --- maven-shade-plugin:2.4.2:shade (default) @ SingularityService ---
[INFO] Including com.hubspot:SingularityBase:jar:0.18.0-SNAPSHOT in the shaded jar.
[INFO] Including com.hubspot:SingularityServiceBase:jar:0.18.0-SNAPSHOT in the shaded jar.
[INFO] Including com.hubspot:SingularityUI:jar:0.18.0-SNAPSHOT in the shaded jar.
[INFO] Including com.hubspot:SingularityMesosClient:jar:0.18.0-SNAPSHOT in the shaded jar.
[INFO] Including com.hubspot:HorizonCore:jar:0.0.25 in the shaded jar.
[INFO] Including commons-codec:commons-codec:jar:1.10 in the shaded jar.
[INFO] Including org.xerial.snappy:snappy-java:jar:1.1.2 in the shaded jar.
[INFO] Including com.hubspot:HorizonNing:jar:0.0.25 in the shaded jar.
[INFO] Including com.hubspot.jackson:jackson-jaxrs-propertyfiltering:jar:0.8.1 in the shaded jar.
[INFO] Including com.fasterxml.jackson.jaxrs:jackson-jaxrs-json-provider:jar:2.7.9 in the shaded jar.
[INFO] Including com.fasterxml.jackson.jaxrs:jackson-jaxrs-base:jar:2.7.9 in the shaded jar.
[INFO] Including com.fasterxml.jackson.module:jackson-module-jaxb-annotations:jar:2.7.9 in the shaded jar.
[INFO] Including io.dropwizard.metrics:metrics-servlets:jar:3.1.2 in the shaded jar.
[INFO] Including io.dropwizard.metrics:metrics-json:jar:3.1.4 in the shaded jar.
[INFO] Including com.hubspot.jackson:jackson-datatype-protobuf:jar:0.9.3 in the shaded jar.
[INFO] Including com.hubspot:BaragonCore:jar:0.5.0 in the shaded jar.
[INFO] Including com.google.inject:guice:jar:4.0 in the shaded jar.
[INFO] Including com.google.inject.extensions:guice-multibindings:jar:4.0 in the shaded jar.
[INFO] Including com.google.guava:guava:jar:19.0 in the shaded jar.
[INFO] Including com.google.protobuf:protobuf-java:jar:2.6.1 in the shaded jar.
[INFO] Including com.hubspot.dropwizard:dropwizard-guicier:jar:1.0.6.0 in the shaded jar.
[INFO] Including com.google.inject.extensions:guice-servlet:jar:4.0 in the shaded jar.
[INFO] Including io.dropwizard:dropwizard-servlets:jar:1.0.6 in the shaded jar.
[INFO] Including org.glassfish.jersey.core:jersey-server:jar:2.23.2 in the shaded jar.
[INFO] Including org.glassfish.jersey.core:jersey-common:jar:2.23.2 in the shaded jar.
[INFO] Including org.glassfish.jersey.bundles.repackaged:jersey-guava:jar:2.23.2 in the shaded jar.
[INFO] Including org.glassfish.hk2:osgi-resource-locator:jar:1.0.1 in the shaded jar.
[INFO] Including org.glassfish.jersey.core:jersey-client:jar:2.23.2 in the shaded jar.
[INFO] Including org.glassfish.jersey.media:jersey-media-jaxb:jar:2.23.2 in the shaded jar.
[INFO] Including javax.annotation:javax.annotation-api:jar:1.2 in the shaded jar.
[INFO] Including org.glassfish.hk2:hk2-locator:jar:2.5.0-b05 in the shaded jar.
[INFO] Including org.glassfish.hk2:hk2-api:jar:2.5.0-b05 in the shaded jar.
[INFO] Including org.glassfish.hk2:hk2-utils:jar:2.5.0-b05 in the shaded jar.
[INFO] Including javax.inject:javax.inject:jar:1 in the shaded jar.
[INFO] Including com.sun.mail:javax.mail:jar:1.5.2 in the shaded jar.
[INFO] Including javax.activation:activation:jar:1.1 in the shaded jar.
[INFO] Including javax.servlet:javax.servlet-api:jar:3.1.0 in the shaded jar.
[INFO] Including javax.ws.rs:javax.ws.rs-api:jar:2.0.1 in the shaded jar.
[INFO] Including javax.validation:validation-api:jar:1.1.0.Final in the shaded jar.
[INFO] Including org.slf4j:slf4j-api:jar:1.7.21 in the shaded jar.
[INFO] Including org.slf4j:jcl-over-slf4j:jar:1.7.21 in the shaded jar.
[INFO] Including ch.qos.logback:logback-classic:jar:1.1.7 in the shaded jar.
[INFO] Including ch.qos.logback:logback-core:jar:1.1.7 in the shaded jar.
[INFO] Including aopalliance:aopalliance:jar:1.0 in the shaded jar.
[INFO] Including org.apache.mesos:mesos:jar:1.1.2 in the shaded jar.
[INFO] Including com.mesosphere.mesos.rx.java:mesos-rxjava-protobuf-client:jar:0.2.0 in the shaded jar.
[INFO] Including org.jetbrains:annotations:jar:15.0 in the shaded jar.
[INFO] Including io.reactivex:rxjava:jar:1.1.8 in the shaded jar.
[INFO] Including com.mesosphere.mesos.rx.java:mesos-rxjava-client:jar:0.2.0 in the shaded jar.
[INFO] Including com.mesosphere.mesos.rx.java:mesos-rxjava-recordio:jar:0.2.0 in the shaded jar.
[INFO] Including io.netty:netty-buffer:jar:4.1.4.Final in the shaded jar.
[INFO] Including io.reactivex:rxnetty:jar:0.5.1 in the shaded jar.
[INFO] Including io.netty:netty-codec-http:jar:4.1.4.Final in the shaded jar.
[INFO] Including io.netty:netty-handler:jar:4.1.4.Final in the shaded jar.
[INFO] Including io.netty:netty-transport-native-epoll:jar:4.1.4.Final in the shaded jar.
[INFO] Including io.netty:netty-common:jar:4.1.4.Final in the shaded jar.
[INFO] Including com.mesosphere.mesos.rx.java:mesos-rxjava-util:jar:0.2.0 in the shaded jar.
[INFO] Including org.apache.commons:commons-lang3:jar:3.4 in the shaded jar.
[INFO] Including org.apache.curator:curator-client:jar:2.8.0 in the shaded jar.
[INFO] Including org.apache.curator:curator-framework:jar:2.8.0 in the shaded jar.
[INFO] Including org.apache.zookeeper:zookeeper:jar:3.4.6 in the shaded jar.
[INFO] Including org.eclipse.jetty:jetty-server:jar:9.3.9.v20160517 in the shaded jar.
[INFO] Including org.eclipse.jetty:jetty-http:jar:9.3.9.v20160517 in the shaded jar.
[INFO] Including org.eclipse.jetty:jetty-io:jar:9.3.9.v20160517 in the shaded jar.
[INFO] Including org.eclipse.jetty:jetty-servlets:jar:9.3.9.v20160517 in the shaded jar.
[INFO] Including org.eclipse.jetty:jetty-continuation:jar:9.3.9.v20160517 in the shaded jar.
[INFO] Including org.eclipse.jetty:jetty-util:jar:9.3.9.v20160517 in the shaded jar.
[INFO] Including de.neuland-bfi:jade4j:jar:0.4.0 in the shaded jar.
[INFO] Including org.apache.commons:commons-jexl:jar:2.1.1 in the shaded jar.
[INFO] Including commons-collections:commons-collections:jar:3.2.1 in the shaded jar.
[INFO] Including commons-io:commons-io:jar:2.4 in the shaded jar.
[INFO] Including com.googlecode.concurrentlinkedhashmap:concurrentlinkedhashmap-lru:jar:1.3.1 in the shaded jar.
[INFO] Including org.pegdown:pegdown:jar:1.1.0 in the shaded jar.
[INFO] Including org.parboiled:parboiled-core:jar:1.0.2 in the shaded jar.
[INFO] Including org.parboiled:parboiled-java:jar:1.0.2 in the shaded jar.
[INFO] Including asm:asm:jar:3.3.1 in the shaded jar.
[INFO] Including asm:asm-util:jar:3.3.1 in the shaded jar.
[INFO] Including asm:asm-tree:jar:3.3.1 in the shaded jar.
[INFO] Including asm:asm-analysis:jar:3.3.1 in the shaded jar.
[INFO] Including com.ning:async-http-client:jar:1.8.12 in the shaded jar.
[INFO] Including io.netty:netty:jar:3.9.2.Final in the shaded jar.
[INFO] Including io.dropwizard:dropwizard-jdbi:jar:1.0.6 in the shaded jar.
[INFO] Including io.dropwizard.metrics:metrics-jdbi:jar:3.1.4 in the shaded jar.
[INFO] Including io.dropwizard:dropwizard-migrations:jar:1.0.6 in the shaded jar.
[INFO] Including com.mattbertolini:liquibase-slf4j:jar:2.0.0 in the shaded jar.
[INFO] Including io.dropwizard:dropwizard-assets:jar:1.0.6 in the shaded jar.
[INFO] Including io.dropwizard:dropwizard-core:jar:1.0.6 in the shaded jar.
[INFO] Including io.dropwizard:dropwizard-util:jar:1.0.6 in the shaded jar.
[INFO] Including io.dropwizard:dropwizard-validation:jar:1.0.6 in the shaded jar.
[INFO] Including org.glassfish:javax.el:jar:3.0.0 in the shaded jar.
[INFO] Including io.dropwizard:dropwizard-logging:jar:1.0.6 in the shaded jar.
[INFO] Including io.dropwizard.metrics:metrics-logback:jar:3.1.2 in the shaded jar.
[INFO] Including org.slf4j:jul-to-slf4j:jar:1.7.21 in the shaded jar.
[INFO] Including org.slf4j:log4j-over-slf4j:jar:1.7.21 in the shaded jar.
[INFO] Including io.dropwizard:dropwizard-metrics:jar:1.0.6 in the shaded jar.
[INFO] Including io.dropwizard.metrics:metrics-jvm:jar:3.1.4 in the shaded jar.
[INFO] Including io.dropwizard:dropwizard-request-logging:jar:1.0.6 in the shaded jar.
[INFO] Including ch.qos.logback:logback-access:jar:1.1.7 in the shaded jar.
[INFO] Including net.sourceforge.argparse4j:argparse4j:jar:0.7.0 in the shaded jar.
[INFO] Including org.eclipse.jetty.toolchain.setuid:jetty-setuid-java:jar:1.0.3 in the shaded jar.
[INFO] Including io.dropwizard:dropwizard-configuration:jar:1.0.6 in the shaded jar.
[INFO] Including io.dropwizard:dropwizard-db:jar:1.0.6 in the shaded jar.
[INFO] Including org.apache.tomcat:tomcat-jdbc:jar:8.5.3 in the shaded jar.
[INFO] Including org.apache.tomcat:tomcat-juli:jar:8.5.3 in the shaded jar.
[INFO] Including io.dropwizard:dropwizard-jackson:jar:1.0.6 in the shaded jar.
[INFO] Including com.fasterxml.jackson.datatype:jackson-datatype-jsr310:jar:2.7.9 in the shaded jar.
[INFO] Including com.fasterxml.jackson.datatype:jackson-datatype-jdk8:jar:2.7.9 in the shaded jar.
[INFO] Including com.fasterxml.jackson.module:jackson-module-afterburner:jar:2.7.9 in the shaded jar.
[INFO] Including com.fasterxml.jackson.datatype:jackson-datatype-joda:jar:2.7.9 in the shaded jar.
[INFO] Including io.dropwizard:dropwizard-jersey:jar:1.0.6 in the shaded jar.
[INFO] Including org.glassfish.jersey.ext:jersey-metainf-services:jar:2.23.2 in the shaded jar.
[INFO] Including org.glassfish.jersey.ext:jersey-bean-validation:jar:2.23.2 in the shaded jar.
[INFO] Including io.dropwizard.metrics:metrics-jersey2:jar:3.1.2 in the shaded jar.
[INFO] Including org.glassfish.jersey.containers:jersey-container-servlet:jar:2.23.2 in the shaded jar.
[INFO] Including org.eclipse.jetty:jetty-webapp:jar:9.3.9.v20160517 in the shaded jar.
[INFO] Including org.eclipse.jetty:jetty-xml:jar:9.3.9.v20160517 in the shaded jar.
[INFO] Including io.dropwizard:dropwizard-jetty:jar:1.0.6 in the shaded jar.
[INFO] Including io.dropwizard.metrics:metrics-jetty9:jar:3.1.2 in the shaded jar.
[INFO] Including org.eclipse.jetty:jetty-servlet:jar:9.3.9.v20160517 in the shaded jar.
[INFO] Including org.eclipse.jetty:jetty-security:jar:9.3.9.v20160517 in the shaded jar.
[INFO] Including io.dropwizard:dropwizard-lifecycle:jar:1.0.6 in the shaded jar.
[INFO] Including io.dropwizard:dropwizard-views:jar:1.0.6 in the shaded jar.
[INFO] Including io.dropwizard:dropwizard-views-mustache:jar:1.0.6 in the shaded jar.
[INFO] Including com.github.spullara.mustache.java:compiler:jar:0.9.4 in the shaded jar.
[INFO] Including io.dropwizard.metrics:metrics-annotation:jar:3.1.4 in the shaded jar.
[INFO] Including io.dropwizard.metrics:metrics-core:jar:3.1.4 in the shaded jar.
[INFO] Including io.dropwizard.metrics:metrics-healthchecks:jar:3.1.4 in the shaded jar.
[INFO] Including io.dropwizard.metrics:metrics-graphite:jar:3.1.4 in the shaded jar.
[INFO] Including com.palominolabs.metrics:metrics-guice:jar:3.1.3 in the shaded jar.
[INFO] Including com.google.code.findbugs:jsr305:jar:3.0.1 in the shaded jar.
[INFO] Including com.fasterxml.jackson.core:jackson-annotations:jar:2.7.9 in the shaded jar.
[INFO] Including com.fasterxml.jackson.core:jackson-core:jar:2.7.9 in the shaded jar.
[INFO] Including com.fasterxml.jackson.core:jackson-databind:jar:2.7.9 in the shaded jar.
[INFO] Including com.fasterxml.jackson.dataformat:jackson-dataformat-yaml:jar:2.7.9 in the shaded jar.
[INFO] Including com.fasterxml.jackson.datatype:jackson-datatype-guava:jar:2.7.9 in the shaded jar.
[INFO] Including org.hibernate:hibernate-validator:jar:5.2.4.Final in the shaded jar.
[INFO] Including org.jboss.logging:jboss-logging:jar:3.2.1.Final in the shaded jar.
[INFO] Including com.fasterxml:classmate:jar:1.1.0 in the shaded jar.
[INFO] Including org.jdbi:jdbi:jar:2.73 in the shaded jar.
[INFO] Including org.antlr:stringtemplate:jar:3.2.1 in the shaded jar.
[INFO] Including antlr:antlr:jar:2.7.7 in the shaded jar.
[INFO] Including mysql:mysql-connector-java:jar:5.1.39 in the shaded jar.
[INFO] Including org.apache.curator:curator-recipes:jar:2.8.0 in the shaded jar.
[INFO] Including org.quartz-scheduler:quartz:jar:2.2.1 in the shaded jar.
[INFO] Including c3p0:c3p0:jar:0.9.1.1 in the shaded jar.
[INFO] Including net.kencochrane.raven:raven:jar:6.0.0 in the shaded jar.
[INFO] Including org.iq80.snappy:snappy:jar:0.3 in the shaded jar.
[INFO] Including com.amazonaws:aws-java-sdk-s3:jar:1.11.69 in the shaded jar.
[INFO] Including com.amazonaws:aws-java-sdk-kms:jar:1.11.69 in the shaded jar.
[INFO] Including com.amazonaws:jmespath-java:jar:1.11.69 in the shaded jar.
[INFO] Including com.amazonaws:aws-java-sdk-core:jar:1.11.69 in the shaded jar.
[INFO] Including org.apache.httpcomponents:httpclient:jar:4.5.2 in the shaded jar.
[INFO] Including org.apache.httpcomponents:httpcore:jar:4.4.4 in the shaded jar.
[INFO] Including software.amazon.ion:ion-java:jar:1.0.1 in the shaded jar.
[INFO] Including com.fasterxml.jackson.dataformat:jackson-dataformat-cbor:jar:2.7.9 in the shaded jar.
[INFO] Including com.google.code.findbugs:annotations:jar:3.0.1 in the shaded jar.
[INFO] Including com.wordnik:swagger-annotations:jar:1.3.12 in the shaded jar.
[INFO] Including com.squarespace.jersey2-guice:jersey2-guice-impl:jar:1.0.6 in the shaded jar.
[INFO] Including org.glassfish.jersey.containers:jersey-container-servlet-core:jar:2.23.2 in the shaded jar.
[INFO] Including com.squarespace.jersey2-guice:0-jersey2-guice-spi:jar:1.0.6 in the shaded jar.
[INFO] Including org.javassist:javassist:jar:3.20.0-GA in the shaded jar.
[INFO] Including org.liquibase:liquibase-core:jar:3.5.1 in the shaded jar.
[INFO] Including org.yaml:snakeyaml:jar:1.15 in the shaded jar.
[INFO] Including org.apache.directory.api:api-all:jar:1.0.0-M28 in the shaded jar.
[INFO] Including org.apache.servicemix.bundles:org.apache.servicemix.bundles.xpp3:jar:1.1.4c_6 in the shaded jar.
[INFO] Including org.apache.servicemix.bundles:org.apache.servicemix.bundles.dom4j:jar:1.6.1_5 in the shaded jar.
[INFO] Including xml-apis:xml-apis:jar:1.0.b2 in the shaded jar.
[INFO] Including commons-pool:commons-pool:jar:1.6 in the shaded jar.
[INFO] Including org.apache.mina:mina-core:jar:2.0.9 in the shaded jar.
[INFO] Including commons-lang:commons-lang:jar:2.6 in the shaded jar.
[INFO] Including org.dmfs:lib-recur:jar:0.9.4 in the shaded jar.
[INFO] Including org.dmfs:rfc5545-datetime:jar:0.2.2 in the shaded jar.
[INFO] Including joda-time:joda-time:jar:2.9.4 in the shaded jar.
[INFO] Including io.netty:netty-codec:jar:4.1.4.Final in the shaded jar.
[INFO] Including io.netty:netty-transport:jar:4.1.4.Final in the shaded jar.
[INFO] Including io.netty:netty-resolver:jar:4.1.4.Final in the shaded jar.
[WARNING] jsr305-3.0.1.jar, annotations-3.0.1.jar define 35 overlapping classes: 
[WARNING]   - javax.annotation.RegEx
[WARNING]   - javax.annotation.concurrent.Immutable
[WARNING]   - javax.annotation.meta.TypeQualifierDefault
[WARNING]   - javax.annotation.meta.TypeQualifier
[WARNING]   - javax.annotation.Syntax
[WARNING]   - javax.annotation.CheckForNull
[WARNING]   - javax.annotation.Nonnull
[WARNING]   - javax.annotation.CheckReturnValue
[WARNING]   - javax.annotation.meta.TypeQualifierNickname
[WARNING]   - javax.annotation.MatchesPattern
[WARNING]   - 25 more...
[WARNING] maven-shade-plugin has detected that some class files are
[WARNING] present in two or more JARs. When this happens, only one
[WARNING] single version of the class is copied to the uber jar.
[WARNING] Usually this is not harmful and you can skip these warnings,
[WARNING] otherwise try to manually exclude artifacts based on
[WARNING] mvn dependency:tree -Ddetail=true and the above output.
[WARNING] See http://maven.apache.org/plugins/maven-shade-plugin/
[INFO] 
[INFO] --- maven-dependency-plugin:2.10:analyze-only (default) @ SingularityService ---
[INFO] No dependency problems found
[INFO] 
[INFO] --- maven-dependency-plugin:2.10:analyze-duplicate (default) @ SingularityService ---
[INFO] No duplicate dependencies found in <dependencies/> or in <dependencyManagement/>
[INFO] 
[INFO] --- maven-dependency-plugin:2.10:analyze-dep-mgt (default) @ SingularityService ---
[INFO] Found Resolved Dependency / DependencyManagement mismatches:
[INFO] 	Ignoring Direct Dependencies.
[INFO] org.yaml:snakeyaml:jar was excluded in DepMgt, but version 1.15 has been found in the dependency tree.
[INFO] com.google.code.findbugs:jsr305:jar was excluded in DepMgt, but version 3.0.1 has been found in the dependency tree.
[INFO] io.netty:netty:jar was excluded in DepMgt, but version 3.9.2.Final has been found in the dependency tree.
[INFO] org.apache.httpcomponents:httpcore:jar was excluded in DepMgt, but version 4.4.4 has been found in the dependency tree.
[WARNING] Potential problems found in Dependency Management 
[INFO] 
[INFO] --- duplicate-finder-maven-plugin:1.2.1:check (default) @ SingularityService ---
[INFO] Checking compile classpath
[INFO] Checking runtime classpath
[INFO] Checking test classpath
[INFO] 
[INFO] >>> findbugs-maven-plugin:3.0.3:check (default) > :findbugs @ SingularityService >>>
[INFO] 
[INFO] --- findbugs-maven-plugin:3.0.3:findbugs (findbugs) @ SingularityService ---
[INFO] Fork Value is true
[INFO] Done FindBugs Analysis....
[INFO] 
[INFO] <<< findbugs-maven-plugin:3.0.3:check (default) < :findbugs @ SingularityService <<<
[INFO] 
[INFO] --- findbugs-maven-plugin:3.0.3:check (default) @ SingularityService ---
[INFO] BugInstance size is 0
[INFO] Error size is 0
[INFO] No errors/warnings found
[INFO] 
[INFO] >>> maven-pmd-plugin:3.6:check (default) > :pmd @ SingularityService >>>
[INFO] 
[INFO] --- maven-pmd-plugin:3.6:pmd (pmd) @ SingularityService ---
[WARNING] Unable to locate Source XRef to link to - DISABLED
[WARNING] Unable to locate Source XRef to link to - DISABLED
[INFO] 
[INFO] <<< maven-pmd-plugin:3.6:check (default) < :pmd @ SingularityService <<<
[INFO] 
[INFO] --- maven-pmd-plugin:3.6:check (default) @ SingularityService ---
[INFO] 
[INFO] 
[INFO] --- license-maven-plugin:2.11:check (default) @ SingularityService ---
[INFO] 
[INFO] --- maven-install-plugin:2.5.2:install (default-install) @ SingularityService ---
[INFO] Installing /root/workspace/HubSpot/Singularity/308721725/SingularityService/target/SingularityService-0.18.0-SNAPSHOT.jar to /root/./workspace/HubSpot/Singularity/308721725/.m2/com/hubspot/SingularityService/0.18.0-SNAPSHOT/SingularityService-0.18.0-SNAPSHOT.jar
[INFO] Installing /root/workspace/HubSpot/Singularity/308721725/SingularityService/pom.xml to /root/./workspace/HubSpot/Singularity/308721725/.m2/com/hubspot/SingularityService/0.18.0-SNAPSHOT/SingularityService-0.18.0-SNAPSHOT.pom
[INFO] Installing /root/workspace/HubSpot/Singularity/308721725/SingularityService/target/SingularityService-0.18.0-SNAPSHOT-tests.jar to /root/./workspace/HubSpot/Singularity/308721725/.m2/com/hubspot/SingularityService/0.18.0-SNAPSHOT/SingularityService-0.18.0-SNAPSHOT-tests.jar
[INFO] Installing /root/workspace/HubSpot/Singularity/308721725/SingularityService/target/SingularityService-0.18.0-SNAPSHOT-sources.jar to /root/./workspace/HubSpot/Singularity/308721725/.m2/com/hubspot/SingularityService/0.18.0-SNAPSHOT/SingularityService-0.18.0-SNAPSHOT-sources.jar
[INFO] Installing /root/workspace/HubSpot/Singularity/308721725/SingularityService/target/SingularityService-0.18.0-SNAPSHOT-test-sources.jar to /root/./workspace/HubSpot/Singularity/308721725/.m2/com/hubspot/SingularityService/0.18.0-SNAPSHOT/SingularityService-0.18.0-SNAPSHOT-test-sources.jar
[INFO]                                                                         
[INFO] ------------------------------------------------------------------------
[INFO] Building SingularityRunnerBase 0.18.0-SNAPSHOT
[INFO] ------------------------------------------------------------------------
[INFO] 
[INFO] --- property-helper-maven-plugin:2.0:get (get-build-id) @ SingularityRunnerBase ---
[INFO] 
[INFO] --- maven-enforcer-plugin:1.4.1:enforce (default) @ SingularityRunnerBase ---
[INFO] 
[INFO] --- maven-dependency-versions-check-plugin:2.0.2:check (default) @ SingularityRunnerBase ---
[INFO] Checking dependency versions
[INFO] 
[INFO] --- maven-checkstyle-plugin:2.17:check (default) @ SingularityRunnerBase ---
[INFO] Starting audit...
[WARN] /root/workspace/HubSpot/Singularity/308721725/SingularityRunnerBase/src/main/java/com/hubspot/singularity/runner/base/shared/Signal.java:8:3: Redundant 'private' modifier. [RedundantModifier]
[WARN] /root/workspace/HubSpot/Singularity/308721725/SingularityRunnerBase/src/main/java/com/hubspot/singularity/runner/base/shared/SimpleProcessManager.java:108:5: Redundant 'public' modifier. [RedundantModifier]
Audit done.
[INFO] 
[INFO] --- dependency-management-plugin:0.4:analyze (analyze) @ SingularityRunnerBase ---
[INFO] No dependency management issues found
[INFO] 
[INFO] --- git-commit-id-plugin:2.2.0:revision (default) @ SingularityRunnerBase ---
[INFO] 
[INFO] --- jacoco-maven-plugin:0.7.5.201505241946:prepare-agent (default) @ SingularityRunnerBase ---
[INFO] argLine set to -javaagent:/root/./workspace/HubSpot/Singularity/308721725/.m2/org/jacoco/org.jacoco.agent/0.7.5.201505241946/org.jacoco.agent-0.7.5.201505241946-runtime.jar=destfile=/root/workspace/HubSpot/Singularity/308721725/SingularityRunnerBase/target/jacoco.exec
[INFO] 
[INFO] --- maven-resources-plugin:2.7:resources (default-resources) @ SingularityRunnerBase ---
[INFO] Using 'UTF-8' encoding to copy filtered resources.
[INFO] skip non existing resourceDirectory /root/workspace/HubSpot/Singularity/308721725/SingularityRunnerBase/src/main/resources
[INFO] 
[INFO] --- maven-compiler-plugin:3.3:compile (default-compile) @ SingularityRunnerBase ---
[INFO] Nothing to compile - all classes are up to date
[INFO] 
[INFO] --- maven-resources-plugin:2.7:testResources (default-testResources) @ SingularityRunnerBase ---
[INFO] Using 'UTF-8' encoding to copy filtered resources.
[INFO] skip non existing resourceDirectory /root/workspace/HubSpot/Singularity/308721725/SingularityRunnerBase/src/test/resources
[INFO] 
[INFO] --- maven-compiler-plugin:3.3:testCompile (default-testCompile) @ SingularityRunnerBase ---
[INFO] No sources to compile
[INFO] 
[INFO] --- maven-surefire-plugin:2.19:test (default-test) @ SingularityRunnerBase ---
[INFO] Tests are skipped.
[INFO] 
[INFO] --- maven-jar-plugin:2.6:jar (default-jar) @ SingularityRunnerBase ---
[INFO] Building jar: /root/workspace/HubSpot/Singularity/308721725/SingularityRunnerBase/target/SingularityRunnerBase-0.18.0-SNAPSHOT.jar
[INFO] 
[INFO] --- maven-jar-plugin:2.6:test-jar (attach-tests) @ SingularityRunnerBase ---
[INFO] Skipping packaging of the test-jar
[INFO] 
[INFO] --- maven-source-plugin:2.4:jar-no-fork (attach-sources) @ SingularityRunnerBase ---
[INFO] Building jar: /root/workspace/HubSpot/Singularity/308721725/SingularityRunnerBase/target/SingularityRunnerBase-0.18.0-SNAPSHOT-sources.jar
[INFO] 
[INFO] --- maven-source-plugin:2.4:test-jar-no-fork (attach-sources) @ SingularityRunnerBase ---
[INFO] No sources in project. Archive not created.
[INFO] 
[INFO] --- maven-dependency-plugin:2.10:analyze-only (default) @ SingularityRunnerBase ---
[INFO] No dependency problems found
[INFO] 
[INFO] --- maven-dependency-plugin:2.10:analyze-duplicate (default) @ SingularityRunnerBase ---
[INFO] No duplicate dependencies found in <dependencies/> or in <dependencyManagement/>
[INFO] 
[INFO] --- maven-dependency-plugin:2.10:analyze-dep-mgt (default) @ SingularityRunnerBase ---
[INFO] Found Resolved Dependency / DependencyManagement mismatches:
[INFO] 	Ignoring Direct Dependencies.
[INFO] aopalliance:aopalliance:jar was excluded in DepMgt, but version 1.0 has been found in the dependency tree.
[INFO] joda-time:joda-time:jar was excluded in DepMgt, but version 2.9.4 has been found in the dependency tree.
[INFO] org.apache.httpcomponents:httpcore:jar was excluded in DepMgt, but version 4.4.4 has been found in the dependency tree.
[WARNING] Potential problems found in Dependency Management 
[INFO] 
[INFO] --- duplicate-finder-maven-plugin:1.2.1:check (default) @ SingularityRunnerBase ---
[INFO] Checking compile classpath
[INFO] Checking runtime classpath
[INFO] Checking test classpath
[INFO] 
[INFO] >>> findbugs-maven-plugin:3.0.3:check (default) > :findbugs @ SingularityRunnerBase >>>
[INFO] 
[INFO] --- findbugs-maven-plugin:3.0.3:findbugs (findbugs) @ SingularityRunnerBase ---
[INFO] Fork Value is true
[INFO] Done FindBugs Analysis....
[INFO] 
[INFO] <<< findbugs-maven-plugin:3.0.3:check (default) < :findbugs @ SingularityRunnerBase <<<
[INFO] 
[INFO] --- findbugs-maven-plugin:3.0.3:check (default) @ SingularityRunnerBase ---
[INFO] BugInstance size is 0
[INFO] Error size is 0
[INFO] No errors/warnings found
[INFO] 
[INFO] >>> maven-pmd-plugin:3.6:check (default) > :pmd @ SingularityRunnerBase >>>
[INFO] 
[INFO] --- maven-pmd-plugin:3.6:pmd (pmd) @ SingularityRunnerBase ---
[WARNING] Unable to locate Source XRef to link to - DISABLED
[WARNING] Unable to locate Source XRef to link to - DISABLED
[INFO] 
[INFO] <<< maven-pmd-plugin:3.6:check (default) < :pmd @ SingularityRunnerBase <<<
[INFO] 
[INFO] --- maven-pmd-plugin:3.6:check (default) @ SingularityRunnerBase ---
[INFO] 
[INFO] 
[INFO] --- license-maven-plugin:2.11:check (default) @ SingularityRunnerBase ---
[INFO] 
[INFO] --- maven-install-plugin:2.5.2:install (default-install) @ SingularityRunnerBase ---
[INFO] Installing /root/workspace/HubSpot/Singularity/308721725/SingularityRunnerBase/target/SingularityRunnerBase-0.18.0-SNAPSHOT.jar to /root/./workspace/HubSpot/Singularity/308721725/.m2/com/hubspot/SingularityRunnerBase/0.18.0-SNAPSHOT/SingularityRunnerBase-0.18.0-SNAPSHOT.jar
[INFO] Installing /root/workspace/HubSpot/Singularity/308721725/SingularityRunnerBase/pom.xml to /root/./workspace/HubSpot/Singularity/308721725/.m2/com/hubspot/SingularityRunnerBase/0.18.0-SNAPSHOT/SingularityRunnerBase-0.18.0-SNAPSHOT.pom
[INFO] Installing /root/workspace/HubSpot/Singularity/308721725/SingularityRunnerBase/target/SingularityRunnerBase-0.18.0-SNAPSHOT-sources.jar to /root/./workspace/HubSpot/Singularity/308721725/.m2/com/hubspot/SingularityRunnerBase/0.18.0-SNAPSHOT/SingularityRunnerBase-0.18.0-SNAPSHOT-sources.jar
[INFO]                                                                         
[INFO] ------------------------------------------------------------------------
[INFO] Building SingularityS3Base 0.18.0-SNAPSHOT
[INFO] ------------------------------------------------------------------------
[INFO] 
[INFO] --- property-helper-maven-plugin:2.0:get (get-build-id) @ SingularityS3Base ---
[INFO] 
[INFO] --- maven-enforcer-plugin:1.4.1:enforce (default) @ SingularityS3Base ---
[INFO] 
[INFO] --- maven-dependency-versions-check-plugin:2.0.2:check (default) @ SingularityS3Base ---
[INFO] Checking dependency versions
[INFO] 
[INFO] --- maven-checkstyle-plugin:2.17:check (default) @ SingularityS3Base ---
[INFO] Starting audit...
Audit done.
[INFO] 
[INFO] --- dependency-management-plugin:0.4:analyze (analyze) @ SingularityS3Base ---
[INFO] No dependency management issues found
[INFO] 
[INFO] --- git-commit-id-plugin:2.2.0:revision (default) @ SingularityS3Base ---
[INFO] 
[INFO] --- jacoco-maven-plugin:0.7.5.201505241946:prepare-agent (default) @ SingularityS3Base ---
[INFO] argLine set to -javaagent:/root/./workspace/HubSpot/Singularity/308721725/.m2/org/jacoco/org.jacoco.agent/0.7.5.201505241946/org.jacoco.agent-0.7.5.201505241946-runtime.jar=destfile=/root/workspace/HubSpot/Singularity/308721725/SingularityS3Base/target/jacoco.exec
[INFO] 
[INFO] --- maven-resources-plugin:2.7:resources (default-resources) @ SingularityS3Base ---
[INFO] Using 'UTF-8' encoding to copy filtered resources.
[INFO] skip non existing resourceDirectory /root/workspace/HubSpot/Singularity/308721725/SingularityS3Base/src/main/resources
[INFO] 
[INFO] --- maven-compiler-plugin:3.3:compile (default-compile) @ SingularityS3Base ---
[INFO] Nothing to compile - all classes are up to date
[INFO] 
[INFO] --- maven-resources-plugin:2.7:testResources (default-testResources) @ SingularityS3Base ---
[INFO] Using 'UTF-8' encoding to copy filtered resources.
[INFO] skip non existing resourceDirectory /root/workspace/HubSpot/Singularity/308721725/SingularityS3Base/src/test/resources
[INFO] 
[INFO] --- maven-compiler-plugin:3.3:testCompile (default-testCompile) @ SingularityS3Base ---
[INFO] No sources to compile
[INFO] 
[INFO] --- maven-surefire-plugin:2.19:test (default-test) @ SingularityS3Base ---
[INFO] Tests are skipped.
[INFO] 
[INFO] --- maven-jar-plugin:2.6:jar (default-jar) @ SingularityS3Base ---
[INFO] Building jar: /root/workspace/HubSpot/Singularity/308721725/SingularityS3Base/target/SingularityS3Base-0.18.0-SNAPSHOT.jar
[INFO] 
[INFO] --- maven-jar-plugin:2.6:test-jar (attach-tests) @ SingularityS3Base ---
[INFO] Skipping packaging of the test-jar
[INFO] 
[INFO] --- maven-source-plugin:2.4:jar-no-fork (attach-sources) @ SingularityS3Base ---
[INFO] Building jar: /root/workspace/HubSpot/Singularity/308721725/SingularityS3Base/target/SingularityS3Base-0.18.0-SNAPSHOT-sources.jar
[INFO] 
[INFO] --- maven-source-plugin:2.4:test-jar-no-fork (attach-sources) @ SingularityS3Base ---
[INFO] No sources in project. Archive not created.
[INFO] 
[INFO] --- maven-dependency-plugin:2.10:analyze-only (default) @ SingularityS3Base ---
[INFO] No dependency problems found
[INFO] 
[INFO] --- maven-dependency-plugin:2.10:analyze-duplicate (default) @ SingularityS3Base ---
[INFO] No duplicate dependencies found in <dependencies/> or in <dependencyManagement/>
[INFO] 
[INFO] --- maven-dependency-plugin:2.10:analyze-dep-mgt (default) @ SingularityS3Base ---
[INFO] Found Resolved Dependency / DependencyManagement mismatches:
[INFO] 	Ignoring Direct Dependencies.
[INFO] aopalliance:aopalliance:jar was excluded in DepMgt, but version 1.0 has been found in the dependency tree.
[INFO] com.google.inject:guice:jar was excluded in DepMgt, but version 4.0 has been found in the dependency tree.
[INFO] joda-time:joda-time:jar was excluded in DepMgt, but version 2.9.4 has been found in the dependency tree.
[INFO] com.fasterxml.jackson.core:jackson-databind:jar was excluded in DepMgt, but version 2.7.9 has been found in the dependency tree.
[INFO] com.fasterxml.jackson.core:jackson-core:jar was excluded in DepMgt, but version 2.7.9 has been found in the dependency tree.
[INFO] org.apache.httpcomponents:httpcore:jar was excluded in DepMgt, but version 4.4.4 has been found in the dependency tree.
[WARNING] Potential problems found in Dependency Management 
[INFO] 
[INFO] --- duplicate-finder-maven-plugin:1.2.1:check (default) @ SingularityS3Base ---
[INFO] Checking compile classpath
[INFO] Checking runtime classpath
[INFO] Checking test classpath
[INFO] 
[INFO] >>> findbugs-maven-plugin:3.0.3:check (default) > :findbugs @ SingularityS3Base >>>
[INFO] 
[INFO] --- findbugs-maven-plugin:3.0.3:findbugs (findbugs) @ SingularityS3Base ---
[INFO] Fork Value is true
[INFO] Done FindBugs Analysis....
[INFO] 
[INFO] <<< findbugs-maven-plugin:3.0.3:check (default) < :findbugs @ SingularityS3Base <<<
[INFO] 
[INFO] --- findbugs-maven-plugin:3.0.3:check (default) @ SingularityS3Base ---
[INFO] BugInstance size is 0
[INFO] Error size is 0
[INFO] No errors/warnings found
[INFO] 
[INFO] >>> maven-pmd-plugin:3.6:check (default) > :pmd @ SingularityS3Base >>>
[INFO] 
[INFO] --- maven-pmd-plugin:3.6:pmd (pmd) @ SingularityS3Base ---
[WARNING] Unable to locate Source XRef to link to - DISABLED
[WARNING] Unable to locate Source XRef to link to - DISABLED
[INFO] 
[INFO] <<< maven-pmd-plugin:3.6:check (default) < :pmd @ SingularityS3Base <<<
[INFO] 
[INFO] --- maven-pmd-plugin:3.6:check (default) @ SingularityS3Base ---
[INFO] 
[INFO] 
[INFO] --- license-maven-plugin:2.11:check (default) @ SingularityS3Base ---
[INFO] 
[INFO] --- maven-install-plugin:2.5.2:install (default-install) @ SingularityS3Base ---
[INFO] Installing /root/workspace/HubSpot/Singularity/308721725/SingularityS3Base/target/SingularityS3Base-0.18.0-SNAPSHOT.jar to /root/./workspace/HubSpot/Singularity/308721725/.m2/com/hubspot/SingularityS3Base/0.18.0-SNAPSHOT/SingularityS3Base-0.18.0-SNAPSHOT.jar
[INFO] Installing /root/workspace/HubSpot/Singularity/308721725/SingularityS3Base/pom.xml to /root/./workspace/HubSpot/Singularity/308721725/.m2/com/hubspot/SingularityS3Base/0.18.0-SNAPSHOT/SingularityS3Base-0.18.0-SNAPSHOT.pom
[INFO] Installing /root/workspace/HubSpot/Singularity/308721725/SingularityS3Base/target/SingularityS3Base-0.18.0-SNAPSHOT-sources.jar to /root/./workspace/HubSpot/Singularity/308721725/.m2/com/hubspot/SingularityS3Base/0.18.0-SNAPSHOT/SingularityS3Base-0.18.0-SNAPSHOT-sources.jar
[INFO]                                                                         
[INFO] ------------------------------------------------------------------------
[INFO] Building SingularityClient 0.18.0-SNAPSHOT
[INFO] ------------------------------------------------------------------------
[INFO] 
[INFO] --- property-helper-maven-plugin:2.0:get (get-build-id) @ SingularityClient ---
[INFO] 
[INFO] --- maven-enforcer-plugin:1.4.1:enforce (default) @ SingularityClient ---
[INFO] 
[INFO] --- maven-dependency-versions-check-plugin:2.0.2:check (default) @ SingularityClient ---
[INFO] Checking dependency versions
[INFO] 
[INFO] --- maven-checkstyle-plugin:2.17:check (default) @ SingularityClient ---
[INFO] Starting audit...
Audit done.
[INFO] 
[INFO] --- dependency-management-plugin:0.4:analyze (analyze) @ SingularityClient ---
[INFO] No dependency management issues found
[INFO] 
[INFO] --- git-commit-id-plugin:2.2.0:revision (default) @ SingularityClient ---
