{
  "totalNumberSkippingTests": 0,
  "bugType": "only_fail",
  "totalNumberErroringTests": 11,
  "repo": "web3j/web3j-maven-plugin",
  "metrics": {
    "FailureNames": [
      "java.lang.AssertionError",
      "org.apache.maven.plugin.MojoExecutionException"
    ],
    "StepsDurationsInSeconds": {
      "CheckoutBuggyBuild": 3,
      "ComputeClasspath": 6,
      "ComputeTestDir": 0,
      "BuildProject": 44,
      "ComputeSourceDir": 0,
      "InitRepoToPush": 1,
      "AstorJMut": 4,
      "CloneRepository": 1,
      "CheckoutPatchedBuild": 0,
      "Nopol": 708,
      "NPEFix": 0,
      "TestProject": 11,
      "GatherTestInformation": 0,
      "PushIncriminatedBuild": 6,
      "CommitPatch": 4
    },
    "BugCommitUrl": "http://github.com/web3j/web3j-maven-plugin/commit/a8152419eabe89999eacad9dd0d57433826b3747",
    "NbFailingTests": 2,
    "NbErroringTests": 11,
    "NbSkippingTests": 0,
    "NbRunningTests": 23,
    "ReproductionDate": "May 24, 2018 1:41:00 AM",
    "BuggyBuildId": 383026635,
    "PatchedBuilId": 0,
    "BuggyBuildURL": "http://travis-ci.org/web3j/web3j-maven-plugin/builds/383026635",
    "BuggyBuildDate": "May 24, 2018 1:40:55 AM",
    "BugCommit": "a8152419eabe89999eacad9dd0d57433826b3747",
    "PatchChangedFiles": 1,
    "PatchAddedLines": 0,
    "PatchDeletedLines": 1,
    "NbLibraries": 74,
    "NbFileApp": 10,
    "NbFileTests": 6,
    "NbCPU": 32,
    "FreeMemory": 3064891744,
    "TotalMemory": 7925661696,
    "AngelicValuesByTest": {
      "org/web3j/mavenplugin/JavaClassGeneratorITest": 0,
      "org/web3j/mavenplugin/JavaClassGeneratorFilterITest": 0,
      "org/web3j/mavenplugin/IssueITest": 0,
      "org/web3j/mavenplugin/solidity/SolidityCompilerTest": 0
    },
    "FreeMemoryByStep": {
      "CheckoutBuggyBuild": 681338296,
      "ComputeClasspath": 540788120,
      "ComputeTestDir": 674948512,
      "BuildProject": 661005392,
      "ComputeSourceDir": 540788120,
      "InitRepoToPush": 603947480,
      "AstorJMut": 3153805968,
      "CloneRepository": 724462728,
      "CheckoutPatchedBuild": 3064891744,
      "Nopol": 3447232032,
      "NPEFix": 3447232032,
      "TestProject": 656483664,
      "GatherTestInformation": 648978704,
      "PushIncriminatedBuild": 543802400,
      "CommitPatch": 3064891744
    },
    "NbSucceedingTests": 10
  },
  "failingModule": "/root/workspace/web3j/web3j-maven-plugin/383026635",
  "hostname": "spirals-vortex.lille.inria.fr",
  "totalNumberFailingTests": 2,
  "error-types": [
    "java.lang.AssertionError",
    "org.apache.maven.plugin.MojoExecutionException"
  ],
  "totalNumberRunningTests": 23,
  "failing-test-cases": [
    {
      "className": "org.web3j.mavenplugin.IssueITest",
      "failingMethods": [
        "issue09"
      ],
      "erroringMethods": [
        "issue17_1",
        "issue9_library",
        "issue17",
        "issue23",
        "issue13_bigInteger"
      ],
      "failures": [
        {
          "failureName": "org.apache.maven.plugin.MojoExecutionException",
          "failureDetail": "Could not compile solidity files java.io.IOException: Cannot run program \"/tmp/solc/solc\" (in directory \"/tmp/solc\"): error\u003d2, No such file or directory  at java.lang.ProcessBuilder.start(ProcessBuilder.java:1048)  at org.web3j.mavenplugin.solidity.SolidityCompiler.getSolCProcessFromLibrary(SolidityCompiler.java:91)  at org.web3j.mavenplugin.solidity.SolidityCompiler.compileSrc(SolidityCompiler.java:58)  at org.web3j.mavenplugin.JavaClassGeneratorMojo.parseSoliditySources(JavaClassGeneratorMojo.java:127)  at org.web3j.mavenplugin.JavaClassGeneratorMojo.processContractFile(JavaClassGeneratorMojo.java:149)  at org.web3j.mavenplugin.JavaClassGeneratorMojo.execute(JavaClassGeneratorMojo.java:67)  at org.web3j.mavenplugin.IssueITest.issue13_bigInteger(IssueITest.java:67)  at sun.reflect.NativeMethodAccessorImpl.invoke0(Native Method)  at sun.reflect.NativeMethodAccessorImpl.invoke(NativeMethodAccessorImpl.java:62)  at sun.reflect.DelegatingMethodAccessorImpl.invoke(DelegatingMethodAccessorImpl.java:43)  at java.lang.reflect.Method.invoke(Method.java:498)  at org.junit.runners.model.FrameworkMethod$1.runReflectiveCall(FrameworkMethod.java:50)  at org.junit.internal.runners.model.ReflectiveCallable.run(ReflectiveCallable.java:12)  at org.junit.runners.model.FrameworkMethod.invokeExplosively(FrameworkMethod.java:47)  at org.junit.internal.runners.statements.InvokeMethod.evaluate(InvokeMethod.java:17)  at org.apache.maven.plugin.testing.MojoRule$2.evaluate(MojoRule.java:308)  at org.junit.rules.TestWatcher$1.evaluate(TestWatcher.java:55)  at org.junit.rules.ExternalResource$1.evaluate(ExternalResource.java:48)  at org.junit.rules.RunRules.evaluate(RunRules.java:20)  at org.junit.runners.ParentRunner.runLeaf(ParentRunner.java:325)  at org.junit.runners.BlockJUnit4ClassRunner.runChild(BlockJUnit4ClassRunner.java:78)  at org.junit.runners.BlockJUnit4ClassRunner.runChild(BlockJUnit4ClassRunner.java:57)  at org.junit.runners.ParentRunner$3.run(ParentRunner.java:290)  at org.junit.runners.ParentRunner$1.schedule(ParentRunner.java:71)  at org.junit.runners.ParentRunner.runChildren(ParentRunner.java:288)  at org.junit.runners.ParentRunner.access$000(ParentRunner.java:58)  at org.junit.runners.ParentRunner$2.evaluate(ParentRunner.java:268)  at org.junit.runners.ParentRunner.run(ParentRunner.java:363)  at org.apache.maven.surefire.junit4.JUnit4Provider.execute(JUnit4Provider.java:252)  at org.apache.maven.surefire.junit4.JUnit4Provider.executeTestSet(JUnit4Provider.java:141)  at org.apache.maven.surefire.junit4.JUnit4Provider.invoke(JUnit4Provider.java:112)  at sun.reflect.NativeMethodAccessorImpl.invoke0(Native Method)  at sun.reflect.NativeMethodAccessorImpl.invoke(NativeMethodAccessorImpl.java:62)  at sun.reflect.DelegatingMethodAccessorImpl.invoke(DelegatingMethodAccessorImpl.java:43)  at java.lang.reflect.Method.invoke(Method.java:498)  at org.apache.maven.surefire.util.ReflectionUtils.invokeMethodWithArray(ReflectionUtils.java:189)  at org.apache.maven.surefire.booter.ProviderFactory$ProviderProxy.invoke(ProviderFactory.java:165)  at org.apache.maven.surefire.booter.ProviderFactory.invokeProvider(ProviderFactory.java:85)  at org.apache.maven.surefire.booter.ForkedBooter.runSuitesInProcess(ForkedBooter.java:115)  at org.apache.maven.surefire.booter.ForkedBooter.main(ForkedBooter.java:75) Caused by: java.io.IOException: error\u003d2, No such file or directory  at java.lang.UNIXProcess.forkAndExec(Native Method)  at java.lang.UNIXProcess.\u003cinit\u003e(UNIXProcess.java:247)  at java.lang.ProcessImpl.start(ProcessImpl.java:134)  at java.lang.ProcessBuilder.start(ProcessBuilder.java:1029)  ... 39 more ",
          "isError": true
        },
        {
          "failureName": "org.apache.maven.plugin.MojoExecutionException",
          "failureDetail": "Could not compile solidity files java.io.IOException: Cannot run program \"/tmp/solc/solc\" (in directory \"/tmp/solc\"): error\u003d2, No such file or directory  at java.lang.ProcessBuilder.start(ProcessBuilder.java:1048)  at org.web3j.mavenplugin.solidity.SolidityCompiler.getSolCProcessFromLibrary(SolidityCompiler.java:91)  at org.web3j.mavenplugin.solidity.SolidityCompiler.compileSrc(SolidityCompiler.java:58)  at org.web3j.mavenplugin.JavaClassGeneratorMojo.parseSoliditySources(JavaClassGeneratorMojo.java:127)  at org.web3j.mavenplugin.JavaClassGeneratorMojo.processContractFile(JavaClassGeneratorMojo.java:149)  at org.web3j.mavenplugin.JavaClassGeneratorMojo.execute(JavaClassGeneratorMojo.java:67)  at org.web3j.mavenplugin.IssueITest.issue17_1(IssueITest.java:119)  at sun.reflect.NativeMethodAccessorImpl.invoke0(Native Method)  at sun.reflect.NativeMethodAccessorImpl.invoke(NativeMethodAccessorImpl.java:62)  at sun.reflect.DelegatingMethodAccessorImpl.invoke(DelegatingMethodAccessorImpl.java:43)  at java.lang.reflect.Method.invoke(Method.java:498)  at org.junit.runners.model.FrameworkMethod$1.runReflectiveCall(FrameworkMethod.java:50)  at org.junit.internal.runners.model.ReflectiveCallable.run(ReflectiveCallable.java:12)  at org.junit.runners.model.FrameworkMethod.invokeExplosively(FrameworkMethod.java:47)  at org.junit.internal.runners.statements.InvokeMethod.evaluate(InvokeMethod.java:17)  at org.apache.maven.plugin.testing.MojoRule$2.evaluate(MojoRule.java:308)  at org.junit.rules.TestWatcher$1.evaluate(TestWatcher.java:55)  at org.junit.rules.ExternalResource$1.evaluate(ExternalResource.java:48)  at org.junit.rules.RunRules.evaluate(RunRules.java:20)  at org.junit.runners.ParentRunner.runLeaf(ParentRunner.java:325)  at org.junit.runners.BlockJUnit4ClassRunner.runChild(BlockJUnit4ClassRunner.java:78)  at org.junit.runners.BlockJUnit4ClassRunner.runChild(BlockJUnit4ClassRunner.java:57)  at org.junit.runners.ParentRunner$3.run(ParentRunner.java:290)  at org.junit.runners.ParentRunner$1.schedule(ParentRunner.java:71)  at org.junit.runners.ParentRunner.runChildren(ParentRunner.java:288)  at org.junit.runners.ParentRunner.access$000(ParentRunner.java:58)  at org.junit.runners.ParentRunner$2.evaluate(ParentRunner.java:268)  at org.junit.runners.ParentRunner.run(ParentRunner.java:363)  at org.apache.maven.surefire.junit4.JUnit4Provider.execute(JUnit4Provider.java:252)  at org.apache.maven.surefire.junit4.JUnit4Provider.executeTestSet(JUnit4Provider.java:141)  at org.apache.maven.surefire.junit4.JUnit4Provider.invoke(JUnit4Provider.java:112)  at sun.reflect.NativeMethodAccessorImpl.invoke0(Native Method)  at sun.reflect.NativeMethodAccessorImpl.invoke(NativeMethodAccessorImpl.java:62)  at sun.reflect.DelegatingMethodAccessorImpl.invoke(DelegatingMethodAccessorImpl.java:43)  at java.lang.reflect.Method.invoke(Method.java:498)  at org.apache.maven.surefire.util.ReflectionUtils.invokeMethodWithArray(ReflectionUtils.java:189)  at org.apache.maven.surefire.booter.ProviderFactory$ProviderProxy.invoke(ProviderFactory.java:165)  at org.apache.maven.surefire.booter.ProviderFactory.invokeProvider(ProviderFactory.java:85)  at org.apache.maven.surefire.booter.ForkedBooter.runSuitesInProcess(ForkedBooter.java:115)  at org.apache.maven.surefire.booter.ForkedBooter.main(ForkedBooter.java:75) Caused by: java.io.IOException: error\u003d2, No such file or directory  at java.lang.UNIXProcess.forkAndExec(Native Method)  at java.lang.UNIXProcess.\u003cinit\u003e(UNIXProcess.java:247)  at java.lang.ProcessImpl.start(ProcessImpl.java:134)  at java.lang.ProcessBuilder.start(ProcessBuilder.java:1029)  ... 39 more ",
          "isError": true
        },
        {
          "failureName": "org.apache.maven.plugin.MojoExecutionException",
          "failureDetail": "Could not compile solidity files java.io.IOException: Cannot run program \"/tmp/solc/solc\" (in directory \"/tmp/solc\"): error\u003d2, No such file or directory  at java.lang.ProcessBuilder.start(ProcessBuilder.java:1048)  at org.web3j.mavenplugin.solidity.SolidityCompiler.getSolCProcessFromLibrary(SolidityCompiler.java:91)  at org.web3j.mavenplugin.solidity.SolidityCompiler.compileSrc(SolidityCompiler.java:58)  at org.web3j.mavenplugin.JavaClassGeneratorMojo.parseSoliditySources(JavaClassGeneratorMojo.java:127)  at org.web3j.mavenplugin.JavaClassGeneratorMojo.processContractFile(JavaClassGeneratorMojo.java:149)  at org.web3j.mavenplugin.JavaClassGeneratorMojo.execute(JavaClassGeneratorMojo.java:67)  at org.web3j.mavenplugin.IssueITest.issue9_library(IssueITest.java:48)  at sun.reflect.NativeMethodAccessorImpl.invoke0(Native Method)  at sun.reflect.NativeMethodAccessorImpl.invoke(NativeMethodAccessorImpl.java:62)  at sun.reflect.DelegatingMethodAccessorImpl.invoke(DelegatingMethodAccessorImpl.java:43)  at java.lang.reflect.Method.invoke(Method.java:498)  at org.junit.runners.model.FrameworkMethod$1.runReflectiveCall(FrameworkMethod.java:50)  at org.junit.internal.runners.model.ReflectiveCallable.run(ReflectiveCallable.java:12)  at org.junit.runners.model.FrameworkMethod.invokeExplosively(FrameworkMethod.java:47)  at org.junit.internal.runners.statements.InvokeMethod.evaluate(InvokeMethod.java:17)  at org.apache.maven.plugin.testing.MojoRule$2.evaluate(MojoRule.java:308)  at org.junit.rules.TestWatcher$1.evaluate(TestWatcher.java:55)  at org.junit.rules.ExternalResource$1.evaluate(ExternalResource.java:48)  at org.junit.rules.RunRules.evaluate(RunRules.java:20)  at org.junit.runners.ParentRunner.runLeaf(ParentRunner.java:325)  at org.junit.runners.BlockJUnit4ClassRunner.runChild(BlockJUnit4ClassRunner.java:78)  at org.junit.runners.BlockJUnit4ClassRunner.runChild(BlockJUnit4ClassRunner.java:57)  at org.junit.runners.ParentRunner$3.run(ParentRunner.java:290)  at org.junit.runners.ParentRunner$1.schedule(ParentRunner.java:71)  at org.junit.runners.ParentRunner.runChildren(ParentRunner.java:288)  at org.junit.runners.ParentRunner.access$000(ParentRunner.java:58)  at org.junit.runners.ParentRunner$2.evaluate(ParentRunner.java:268)  at org.junit.runners.ParentRunner.run(ParentRunner.java:363)  at org.apache.maven.surefire.junit4.JUnit4Provider.execute(JUnit4Provider.java:252)  at org.apache.maven.surefire.junit4.JUnit4Provider.executeTestSet(JUnit4Provider.java:141)  at org.apache.maven.surefire.junit4.JUnit4Provider.invoke(JUnit4Provider.java:112)  at sun.reflect.NativeMethodAccessorImpl.invoke0(Native Method)  at sun.reflect.NativeMethodAccessorImpl.invoke(NativeMethodAccessorImpl.java:62)  at sun.reflect.DelegatingMethodAccessorImpl.invoke(DelegatingMethodAccessorImpl.java:43)  at java.lang.reflect.Method.invoke(Method.java:498)  at org.apache.maven.surefire.util.ReflectionUtils.invokeMethodWithArray(ReflectionUtils.java:189)  at org.apache.maven.surefire.booter.ProviderFactory$ProviderProxy.invoke(ProviderFactory.java:165)  at org.apache.maven.surefire.booter.ProviderFactory.invokeProvider(ProviderFactory.java:85)  at org.apache.maven.surefire.booter.ForkedBooter.runSuitesInProcess(ForkedBooter.java:115)  at org.apache.maven.surefire.booter.ForkedBooter.main(ForkedBooter.java:75) Caused by: java.io.IOException: error\u003d2, No such file or directory  at java.lang.UNIXProcess.forkAndExec(Native Method)  at java.lang.UNIXProcess.\u003cinit\u003e(UNIXProcess.java:247)  at java.lang.ProcessImpl.start(ProcessImpl.java:134)  at java.lang.ProcessBuilder.start(ProcessBuilder.java:1029)  ... 39 more ",
          "isError": true
        },
        {
          "failureName": "java.lang.AssertionError",
          "isError": false
        },
        {
          "failureName": "org.apache.maven.plugin.MojoExecutionException",
          "failureDetail": "Could not compile solidity files java.io.IOException: Cannot run program \"/tmp/solc/solc\" (in directory \"/tmp/solc\"): error\u003d2, No such file or directory  at java.lang.ProcessBuilder.start(ProcessBuilder.java:1048)  at org.web3j.mavenplugin.solidity.SolidityCompiler.getSolCProcessFromLibrary(SolidityCompiler.java:91)  at org.web3j.mavenplugin.solidity.SolidityCompiler.compileSrc(SolidityCompiler.java:58)  at org.web3j.mavenplugin.JavaClassGeneratorMojo.parseSoliditySources(JavaClassGeneratorMojo.java:127)  at org.web3j.mavenplugin.JavaClassGeneratorMojo.processContractFile(JavaClassGeneratorMojo.java:149)  at org.web3j.mavenplugin.JavaClassGeneratorMojo.execute(JavaClassGeneratorMojo.java:67)  at org.web3j.mavenplugin.IssueITest.issue17(IssueITest.java:96)  at sun.reflect.NativeMethodAccessorImpl.invoke0(Native Method)  at sun.reflect.NativeMethodAccessorImpl.invoke(NativeMethodAccessorImpl.java:62)  at sun.reflect.DelegatingMethodAccessorImpl.invoke(DelegatingMethodAccessorImpl.java:43)  at java.lang.reflect.Method.invoke(Method.java:498)  at org.junit.runners.model.FrameworkMethod$1.runReflectiveCall(FrameworkMethod.java:50)  at org.junit.internal.runners.model.ReflectiveCallable.run(ReflectiveCallable.java:12)  at org.junit.runners.model.FrameworkMethod.invokeExplosively(FrameworkMethod.java:47)  at org.junit.internal.runners.statements.InvokeMethod.evaluate(InvokeMethod.java:17)  at org.apache.maven.plugin.testing.MojoRule$2.evaluate(MojoRule.java:308)  at org.junit.rules.TestWatcher$1.evaluate(TestWatcher.java:55)  at org.junit.rules.ExternalResource$1.evaluate(ExternalResource.java:48)  at org.junit.rules.RunRules.evaluate(RunRules.java:20)  at org.junit.runners.ParentRunner.runLeaf(ParentRunner.java:325)  at org.junit.runners.BlockJUnit4ClassRunner.runChild(BlockJUnit4ClassRunner.java:78)  at org.junit.runners.BlockJUnit4ClassRunner.runChild(BlockJUnit4ClassRunner.java:57)  at org.junit.runners.ParentRunner$3.run(ParentRunner.java:290)  at org.junit.runners.ParentRunner$1.schedule(ParentRunner.java:71)  at org.junit.runners.ParentRunner.runChildren(ParentRunner.java:288)  at org.junit.runners.ParentRunner.access$000(ParentRunner.java:58)  at org.junit.runners.ParentRunner$2.evaluate(ParentRunner.java:268)  at org.junit.runners.ParentRunner.run(ParentRunner.java:363)  at org.apache.maven.surefire.junit4.JUnit4Provider.execute(JUnit4Provider.java:252)  at org.apache.maven.surefire.junit4.JUnit4Provider.executeTestSet(JUnit4Provider.java:141)  at org.apache.maven.surefire.junit4.JUnit4Provider.invoke(JUnit4Provider.java:112)  at sun.reflect.NativeMethodAccessorImpl.invoke0(Native Method)  at sun.reflect.NativeMethodAccessorImpl.invoke(NativeMethodAccessorImpl.java:62)  at sun.reflect.DelegatingMethodAccessorImpl.invoke(DelegatingMethodAccessorImpl.java:43)  at java.lang.reflect.Method.invoke(Method.java:498)  at org.apache.maven.surefire.util.ReflectionUtils.invokeMethodWithArray(ReflectionUtils.java:189)  at org.apache.maven.surefire.booter.ProviderFactory$ProviderProxy.invoke(ProviderFactory.java:165)  at org.apache.maven.surefire.booter.ProviderFactory.invokeProvider(ProviderFactory.java:85)  at org.apache.maven.surefire.booter.ForkedBooter.runSuitesInProcess(ForkedBooter.java:115)  at org.apache.maven.surefire.booter.ForkedBooter.main(ForkedBooter.java:75) Caused by: java.io.IOException: error\u003d2, No such file or directory  at java.lang.UNIXProcess.forkAndExec(Native Method)  at java.lang.UNIXProcess.\u003cinit\u003e(UNIXProcess.java:247)  at java.lang.ProcessImpl.start(ProcessImpl.java:134)  at java.lang.ProcessBuilder.start(ProcessBuilder.java:1029)  ... 39 more ",
          "isError": true
        },
        {
          "failureName": "org.apache.maven.plugin.MojoExecutionException",
          "failureDetail": "Could not compile solidity files java.io.IOException: Cannot run program \"/tmp/solc/solc\" (in directory \"/tmp/solc\"): error\u003d2, No such file or directory  at java.lang.ProcessBuilder.start(ProcessBuilder.java:1048)  at org.web3j.mavenplugin.solidity.SolidityCompiler.getSolCProcessFromLibrary(SolidityCompiler.java:91)  at org.web3j.mavenplugin.solidity.SolidityCompiler.compileSrc(SolidityCompiler.java:58)  at org.web3j.mavenplugin.JavaClassGeneratorMojo.parseSoliditySources(JavaClassGeneratorMojo.java:127)  at org.web3j.mavenplugin.JavaClassGeneratorMojo.processContractFile(JavaClassGeneratorMojo.java:149)  at org.web3j.mavenplugin.JavaClassGeneratorMojo.execute(JavaClassGeneratorMojo.java:67)  at org.web3j.mavenplugin.IssueITest.issue23(IssueITest.java:142)  at sun.reflect.NativeMethodAccessorImpl.invoke0(Native Method)  at sun.reflect.NativeMethodAccessorImpl.invoke(NativeMethodAccessorImpl.java:62)  at sun.reflect.DelegatingMethodAccessorImpl.invoke(DelegatingMethodAccessorImpl.java:43)  at java.lang.reflect.Method.invoke(Method.java:498)  at org.junit.runners.model.FrameworkMethod$1.runReflectiveCall(FrameworkMethod.java:50)  at org.junit.internal.runners.model.ReflectiveCallable.run(ReflectiveCallable.java:12)  at org.junit.runners.model.FrameworkMethod.invokeExplosively(FrameworkMethod.java:47)  at org.junit.internal.runners.statements.InvokeMethod.evaluate(InvokeMethod.java:17)  at org.apache.maven.plugin.testing.MojoRule$2.evaluate(MojoRule.java:308)  at org.junit.rules.TestWatcher$1.evaluate(TestWatcher.java:55)  at org.junit.rules.ExternalResource$1.evaluate(ExternalResource.java:48)  at org.junit.rules.RunRules.evaluate(RunRules.java:20)  at org.junit.runners.ParentRunner.runLeaf(ParentRunner.java:325)  at org.junit.runners.BlockJUnit4ClassRunner.runChild(BlockJUnit4ClassRunner.java:78)  at org.junit.runners.BlockJUnit4ClassRunner.runChild(BlockJUnit4ClassRunner.java:57)  at org.junit.runners.ParentRunner$3.run(ParentRunner.java:290)  at org.junit.runners.ParentRunner$1.schedule(ParentRunner.java:71)  at org.junit.runners.ParentRunner.runChildren(ParentRunner.java:288)  at org.junit.runners.ParentRunner.access$000(ParentRunner.java:58)  at org.junit.runners.ParentRunner$2.evaluate(ParentRunner.java:268)  at org.junit.runners.ParentRunner.run(ParentRunner.java:363)  at org.apache.maven.surefire.junit4.JUnit4Provider.execute(JUnit4Provider.java:252)  at org.apache.maven.surefire.junit4.JUnit4Provider.executeTestSet(JUnit4Provider.java:141)  at org.apache.maven.surefire.junit4.JUnit4Provider.invoke(JUnit4Provider.java:112)  at sun.reflect.NativeMethodAccessorImpl.invoke0(Native Method)  at sun.reflect.NativeMethodAccessorImpl.invoke(NativeMethodAccessorImpl.java:62)  at sun.reflect.DelegatingMethodAccessorImpl.invoke(DelegatingMethodAccessorImpl.java:43)  at java.lang.reflect.Method.invoke(Method.java:498)  at org.apache.maven.surefire.util.ReflectionUtils.invokeMethodWithArray(ReflectionUtils.java:189)  at org.apache.maven.surefire.booter.ProviderFactory$ProviderProxy.invoke(ProviderFactory.java:165)  at org.apache.maven.surefire.booter.ProviderFactory.invokeProvider(ProviderFactory.java:85)  at org.apache.maven.surefire.booter.ForkedBooter.runSuitesInProcess(ForkedBooter.java:115)  at org.apache.maven.surefire.booter.ForkedBooter.main(ForkedBooter.java:75) Caused by: java.io.IOException: error\u003d2, No such file or directory  at java.lang.UNIXProcess.forkAndExec(Native Method)  at java.lang.UNIXProcess.\u003cinit\u003e(UNIXProcess.java:247)  at java.lang.ProcessImpl.start(ProcessImpl.java:134)  at java.lang.ProcessBuilder.start(ProcessBuilder.java:1029)  ... 39 more ",
          "isError": true
        }
      ],
      "nbFailures": 1,
      "nbErrors": 5
    },
    {
      "className": "org.web3j.mavenplugin.JavaClassGeneratorITest",
      "failingMethods": [],
      "erroringMethods": [
        "pomStandard",
        "pomWithEmptyContract",
        "pomWithImport"
      ],
      "failures": [
        {
          "failureName": "org.apache.maven.plugin.MojoExecutionException",
          "failureDetail": "Could not compile solidity files java.io.IOException: Cannot run program \"/tmp/solc/solc\" (in directory \"/tmp/solc\"): error\u003d2, No such file or directory  at java.lang.ProcessBuilder.start(ProcessBuilder.java:1048)  at org.web3j.mavenplugin.solidity.SolidityCompiler.getSolCProcessFromLibrary(SolidityCompiler.java:91)  at org.web3j.mavenplugin.solidity.SolidityCompiler.compileSrc(SolidityCompiler.java:58)  at org.web3j.mavenplugin.JavaClassGeneratorMojo.parseSoliditySources(JavaClassGeneratorMojo.java:127)  at org.web3j.mavenplugin.JavaClassGeneratorMojo.processContractFile(JavaClassGeneratorMojo.java:149)  at org.web3j.mavenplugin.JavaClassGeneratorMojo.execute(JavaClassGeneratorMojo.java:67)  at org.web3j.mavenplugin.JavaClassGeneratorITest.pomStandard(JavaClassGeneratorITest.java:42)  at sun.reflect.NativeMethodAccessorImpl.invoke0(Native Method)  at sun.reflect.NativeMethodAccessorImpl.invoke(NativeMethodAccessorImpl.java:62)  at sun.reflect.DelegatingMethodAccessorImpl.invoke(DelegatingMethodAccessorImpl.java:43)  at java.lang.reflect.Method.invoke(Method.java:498)  at org.junit.runners.model.FrameworkMethod$1.runReflectiveCall(FrameworkMethod.java:50)  at org.junit.internal.runners.model.ReflectiveCallable.run(ReflectiveCallable.java:12)  at org.junit.runners.model.FrameworkMethod.invokeExplosively(FrameworkMethod.java:47)  at org.junit.internal.runners.statements.InvokeMethod.evaluate(InvokeMethod.java:17)  at org.apache.maven.plugin.testing.MojoRule$2.evaluate(MojoRule.java:308)  at org.junit.rules.TestWatcher$1.evaluate(TestWatcher.java:55)  at org.junit.rules.ExternalResource$1.evaluate(ExternalResource.java:48)  at org.junit.rules.RunRules.evaluate(RunRules.java:20)  at org.junit.runners.ParentRunner.runLeaf(ParentRunner.java:325)  at org.junit.runners.BlockJUnit4ClassRunner.runChild(BlockJUnit4ClassRunner.java:78)  at org.junit.runners.BlockJUnit4ClassRunner.runChild(BlockJUnit4ClassRunner.java:57)  at org.junit.runners.ParentRunner$3.run(ParentRunner.java:290)  at org.junit.runners.ParentRunner$1.schedule(ParentRunner.java:71)  at org.junit.runners.ParentRunner.runChildren(ParentRunner.java:288)  at org.junit.runners.ParentRunner.access$000(ParentRunner.java:58)  at org.junit.runners.ParentRunner$2.evaluate(ParentRunner.java:268)  at org.junit.runners.ParentRunner.run(ParentRunner.java:363)  at org.apache.maven.surefire.junit4.JUnit4Provider.execute(JUnit4Provider.java:252)  at org.apache.maven.surefire.junit4.JUnit4Provider.executeTestSet(JUnit4Provider.java:141)  at org.apache.maven.surefire.junit4.JUnit4Provider.invoke(JUnit4Provider.java:112)  at sun.reflect.NativeMethodAccessorImpl.invoke0(Native Method)  at sun.reflect.NativeMethodAccessorImpl.invoke(NativeMethodAccessorImpl.java:62)  at sun.reflect.DelegatingMethodAccessorImpl.invoke(DelegatingMethodAccessorImpl.java:43)  at java.lang.reflect.Method.invoke(Method.java:498)  at org.apache.maven.surefire.util.ReflectionUtils.invokeMethodWithArray(ReflectionUtils.java:189)  at org.apache.maven.surefire.booter.ProviderFactory$ProviderProxy.invoke(ProviderFactory.java:165)  at org.apache.maven.surefire.booter.ProviderFactory.invokeProvider(ProviderFactory.java:85)  at org.apache.maven.surefire.booter.ForkedBooter.runSuitesInProcess(ForkedBooter.java:115)  at org.apache.maven.surefire.booter.ForkedBooter.main(ForkedBooter.java:75) Caused by: java.io.IOException: error\u003d2, No such file or directory  at java.lang.UNIXProcess.forkAndExec(Native Method)  at java.lang.UNIXProcess.\u003cinit\u003e(UNIXProcess.java:247)  at java.lang.ProcessImpl.start(ProcessImpl.java:134)  at java.lang.ProcessBuilder.start(ProcessBuilder.java:1029)  ... 39 more ",
          "isError": true
        },
        {
          "failureName": "org.apache.maven.plugin.MojoExecutionException",
          "failureDetail": "Could not compile solidity files java.io.IOException: Cannot run program \"/tmp/solc/solc\" (in directory \"/tmp/solc\"): error\u003d2, No such file or directory  at java.lang.ProcessBuilder.start(ProcessBuilder.java:1048)  at org.web3j.mavenplugin.solidity.SolidityCompiler.getSolCProcessFromLibrary(SolidityCompiler.java:91)  at org.web3j.mavenplugin.solidity.SolidityCompiler.compileSrc(SolidityCompiler.java:58)  at org.web3j.mavenplugin.JavaClassGeneratorMojo.parseSoliditySources(JavaClassGeneratorMojo.java:127)  at org.web3j.mavenplugin.JavaClassGeneratorMojo.processContractFile(JavaClassGeneratorMojo.java:149)  at org.web3j.mavenplugin.JavaClassGeneratorMojo.execute(JavaClassGeneratorMojo.java:67)  at org.web3j.mavenplugin.JavaClassGeneratorITest.pomWithEmptyContract(JavaClassGeneratorITest.java:79)  at sun.reflect.NativeMethodAccessorImpl.invoke0(Native Method)  at sun.reflect.NativeMethodAccessorImpl.invoke(NativeMethodAccessorImpl.java:62)  at sun.reflect.DelegatingMethodAccessorImpl.invoke(DelegatingMethodAccessorImpl.java:43)  at java.lang.reflect.Method.invoke(Method.java:498)  at org.junit.runners.model.FrameworkMethod$1.runReflectiveCall(FrameworkMethod.java:50)  at org.junit.internal.runners.model.ReflectiveCallable.run(ReflectiveCallable.java:12)  at org.junit.runners.model.FrameworkMethod.invokeExplosively(FrameworkMethod.java:47)  at org.junit.internal.runners.statements.InvokeMethod.evaluate(InvokeMethod.java:17)  at org.apache.maven.plugin.testing.MojoRule$2.evaluate(MojoRule.java:308)  at org.junit.rules.TestWatcher$1.evaluate(TestWatcher.java:55)  at org.junit.rules.ExternalResource$1.evaluate(ExternalResource.java:48)  at org.junit.rules.RunRules.evaluate(RunRules.java:20)  at org.junit.runners.ParentRunner.runLeaf(ParentRunner.java:325)  at org.junit.runners.BlockJUnit4ClassRunner.runChild(BlockJUnit4ClassRunner.java:78)  at org.junit.runners.BlockJUnit4ClassRunner.runChild(BlockJUnit4ClassRunner.java:57)  at org.junit.runners.ParentRunner$3.run(ParentRunner.java:290)  at org.junit.runners.ParentRunner$1.schedule(ParentRunner.java:71)  at org.junit.runners.ParentRunner.runChildren(ParentRunner.java:288)  at org.junit.runners.ParentRunner.access$000(ParentRunner.java:58)  at org.junit.runners.ParentRunner$2.evaluate(ParentRunner.java:268)  at org.junit.runners.ParentRunner.run(ParentRunner.java:363)  at org.apache.maven.surefire.junit4.JUnit4Provider.execute(JUnit4Provider.java:252)  at org.apache.maven.surefire.junit4.JUnit4Provider.executeTestSet(JUnit4Provider.java:141)  at org.apache.maven.surefire.junit4.JUnit4Provider.invoke(JUnit4Provider.java:112)  at sun.reflect.NativeMethodAccessorImpl.invoke0(Native Method)  at sun.reflect.NativeMethodAccessorImpl.invoke(NativeMethodAccessorImpl.java:62)  at sun.reflect.DelegatingMethodAccessorImpl.invoke(DelegatingMethodAccessorImpl.java:43)  at java.lang.reflect.Method.invoke(Method.java:498)  at org.apache.maven.surefire.util.ReflectionUtils.invokeMethodWithArray(ReflectionUtils.java:189)  at org.apache.maven.surefire.booter.ProviderFactory$ProviderProxy.invoke(ProviderFactory.java:165)  at org.apache.maven.surefire.booter.ProviderFactory.invokeProvider(ProviderFactory.java:85)  at org.apache.maven.surefire.booter.ForkedBooter.runSuitesInProcess(ForkedBooter.java:115)  at org.apache.maven.surefire.booter.ForkedBooter.main(ForkedBooter.java:75) Caused by: java.io.IOException: error\u003d2, No such file or directory  at java.lang.UNIXProcess.forkAndExec(Native Method)  at java.lang.UNIXProcess.\u003cinit\u003e(UNIXProcess.java:247)  at java.lang.ProcessImpl.start(ProcessImpl.java:134)  at java.lang.ProcessBuilder.start(ProcessBuilder.java:1029)  ... 39 more ",
          "isError": true
        },
        {
          "failureName": "org.apache.maven.plugin.MojoExecutionException",
          "failureDetail": "Could not compile solidity files java.io.IOException: Cannot run program \"/tmp/solc/solc\" (in directory \"/tmp/solc\"): error\u003d2, No such file or directory  at java.lang.ProcessBuilder.start(ProcessBuilder.java:1048)  at org.web3j.mavenplugin.solidity.SolidityCompiler.getSolCProcessFromLibrary(SolidityCompiler.java:91)  at org.web3j.mavenplugin.solidity.SolidityCompiler.compileSrc(SolidityCompiler.java:58)  at org.web3j.mavenplugin.JavaClassGeneratorMojo.parseSoliditySources(JavaClassGeneratorMojo.java:127)  at org.web3j.mavenplugin.JavaClassGeneratorMojo.processContractFile(JavaClassGeneratorMojo.java:149)  at org.web3j.mavenplugin.JavaClassGeneratorMojo.execute(JavaClassGeneratorMojo.java:67)  at org.web3j.mavenplugin.JavaClassGeneratorITest.pomWithImport(JavaClassGeneratorITest.java:60)  at sun.reflect.NativeMethodAccessorImpl.invoke0(Native Method)  at sun.reflect.NativeMethodAccessorImpl.invoke(NativeMethodAccessorImpl.java:62)  at sun.reflect.DelegatingMethodAccessorImpl.invoke(DelegatingMethodAccessorImpl.java:43)  at java.lang.reflect.Method.invoke(Method.java:498)  at org.junit.runners.model.FrameworkMethod$1.runReflectiveCall(FrameworkMethod.java:50)  at org.junit.internal.runners.model.ReflectiveCallable.run(ReflectiveCallable.java:12)  at org.junit.runners.model.FrameworkMethod.invokeExplosively(FrameworkMethod.java:47)  at org.junit.internal.runners.statements.InvokeMethod.evaluate(InvokeMethod.java:17)  at org.apache.maven.plugin.testing.MojoRule$2.evaluate(MojoRule.java:308)  at org.junit.rules.TestWatcher$1.evaluate(TestWatcher.java:55)  at org.junit.rules.ExternalResource$1.evaluate(ExternalResource.java:48)  at org.junit.rules.RunRules.evaluate(RunRules.java:20)  at org.junit.runners.ParentRunner.runLeaf(ParentRunner.java:325)  at org.junit.runners.BlockJUnit4ClassRunner.runChild(BlockJUnit4ClassRunner.java:78)  at org.junit.runners.BlockJUnit4ClassRunner.runChild(BlockJUnit4ClassRunner.java:57)  at org.junit.runners.ParentRunner$3.run(ParentRunner.java:290)  at org.junit.runners.ParentRunner$1.schedule(ParentRunner.java:71)  at org.junit.runners.ParentRunner.runChildren(ParentRunner.java:288)  at org.junit.runners.ParentRunner.access$000(ParentRunner.java:58)  at org.junit.runners.ParentRunner$2.evaluate(ParentRunner.java:268)  at org.junit.runners.ParentRunner.run(ParentRunner.java:363)  at org.apache.maven.surefire.junit4.JUnit4Provider.execute(JUnit4Provider.java:252)  at org.apache.maven.surefire.junit4.JUnit4Provider.executeTestSet(JUnit4Provider.java:141)  at org.apache.maven.surefire.junit4.JUnit4Provider.invoke(JUnit4Provider.java:112)  at sun.reflect.NativeMethodAccessorImpl.invoke0(Native Method)  at sun.reflect.NativeMethodAccessorImpl.invoke(NativeMethodAccessorImpl.java:62)  at sun.reflect.DelegatingMethodAccessorImpl.invoke(DelegatingMethodAccessorImpl.java:43)  at java.lang.reflect.Method.invoke(Method.java:498)  at org.apache.maven.surefire.util.ReflectionUtils.invokeMethodWithArray(ReflectionUtils.java:189)  at org.apache.maven.surefire.booter.ProviderFactory$ProviderProxy.invoke(ProviderFactory.java:165)  at org.apache.maven.surefire.booter.ProviderFactory.invokeProvider(ProviderFactory.java:85)  at org.apache.maven.surefire.booter.ForkedBooter.runSuitesInProcess(ForkedBooter.java:115)  at org.apache.maven.surefire.booter.ForkedBooter.main(ForkedBooter.java:75) Caused by: java.io.IOException: error\u003d2, No such file or directory  at java.lang.UNIXProcess.forkAndExec(Native Method)  at java.lang.UNIXProcess.\u003cinit\u003e(UNIXProcess.java:247)  at java.lang.ProcessImpl.start(ProcessImpl.java:134)  at java.lang.ProcessBuilder.start(ProcessBuilder.java:1029)  ... 39 more ",
          "isError": true
        }
      ],
      "nbFailures": 0,
      "nbErrors": 3
    },
    {
      "className": "org.web3j.mavenplugin.solidity.SolidityCompilerTest",
      "failingMethods": [
        "compileContract"
      ],
      "erroringMethods": [],
      "failures": [
        {
          "failureName": "java.lang.AssertionError",
          "failureDetail": "java.io.IOException: Cannot run program \"/tmp/solc/solc\" (in directory \"/tmp/solc\"): error\u003d2, No such file or directory  at java.lang.ProcessBuilder.start(ProcessBuilder.java:1048)  at org.web3j.mavenplugin.solidity.SolidityCompiler.getSolCProcessFromLibrary(SolidityCompiler.java:91)  at org.web3j.mavenplugin.solidity.SolidityCompiler.compileSrc(SolidityCompiler.java:58)  at org.web3j.mavenplugin.solidity.SolidityCompilerTest.compileContract(SolidityCompilerTest.java:21)  at sun.reflect.NativeMethodAccessorImpl.invoke0(Native Method)  at sun.reflect.NativeMethodAccessorImpl.invoke(NativeMethodAccessorImpl.java:62)  at sun.reflect.DelegatingMethodAccessorImpl.invoke(DelegatingMethodAccessorImpl.java:43)  at java.lang.reflect.Method.invoke(Method.java:498)  at org.junit.runners.model.FrameworkMethod$1.runReflectiveCall(FrameworkMethod.java:50)  at org.junit.internal.runners.model.ReflectiveCallable.run(ReflectiveCallable.java:12)  at org.junit.runners.model.FrameworkMethod.invokeExplosively(FrameworkMethod.java:47)  at org.junit.internal.runners.statements.InvokeMethod.evaluate(InvokeMethod.java:17)  at org.junit.internal.runners.statements.RunBefores.evaluate(RunBefores.java:26)  at org.junit.runners.ParentRunner.runLeaf(ParentRunner.java:325)  at org.junit.runners.BlockJUnit4ClassRunner.runChild(BlockJUnit4ClassRunner.java:78)  at org.junit.runners.BlockJUnit4ClassRunner.runChild(BlockJUnit4ClassRunner.java:57)  at org.junit.runners.ParentRunner$3.run(ParentRunner.java:290)  at org.junit.runners.ParentRunner$1.schedule(ParentRunner.java:71)  at org.junit.runners.ParentRunner.runChildren(ParentRunner.java:288)  at org.junit.runners.ParentRunner.access$000(ParentRunner.java:58)  at org.junit.runners.ParentRunner$2.evaluate(ParentRunner.java:268)  at org.junit.runners.ParentRunner.run(ParentRunner.java:363)  at org.apache.maven.surefire.junit4.JUnit4Provider.execute(JUnit4Provider.java:252)  at org.apache.maven.surefire.junit4.JUnit4Provider.executeTestSet(JUnit4Provider.java:141)  at org.apache.maven.surefire.junit4.JUnit4Provider.invoke(JUnit4Provider.java:112)  at sun.reflect.NativeMethodAccessorImpl.invoke0(Native Method)  at sun.reflect.NativeMethodAccessorImpl.invoke(NativeMethodAccessorImpl.java:62)  at sun.reflect.DelegatingMethodAccessorImpl.invoke(DelegatingMethodAccessorImpl.java:43)  at java.lang.reflect.Method.invoke(Method.java:498)  at org.apache.maven.surefire.util.ReflectionUtils.invokeMethodWithArray(ReflectionUtils.java:189)  at org.apache.maven.surefire.booter.ProviderFactory$ProviderProxy.invoke(ProviderFactory.java:165)  at org.apache.maven.surefire.booter.ProviderFactory.invokeProvider(ProviderFactory.java:85)  at org.apache.maven.surefire.booter.ForkedBooter.runSuitesInProcess(ForkedBooter.java:115)  at org.apache.maven.surefire.booter.ForkedBooter.main(ForkedBooter.java:75) Caused by: java.io.IOException: error\u003d2, No such file or directory  at java.lang.UNIXProcess.forkAndExec(Native Method)  at java.lang.UNIXProcess.\u003cinit\u003e(UNIXProcess.java:247)  at java.lang.ProcessImpl.start(ProcessImpl.java:134)  at java.lang.ProcessBuilder.start(ProcessBuilder.java:1029)  ... 33 more ",
          "isError": false
        }
      ],
      "nbFailures": 1,
      "nbErrors": 0
    },
    {
      "className": "org.web3j.mavenplugin.JavaClassGeneratorFilterITest",
      "failingMethods": [],
      "erroringMethods": [
        "filteredContractInclude",
        "filteredContractMixed",
        "filteredContractExclude"
      ],
      "failures": [
        {
          "failureName": "org.apache.maven.plugin.MojoExecutionException",
          "failureDetail": "Could not compile solidity files java.io.IOException: Cannot run program \"/tmp/solc/solc\" (in directory \"/tmp/solc\"): error\u003d2, No such file or directory  at java.lang.ProcessBuilder.start(ProcessBuilder.java:1048)  at org.web3j.mavenplugin.solidity.SolidityCompiler.getSolCProcessFromLibrary(SolidityCompiler.java:91)  at org.web3j.mavenplugin.solidity.SolidityCompiler.compileSrc(SolidityCompiler.java:58)  at org.web3j.mavenplugin.JavaClassGeneratorMojo.parseSoliditySources(JavaClassGeneratorMojo.java:127)  at org.web3j.mavenplugin.JavaClassGeneratorMojo.processContractFile(JavaClassGeneratorMojo.java:149)  at org.web3j.mavenplugin.JavaClassGeneratorMojo.execute(JavaClassGeneratorMojo.java:67)  at org.web3j.mavenplugin.JavaClassGeneratorFilterITest.filteredContractMixed(JavaClassGeneratorFilterITest.java:82)  at sun.reflect.NativeMethodAccessorImpl.invoke0(Native Method)  at sun.reflect.NativeMethodAccessorImpl.invoke(NativeMethodAccessorImpl.java:62)  at sun.reflect.DelegatingMethodAccessorImpl.invoke(DelegatingMethodAccessorImpl.java:43)  at java.lang.reflect.Method.invoke(Method.java:498)  at org.junit.runners.model.FrameworkMethod$1.runReflectiveCall(FrameworkMethod.java:50)  at org.junit.internal.runners.model.ReflectiveCallable.run(ReflectiveCallable.java:12)  at org.junit.runners.model.FrameworkMethod.invokeExplosively(FrameworkMethod.java:47)  at org.junit.internal.runners.statements.InvokeMethod.evaluate(InvokeMethod.java:17)  at org.apache.maven.plugin.testing.MojoRule$2.evaluate(MojoRule.java:308)  at org.junit.rules.TestWatcher$1.evaluate(TestWatcher.java:55)  at org.junit.rules.ExternalResource$1.evaluate(ExternalResource.java:48)  at org.junit.rules.RunRules.evaluate(RunRules.java:20)  at org.junit.runners.ParentRunner.runLeaf(ParentRunner.java:325)  at org.junit.runners.BlockJUnit4ClassRunner.runChild(BlockJUnit4ClassRunner.java:78)  at org.junit.runners.BlockJUnit4ClassRunner.runChild(BlockJUnit4ClassRunner.java:57)  at org.junit.runners.ParentRunner$3.run(ParentRunner.java:290)  at org.junit.runners.ParentRunner$1.schedule(ParentRunner.java:71)  at org.junit.runners.ParentRunner.runChildren(ParentRunner.java:288)  at org.junit.runners.ParentRunner.access$000(ParentRunner.java:58)  at org.junit.runners.ParentRunner$2.evaluate(ParentRunner.java:268)  at org.junit.runners.ParentRunner.run(ParentRunner.java:363)  at org.apache.maven.surefire.junit4.JUnit4Provider.execute(JUnit4Provider.java:252)  at org.apache.maven.surefire.junit4.JUnit4Provider.executeTestSet(JUnit4Provider.java:141)  at org.apache.maven.surefire.junit4.JUnit4Provider.invoke(JUnit4Provider.java:112)  at sun.reflect.NativeMethodAccessorImpl.invoke0(Native Method)  at sun.reflect.NativeMethodAccessorImpl.invoke(NativeMethodAccessorImpl.java:62)  at sun.reflect.DelegatingMethodAccessorImpl.invoke(DelegatingMethodAccessorImpl.java:43)  at java.lang.reflect.Method.invoke(Method.java:498)  at org.apache.maven.surefire.util.ReflectionUtils.invokeMethodWithArray(ReflectionUtils.java:189)  at org.apache.maven.surefire.booter.ProviderFactory$ProviderProxy.invoke(ProviderFactory.java:165)  at org.apache.maven.surefire.booter.ProviderFactory.invokeProvider(ProviderFactory.java:85)  at org.apache.maven.surefire.booter.ForkedBooter.runSuitesInProcess(ForkedBooter.java:115)  at org.apache.maven.surefire.booter.ForkedBooter.main(ForkedBooter.java:75) Caused by: java.io.IOException: error\u003d2, No such file or directory  at java.lang.UNIXProcess.forkAndExec(Native Method)  at java.lang.UNIXProcess.\u003cinit\u003e(UNIXProcess.java:247)  at java.lang.ProcessImpl.start(ProcessImpl.java:134)  at java.lang.ProcessBuilder.start(ProcessBuilder.java:1029)  ... 39 more ",
          "isError": true
        },
        {
          "failureName": "org.apache.maven.plugin.MojoExecutionException",
          "failureDetail": "Could not compile solidity files java.io.IOException: Cannot run program \"/tmp/solc/solc\" (in directory \"/tmp/solc\"): error\u003d2, No such file or directory  at java.lang.ProcessBuilder.start(ProcessBuilder.java:1048)  at org.web3j.mavenplugin.solidity.SolidityCompiler.getSolCProcessFromLibrary(SolidityCompiler.java:91)  at org.web3j.mavenplugin.solidity.SolidityCompiler.compileSrc(SolidityCompiler.java:58)  at org.web3j.mavenplugin.JavaClassGeneratorMojo.parseSoliditySources(JavaClassGeneratorMojo.java:127)  at org.web3j.mavenplugin.JavaClassGeneratorMojo.processContractFile(JavaClassGeneratorMojo.java:149)  at org.web3j.mavenplugin.JavaClassGeneratorMojo.execute(JavaClassGeneratorMojo.java:67)  at org.web3j.mavenplugin.JavaClassGeneratorFilterITest.filteredContractInclude(JavaClassGeneratorFilterITest.java:42)  at sun.reflect.NativeMethodAccessorImpl.invoke0(Native Method)  at sun.reflect.NativeMethodAccessorImpl.invoke(NativeMethodAccessorImpl.java:62)  at sun.reflect.DelegatingMethodAccessorImpl.invoke(DelegatingMethodAccessorImpl.java:43)  at java.lang.reflect.Method.invoke(Method.java:498)  at org.junit.runners.model.FrameworkMethod$1.runReflectiveCall(FrameworkMethod.java:50)  at org.junit.internal.runners.model.ReflectiveCallable.run(ReflectiveCallable.java:12)  at org.junit.runners.model.FrameworkMethod.invokeExplosively(FrameworkMethod.java:47)  at org.junit.internal.runners.statements.InvokeMethod.evaluate(InvokeMethod.java:17)  at org.apache.maven.plugin.testing.MojoRule$2.evaluate(MojoRule.java:308)  at org.junit.rules.TestWatcher$1.evaluate(TestWatcher.java:55)  at org.junit.rules.ExternalResource$1.evaluate(ExternalResource.java:48)  at org.junit.rules.RunRules.evaluate(RunRules.java:20)  at org.junit.runners.ParentRunner.runLeaf(ParentRunner.java:325)  at org.junit.runners.BlockJUnit4ClassRunner.runChild(BlockJUnit4ClassRunner.java:78)  at org.junit.runners.BlockJUnit4ClassRunner.runChild(BlockJUnit4ClassRunner.java:57)  at org.junit.runners.ParentRunner$3.run(ParentRunner.java:290)  at org.junit.runners.ParentRunner$1.schedule(ParentRunner.java:71)  at org.junit.runners.ParentRunner.runChildren(ParentRunner.java:288)  at org.junit.runners.ParentRunner.access$000(ParentRunner.java:58)  at org.junit.runners.ParentRunner$2.evaluate(ParentRunner.java:268)  at org.junit.runners.ParentRunner.run(ParentRunner.java:363)  at org.apache.maven.surefire.junit4.JUnit4Provider.execute(JUnit4Provider.java:252)  at org.apache.maven.surefire.junit4.JUnit4Provider.executeTestSet(JUnit4Provider.java:141)  at org.apache.maven.surefire.junit4.JUnit4Provider.invoke(JUnit4Provider.java:112)  at sun.reflect.NativeMethodAccessorImpl.invoke0(Native Method)  at sun.reflect.NativeMethodAccessorImpl.invoke(NativeMethodAccessorImpl.java:62)  at sun.reflect.DelegatingMethodAccessorImpl.invoke(DelegatingMethodAccessorImpl.java:43)  at java.lang.reflect.Method.invoke(Method.java:498)  at org.apache.maven.surefire.util.ReflectionUtils.invokeMethodWithArray(ReflectionUtils.java:189)  at org.apache.maven.surefire.booter.ProviderFactory$ProviderProxy.invoke(ProviderFactory.java:165)  at org.apache.maven.surefire.booter.ProviderFactory.invokeProvider(ProviderFactory.java:85)  at org.apache.maven.surefire.booter.ForkedBooter.runSuitesInProcess(ForkedBooter.java:115)  at org.apache.maven.surefire.booter.ForkedBooter.main(ForkedBooter.java:75) Caused by: java.io.IOException: error\u003d2, No such file or directory  at java.lang.UNIXProcess.forkAndExec(Native Method)  at java.lang.UNIXProcess.\u003cinit\u003e(UNIXProcess.java:247)  at java.lang.ProcessImpl.start(ProcessImpl.java:134)  at java.lang.ProcessBuilder.start(ProcessBuilder.java:1029)  ... 39 more ",
          "isError": true
        },
        {
          "failureName": "org.apache.maven.plugin.MojoExecutionException",
          "failureDetail": "Could not compile solidity files java.io.IOException: Cannot run program \"/tmp/solc/solc\" (in directory \"/tmp/solc\"): error\u003d2, No such file or directory  at java.lang.ProcessBuilder.start(ProcessBuilder.java:1048)  at org.web3j.mavenplugin.solidity.SolidityCompiler.getSolCProcessFromLibrary(SolidityCompiler.java:91)  at org.web3j.mavenplugin.solidity.SolidityCompiler.compileSrc(SolidityCompiler.java:58)  at org.web3j.mavenplugin.JavaClassGeneratorMojo.parseSoliditySources(JavaClassGeneratorMojo.java:127)  at org.web3j.mavenplugin.JavaClassGeneratorMojo.processContractFile(JavaClassGeneratorMojo.java:149)  at org.web3j.mavenplugin.JavaClassGeneratorMojo.execute(JavaClassGeneratorMojo.java:67)  at org.web3j.mavenplugin.JavaClassGeneratorFilterITest.filteredContractExclude(JavaClassGeneratorFilterITest.java:62)  at sun.reflect.NativeMethodAccessorImpl.invoke0(Native Method)  at sun.reflect.NativeMethodAccessorImpl.invoke(NativeMethodAccessorImpl.java:62)  at sun.reflect.DelegatingMethodAccessorImpl.invoke(DelegatingMethodAccessorImpl.java:43)  at java.lang.reflect.Method.invoke(Method.java:498)  at org.junit.runners.model.FrameworkMethod$1.runReflectiveCall(FrameworkMethod.java:50)  at org.junit.internal.runners.model.ReflectiveCallable.run(ReflectiveCallable.java:12)  at org.junit.runners.model.FrameworkMethod.invokeExplosively(FrameworkMethod.java:47)  at org.junit.internal.runners.statements.InvokeMethod.evaluate(InvokeMethod.java:17)  at org.apache.maven.plugin.testing.MojoRule$2.evaluate(MojoRule.java:308)  at org.junit.rules.TestWatcher$1.evaluate(TestWatcher.java:55)  at org.junit.rules.ExternalResource$1.evaluate(ExternalResource.java:48)  at org.junit.rules.RunRules.evaluate(RunRules.java:20)  at org.junit.runners.ParentRunner.runLeaf(ParentRunner.java:325)  at org.junit.runners.BlockJUnit4ClassRunner.runChild(BlockJUnit4ClassRunner.java:78)  at org.junit.runners.BlockJUnit4ClassRunner.runChild(BlockJUnit4ClassRunner.java:57)  at org.junit.runners.ParentRunner$3.run(ParentRunner.java:290)  at org.junit.runners.ParentRunner$1.schedule(ParentRunner.java:71)  at org.junit.runners.ParentRunner.runChildren(ParentRunner.java:288)  at org.junit.runners.ParentRunner.access$000(ParentRunner.java:58)  at org.junit.runners.ParentRunner$2.evaluate(ParentRunner.java:268)  at org.junit.runners.ParentRunner.run(ParentRunner.java:363)  at org.apache.maven.surefire.junit4.JUnit4Provider.execute(JUnit4Provider.java:252)  at org.apache.maven.surefire.junit4.JUnit4Provider.executeTestSet(JUnit4Provider.java:141)  at org.apache.maven.surefire.junit4.JUnit4Provider.invoke(JUnit4Provider.java:112)  at sun.reflect.NativeMethodAccessorImpl.invoke0(Native Method)  at sun.reflect.NativeMethodAccessorImpl.invoke(NativeMethodAccessorImpl.java:62)  at sun.reflect.DelegatingMethodAccessorImpl.invoke(DelegatingMethodAccessorImpl.java:43)  at java.lang.reflect.Method.invoke(Method.java:498)  at org.apache.maven.surefire.util.ReflectionUtils.invokeMethodWithArray(ReflectionUtils.java:189)  at org.apache.maven.surefire.booter.ProviderFactory$ProviderProxy.invoke(ProviderFactory.java:165)  at org.apache.maven.surefire.booter.ProviderFactory.invokeProvider(ProviderFactory.java:85)  at org.apache.maven.surefire.booter.ForkedBooter.runSuitesInProcess(ForkedBooter.java:115)  at org.apache.maven.surefire.booter.ForkedBooter.main(ForkedBooter.java:75) Caused by: java.io.IOException: error\u003d2, No such file or directory  at java.lang.UNIXProcess.forkAndExec(Native Method)  at java.lang.UNIXProcess.\u003cinit\u003e(UNIXProcess.java:247)  at java.lang.ProcessImpl.start(ProcessImpl.java:134)  at java.lang.ProcessBuilder.start(ProcessBuilder.java:1029)  ... 39 more ",
          "isError": true
        }
      ],
      "nbFailures": 0,
      "nbErrors": 3
    }
  ]
}