[checkstyle] [ERROR] /root/workspace/checkstyle/checkstyle/212574373/src/main/resources/com/puppycrawl/tools/checkstyle/checks/indentation:0: Properties file 'messages.properties' is missing. [Translation]
[checkstyle] [ERROR] /root/workspace/checkstyle/checkstyle/212574373/src/main/resources/com/puppycrawl/tools/checkstyle/checks/indentation:0: Properties file 'messages_de.properties' is missing. [Translation]
[checkstyle] [ERROR] /root/workspace/checkstyle/checkstyle/212574373/src/main/resources/com/puppycrawl/tools/checkstyle/checks/indentation:0: Properties file 'messages_fi.properties' is missing. [Translation]
[checkstyle] [ERROR] /root/workspace/checkstyle/checkstyle/212574373/src/main/resources/com/puppycrawl/tools/checkstyle/checks/indentation:0: Properties file 'messages_pt.properties' is missing. [Translation]
[checkstyle] [ERROR] /root/workspace/checkstyle/checkstyle/212574373/src/main/resources/com/puppycrawl/tools/checkstyle/checks/indentation:0: Properties file 'messages_ja.properties' is missing. [Translation]
[checkstyle] [ERROR] /root/workspace/checkstyle/checkstyle/212574373/src/main/resources/com/puppycrawl/tools/checkstyle/checks/indentation:0: Properties file 'messages_fr.properties' is missing. [Translation]
[checkstyle] [ERROR] /root/workspace/checkstyle/checkstyle/212574373/src/main/resources/com/puppycrawl/tools/checkstyle/checks/indentation:0: Properties file 'messages_es.properties' is missing. [Translation]
[checkstyle] [ERROR] /root/workspace/checkstyle/checkstyle/212574373/src/main/resources/com/puppycrawl/tools/checkstyle/checks/indentation:0: Properties file 'messages_zh.properties' is missing. [Translation]
ckstyle/212574373/src/test/resources added.
[INFO] 
[INFO] --- build-helper-maven-plugin:3.0.0:add-test-source (add-it-test-source) @ checkstyle ---
[INFO] Test Source directory: /root/workspace/checkstyle/checkstyle/212574373/src/it/java added.
[INFO] 
[INFO] --- build-helper-maven-plugin:3.0.0:add-test-source (add-it-test-resource) @ checkstyle ---
[INFO] Test Source directory: /root/workspace/checkstyle/checkstyle/212574373/src/it/resources added.
[INFO] 
[INFO] --- maven-compiler-plugin:3.6.1:compile (default-compile) @ checkstyle ---
[INFO] Changes detected - recompiling the module!
[INFO] Compiling 353 source files to /root/workspace/checkstyle/checkstyle/212574373/target/classes
[INFO] /root/workspace/checkstyle/checkstyle/212574373/src/main/java/com/puppycrawl/tools/checkstyle/checks/javadoc/JavadocMethodCheck.java: /root/workspace/checkstyle/checkstyle/212574373/src/main/java/com/puppycrawl/tools/checkstyle/checks/javadoc/JavadocMethodCheck.java uses or overrides a deprecated API.
[INFO] /root/workspace/checkstyle/checkstyle/212574373/src/main/java/com/puppycrawl/tools/checkstyle/checks/javadoc/JavadocMethodCheck.java: Recompile with -Xlint:deprecation for details.
[INFO] /root/workspace/checkstyle/checkstyle/212574373/src/main/java/com/puppycrawl/tools/checkstyle/api/AutomaticBean.java: Some input files use unchecked or unsafe operations.
[INFO] /root/workspace/checkstyle/checkstyle/212574373/src/main/java/com/puppycrawl/tools/checkstyle/api/AutomaticBean.java: Recompile with -Xlint:unchecked for details.
[INFO] 
[INFO] --- maven-antrun-plugin:1.8:run (ant-phase-compile) @ checkstyle ---
[INFO] Executing tasks

main:

execute:
[propertyfile] Updating property file: /root/workspace/checkstyle/checkstyle/212574373/target/classes/checkstylecompilation.properties
  [javadoc] Generating Javadoc
  [javadoc] Javadoc execution
  [javadoc] Loading source file /root/workspace/checkstyle/checkstyle/212574373/src/main/java/com/puppycrawl/tools/checkstyle/api/TokenTypes.java...
  [javadoc] Constructing Javadoc information...
[INFO] Executed tasks
[INFO] 
[INFO] --- maven-resources-plugin:3.0.2:testResources (default-testResources) @ checkstyle ---
[INFO] Using 'UTF-8' encoding to copy filtered resources.
[INFO] Copying 794 resources
[INFO] 
[INFO] --- maven-compiler-plugin:3.6.1:testCompile (default-testCompile) @ checkstyle ---
[INFO] Changes detected - recompiling the module!
[INFO] Compiling 1093 source files to /root/workspace/checkstyle/checkstyle/212574373/target/test-classes
[INFO] /root/workspace/checkstyle/checkstyle/212574373/src/test/java/com/puppycrawl/tools/checkstyle/checks/javadoc/AbstractTypeAwareCheckTest.java: Some input files use or override a deprecated API.
[INFO] /root/workspace/checkstyle/checkstyle/212574373/src/test/java/com/puppycrawl/tools/checkstyle/checks/javadoc/AbstractTypeAwareCheckTest.java: Recompile with -Xlint:deprecation for details.
[INFO] 
[INFO] --- maven-surefire-plugin:2.19.1:test (default-test) @ checkstyle ---
[INFO] Tests are skipped.
[INFO] 
[INFO] --- xml-maven-plugin:1.0.1:validate (default) @ checkstyle ---
[INFO] 
[INFO] --- maven-jar-plugin:3.0.2:jar (default-jar) @ checkstyle ---
[INFO] Building jar: /root/workspace/checkstyle/checkstyle/212574373/target/checkstyle-7.7-SNAPSHOT.jar
[INFO] 
[INFO] --- maven-jar-plugin:3.0.2:test-jar (default) @ checkstyle ---
[INFO] Building jar: /root/workspace/checkstyle/checkstyle/212574373/target/checkstyle-7.7-SNAPSHOT-tests.jar
[INFO] 
[INFO] --- maven-failsafe-plugin:2.19.1:integration-test (integration-test) @ checkstyle ---
[INFO] Tests are skipped.
[INFO] 
[INFO] --- maven-checkstyle-plugin:2.17:check (sevntu-checkstyle-check) @ checkstyle ---
[INFO] 
[INFO] --- maven-failsafe-plugin:2.19.1:verify (verify) @ checkstyle ---
[INFO] Tests are skipped.
[INFO] 
[INFO] --- maven-antrun-plugin:1.8:run (ant-phase-verify) @ checkstyle ---
[INFO] Executing tasks

main:

execute:
     [echo] Checkstyle started: 25/01/2018 10:05:34 PM
[checkstyle] Running Checkstyle 7.7-SNAPSHOT on 931 files
     [echo] Checkstyle finished: 25/01/2018 10:05:40 PM
[INFO] ------------------------------------------------------------------------
[INFO] BUILD FAILURE
[INFO] ------------------------------------------------------------------------
[INFO] Total time: 35.442 s
[INFO] Finished at: 2018-01-25T22:05:40+01:00
[INFO] Final Memory: 65M/2036M
[INFO] ------------------------------------------------------------------------
[ERROR] Failed to execute goal org.apache.maven.plugins:maven-antrun-plugin:1.8:run (ant-phase-verify) on project checkstyle: An Ant BuildException has occured: The following error occurred while executing this line:
[ERROR] /root/workspace/checkstyle/checkstyle/212574373/config/ant-phase-verify.xml:48: Checkstyle failed: Got 8 errors and 0 warnings.
[ERROR] around Ant part ...<ant antfile="config/ant-phase-verify.xml"/>... @ 7:47 in /root/workspace/checkstyle/checkstyle/212574373/target/antrun/build-main.xml
[ERROR] -> [Help 1]
[ERROR] 
[ERROR] To see the full stack trace of the errors, re-run Maven with the -e switch.
[ERROR] Re-run Maven using the -X switch to enable full debug logging.
[ERROR] 
[ERROR] For more information about the errors and possible solutions, please read the following articles:
[ERROR] [Help 1] http://cwiki.apache.org/confluence/display/MAVEN/MojoExecutionException
