[INFO] Scanning for projects...
[INFO]                                                                         
[INFO] ------------------------------------------------------------------------
[INFO] Building RESTEasy Main testsuite: Integration tests 3.5.1-SNAPSHOT
[INFO] ------------------------------------------------------------------------
Downloading: http://repository.jboss.org/nexus/content/groups/public/org/jboss/resteasy/resteasy-testsuite/3.5.1-SNAPSHOT/maven-metadata.xml

Downloading: http://repository.jboss.org/nexus/content/groups/public/org/jboss/resteasy/resteasy-testsuite/3.5.1-SNAPSHOT/resteasy-testsuite-3.5.1-SNAPSHOT.pom

[INFO] ------------------------------------------------------------------------
[INFO] BUILD FAILURE
[INFO] ------------------------------------------------------------------------
[INFO] Total time: 2.049 s
[INFO] Finished at: 2018-04-09T17:58:47+02:00
[INFO] Final Memory: 25M/1214M
[INFO] ------------------------------------------------------------------------
[ERROR] Failed to execute goal on project resteasy-integration-tests: Could not resolve dependencies for project org.jboss.resteasy:resteasy-integration-tests:jar:3.5.1-SNAPSHOT: Failed to collect dependencies at org.jboss.resteasy:arquillian-utils:jar:3.5.1-SNAPSHOT: Failed to read artifact descriptor for org.jboss.resteasy:arquillian-utils:jar:3.5.1-SNAPSHOT: Could not find artifact org.jboss.resteasy:resteasy-testsuite:pom:3.5.1-SNAPSHOT in jboss (http://repository.jboss.org/nexus/content/groups/public/) -> [Help 1]
[ERROR] 
[ERROR] To see the full stack trace of the errors, re-run Maven with the -e switch.
[ERROR] Re-run Maven using the -X switch to enable full debug logging.
[ERROR] 
[ERROR] For more information about the errors and possible solutions, please read the following articles:
[ERROR] [Help 1] http://cwiki.apache.org/confluence/display/MAVEN/DependencyResolutionException
