[INFO] Scanning for projects...
[INFO] Inspecting build with total of 1 modules...
[INFO] Installing Nexus Staging features:
[INFO]   ... total of 1 executions of maven-deploy-plugin replaced with nexus-staging-maven-plugin
[INFO]                                                                         
[INFO] ------------------------------------------------------------------------
[INFO] Building Attestor 0.3.9-SNAPSHOT
[INFO] ------------------------------------------------------------------------
Downloading: https://soot-build.cs.uni-paderborn.de/nexus/repository/soot-release/pxb/android/axml/2.0.0-SNAPSHOT/maven-metadata.xml

[WARNING] Could not transfer metadata pxb.android:axml:2.0.0-SNAPSHOT/maven-metadata.xml from/to soot-release (https://soot-build.cs.uni-paderborn.de/nexus/repository/soot-release/): Failed to transfer file: https://soot-build.cs.uni-paderborn.de/nexus/repository/soot-release/pxb/android/axml/2.0.0-SNAPSHOT/maven-metadata.xml. Return code is: 400 , ReasonPhrase:Repository version policy: RELEASE does not allow metadata in path: pxb/android/axml/2.0.0-SNAPSHOT/maven-metadata.xml.
[WARNING] Failure to transfer pxb.android:axml:2.0.0-SNAPSHOT/maven-metadata.xml from https://soot-build.cs.uni-paderborn.de/nexus/repository/soot-release/ was cached in the local repository, resolution will not be reattempted until the update interval of soot-release has elapsed or updates are forced. Original error: Could not transfer metadata pxb.android:axml:2.0.0-SNAPSHOT/maven-metadata.xml from/to soot-release (https://soot-build.cs.uni-paderborn.de/nexus/repository/soot-release/): Failed to transfer file: https://soot-build.cs.uni-paderborn.de/nexus/repository/soot-release/pxb/android/axml/2.0.0-SNAPSHOT/maven-metadata.xml. Return code is: 400 , ReasonPhrase:Repository version policy: RELEASE does not allow metadata in path: pxb/android/axml/2.0.0-SNAPSHOT/maven-metadata.xml.
Downloading: https://soot-build.cs.uni-paderborn.de/nexus/repository/soot-release/heros/heros/1.0.0-SNAPSHOT/maven-metadata.xml

[WARNING] Could not transfer metadata heros:heros:1.0.0-SNAPSHOT/maven-metadata.xml from/to soot-release (https://soot-build.cs.uni-paderborn.de/nexus/repository/soot-release/): Failed to transfer file: https://soot-build.cs.uni-paderborn.de/nexus/repository/soot-release/heros/heros/1.0.0-SNAPSHOT/maven-metadata.xml. Return code is: 400 , ReasonPhrase:Repository version policy: RELEASE does not allow metadata in path: heros/heros/1.0.0-SNAPSHOT/maven-metadata.xml.
[WARNING] Failure to transfer heros:heros:1.0.0-SNAPSHOT/maven-metadata.xml from https://soot-build.cs.uni-paderborn.de/nexus/repository/soot-release/ was cached in the local repository, resolution will not be reattempted until the update interval of soot-release has elapsed or updates are forced. Original error: Could not transfer metadata heros:heros:1.0.0-SNAPSHOT/maven-metadata.xml from/to soot-release (https://soot-build.cs.uni-paderborn.de/nexus/repository/soot-release/): Failed to transfer file: https://soot-build.cs.uni-paderborn.de/nexus/repository/soot-release/heros/heros/1.0.0-SNAPSHOT/maven-metadata.xml. Return code is: 400 , ReasonPhrase:Repository version policy: RELEASE does not allow metadata in path: heros/heros/1.0.0-SNAPSHOT/maven-metadata.xml.
Downloading: https://soot-build.cs.uni-paderborn.de/nexus/repository/soot-release/ca/mcgill/sable/jasmin/3.0.0-SNAPSHOT/maven-metadata.xml

[WARNING] Could not transfer metadata ca.mcgill.sable:jasmin:3.0.0-SNAPSHOT/maven-metadata.xml from/to soot-release (https://soot-build.cs.uni-paderborn.de/nexus/repository/soot-release/): Failed to transfer file: https://soot-build.cs.uni-paderborn.de/nexus/repository/soot-release/ca/mcgill/sable/jasmin/3.0.0-SNAPSHOT/maven-metadata.xml. Return code is: 400 , ReasonPhrase:Repository version policy: RELEASE does not allow metadata in path: ca/mcgill/sable/jasmin/3.0.0-SNAPSHOT/maven-metadata.xml.
[WARNING] Failure to transfer ca.mcgill.sable:jasmin:3.0.0-SNAPSHOT/maven-metadata.xml from https://soot-build.cs.uni-paderborn.de/nexus/repository/soot-release/ was cached in the local repository, resolution will not be reattempted until the update interval of soot-release has elapsed or updates are forced. Original error: Could not transfer metadata ca.mcgill.sable:jasmin:3.0.0-SNAPSHOT/maven-metadata.xml from/to soot-release (https://soot-build.cs.uni-paderborn.de/nexus/repository/soot-release/): Failed to transfer file: https://soot-build.cs.uni-paderborn.de/nexus/repository/soot-release/ca/mcgill/sable/jasmin/3.0.0-SNAPSHOT/maven-metadata.xml. Return code is: 400 , ReasonPhrase:Repository version policy: RELEASE does not allow metadata in path: ca/mcgill/sable/jasmin/3.0.0-SNAPSHOT/maven-metadata.xml.
[INFO] 
[INFO] --- maven-resources-plugin:2.6:resources (default-resources) @ attestor ---
[INFO] Using 'UTF-8' encoding to copy filtered resources.
[INFO] Copying 1 resource
[INFO] Copying 4 resources
[INFO] Copying 8 resources to /root/workspace/moves-rwth/attestor/362129848/target/classes
[INFO] 
[INFO] --- build-helper-maven-plugin:3.0.0:add-test-source (add-test-source) @ attestor ---
[INFO] Test Source directory: /root/workspace/moves-rwth/attestor/362129848/src/it/java added.
[INFO] 
[INFO] --- maven-compiler-plugin:3.1:compile (default-compile) @ attestor ---
[INFO] Changes detected - recompiling the module!
[INFO] Compiling 369 source files to /root/workspace/moves-rwth/attestor/362129848/target/classes
[INFO] 
[INFO] --- maven-resources-plugin:2.6:testResources (default-testResources) @ attestor ---
[INFO] Using 'UTF-8' encoding to copy filtered resources.
[INFO] Copying 6 resources
[INFO] 
[INFO] --- maven-compiler-plugin:3.1:testCompile (default-testCompile) @ attestor ---
[INFO] Changes detected - recompiling the module!
[INFO] Compiling 137 source files to /root/workspace/moves-rwth/attestor/362129848/target/test-classes
[INFO] 
[INFO] --- maven-surefire-plugin:2.20.1:test (default-test) @ attestor ---
Downloading: https://repo.maven.apache.org/maven2/org/apache/maven/surefire/surefire-junit4/2.20.1/surefire-junit4-2.20.1.pom
3/4 KB   
4/4 KB   
         
Downloaded: https://repo.maven.apache.org/maven2/org/apache/maven/surefire/surefire-junit4/2.20.1/surefire-junit4-2.20.1.pom (4 KB at 37.5 KB/sec)
Downloading: https://repo.maven.apache.org/maven2/org/apache/maven/surefire/surefire-providers/2.20.1/surefire-providers-2.20.1.pom
3/3 KB   
3/3 KB   
         
Downloaded: https://repo.maven.apache.org/maven2/org/apache/maven/surefire/surefire-providers/2.20.1/surefire-providers-2.20.1.pom (3 KB at 136.0 KB/sec)
Downloading: https://repo.maven.apache.org/maven2/org/apache/maven/surefire/surefire-junit4/2.20.1/surefire-junit4-2.20.1.jar
3/81 KB   
6/81 KB   
9/81 KB   
11/81 KB   
14/81 KB   
16/81 KB   
19/81 KB   
22/81 KB   
25/81 KB   
27/81 KB   
30/81 KB   
32/81 KB   
36/81 KB   
40/81 KB   
44/81 KB   
48/81 KB   
52/81 KB   
56/81 KB   
60/81 KB   
64/81 KB   
68/81 KB   
72/81 KB   
76/81 KB   
80/81 KB   
81/81 KB   
           
Downloaded: https://repo.maven.apache.org/maven2/org/apache/maven/surefire/surefire-junit4/2.20.1/surefire-junit4-2.20.1.jar (81 KB at 2008.7 KB/sec)
[INFO] 
[INFO] -------------------------------------------------------
[INFO]  T E S T S
[INFO] -------------------------------------------------------
[INFO] Running de.rwth.i2.attestor.programState.indexedState.semantics.IndexedSemanticsCommandTest
[INFO] Tests run: 3, Failures: 0, Errors: 0, Skipped: 0, Time elapsed: 0.43 s - in de.rwth.i2.attestor.programState.indexedState.semantics.IndexedSemanticsCommandTest
[INFO] Running de.rwth.i2.attestor.programState.indexedState.index.DefaultIndexMaterializationTest
[INFO] Tests run: 6, Failures: 0, Errors: 0, Skipped: 0, Time elapsed: 0 s - in de.rwth.i2.attestor.programState.indexedState.index.DefaultIndexMaterializationTest
[INFO] Running de.rwth.i2.attestor.programState.indexedState.TestEmbeddings
[INFO] Tests run: 5, Failures: 0, Errors: 0, Skipped: 0, Time elapsed: 0.001 s - in de.rwth.i2.attestor.programState.indexedState.TestEmbeddings
[INFO] Running de.rwth.i2.attestor.programState.indexedState.IndexedNonterminalTest
[INFO] Tests run: 9, Failures: 0, Errors: 0, Skipped: 0, Time elapsed: 0.001 s - in de.rwth.i2.attestor.programState.indexedState.IndexedNonterminalTest
[INFO] Running de.rwth.i2.attestor.programState.indexedState.TestAVLAnnotationMaintaining
[INFO] Tests run: 1, Failures: 0, Errors: 0, Skipped: 0, Time elapsed: 0 s - in de.rwth.i2.attestor.programState.indexedState.TestAVLAnnotationMaintaining
[INFO] Running de.rwth.i2.attestor.programState.indexedState.TestGeneralMaterializationStrategy_OldIndexedTests
[INFO] Tests run: 2, Failures: 0, Errors: 0, Skipped: 0, Time elapsed: 0.012 s - in de.rwth.i2.attestor.programState.indexedState.TestGeneralMaterializationStrategy_OldIndexedTests
[INFO] Running de.rwth.i2.attestor.programState.indexedState.TestAVLIndexCanoization
[INFO] Tests run: 3, Failures: 0, Errors: 0, Skipped: 0, Time elapsed: 0.003 s - in de.rwth.i2.attestor.programState.indexedState.TestAVLIndexCanoization
[INFO] Running de.rwth.i2.attestor.grammar.materialization.moduleTests.MaterializationTest
[INFO] Tests run: 1, Failures: 0, Errors: 0, Skipped: 0, Time elapsed: 0.003 s - in de.rwth.i2.attestor.grammar.materialization.moduleTests.MaterializationTest
[INFO] Running de.rwth.i2.attestor.grammar.materialization.IndexMaterializationStrategyTest
[INFO] Tests run: 9, Failures: 0, Errors: 0, Skipped: 0, Time elapsed: 0.004 s - in de.rwth.i2.attestor.grammar.materialization.IndexMaterializationStrategyTest
[INFO] Running de.rwth.i2.attestor.grammar.materialization.OneStepMaterializationTest
[INFO] Tests run: 4, Failures: 0, Errors: 0, Skipped: 0, Time elapsed: 0.005 s - in de.rwth.i2.attestor.grammar.materialization.OneStepMaterializationTest
[INFO] Running de.rwth.i2.attestor.grammar.materialization.IndexedGrammarResponseApplierTest
[INFO] Tests run: 1, Failures: 0, Errors: 0, Skipped: 0, Time elapsed: 0.117 s - in de.rwth.i2.attestor.grammar.materialization.IndexedGrammarResponseApplierTest
[INFO] Running de.rwth.i2.attestor.grammar.materialization.GraphMaterializerTest
[INFO] Tests run: 1, Failures: 0, Errors: 0, Skipped: 0, Time elapsed: 0 s - in de.rwth.i2.attestor.grammar.materialization.GraphMaterializerTest
[INFO] Running de.rwth.i2.attestor.grammar.materialization.IndexMatcherTest
[INFO] Tests run: 4, Failures: 0, Errors: 0, Skipped: 0, Time elapsed: 0.001 s - in de.rwth.i2.attestor.grammar.materialization.IndexMatcherTest
[INFO] Running de.rwth.i2.attestor.grammar.materialization.DefaultGrammarResponseApplierTest
[INFO] Tests run: 4, Failures: 0, Errors: 0, Skipped: 0, Time elapsed: 0 s - in de.rwth.i2.attestor.grammar.materialization.DefaultGrammarResponseApplierTest
[INFO] Running de.rwth.i2.attestor.grammar.materialization.DefaultMaterializationRuleManagerTest
[INFO] Tests run: 2, Failures: 0, Errors: 0, Skipped: 0, Time elapsed: 0.001 s - in de.rwth.i2.attestor.grammar.materialization.DefaultMaterializationRuleManagerTest
[INFO] Running de.rwth.i2.attestor.grammar.materialization.IndexedMaterializationRuleManagerTest
[INFO] Tests run: 7, Failures: 0, Errors: 0, Skipped: 0, Time elapsed: 0.001 s - in de.rwth.i2.attestor.grammar.materialization.IndexedMaterializationRuleManagerTest
[INFO] Running de.rwth.i2.attestor.grammar.canoncalization.moduleTest.CanonicalizationStrategyCollapsedTest
[INFO] Tests run: 1, Failures: 0, Errors: 0, Skipped: 0, Time elapsed: 0 s - in de.rwth.i2.attestor.grammar.canoncalization.moduleTest.CanonicalizationStrategyCollapsedTest
[INFO] Running de.rwth.i2.attestor.grammar.canoncalization.moduleTest.CanonicalizationStrategyTest
[INFO] Tests run: 6, Failures: 0, Errors: 0, Skipped: 0, Time elapsed: 0.011 s - in de.rwth.i2.attestor.grammar.canoncalization.moduleTest.CanonicalizationStrategyTest
[INFO] Running de.rwth.i2.attestor.grammar.canoncalization.moduleTest.GeneralCanonicalizationTest_Default_ConfluentTest
[INFO] Tests run: 1, Failures: 0, Errors: 0, Skipped: 0, Time elapsed: 0.002 s - in de.rwth.i2.attestor.grammar.canoncalization.moduleTest.GeneralCanonicalizationTest_Default_ConfluentTest
[INFO] Running de.rwth.i2.attestor.grammar.canoncalization.EmbeddingIndexCheckerTest
[INFO] Tests run: 9, Failures: 0, Errors: 0, Skipped: 0, Time elapsed: 0.007 s - in de.rwth.i2.attestor.grammar.canoncalization.EmbeddingIndexCheckerTest
[INFO] Running de.rwth.i2.attestor.grammar.canoncalization.DefaultEmbeddingCheckerProviderTest
[INFO] Tests run: 2, Failures: 0, Errors: 0, Skipped: 0, Time elapsed: 0 s - in de.rwth.i2.attestor.grammar.canoncalization.DefaultEmbeddingCheckerProviderTest
[INFO] Running de.rwth.i2.attestor.grammar.util.ExternalNodesPartitionerTest
[INFO] Tests run: 3, Failures: 0, Errors: 0, Skipped: 0, Time elapsed: 0.001 s - in de.rwth.i2.attestor.grammar.util.ExternalNodesPartitionerTest
[INFO] Running de.rwth.i2.attestor.grammar.IndexMatcherTest
[INFO] Tests run: 4, Failures: 0, Errors: 0, Skipped: 0, Time elapsed: 0.001 s - in de.rwth.i2.attestor.grammar.IndexMatcherTest
[INFO] Running de.rwth.i2.attestor.grammar.GrammarTest
[INFO] Tests run: 8, Failures: 0, Errors: 0, Skipped: 0, Time elapsed: 0.001 s - in de.rwth.i2.attestor.grammar.GrammarTest
[INFO] Running de.rwth.i2.attestor.semantics.jimpleSemantics.jimple.values.NewExprTest
[INFO] Tests run: 1, Failures: 0, Errors: 0, Skipped: 0, Time elapsed: 0 s - in de.rwth.i2.attestor.semantics.jimpleSemantics.jimple.values.NewExprTest
[INFO] Running de.rwth.i2.attestor.semantics.jimpleSemantics.jimple.values.FieldTest
[INFO] Tests run: 2, Failures: 0, Errors: 0, Skipped: 0, Time elapsed: 0 s - in de.rwth.i2.attestor.semantics.jimpleSemantics.jimple.values.FieldTest
[INFO] Running de.rwth.i2.attestor.semantics.jimpleSemantics.jimple.statements.IfStmtTest
[INFO] Tests run: 3, Failures: 0, Errors: 0, Skipped: 0, Time elapsed: 0 s - in de.rwth.i2.attestor.semantics.jimpleSemantics.jimple.statements.IfStmtTest
[INFO] Running de.rwth.i2.attestor.semantics.jimpleSemantics.jimple.statements.ReturnValueTest
[31m[Warning] [m return value evaluated to undefined. No return will be attached
[INFO] Tests run: 3, Failures: 0, Errors: 0, Skipped: 0, Time elapsed: 0.003 s - in de.rwth.i2.attestor.semantics.jimpleSemantics.jimple.statements.ReturnValueTest
[INFO] Running de.rwth.i2.attestor.semantics.jimpleSemantics.jimple.statements.InvokeStmtTest
[INFO] Tests run: 3, Failures: 0, Errors: 0, Skipped: 0, Time elapsed: 0.021 s - in de.rwth.i2.attestor.semantics.jimpleSemantics.jimple.statements.InvokeStmtTest
[INFO] Running de.rwth.i2.attestor.semantics.jimpleSemantics.jimple.statements.AssignStmtTest
[INFO] Tests run: 1, Failures: 0, Errors: 0, Skipped: 0, Time elapsed: 0 s - in de.rwth.i2.attestor.semantics.jimpleSemantics.jimple.statements.AssignStmtTest
[INFO] Running de.rwth.i2.attestor.semantics.jimpleSemantics.jimple.statements.ItentityStatementTest
[INFO] Tests run: 3, Failures: 0, Errors: 0, Skipped: 0, Time elapsed: 0 s - in de.rwth.i2.attestor.semantics.jimpleSemantics.jimple.statements.ItentityStatementTest
[INFO] Running de.rwth.i2.attestor.semantics.jimpleSemantics.jimple.PrepareHeapTest
[INFO] Tests run: 3, Failures: 0, Errors: 0, Skipped: 0, Time elapsed: 0 s - in de.rwth.i2.attestor.semantics.jimpleSemantics.jimple.PrepareHeapTest
[INFO] Running de.rwth.i2.attestor.semantics.jimpleSemantics.translation.TarjanAlgorithmTest
[INFO] Tests run: 5, Failures: 0, Errors: 0, Skipped: 0, Time elapsed: 0 s - in de.rwth.i2.attestor.semantics.jimpleSemantics.translation.TarjanAlgorithmTest
[INFO] Running de.rwth.i2.attestor.semantics.util.ConstantsTest
[INFO] Tests run: 1, Failures: 0, Errors: 0, Skipped: 0, Time elapsed: 0 s - in de.rwth.i2.attestor.semantics.util.ConstantsTest
[INFO] Running de.rwth.i2.attestor.graph.heap.internal.ComplexGraphBuilderTest
[INFO] Tests run: 31, Failures: 0, Errors: 0, Skipped: 0, Time elapsed: 0.007 s - in de.rwth.i2.attestor.graph.heap.internal.ComplexGraphBuilderTest
[INFO] Running de.rwth.i2.attestor.graph.heap.internal.HeapConfigurationBuilderTest
[INFO] Tests run: 32, Failures: 0, Errors: 0, Skipped: 0, Time elapsed: 0.005 s - in de.rwth.i2.attestor.graph.heap.internal.HeapConfigurationBuilderTest
[INFO] Running de.rwth.i2.attestor.graph.heap.internal.HeapConfigurationTest
[INFO] Tests run: 18, Failures: 0, Errors: 0, Skipped: 0, Time elapsed: 0.002 s - in de.rwth.i2.attestor.graph.heap.internal.HeapConfigurationTest
[INFO] Running de.rwth.i2.attestor.graph.morphism.IsomorphismCheckerTest
[INFO] Tests run: 10, Failures: 0, Errors: 0, Skipped: 0, Time elapsed: 0 s - in de.rwth.i2.attestor.graph.morphism.IsomorphismCheckerTest
[INFO] Running de.rwth.i2.attestor.graph.morphism.EmbeddingTest
[INFO] Tests run: 15, Failures: 0, Errors: 0, Skipped: 0, Time elapsed: 0.003 s - in de.rwth.i2.attestor.graph.morphism.EmbeddingTest
[INFO] Running de.rwth.i2.attestor.graph.digraph.LabeledDigraphTest
[INFO] Tests run: 21, Failures: 0, Errors: 0, Skipped: 0, Time elapsed: 0.001 s - in de.rwth.i2.attestor.graph.digraph.LabeledDigraphTest
[INFO] Running de.rwth.i2.attestor.io.jsonExport.JsonHeapConfigurationExporterTest
[INFO] Tests run: 1, Failures: 0, Errors: 0, Skipped: 0, Time elapsed: 0 s - in de.rwth.i2.attestor.io.jsonExport.JsonHeapConfigurationExporterTest
[INFO] Running de.rwth.i2.attestor.io.TestJsonToHeapConfiguration
[INFO] Tests run: 9, Failures: 0, Errors: 0, Skipped: 0, Time elapsed: 0.008 s - in de.rwth.i2.attestor.io.TestJsonToHeapConfiguration
[INFO] Running de.rwth.i2.attestor.io.ParseTest
[INFO] Tests run: 1, Failures: 0, Errors: 0, Skipped: 0, Time elapsed: 0.002 s - in de.rwth.i2.attestor.io.ParseTest
[INFO] Running de.rwth.i2.attestor.io.JsonToGrammarTest
[INFO] Tests run: 3, Failures: 0, Errors: 0, Skipped: 0, Time elapsed: 0.005 s - in de.rwth.i2.attestor.io.JsonToGrammarTest
[INFO] Running de.rwth.i2.attestor.io.TestJsonToGrammar
[31m[Warning] [m TestJson: 1th  reduction tentacle of stored nonterminal does not match. got: true request: false
[INFO] Tests run: 1, Failures: 0, Errors: 0, Skipped: 0, Time elapsed: 0.001 s - in de.rwth.i2.attestor.io.TestJsonToGrammar
[INFO] Running de.rwth.i2.attestor.phases.symbolicExecution.recursive.interproceduralAnalysis.ProcedureCallTest
[INFO] Tests run: 1, Failures: 0, Errors: 0, Skipped: 0, Time elapsed: 0.022 s - in de.rwth.i2.attestor.phases.symbolicExecution.recursive.interproceduralAnalysis.ProcedureCallTest
[INFO] Running de.rwth.i2.attestor.phases.symbolicExecution.recursive.interproceduralAnalysis.InterproceduralAnalysisTest
[INFO] Tests run: 4, Failures: 0, Errors: 0, Skipped: 0, Time elapsed: 0.021 s - in de.rwth.i2.attestor.phases.symbolicExecution.recursive.interproceduralAnalysis.InterproceduralAnalysisTest
[INFO] Running de.rwth.i2.attestor.phases.symbolicExecution.recursive.interproceduralAnalysis.PartialStateSpaceTest
[INFO] Tests run: 3, Failures: 0, Errors: 0, Skipped: 0, Time elapsed: 0 s - in de.rwth.i2.attestor.phases.symbolicExecution.recursive.interproceduralAnalysis.PartialStateSpaceTest
[INFO] Running de.rwth.i2.attestor.phases.symbolicExecution.recursive.interproceduralAnalysis.RecursiveMethodExecutorTest
[INFO] Tests run: 1, Failures: 0, Errors: 0, Skipped: 0, Time elapsed: 0.005 s - in de.rwth.i2.attestor.phases.symbolicExecution.recursive.interproceduralAnalysis.RecursiveMethodExecutorTest
[INFO] Running de.rwth.i2.attestor.phases.symbolicExecution.recursive.interproceduralAnalysis.NonRecursiveMethodExecutorTest
[INFO] Tests run: 1, Failures: 0, Errors: 0, Skipped: 0, Time elapsed: 0 s - in de.rwth.i2.attestor.phases.symbolicExecution.recursive.interproceduralAnalysis.NonRecursiveMethodExecutorTest
[INFO] Running de.rwth.i2.attestor.phases.symbolicExecution.recursive.interproceduralAnalysis.AbstractInterproceduralMethodExecutorTest
[INFO] Tests run: 2, Failures: 0, Errors: 0, Skipped: 0, Time elapsed: 0.015 s - in de.rwth.i2.attestor.phases.symbolicExecution.recursive.interproceduralAnalysis.AbstractInterproceduralMethodExecutorTest
[INFO] Running de.rwth.i2.attestor.phases.symbolicExecution.procedureImpl.InternalContractCollectionTest
[INFO] Tests run: 1, Failures: 0, Errors: 0, Skipped: 0, Time elapsed: 0 s - in de.rwth.i2.attestor.phases.symbolicExecution.procedureImpl.InternalContractCollectionTest
[INFO] Running de.rwth.i2.attestor.phases.symbolicExecution.procedureImpl.ReachableFragmentTest
[ERROR] Tests run: 15, Failures: 3, Errors: 0, Skipped: 0, Time elapsed: 0.011 s <<< FAILURE! - in de.rwth.i2.attestor.phases.symbolicExecution.procedureImpl.ReachableFragmentTest
[ERROR] testPartiallyPassableNonterminalEdge_ReachedFromDifferentPoints(de.rwth.i2.attestor.phases.symbolicExecution.procedureImpl.ReachableFragmentTest)  Time elapsed: 0.005 s  <<< FAILURE!
java.lang.AssertionError: Not yet implemented
	at de.rwth.i2.attestor.phases.symbolicExecution.procedureImpl.ReachableFragmentTest.testPartiallyPassableNonterminalEdge_ReachedFromDifferentPoints(ReachableFragmentTest.java:237)

[ERROR] testUnpassableNonterminalEdge(de.rwth.i2.attestor.phases.symbolicExecution.procedureImpl.ReachableFragmentTest)  Time elapsed: 0 s  <<< FAILURE!
java.lang.AssertionError: reachableFragment
	at de.rwth.i2.attestor.phases.symbolicExecution.procedureImpl.ReachableFragmentTest.performTest(ReachableFragmentTest.java:253)
	at de.rwth.i2.attestor.phases.symbolicExecution.procedureImpl.ReachableFragmentTest.testUnpassableNonterminalEdge(ReachableFragmentTest.java:216)

[ERROR] testPartiallyPassableNonterminalEdge(de.rwth.i2.attestor.phases.symbolicExecution.procedureImpl.ReachableFragmentTest)  Time elapsed: 0 s  <<< FAILURE!
java.lang.AssertionError: Not yet implemented
	at de.rwth.i2.attestor.phases.symbolicExecution.procedureImpl.ReachableFragmentTest.testPartiallyPassableNonterminalEdge(ReachableFragmentTest.java:227)

[INFO] Running de.rwth.i2.attestor.phases.counterexamples.counterexampleGeneration.TargetBasedStateExplorationStrategyTest
[INFO] Tests run: 1, Failures: 0, Errors: 0, Skipped: 0, Time elapsed: 0.001 s - in de.rwth.i2.attestor.phases.counterexamples.counterexampleGeneration.TargetBasedStateExplorationStrategyTest
[INFO] Running de.rwth.i2.attestor.phases.counterexamples.counterexampleGeneration.TraceBasedStateExplorationStrategyTest
[INFO] Tests run: 2, Failures: 0, Errors: 0, Skipped: 0, Time elapsed: 0 s - in de.rwth.i2.attestor.phases.counterexamples.counterexampleGeneration.TraceBasedStateExplorationStrategyTest
[INFO] Running de.rwth.i2.attestor.phases.counterexamples.counterexampleGeneration.CounterexampleMethodExecutorTest
[INFO] Tests run: 2, Failures: 0, Errors: 0, Skipped: 0, Time elapsed: 0.004 s - in de.rwth.i2.attestor.phases.counterexamples.counterexampleGeneration.CounterexampleMethodExecutorTest
[INFO] Running de.rwth.i2.attestor.phases.counterexamples.counterexampleGeneration.CounterexampleContractCollectionTest
[INFO] Tests run: 1, Failures: 0, Errors: 0, Skipped: 0, Time elapsed: 0 s - in de.rwth.i2.attestor.phases.counterexamples.counterexampleGeneration.CounterexampleContractCollectionTest
[INFO] Running de.rwth.i2.attestor.phases.counterexamples.counterexampleGeneration.CounterexampleGeneratorTest
[INFO] Tests run: 2, Failures: 0, Errors: 0, Skipped: 0, Time elapsed: 0.014 s - in de.rwth.i2.attestor.phases.counterexamples.counterexampleGeneration.CounterexampleGeneratorTest
[INFO] Running de.rwth.i2.attestor.phases.counterexamples.counterexampleGeneration.CounterexampleStateSpaceTest
[INFO] Tests run: 4, Failures: 0, Errors: 0, Skipped: 0, Time elapsed: 0 s - in de.rwth.i2.attestor.phases.counterexamples.counterexampleGeneration.CounterexampleStateSpaceTest
[INFO] Running de.rwth.i2.attestor.phases.modelChecking.modelChecker.ProofStructureTest
[INFO] Tests run: 14, Failures: 0, Errors: 0, Skipped: 0, Time elapsed: 0.053 s - in de.rwth.i2.attestor.phases.modelChecking.modelChecker.ProofStructureTest
[INFO] Running de.rwth.i2.attestor.phases.modelChecking.modelChecker.TableauRulesSwitchTest
[INFO] Tests run: 8, Failures: 0, Errors: 0, Skipped: 0, Time elapsed: 0.001 s - in de.rwth.i2.attestor.phases.modelChecking.modelChecker.TableauRulesSwitchTest
[INFO] Running de.rwth.i2.attestor.markingGeneration.visited.VisitedMarkingGeneratorTest
[INFO] Tests run: 2, Failures: 0, Errors: 0, Skipped: 0, Time elapsed: 0.01 s - in de.rwth.i2.attestor.markingGeneration.visited.VisitedMarkingGeneratorTest
[INFO] Running de.rwth.i2.attestor.markingGeneration.visited.VisitedMarkingCommandTest
[INFO] Tests run: 7, Failures: 0, Errors: 0, Skipped: 0, Time elapsed: 0 s - in de.rwth.i2.attestor.markingGeneration.visited.VisitedMarkingCommandTest
[INFO] Running de.rwth.i2.attestor.markingGeneration.neighbourhood.NeighbourhoodMarkingCommandTest
[INFO] Tests run: 5, Failures: 0, Errors: 0, Skipped: 0, Time elapsed: 0 s - in de.rwth.i2.attestor.markingGeneration.neighbourhood.NeighbourhoodMarkingCommandTest
[INFO] Running de.rwth.i2.attestor.refinement.reachability.ReachabilityRefinementTest
[INFO] Tests run: 4, Failures: 0, Errors: 0, Skipped: 0, Time elapsed: 0.001 s - in de.rwth.i2.attestor.refinement.reachability.ReachabilityRefinementTest
[INFO] Running de.rwth.i2.attestor.refinement.reachability.ReachabilityComputerTest
[INFO] Tests run: 5, Failures: 0, Errors: 0, Skipped: 0, Time elapsed: 0.003 s - in de.rwth.i2.attestor.refinement.reachability.ReachabilityComputerTest
[INFO] Running de.rwth.i2.attestor.stateSpace.StateSpaceGeneratorTest
[INFO] Tests run: 3, Failures: 0, Errors: 0, Skipped: 0, Time elapsed: 0.001 s - in de.rwth.i2.attestor.stateSpace.StateSpaceGeneratorTest
[INFO] Running de.rwth.i2.attestor.util.MatchingSelectorDistanceHelperTest
[INFO] Tests run: 3, Failures: 0, Errors: 0, Skipped: 0, Time elapsed: 0.001 s - in de.rwth.i2.attestor.util.MatchingSelectorDistanceHelperTest
[INFO] Running de.rwth.i2.attestor.RecursiveMethodDetectionTest
[WARNING] Tests run: 1, Failures: 0, Errors: 0, Skipped: 1, Time elapsed: 0 s - in de.rwth.i2.attestor.RecursiveMethodDetectionTest
[INFO] 
[INFO] Results:
[INFO] 
[ERROR] Failures: 
[ERROR]   ReachableFragmentTest.testPartiallyPassableNonterminalEdge:227 Not yet implemented
[ERROR]   ReachableFragmentTest.testPartiallyPassableNonterminalEdge_ReachedFromDifferentPoints:237 Not yet implemented
[ERROR]   ReachableFragmentTest.testUnpassableNonterminalEdge:216->performTest:253 reachableFragment
[INFO] 
[ERROR] Tests run: 355, Failures: 3, Errors: 0, Skipped: 1
[INFO] 
[INFO] ------------------------------------------------------------------------
[INFO] BUILD FAILURE
[INFO] ------------------------------------------------------------------------
[INFO] Total time: 8.488 s
[INFO] Finished at: 2018-04-04T15:22:49+02:00
[INFO] Final Memory: 35M/919M
[INFO] ------------------------------------------------------------------------
[ERROR] Failed to execute goal org.apache.maven.plugins:maven-surefire-plugin:2.20.1:test (default-test) on project attestor: There are test failures.
[ERROR] 
[ERROR] Please refer to /root/workspace/moves-rwth/attestor/362129848/target/surefire-reports for the individual test results.
[ERROR] Please refer to dump files (if any exist) [date]-jvmRun[N].dump, [date].dumpstream and [date]-jvmRun[N].dumpstream.
[ERROR] -> [Help 1]
[ERROR] 
[ERROR] To see the full stack trace of the errors, re-run Maven with the -e switch.
[ERROR] Re-run Maven using the -X switch to enable full debug logging.
[ERROR] 
[ERROR] For more information about the errors and possible solutions, please read the following articles:
[ERROR] [Help 1] http://cwiki.apache.org/confluence/display/MAVEN/MojoFailureException
