{
  "totalNumberSkippingTests": 0,
  "bugType": "only_fail",
  "totalNumberErroringTests": 1,
  "repo": "jenkinsci/performance-plugin",
  "metrics": {
    "FailureNames": [
      "junit.framework.AssertionFailedError",
      "java.lang.AssertionError",
      "org.powermock.reflect.exceptions.FieldNotFoundException"
    ],
    "StepsDurationsInSeconds": {
      "CheckoutBuggyBuild": 2,
      "ComputeClasspath": 3,
      "ComputeTestDir": 0,
      "ResolveDependency": 497,
      "BuildProject": 122,
      "ComputeSourceDir": 0,
      "InitRepoToPush": 2,
      "CloneRepository": 3,
      "NopolRepair": 9,
      "CheckoutPatchedBuild": 0,
      "TestProject": 575,
      "GatherTestInformation": 0,
      "PushIncriminatedBuild": 3,
      "CommitPatch": 6
    },
    "NbFailingTests": 5,
    "ReproductionDate": "May 22, 2017 12:35:12 AM",
    "BuggyBuildId": 234618859,
    "PatchedBuilId": 0,
    "BuggyBuildURL": "http://travis-ci.org/jenkinsci/performance-plugin/builds/234618859",
    "BuggyBuildDate": "May 21, 2017 11:28:14 PM",
    "BugCommit": "bd7933e475d9b6a92b379cbf37f3d2550ee66ab0",
    "PatchChangedFiles": 1,
    "PatchAddedLines": 0,
    "PatchDeletedLines": 0,
    "NbRunningTests": 157,
    "NbLibraries": 225,
    "NbFileApp": 0,
    "NbFileTests": 0,
    "NbCPU": 4,
    "FreeMemory": 703359920,
    "TotalMemory": 832569344,
    "AngelicValuesByTest": {
      "hudson/plugins/performance/build/PerformanceTestBuildTest": 0,
      "hudson/plugins/performance/reports/ConstraintReportTest": 0,
      "hudson/plugins/performance/PerformancePipelineTest": 0
    },
    "FreeMemoryByStep": {
      "CheckoutBuggyBuild": 138956928,
      "ComputeClasspath": 176388984,
      "ComputeTestDir": 128006872,
      "ResolveDependency": 179495096,
      "BuildProject": 170709288,
      "ComputeSourceDir": 176388984,
      "InitRepoToPush": 108739552,
      "CloneRepository": 111470928,
      "NopolRepair": 135241872,
      "CheckoutPatchedBuild": 703359920,
      "TestProject": 153644760,
      "GatherTestInformation": 140478536,
      "PushIncriminatedBuild": 177949304,
      "CommitPatch": 703359920
    },
    "BugCommitUrl": "http://github.com/jenkinsci/performance-plugin/commit/bd7933e475d9b6a92b379cbf37f3d2550ee66ab0"
  },
  "failingModule": "/root/workspace/jenkinsci/performance-plugin/234618859",
  "hostname": "repairnator",
  "totalNumberFailingTests": 4,
  "error-types": [
    "junit.framework.AssertionFailedError",
    "java.lang.AssertionError",
    "org.powermock.reflect.exceptions.FieldNotFoundException"
  ],
  "totalNumberRunningTests": 157,
  "failing-test-cases": [
    {
      "className": "hudson.plugins.performance.reports.ConstraintReportTest",
      "failingMethods": [],
      "erroringMethods": [
        "hudson.plugins.performance.reports.ConstraintReportTest#initializationError"
      ],
      "failures": [
        {
          "failureName": "org.powermock.reflect.exceptions.FieldNotFoundException",
          "failureDetail": "Field \u0027fTestClass\u0027 was not found in class org.junit.internal.runners.MethodValidator.",
          "isError": true
        }
      ],
      "nbFailures": 0,
      "nbErrors": 1
    },
    {
      "className": "hudson.plugins.performance.build.PerformanceTestBuildTest",
      "failingMethods": [
        "hudson.plugins.performance.build.PerformanceTestBuildTest#testFlow",
        "hudson.plugins.performance.build.PerformanceTestBuildTest#testGenerateReportInPipe",
        "hudson.plugins.performance.build.PerformanceTestBuildTest#testFailCriteria"
      ],
      "erroringMethods": [],
      "failures": [
        {
          "failureName": "junit.framework.AssertionFailedError",
          "failureDetail": "Performance test: Checking global bzt installation...\nPerformance test: You don\u0027t have global bzt installed on this Jenkins host. Installing it globally will speed up job. Run \u0027sudo pip install bzt\u0027 to install it.\nPerformance test: Checking virtualenv tool availability...\nPerformance test: No virtualenv found on this Jenkins host. Install it with \u0027sudo pip install virtualenv\u0027.\nCannot run program \"virtualenv\" (in directory \"/tmp/1495406945382-0\"): error\u003d2, No such file or directoryjava.io.IOException: Cannot run program \"virtualenv\" (in directory \"/tmp/1495406945382-0\"): error\u003d2, No such file or directory\n at java.lang.ProcessBuilder.start(ProcessBuilder.java:1048)\n at hudson.Proc$LocalProc.\u003cinit\u003e(Proc.java:244)\n at hudson.Proc$LocalProc.\u003cinit\u003e(Proc.java:216)\n at hudson.Launcher$LocalLauncher.launch(Launcher.java:815)\n at hudson.Launcher$ProcStarter.start(Launcher.java:381)\n at hudson.plugins.performance.build.PerformanceTestBuild.runCmd(PerformanceTestBuild.java:268)\n at hudson.plugins.performance.build.PerformanceTestBuild.isVirtualenvInstalled(PerformanceTestBuild.java:149)\n at hudson.plugins.performance.build.PerformanceTestBuild.installBzt(PerformanceTestBuild.java:125)\n at hudson.plugins.performance.build.PerformanceTestBuild.installBztAndCheck(PerformanceTestBuild.java:120)\n at hudson.plugins.performance.build.PerformanceTestBuild.perform(PerformanceTestBuild.java:95)\n at hudson.plugins.performance.build.PerformanceTestBuildTest.testFlow(PerformanceTestBuildTest.java:51)\n at sun.reflect.NativeMethodAccessorImpl.invoke0(Native Method)\n at sun.reflect.NativeMethodAccessorImpl.invoke(NativeMethodAccessorImpl.java:62)\n at sun.reflect.DelegatingMethodAccessorImpl.invoke(DelegatingMethodAccessorImpl.java:43)\n at java.lang.reflect.Method.invoke(Method.java:498)\n at junit.framework.TestCase.runTest(TestCase.java:176)\n at org.jvnet.hudson.test.HudsonTestCase.runTest(HudsonTestCase.java:453)\n at junit.framework.TestCase.runBare(TestCase.java:141)\n at org.jvnet.hudson.test.HudsonTestCase.runBare(HudsonTestCase.java:287)\n at junit.framework.TestResult$1.protect(TestResult.java:122)\n at junit.framework.TestResult.runProtected(TestResult.java:142)\n at junit.framework.TestResult.run(TestResult.java:125)\n at junit.framework.TestCase.run(TestCase.java:129)\n at junit.framework.TestSuite.runTest(TestSuite.java:252)\n at junit.framework.TestSuite.run(TestSuite.java:247)\n at org.junit.internal.runners.JUnit38ClassRunner.run(JUnit38ClassRunner.java:86)\n at org.apache.maven.surefire.junit4.JUnit4Provider.execute(JUnit4Provider.java:367)\n at org.apache.maven.surefire.junit4.JUnit4Provider.executeWithRerun(JUnit4Provider.java:274)\n at org.apache.maven.surefire.junit4.JUnit4Provider.executeTestSet(JUnit4Provider.java:238)\n at org.apache.maven.surefire.junit4.JUnit4Provider.invoke(JUnit4Provider.java:161)\n at org.apache.maven.surefire.booter.ForkedBooter.invokeProviderInSameClassLoader(ForkedBooter.java:290)\n at org.apache.maven.surefire.booter.ForkedBooter.runSuitesInProcess(ForkedBooter.java:242)\n at org.apache.maven.surefire.booter.ForkedBooter.main(ForkedBooter.java:121)\nCaused by: java.io.IOException: error\u003d2, No such file or directory\n at java.lang.UNIXProcess.forkAndExec(Native Method)\n at java.lang.UNIXProcess.\u003cinit\u003e(UNIXProcess.java:247)\n at java.lang.ProcessImpl.start(ProcessImpl.java:134)\n at java.lang.ProcessBuilder.start(ProcessBuilder.java:1029)\n ... 32 more\n\n\nList publishers:\n expected:\u003cSUCCESS\u003e but was:\u003cFAILURE\u003e",
          "isError": false
        },
        {
          "failureName": "junit.framework.AssertionFailedError",
          "failureDetail": "Performance test: Checking global bzt installation...\nPerformance test: You don\u0027t have global bzt installed on this Jenkins host. Installing it globally will speed up job. Run \u0027sudo pip install bzt\u0027 to install it.\nPerformance test: Checking virtualenv tool availability...\nPerformance test: No virtualenv found on this Jenkins host. Install it with \u0027sudo pip install virtualenv\u0027.\nCannot run program \"virtualenv\" (in directory \"/tmp/1495407004220-0\"): error\u003d2, No such file or directoryjava.io.IOException: Cannot run program \"virtualenv\" (in directory \"/tmp/1495407004220-0\"): error\u003d2, No such file or directory\n at java.lang.ProcessBuilder.start(ProcessBuilder.java:1048)\n at hudson.Proc$LocalProc.\u003cinit\u003e(Proc.java:244)\n at hudson.Proc$LocalProc.\u003cinit\u003e(Proc.java:216)\n at hudson.Launcher$LocalLauncher.launch(Launcher.java:815)\n at hudson.Launcher$ProcStarter.start(Launcher.java:381)\n at hudson.plugins.performance.build.PerformanceTestBuild.runCmd(PerformanceTestBuild.java:268)\n at hudson.plugins.performance.build.PerformanceTestBuild.isVirtualenvInstalled(PerformanceTestBuild.java:149)\n at hudson.plugins.performance.build.PerformanceTestBuild.installBzt(PerformanceTestBuild.java:125)\n at hudson.plugins.performance.build.PerformanceTestBuild.installBztAndCheck(PerformanceTestBuild.java:120)\n at hudson.plugins.performance.build.PerformanceTestBuild.perform(PerformanceTestBuild.java:95)\n at hudson.plugins.performance.build.PerformanceTestBuildTest.testFailCriteria(PerformanceTestBuildTest.java:162)\n at sun.reflect.NativeMethodAccessorImpl.invoke0(Native Method)\n at sun.reflect.NativeMethodAccessorImpl.invoke(NativeMethodAccessorImpl.java:62)\n at sun.reflect.DelegatingMethodAccessorImpl.invoke(DelegatingMethodAccessorImpl.java:43)\n at java.lang.reflect.Method.invoke(Method.java:498)\n at junit.framework.TestCase.runTest(TestCase.java:176)\n at org.jvnet.hudson.test.HudsonTestCase.runTest(HudsonTestCase.java:453)\n at junit.framework.TestCase.runBare(TestCase.java:141)\n at org.jvnet.hudson.test.HudsonTestCase.runBare(HudsonTestCase.java:287)\n at junit.framework.TestResult$1.protect(TestResult.java:122)\n at junit.framework.TestResult.runProtected(TestResult.java:142)\n at junit.framework.TestResult.run(TestResult.java:125)\n at junit.framework.TestCase.run(TestCase.java:129)\n at junit.framework.TestSuite.runTest(TestSuite.java:252)\n at junit.framework.TestSuite.run(TestSuite.java:247)\n at org.junit.internal.runners.JUnit38ClassRunner.run(JUnit38ClassRunner.java:86)\n at org.apache.maven.surefire.junit4.JUnit4Provider.execute(JUnit4Provider.java:367)\n at org.apache.maven.surefire.junit4.JUnit4Provider.executeWithRerun(JUnit4Provider.java:274)\n at org.apache.maven.surefire.junit4.JUnit4Provider.executeTestSet(JUnit4Provider.java:238)\n at org.apache.maven.surefire.junit4.JUnit4Provider.invoke(JUnit4Provider.java:161)\n at org.apache.maven.surefire.booter.ForkedBooter.invokeProviderInSameClassLoader(ForkedBooter.java:290)\n at org.apache.maven.surefire.booter.ForkedBooter.runSuitesInProcess(ForkedBooter.java:242)\n at org.apache.maven.surefire.booter.ForkedBooter.main(ForkedBooter.java:121)\nCaused by: java.io.IOException: error\u003d2, No such file or directory\n at java.lang.UNIXProcess.forkAndExec(Native Method)\n at java.lang.UNIXProcess.\u003cinit\u003e(UNIXProcess.java:247)\n at java.lang.ProcessImpl.start(ProcessImpl.java:134)\n at java.lang.ProcessBuilder.start(ProcessBuilder.java:1029)\n ... 32 more\n expected:\u003cUNSTABLE\u003e but was:\u003cFAILURE\u003e",
          "isError": false
        },
        {
          "failureName": "junit.framework.AssertionFailedError",
          "isError": false
        }
      ],
      "nbFailures": 3,
      "nbErrors": 0
    },
    {
      "className": "hudson.plugins.performance.PerformancePipelineTest",
      "failingMethods": [
        "hudson.plugins.performance.PerformancePipelineTest#bztSmokeTests"
      ],
      "erroringMethods": [],
      "failures": [
        {
          "failureName": "java.lang.AssertionError",
          "failureDetail": "unexpected build status; build log was:\n------\nStarted\n[Pipeline] node\nRunning on slave0 in /tmp/jenkinsTests.tmp/jenkins1496295875486302609test/workspace/demo\n[Pipeline] {\n[Pipeline] step\nPerformance test: Checking global bzt installation...\n[demo] $ bzt --help\nPerformance test: You don\u0027t have global bzt installed on this Jenkins host. Installing it globally will speed up job. Run \u0027sudo pip install bzt\u0027 to install it.\nPerformance test: Checking virtualenv tool availability...\n[demo] $ virtualenv --help\nPerformance test: No virtualenv found on this Jenkins host. Install it with \u0027sudo pip install virtualenv\u0027.\nCannot run program \"virtualenv\" (in directory \"/tmp/jenkinsTests.tmp/jenkins1496295875486302609test/workspace/demo\"): error\u003d2, No such file or directory[Pipeline] }\n[Pipeline] // node\n[Pipeline] End of Pipeline\n\n------\n\nExpected: is \u003cSUCCESS\u003e\n     but: was \u003cFAILURE\u003e",
          "isError": false
        }
      ],
      "nbFailures": 1,
      "nbErrors": 0
    }
  ]
}