-------------------------------------------------------------------------------
Test set: com.lala.app.SomeSiteTest
-------------------------------------------------------------------------------
Tests run: 3, Failures: 0, Errors: 2, Skipped: 1, Time elapsed: 0.081 sec <<< FAILURE! - in com.lala.app.SomeSiteTest
registerTestFailed(com.lala.app.SomeSiteTest)  Time elapsed: 0.057 sec  <<< ERROR!
java.lang.IllegalStateException: The driver is not executable: /root/workspace/Lalunaa/lala-tau/384743616/film/src/test/java/com/lala/app/chromedriver.exe
	at com.lala.app.SomeSiteTest.setUp(SomeSiteTest.java:26)

registerTestFailed(com.lala.app.SomeSiteTest)  Time elapsed: 0.057 sec  <<< ERROR!
java.lang.NullPointerException
	at com.lala.app.SomeSiteTest.tearDown(SomeSiteTest.java:217)

