-------------------------------------------------------------------------------
Test set: com.powsybl.afs.ws.server.AppStorageServerTest
-------------------------------------------------------------------------------
Tests run: 1, Failures: 0, Errors: 1, Skipped: 0, Time elapsed: 5.201 sec <<< FAILURE! - in com.powsybl.afs.ws.server.AppStorageServerTest
com.powsybl.afs.ws.server.AppStorageServerTest  Time elapsed: 5.201 sec  <<< ERROR!
java.lang.RuntimeException: Could not invoke deployment method: public static org.jboss.shrinkwrap.api.spec.WebArchive com.powsybl.afs.ws.server.AppStorageServerTest.createTestArchive()
	at com.powsybl.afs.ws.server.AppStorageServerTest.createTestArchive(AppStorageServerTest.java:49)
Caused by: org.eclipse.aether.resolution.DependencyResolutionException: Could not find artifact com.powsybl:powsybl-afs-mapdb:jar:1.1.0-SNAPSHOT
	at com.powsybl.afs.ws.server.AppStorageServerTest.createTestArchive(AppStorageServerTest.java:49)
Caused by: org.eclipse.aether.resolution.ArtifactResolutionException: Could not find artifact com.powsybl:powsybl-afs-mapdb:jar:1.1.0-SNAPSHOT
	at com.powsybl.afs.ws.server.AppStorageServerTest.createTestArchive(AppStorageServerTest.java:49)
Caused by: org.eclipse.aether.transfer.ArtifactNotFoundException: Could not find artifact com.powsybl:powsybl-afs-mapdb:jar:1.1.0-SNAPSHOT
	at com.powsybl.afs.ws.server.AppStorageServerTest.createTestArchive(AppStorageServerTest.java:49)

