-------------------------------------------------------------------------------
Test set: de.nierbeck.example.vertx.test.CustomVertxKarafTest
-------------------------------------------------------------------------------
Tests run: 2, Failures: 0, Errors: 2, Skipped: 0, Time elapsed: 0.007 sec <<< FAILURE!
de.nierbeck.example.vertx.test.CustomVertxKarafTest  Time elapsed: 0.007 sec  <<< ERROR!
java.lang.RuntimeException: Problem starting container
	at org.ops4j.pax.exam.karaf.container.internal.KarafTestContainer.start(KarafTestContainer.java:191)
	at org.ops4j.pax.exam.spi.reactors.EagerSingleStagedReactor.setUp(EagerSingleStagedReactor.java:86)
	at org.ops4j.pax.exam.spi.reactors.EagerSingleStagedReactor.beforeClass(EagerSingleStagedReactor.java:136)
	at org.ops4j.pax.exam.spi.reactors.ReactorManager.beforeClass(ReactorManager.java:457)
	at org.ops4j.pax.exam.junit.impl.ProbeRunner.run(ProbeRunner.java:97)
	at org.ops4j.pax.exam.junit.PaxExam.run(PaxExam.java:93)
	at org.apache.maven.surefire.junit4.JUnit4Provider.execute(JUnit4Provider.java:252)
	at org.apache.maven.surefire.junit4.JUnit4Provider.executeTestSet(JUnit4Provider.java:141)
	at org.apache.maven.surefire.junit4.JUnit4Provider.invoke(JUnit4Provider.java:112)
	at sun.reflect.NativeMethodAccessorImpl.invoke0(Native Method)
	at sun.reflect.NativeMethodAccessorImpl.invoke(NativeMethodAccessorImpl.java:62)
	at sun.reflect.DelegatingMethodAccessorImpl.invoke(DelegatingMethodAccessorImpl.java:43)
	at java.lang.reflect.Method.invoke(Method.java:498)
	at org.apache.maven.surefire.util.ReflectionUtils.invokeMethodWithArray(ReflectionUtils.java:189)
	at org.apache.maven.surefire.booter.ProviderFactory$ProviderProxy.invoke(ProviderFactory.java:165)
	at org.apache.maven.surefire.booter.ProviderFactory.invokeProvider(ProviderFactory.java:85)
	at org.apache.maven.surefire.booter.ForkedBooter.runSuitesInProcess(ForkedBooter.java:115)
	at org.apache.maven.surefire.booter.ForkedBooter.main(ForkedBooter.java:75)
Caused by: java.io.IOException: Error resolving artifact de.nierbeck.example.vertx:Vertx-Karaf:tar.gz:0.2.0-SNAPSHOT: Could not find artifact de.nierbeck.example.vertx:Vertx-Karaf:tar.gz:0.2.0-SNAPSHOT
	at org.ops4j.pax.url.mvn.internal.AetherBasedResolver.resolve(AetherBasedResolver.java:626)
	at org.ops4j.pax.url.mvn.internal.AetherBasedResolver.resolve(AetherBasedResolver.java:570)
	at org.ops4j.pax.url.mvn.internal.AetherBasedResolver.resolve(AetherBasedResolver.java:548)
	at org.ops4j.pax.url.mvn.internal.AetherBasedResolver.resolve(AetherBasedResolver.java:523)
	at org.ops4j.pax.url.mvn.internal.Connection.getInputStream(Connection.java:123)
	at java.net.URL.openStream(URL.java:1045)
	at org.ops4j.pax.exam.karaf.container.internal.ArchiveExtractor.extractTarGzDistribution(ArchiveExtractor.java:81)
	at org.ops4j.pax.exam.karaf.container.internal.ArchiveExtractor.extract(ArchiveExtractor.java:70)
	at org.ops4j.pax.exam.karaf.container.internal.KarafTestContainer.start(KarafTestContainer.java:155)
	... 17 more

de.nierbeck.example.vertx.test.CustomVertxKarafTest  Time elapsed: 0.007 sec  <<< ERROR!
java.lang.RuntimeException: Container never came up
	at org.ops4j.pax.exam.karaf.container.internal.KarafTestContainer.stop(KarafTestContainer.java:616)
	at org.ops4j.pax.exam.spi.reactors.EagerSingleStagedReactor.tearDown(EagerSingleStagedReactor.java:118)
	at org.ops4j.pax.exam.spi.reactors.EagerSingleStagedReactor.afterClass(EagerSingleStagedReactor.java:132)
	at org.ops4j.pax.exam.spi.reactors.ReactorManager.afterClass(ReactorManager.java:441)
	at org.ops4j.pax.exam.junit.impl.ProbeRunner.run(ProbeRunner.java:107)
	at org.ops4j.pax.exam.junit.PaxExam.run(PaxExam.java:93)
	at org.apache.maven.surefire.junit4.JUnit4Provider.execute(JUnit4Provider.java:252)
	at org.apache.maven.surefire.junit4.JUnit4Provider.executeTestSet(JUnit4Provider.java:141)
	at org.apache.maven.surefire.junit4.JUnit4Provider.invoke(JUnit4Provider.java:112)
	at sun.reflect.NativeMethodAccessorImpl.invoke0(Native Method)
	at sun.reflect.NativeMethodAccessorImpl.invoke(NativeMethodAccessorImpl.java:62)
	at sun.reflect.DelegatingMethodAccessorImpl.invoke(DelegatingMethodAccessorImpl.java:43)
	at java.lang.reflect.Method.invoke(Method.java:498)
	at org.apache.maven.surefire.util.ReflectionUtils.invokeMethodWithArray(ReflectionUtils.java:189)
	at org.apache.maven.surefire.booter.ProviderFactory$ProviderProxy.invoke(ProviderFactory.java:165)
	at org.apache.maven.surefire.booter.ProviderFactory.invokeProvider(ProviderFactory.java:85)
	at org.apache.maven.surefire.booter.ForkedBooter.runSuitesInProcess(ForkedBooter.java:115)
	at org.apache.maven.surefire.booter.ForkedBooter.main(ForkedBooter.java:75)

