<?xml version="1.0" encoding="UTF-8" ?>
<testsuite tests="2" failures="0" name="de.nierbeck.example.vertx.test.CustomVertxKarafTest" time="0.014" errors="2" skipped="0">
  <properties>
    <property name="java.runtime.name" value="OpenJDK Runtime Environment"/>
    <property name="sun.boot.library.path" value="/usr/lib/jvm/java-8-openjdk-amd64/jre/lib/amd64"/>
    <property name="java.vm.version" value="25.121-b13"/>
    <property name="java.vm.vendor" value="Oracle Corporation"/>
    <property name="maven.multiModuleProjectDirectory" value="/root/workspace/ANierbeck/Karaf-Vertx/386330350"/>
    <property name="java.vendor.url" value="http://java.oracle.com/"/>
    <property name="path.separator" value=":"/>
    <property name="guice.disable.misplaced.annotation.check" value="true"/>
    <property name="skip.gulp" value="true"/>
    <property name="java.vm.name" value="OpenJDK 64-Bit Server VM"/>
    <property name="file.encoding.pkg" value="sun.io"/>
    <property name="sun.java.launcher" value="SUN_STANDARD"/>
    <property name="sun.os.patch.level" value="unknown"/>
    <property name="findbugs.skip" value="true"/>
    <property name="java.vm.specification.name" value="Java Virtual Machine Specification"/>
    <property name="user.dir" value="/root/workspace/ANierbeck/Karaf-Vertx/386330350"/>
    <property name="checkstyle.skip" value="true"/>
    <property name="java.runtime.version" value="1.8.0_121-8u121-b13-1~bpo8+1-b13"/>
    <property name="java.awt.graphicsenv" value="sun.awt.X11GraphicsEnvironment"/>
    <property name="skip.npm" value="true"/>
    <property name="java.endorsed.dirs" value="/usr/lib/jvm/java-8-openjdk-amd64/jre/lib/endorsed"/>
    <property name="os.arch" value="amd64"/>
    <property name="java.io.tmpdir" value="/tmp"/>
    <property name="gpg.skip" value="true"/>
    <property name="line.separator" value="
"/>
    <property name="java.vm.specification.vendor" value="Oracle Corporation"/>
    <property name="cobertura.skip" value="true"/>
    <property name="os.name" value="Linux"/>
    <property name="classworlds.conf" value="/usr/share/maven/bin/m2.conf"/>
    <property name="sun.jnu.encoding" value="UTF-8"/>
    <property name="java.library.path" value="/usr/java/packages/lib/amd64:/usr/lib/x86_64-linux-gnu/jni:/lib/x86_64-linux-gnu:/usr/lib/x86_64-linux-gnu:/usr/lib/jni:/lib:/usr/lib"/>
    <property name="license.skip" value="true"/>
    <property name="java.specification.name" value="Java Platform API Specification"/>
    <property name="java.class.version" value="52.0"/>
    <property name="sun.management.compiler" value="HotSpot 64-Bit Tiered Compilers"/>
    <property name="skip.bower" value="true"/>
    <property name="maven.repo.local" value="/root/./workspace/ANierbeck/Karaf-Vertx/386330350/.m2"/>
    <property name="os.version" value="3.10.0-862.2.3.el7.x86_64"/>
    <property name="user.home" value="/root"/>
    <property name="user.timezone" value="Europe/Paris"/>
    <property name="java.awt.printerjob" value="sun.print.PSPrinterJob"/>
    <property name="java.specification.version" value="1.8"/>
    <property name="file.encoding" value="UTF-8"/>
    <property name="user.name" value="root"/>
    <property name="java.class.path" value="/usr/share/maven/boot/plexus-classworlds-2.5.2.jar"/>
    <property name="skipITs" value="true"/>
    <property name="karaf.data" value="target/karaf/data"/>
    <property name="java.vm.specification.version" value="1.8"/>
    <property name="sun.arch.data.model" value="64"/>
    <property name="java.home" value="/usr/lib/jvm/java-8-openjdk-amd64/jre"/>
    <property name="sun.java.command" value="org.codehaus.plexus.classworlds.launcher.Launcher -B -D enforcer.skip=true -D dependency-check.skip=true -D skipITs=true -D cobertura.skip=true -D maven.repo.local=/root/./workspace/ANierbeck/Karaf-Vertx/386330350/.m2 -D rat.skip=true -D findbugs.skip=true -D skip.bower=true -D gpg.skip=true -D checkstyle.skip=true -D skip.gulp=true -D license.skip=true -D skip.npm=true test"/>
    <property name="java.specification.vendor" value="Oracle Corporation"/>
    <property name="user.language" value="en"/>
    <property name="awt.toolkit" value="sun.awt.X11.XToolkit"/>
    <property name="dependency-check.skip" value="true"/>
    <property name="java.vm.info" value="mixed mode"/>
    <property name="java.version" value="1.8.0_121"/>
    <property name="java.ext.dirs" value="/usr/lib/jvm/java-8-openjdk-amd64/jre/lib/ext:/usr/java/packages/lib/ext"/>
    <property name="securerandom.source" value="file:/dev/./urandom"/>
    <property name="sun.boot.class.path" value="/usr/lib/jvm/java-8-openjdk-amd64/jre/lib/resources.jar:/usr/lib/jvm/java-8-openjdk-amd64/jre/lib/rt.jar:/usr/lib/jvm/java-8-openjdk-amd64/jre/lib/sunrsasign.jar:/usr/lib/jvm/java-8-openjdk-amd64/jre/lib/jsse.jar:/usr/lib/jvm/java-8-openjdk-amd64/jre/lib/jce.jar:/usr/lib/jvm/java-8-openjdk-amd64/jre/lib/charsets.jar:/usr/lib/jvm/java-8-openjdk-amd64/jre/lib/jfr.jar:/usr/lib/jvm/java-8-openjdk-amd64/jre/classes"/>
    <property name="java.vendor" value="Oracle Corporation"/>
    <property name="enforcer.skip" value="true"/>
    <property name="rat.skip" value="true"/>
    <property name="maven.home" value="/usr/share/maven"/>
    <property name="file.separator" value="/"/>
    <property name="java.vendor.url.bug" value="http://bugreport.sun.com/bugreport/"/>
    <property name="sun.cpu.endian" value="little"/>
    <property name="sun.io.unicode.encoding" value="UnicodeLittle"/>
    <property name="karaf.home" value="target/karaf"/>
    <property name="sun.cpu.isalist" value=""/>
  </properties>
  <testcase classname="de.nierbeck.example.vertx.test.CustomVertxKarafTest" name="de.nierbeck.example.vertx.test.CustomVertxKarafTest" time="0.007">
    <error message="Problem starting container" type="java.lang.RuntimeException">java.lang.RuntimeException: Problem starting container
	at org.ops4j.pax.exam.karaf.container.internal.KarafTestContainer.start(KarafTestContainer.java:191)
	at org.ops4j.pax.exam.spi.reactors.EagerSingleStagedReactor.setUp(EagerSingleStagedReactor.java:86)
	at org.ops4j.pax.exam.spi.reactors.EagerSingleStagedReactor.beforeClass(EagerSingleStagedReactor.java:136)
	at org.ops4j.pax.exam.spi.reactors.ReactorManager.beforeClass(ReactorManager.java:457)
	at org.ops4j.pax.exam.junit.impl.ProbeRunner.run(ProbeRunner.java:97)
	at org.ops4j.pax.exam.junit.PaxExam.run(PaxExam.java:93)
	at org.apache.maven.surefire.junit4.JUnit4Provider.execute(JUnit4Provider.java:252)
	at org.apache.maven.surefire.junit4.JUnit4Provider.executeTestSet(JUnit4Provider.java:141)
	at org.apache.maven.surefire.junit4.JUnit4Provider.invoke(JUnit4Provider.java:112)
	at sun.reflect.NativeMethodAccessorImpl.invoke0(Native Method)
	at sun.reflect.NativeMethodAccessorImpl.invoke(NativeMethodAccessorImpl.java:62)
	at sun.reflect.DelegatingMethodAccessorImpl.invoke(DelegatingMethodAccessorImpl.java:43)
	at java.lang.reflect.Method.invoke(Method.java:498)
	at org.apache.maven.surefire.util.ReflectionUtils.invokeMethodWithArray(ReflectionUtils.java:189)
	at org.apache.maven.surefire.booter.ProviderFactory$ProviderProxy.invoke(ProviderFactory.java:165)
	at org.apache.maven.surefire.booter.ProviderFactory.invokeProvider(ProviderFactory.java:85)
	at org.apache.maven.surefire.booter.ForkedBooter.runSuitesInProcess(ForkedBooter.java:115)
	at org.apache.maven.surefire.booter.ForkedBooter.main(ForkedBooter.java:75)
Caused by: java.io.IOException: Error resolving artifact de.nierbeck.example.vertx:Vertx-Karaf:tar.gz:0.2.0-SNAPSHOT: Could not find artifact de.nierbeck.example.vertx:Vertx-Karaf:tar.gz:0.2.0-SNAPSHOT
	at org.ops4j.pax.url.mvn.internal.AetherBasedResolver.resolve(AetherBasedResolver.java:626)
	at org.ops4j.pax.url.mvn.internal.AetherBasedResolver.resolve(AetherBasedResolver.java:570)
	at org.ops4j.pax.url.mvn.internal.AetherBasedResolver.resolve(AetherBasedResolver.java:548)
	at org.ops4j.pax.url.mvn.internal.AetherBasedResolver.resolve(AetherBasedResolver.java:523)
	at org.ops4j.pax.url.mvn.internal.Connection.getInputStream(Connection.java:123)
	at java.net.URL.openStream(URL.java:1045)
	at org.ops4j.pax.exam.karaf.container.internal.ArchiveExtractor.extractTarGzDistribution(ArchiveExtractor.java:81)
	at org.ops4j.pax.exam.karaf.container.internal.ArchiveExtractor.extract(ArchiveExtractor.java:70)
	at org.ops4j.pax.exam.karaf.container.internal.KarafTestContainer.start(KarafTestContainer.java:155)
	... 17 more
</error>
    <system-out>21:18:46.914 [main] INFO  o.o.pax.exam.junit.impl.ProbeRunner - creating PaxExam runner for class de.nierbeck.example.vertx.test.CustomVertxKarafTest
21:18:46.915 [main] DEBUG o.ops4j.pax.exam.spi.PaxExamRuntime - Found TestContainerFactory: org.ops4j.pax.exam.karaf.container.internal.KarafTestContainerFactory
21:18:46.917 [main] DEBUG o.o.p.e.spi.reactors.ReactorManager - No User defined probe hook found
21:18:46.917 [main] DEBUG o.o.p.e.s.intern.DefaultTestAddress - NEW ADDRESS= PaxExam-4aba595f-aa81-434a-87f9-b35fb6126fad parent=null root=[TestAddress:PaxExam-4aba595f-aa81-434a-87f9-b35fb6126fad root:PaxExam-4aba595f-aa81-434a-87f9-b35fb6126fad] args=[Ljava.lang.Object;@175b9425
21:18:46.918 [main] DEBUG o.o.p.e.s.intern.DefaultTestAddress - NEW ADDRESS= PaxExam-3bc76c34-a285-4df0-913f-75243bccfdcf parent=null root=[TestAddress:PaxExam-3bc76c34-a285-4df0-913f-75243bccfdcf root:PaxExam-3bc76c34-a285-4df0-913f-75243bccfdcf] args=[Ljava.lang.Object;@3098cf3b
21:18:46.918 [main] DEBUG o.o.p.e.s.intern.DefaultTestAddress - NEW ADDRESS= PaxExam-15631e01-a84f-460f-8289-4c62e96cec61 parent=null root=[TestAddress:PaxExam-15631e01-a84f-460f-8289-4c62e96cec61 root:PaxExam-15631e01-a84f-460f-8289-4c62e96cec61] args=[Ljava.lang.Object;@610f7aa
21:18:46.918 [main] DEBUG o.o.p.e.s.intern.DefaultTestAddress - NEW ADDRESS= PaxExam-10831caa-fae8-453c-8a69-fd906b00a7ae parent=null root=[TestAddress:PaxExam-10831caa-fae8-453c-8a69-fd906b00a7ae root:PaxExam-10831caa-fae8-453c-8a69-fd906b00a7ae] args=[Ljava.lang.Object;@6a03bcb1
21:18:46.918 [main] DEBUG o.o.p.e.s.intern.DefaultTestAddress - NEW ADDRESS= PaxExam-8de2489b-e4a8-424a-ae75-fcaf814cee1a parent=null root=[TestAddress:PaxExam-8de2489b-e4a8-424a-ae75-fcaf814cee1a root:PaxExam-8de2489b-e4a8-424a-ae75-fcaf814cee1a] args=[Ljava.lang.Object;@21b2e768
21:18:46.918 [main] DEBUG o.o.pax.exam.spi.DefaultExamReactor - Staging reactor with probes: 1 using strategy: org.ops4j.pax.exam.spi.reactors.PerClass@57250572
21:18:46.918 [main] DEBUG o.ops4j.store.intern.TemporaryStore - Storage Area is /tmp/1527794326407-0
21:18:46.919 [main] DEBUG o.o.p.e.s.intern.DefaultTestAddress - NEW ADDRESS= PaxExam-0d6b81a3-2144-4f60-ac7c-79a0f213dde1 parent=[TestAddress:PaxExam-1043f6f6-f9be-4753-9f34-de78706d1e55 root:PaxExam-1043f6f6-f9be-4753-9f34-de78706d1e55] root=[TestAddress:PaxExam-1043f6f6-f9be-4753-9f34-de78706d1e55 root:PaxExam-1043f6f6-f9be-4753-9f34-de78706d1e55] args=[Ljava.lang.Object;@5609159b
21:18:46.919 [main] DEBUG o.o.p.e.s.intern.DefaultTestAddress - NEW ADDRESS= PaxExam-27db352e-ad0f-419a-8ace-37b6dbfd817a parent=[TestAddress:PaxExam-4aba595f-aa81-434a-87f9-b35fb6126fad root:PaxExam-4aba595f-aa81-434a-87f9-b35fb6126fad] root=[TestAddress:PaxExam-4aba595f-aa81-434a-87f9-b35fb6126fad root:PaxExam-4aba595f-aa81-434a-87f9-b35fb6126fad] args=[Ljava.lang.Object;@2118cddf
21:18:46.919 [main] DEBUG o.o.p.e.s.intern.DefaultTestAddress - NEW ADDRESS= PaxExam-a4961042-3777-4660-a15c-ee7b1dc650b2 parent=[TestAddress:PaxExam-3bc76c34-a285-4df0-913f-75243bccfdcf root:PaxExam-3bc76c34-a285-4df0-913f-75243bccfdcf] root=[TestAddress:PaxExam-3bc76c34-a285-4df0-913f-75243bccfdcf root:PaxExam-3bc76c34-a285-4df0-913f-75243bccfdcf] args=[Ljava.lang.Object;@17a7f733
21:18:46.919 [main] DEBUG o.o.p.e.s.intern.DefaultTestAddress - NEW ADDRESS= PaxExam-6f619b49-37c6-4c7d-b7ec-140dabfad081 parent=[TestAddress:PaxExam-15631e01-a84f-460f-8289-4c62e96cec61 root:PaxExam-15631e01-a84f-460f-8289-4c62e96cec61] root=[TestAddress:PaxExam-15631e01-a84f-460f-8289-4c62e96cec61 root:PaxExam-15631e01-a84f-460f-8289-4c62e96cec61] args=[Ljava.lang.Object;@68567e20
21:18:46.919 [main] DEBUG o.o.p.e.s.intern.DefaultTestAddress - NEW ADDRESS= PaxExam-62a28690-a9a8-4810-8877-fc613cb0cea9 parent=[TestAddress:PaxExam-10831caa-fae8-453c-8a69-fd906b00a7ae root:PaxExam-10831caa-fae8-453c-8a69-fd906b00a7ae] root=[TestAddress:PaxExam-10831caa-fae8-453c-8a69-fd906b00a7ae root:PaxExam-10831caa-fae8-453c-8a69-fd906b00a7ae] args=[Ljava.lang.Object;@76ed1b7c
21:18:46.919 [main] DEBUG o.o.p.e.s.intern.DefaultTestAddress - NEW ADDRESS= PaxExam-6c832a7d-5237-452b-9f3d-cc96057f4f69 parent=[TestAddress:PaxExam-8de2489b-e4a8-424a-ae75-fcaf814cee1a root:PaxExam-8de2489b-e4a8-424a-ae75-fcaf814cee1a] root=[TestAddress:PaxExam-8de2489b-e4a8-424a-ae75-fcaf814cee1a root:PaxExam-8de2489b-e4a8-424a-ae75-fcaf814cee1a] args=[Ljava.lang.Object;@11fc564b
21:18:46.919 [main] INFO  o.o.pax.exam.junit.impl.ProbeRunner - running test class de.nierbeck.example.vertx.test.CustomVertxKarafTest
21:18:46.920 [main] INFO  o.o.p.e.k.c.i.KarafTestContainer - Creating RMI registry server on 127.0.0.1:21001
21:18:46.920 [main] DEBUG o.ops4j.store.intern.TemporaryStore - Storage Area is /tmp/1527794326407-0
21:18:46.927 [main] DEBUG o.o.pax.url.mvn.internal.Connection - Resolving [mvn:de.nierbeck.example.vertx/Vertx-Karaf/0.2.0-SNAPSHOT/tar.gz]
21:18:46.929 [main] DEBUG s.o.e.a.i.i.DefaultLocalRepositoryProvider - Using manager SimpleLocalRepositoryManager with priority 0.0 for /root/.m2/repository
21:18:46.930 [main] WARN  o.o.p.u.m.i.AetherBasedResolver - Error resolving artifactde.nierbeck.example.vertx:Vertx-Karaf:tar.gz:0.2.0-SNAPSHOT:Could not find artifact de.nierbeck.example.vertx:Vertx-Karaf:tar.gz:0.2.0-SNAPSHOT
shaded.org.eclipse.aether.resolution.ArtifactResolutionException: Could not find artifact de.nierbeck.example.vertx:Vertx-Karaf:tar.gz:0.2.0-SNAPSHOT
	at shaded.org.eclipse.aether.internal.impl.DefaultArtifactResolver.resolve(DefaultArtifactResolver.java:444) ~[pax-url-aether-2.4.5.jar:na]
	at shaded.org.eclipse.aether.internal.impl.DefaultArtifactResolver.resolveArtifacts(DefaultArtifactResolver.java:246) ~[pax-url-aether-2.4.5.jar:na]
	at shaded.org.eclipse.aether.internal.impl.DefaultArtifactResolver.resolveArtifact(DefaultArtifactResolver.java:223) ~[pax-url-aether-2.4.5.jar:na]
	at shaded.org.eclipse.aether.internal.impl.DefaultRepositorySystem.resolveArtifact(DefaultRepositorySystem.java:294) ~[pax-url-aether-2.4.5.jar:na]
	at org.ops4j.pax.url.mvn.internal.AetherBasedResolver.resolve(AetherBasedResolver.java:615) [pax-url-aether-2.4.5.jar:na]
	at org.ops4j.pax.url.mvn.internal.AetherBasedResolver.resolve(AetherBasedResolver.java:570) [pax-url-aether-2.4.5.jar:na]
	at org.ops4j.pax.url.mvn.internal.AetherBasedResolver.resolve(AetherBasedResolver.java:548) [pax-url-aether-2.4.5.jar:na]
	at org.ops4j.pax.url.mvn.internal.AetherBasedResolver.resolve(AetherBasedResolver.java:523) [pax-url-aether-2.4.5.jar:na]
	at org.ops4j.pax.url.mvn.internal.Connection.getInputStream(Connection.java:123) [pax-url-aether-2.4.5.jar:na]
	at java.net.URL.openStream(URL.java:1045) [na:1.8.0_121]
	at org.ops4j.pax.exam.karaf.container.internal.ArchiveExtractor.extractTarGzDistribution(ArchiveExtractor.java:81) [pax-exam-container-karaf-4.11.0.jar:na]
	at org.ops4j.pax.exam.karaf.container.internal.ArchiveExtractor.extract(ArchiveExtractor.java:70) [pax-exam-container-karaf-4.11.0.jar:na]
	at org.ops4j.pax.exam.karaf.container.internal.KarafTestContainer.start(KarafTestContainer.java:155) [pax-exam-container-karaf-4.11.0.jar:na]
	at org.ops4j.pax.exam.spi.reactors.EagerSingleStagedReactor.setUp(EagerSingleStagedReactor.java:86) [pax-exam-spi-4.11.0.jar:na]
	at org.ops4j.pax.exam.spi.reactors.EagerSingleStagedReactor.beforeClass(EagerSingleStagedReactor.java:136) [pax-exam-spi-4.11.0.jar:na]
	at org.ops4j.pax.exam.spi.reactors.ReactorManager.beforeClass(ReactorManager.java:457) [pax-exam-spi-4.11.0.jar:na]
	at org.ops4j.pax.exam.junit.impl.ProbeRunner.run(ProbeRunner.java:97) [pax-exam-junit4-4.11.0.jar:na]
	at org.ops4j.pax.exam.junit.PaxExam.run(PaxExam.java:93) [pax-exam-junit4-4.11.0.jar:na]
	at org.apache.maven.surefire.junit4.JUnit4Provider.execute(JUnit4Provider.java:252) [surefire-junit4-2.12.4.jar:2.12.4]
	at org.apache.maven.surefire.junit4.JUnit4Provider.executeTestSet(JUnit4Provider.java:141) [surefire-junit4-2.12.4.jar:2.12.4]
	at org.apache.maven.surefire.junit4.JUnit4Provider.invoke(JUnit4Provider.java:112) [surefire-junit4-2.12.4.jar:2.12.4]
	at sun.reflect.NativeMethodAccessorImpl.invoke0(Native Method) ~[na:1.8.0_121]
	at sun.reflect.NativeMethodAccessorImpl.invoke(NativeMethodAccessorImpl.java:62) ~[na:1.8.0_121]
	at sun.reflect.DelegatingMethodAccessorImpl.invoke(DelegatingMethodAccessorImpl.java:43) ~[na:1.8.0_121]
	at java.lang.reflect.Method.invoke(Method.java:498) ~[na:1.8.0_121]
	at org.apache.maven.surefire.util.ReflectionUtils.invokeMethodWithArray(ReflectionUtils.java:189) [surefire-api-2.12.4.jar:2.12.4]
	at org.apache.maven.surefire.booter.ProviderFactory$ProviderProxy.invoke(ProviderFactory.java:165) [surefire-booter-2.12.4.jar:2.12.4]
	at org.apache.maven.surefire.booter.ProviderFactory.invokeProvider(ProviderFactory.java:85) [surefire-booter-2.12.4.jar:2.12.4]
	at org.apache.maven.surefire.booter.ForkedBooter.runSuitesInProcess(ForkedBooter.java:115) [surefire-booter-2.12.4.jar:2.12.4]
	at org.apache.maven.surefire.booter.ForkedBooter.main(ForkedBooter.java:75) [surefire-booter-2.12.4.jar:2.12.4]
Caused by: shaded.org.eclipse.aether.transfer.ArtifactNotFoundException: Could not find artifact de.nierbeck.example.vertx:Vertx-Karaf:tar.gz:0.2.0-SNAPSHOT
	at shaded.org.eclipse.aether.internal.impl.DefaultArtifactResolver.resolve(DefaultArtifactResolver.java:434) ~[pax-url-aether-2.4.5.jar:na]
	... 29 common frames omitted
</system-out>
  </testcase>
  <testcase classname="org.apache.maven.surefire.junit4.JUnit4Provider" name="de.nierbeck.example.vertx.test.CustomVertxKarafTest" time="0.007">
    <error message="Container never came up" type="java.lang.RuntimeException">java.lang.RuntimeException: Container never came up
	at org.ops4j.pax.exam.karaf.container.internal.KarafTestContainer.stop(KarafTestContainer.java:616)
	at org.ops4j.pax.exam.spi.reactors.EagerSingleStagedReactor.tearDown(EagerSingleStagedReactor.java:118)
	at org.ops4j.pax.exam.spi.reactors.EagerSingleStagedReactor.afterClass(EagerSingleStagedReactor.java:132)
	at org.ops4j.pax.exam.spi.reactors.ReactorManager.afterClass(ReactorManager.java:441)
	at org.ops4j.pax.exam.junit.impl.ProbeRunner.run(ProbeRunner.java:107)
	at org.ops4j.pax.exam.junit.PaxExam.run(PaxExam.java:93)
	at org.apache.maven.surefire.junit4.JUnit4Provider.execute(JUnit4Provider.java:252)
	at org.apache.maven.surefire.junit4.JUnit4Provider.executeTestSet(JUnit4Provider.java:141)
	at org.apache.maven.surefire.junit4.JUnit4Provider.invoke(JUnit4Provider.java:112)
	at sun.reflect.NativeMethodAccessorImpl.invoke0(Native Method)
	at sun.reflect.NativeMethodAccessorImpl.invoke(NativeMethodAccessorImpl.java:62)
	at sun.reflect.DelegatingMethodAccessorImpl.invoke(DelegatingMethodAccessorImpl.java:43)
	at java.lang.reflect.Method.invoke(Method.java:498)
	at org.apache.maven.surefire.util.ReflectionUtils.invokeMethodWithArray(ReflectionUtils.java:189)
	at org.apache.maven.surefire.booter.ProviderFactory$ProviderProxy.invoke(ProviderFactory.java:165)
	at org.apache.maven.surefire.booter.ProviderFactory.invokeProvider(ProviderFactory.java:85)
	at org.apache.maven.surefire.booter.ForkedBooter.runSuitesInProcess(ForkedBooter.java:115)
	at org.apache.maven.surefire.booter.ForkedBooter.main(ForkedBooter.java:75)
</error>
    <system-out>21:18:46.931 [main] DEBUG o.o.p.e.k.c.i.KarafTestContainer - Shutting down the test container (Pax Runner)
</system-out>
  </testcase>
</testsuite>