<?xml version="1.0" encoding="UTF-8" ?>
<testsuite tests="2" failures="0" name="de.nierbeck.example.vertx.test.VertxExtenderKarafTest" time="1.252" errors="2" skipped="0">
  <properties>
    <property name="java.runtime.name" value="OpenJDK Runtime Environment"/>
    <property name="sun.boot.library.path" value="/usr/lib/jvm/java-8-openjdk-amd64/jre/lib/amd64"/>
    <property name="java.vm.version" value="25.121-b13"/>
    <property name="java.vm.vendor" value="Oracle Corporation"/>
    <property name="maven.multiModuleProjectDirectory" value="/root/workspace/ANierbeck/Karaf-Vertx/386330350"/>
    <property name="java.vendor.url" value="http://java.oracle.com/"/>
    <property name="path.separator" value=":"/>
    <property name="guice.disable.misplaced.annotation.check" value="true"/>
    <property name="skip.gulp" value="true"/>
    <property name="java.vm.name" value="OpenJDK 64-Bit Server VM"/>
    <property name="file.encoding.pkg" value="sun.io"/>
    <property name="sun.java.launcher" value="SUN_STANDARD"/>
    <property name="sun.os.patch.level" value="unknown"/>
    <property name="findbugs.skip" value="true"/>
    <property name="java.vm.specification.name" value="Java Virtual Machine Specification"/>
    <property name="user.dir" value="/root/workspace/ANierbeck/Karaf-Vertx/386330350"/>
    <property name="checkstyle.skip" value="true"/>
    <property name="java.runtime.version" value="1.8.0_121-8u121-b13-1~bpo8+1-b13"/>
    <property name="java.awt.graphicsenv" value="sun.awt.X11GraphicsEnvironment"/>
    <property name="skip.npm" value="true"/>
    <property name="java.endorsed.dirs" value="/usr/lib/jvm/java-8-openjdk-amd64/jre/lib/endorsed"/>
    <property name="os.arch" value="amd64"/>
    <property name="java.io.tmpdir" value="/tmp"/>
    <property name="gpg.skip" value="true"/>
    <property name="line.separator" value="
"/>
    <property name="java.vm.specification.vendor" value="Oracle Corporation"/>
    <property name="cobertura.skip" value="true"/>
    <property name="os.name" value="Linux"/>
    <property name="classworlds.conf" value="/usr/share/maven/bin/m2.conf"/>
    <property name="sun.jnu.encoding" value="UTF-8"/>
    <property name="java.library.path" value="/usr/java/packages/lib/amd64:/usr/lib/x86_64-linux-gnu/jni:/lib/x86_64-linux-gnu:/usr/lib/x86_64-linux-gnu:/usr/lib/jni:/lib:/usr/lib"/>
    <property name="license.skip" value="true"/>
    <property name="java.specification.name" value="Java Platform API Specification"/>
    <property name="java.class.version" value="52.0"/>
    <property name="sun.management.compiler" value="HotSpot 64-Bit Tiered Compilers"/>
    <property name="skip.bower" value="true"/>
    <property name="maven.repo.local" value="/root/./workspace/ANierbeck/Karaf-Vertx/386330350/.m2"/>
    <property name="os.version" value="3.10.0-862.2.3.el7.x86_64"/>
    <property name="user.home" value="/root"/>
    <property name="user.timezone" value="Europe/Paris"/>
    <property name="java.awt.printerjob" value="sun.print.PSPrinterJob"/>
    <property name="java.specification.version" value="1.8"/>
    <property name="file.encoding" value="UTF-8"/>
    <property name="user.name" value="root"/>
    <property name="java.class.path" value="/usr/share/maven/boot/plexus-classworlds-2.5.2.jar"/>
    <property name="skipITs" value="true"/>
    <property name="karaf.data" value="target/karaf/data"/>
    <property name="java.vm.specification.version" value="1.8"/>
    <property name="sun.arch.data.model" value="64"/>
    <property name="java.home" value="/usr/lib/jvm/java-8-openjdk-amd64/jre"/>
    <property name="sun.java.command" value="org.codehaus.plexus.classworlds.launcher.Launcher -B -D enforcer.skip=true -D dependency-check.skip=true -D skipITs=true -D cobertura.skip=true -D maven.repo.local=/root/./workspace/ANierbeck/Karaf-Vertx/386330350/.m2 -D rat.skip=true -D findbugs.skip=true -D skip.bower=true -D gpg.skip=true -D checkstyle.skip=true -D skip.gulp=true -D license.skip=true -D skip.npm=true test"/>
    <property name="java.specification.vendor" value="Oracle Corporation"/>
    <property name="user.language" value="en"/>
    <property name="awt.toolkit" value="sun.awt.X11.XToolkit"/>
    <property name="dependency-check.skip" value="true"/>
    <property name="java.vm.info" value="mixed mode"/>
    <property name="java.version" value="1.8.0_121"/>
    <property name="java.ext.dirs" value="/usr/lib/jvm/java-8-openjdk-amd64/jre/lib/ext:/usr/java/packages/lib/ext"/>
    <property name="securerandom.source" value="file:/dev/./urandom"/>
    <property name="sun.boot.class.path" value="/usr/lib/jvm/java-8-openjdk-amd64/jre/lib/resources.jar:/usr/lib/jvm/java-8-openjdk-amd64/jre/lib/rt.jar:/usr/lib/jvm/java-8-openjdk-amd64/jre/lib/sunrsasign.jar:/usr/lib/jvm/java-8-openjdk-amd64/jre/lib/jsse.jar:/usr/lib/jvm/java-8-openjdk-amd64/jre/lib/jce.jar:/usr/lib/jvm/java-8-openjdk-amd64/jre/lib/charsets.jar:/usr/lib/jvm/java-8-openjdk-amd64/jre/lib/jfr.jar:/usr/lib/jvm/java-8-openjdk-amd64/jre/classes"/>
    <property name="java.vendor" value="Oracle Corporation"/>
    <property name="enforcer.skip" value="true"/>
    <property name="rat.skip" value="true"/>
    <property name="maven.home" value="/usr/share/maven"/>
    <property name="file.separator" value="/"/>
    <property name="java.vendor.url.bug" value="http://bugreport.sun.com/bugreport/"/>
    <property name="sun.cpu.endian" value="little"/>
    <property name="sun.io.unicode.encoding" value="UnicodeLittle"/>
    <property name="karaf.home" value="target/karaf"/>
    <property name="sun.cpu.isalist" value=""/>
  </properties>
  <testcase classname="de.nierbeck.example.vertx.test.VertxExtenderKarafTest" name="de.nierbeck.example.vertx.test.VertxExtenderKarafTest" time="0.626">
    <error message="Problem starting container" type="java.lang.RuntimeException">java.lang.RuntimeException: Problem starting container
	at org.ops4j.pax.exam.karaf.container.internal.KarafTestContainer.start(KarafTestContainer.java:191)
	at org.ops4j.pax.exam.spi.reactors.EagerSingleStagedReactor.setUp(EagerSingleStagedReactor.java:86)
	at org.ops4j.pax.exam.spi.reactors.EagerSingleStagedReactor.beforeClass(EagerSingleStagedReactor.java:136)
	at org.ops4j.pax.exam.spi.reactors.ReactorManager.beforeClass(ReactorManager.java:457)
	at org.ops4j.pax.exam.junit.impl.ProbeRunner.run(ProbeRunner.java:97)
	at org.ops4j.pax.exam.junit.PaxExam.run(PaxExam.java:93)
	at org.apache.maven.surefire.junit4.JUnit4Provider.execute(JUnit4Provider.java:252)
	at org.apache.maven.surefire.junit4.JUnit4Provider.executeTestSet(JUnit4Provider.java:141)
	at org.apache.maven.surefire.junit4.JUnit4Provider.invoke(JUnit4Provider.java:112)
	at sun.reflect.NativeMethodAccessorImpl.invoke0(Native Method)
	at sun.reflect.NativeMethodAccessorImpl.invoke(NativeMethodAccessorImpl.java:62)
	at sun.reflect.DelegatingMethodAccessorImpl.invoke(DelegatingMethodAccessorImpl.java:43)
	at java.lang.reflect.Method.invoke(Method.java:498)
	at org.apache.maven.surefire.util.ReflectionUtils.invokeMethodWithArray(ReflectionUtils.java:189)
	at org.apache.maven.surefire.booter.ProviderFactory$ProviderProxy.invoke(ProviderFactory.java:165)
	at org.apache.maven.surefire.booter.ProviderFactory.invokeProvider(ProviderFactory.java:85)
	at org.apache.maven.surefire.booter.ForkedBooter.runSuitesInProcess(ForkedBooter.java:115)
	at org.apache.maven.surefire.booter.ForkedBooter.main(ForkedBooter.java:75)
Caused by: java.io.IOException: Error resolving artifact de.nierbeck.example.vertx:Vertx-Karaf:tar.gz:0.2.0-SNAPSHOT: Could not find artifact de.nierbeck.example.vertx:Vertx-Karaf:tar.gz:0.2.0-SNAPSHOT
	at org.ops4j.pax.url.mvn.internal.AetherBasedResolver.resolve(AetherBasedResolver.java:626)
	at org.ops4j.pax.url.mvn.internal.AetherBasedResolver.resolve(AetherBasedResolver.java:570)
	at org.ops4j.pax.url.mvn.internal.AetherBasedResolver.resolve(AetherBasedResolver.java:548)
	at org.ops4j.pax.url.mvn.internal.AetherBasedResolver.resolve(AetherBasedResolver.java:523)
	at org.ops4j.pax.url.mvn.internal.Connection.getInputStream(Connection.java:123)
	at java.net.URL.openStream(URL.java:1045)
	at org.ops4j.pax.exam.karaf.container.internal.ArchiveExtractor.extractTarGzDistribution(ArchiveExtractor.java:81)
	at org.ops4j.pax.exam.karaf.container.internal.ArchiveExtractor.extract(ArchiveExtractor.java:70)
	at org.ops4j.pax.exam.karaf.container.internal.KarafTestContainer.start(KarafTestContainer.java:155)
	... 17 more
</error>
    <system-out>21:18:46.404 [main] INFO  o.o.pax.exam.spi.DefaultExamSystem - Pax Exam System (Version: 4.11.0) created.
21:18:46.409 [main] DEBUG o.ops4j.store.intern.TemporaryStore - Storage Area is /tmp/1527794326407-0
21:18:46.508 [main] INFO  o.o.pax.exam.junit.impl.ProbeRunner - creating PaxExam runner for class de.nierbeck.example.vertx.test.VertxExtenderKarafTest
21:18:46.514 [main] DEBUG o.ops4j.pax.exam.spi.PaxExamRuntime - Found TestContainerFactory: org.ops4j.pax.exam.karaf.container.internal.KarafTestContainerFactory
21:18:46.520 [main] DEBUG o.o.pax.exam.spi.DefaultExamSystem - creating default probe
21:18:46.523 [main] DEBUG o.o.p.e.spi.reactors.ReactorManager - No User defined probe hook found
21:18:46.524 [main] DEBUG o.o.p.e.s.intern.DefaultTestAddress - NEW ADDRESS= PaxExam-1043f6f6-f9be-4753-9f34-de78706d1e55 parent=null root=[TestAddress:PaxExam-1043f6f6-f9be-4753-9f34-de78706d1e55 root:PaxExam-1043f6f6-f9be-4753-9f34-de78706d1e55] args=[Ljava.lang.Object;@5e853265
21:18:46.524 [main] DEBUG o.o.pax.exam.spi.DefaultExamReactor - Staging reactor with probes: 1 using strategy: org.ops4j.pax.exam.spi.reactors.PerClass@5d76b067
21:18:46.524 [main] DEBUG o.ops4j.store.intern.TemporaryStore - Storage Area is /tmp/1527794326407-0
21:18:46.527 [main] DEBUG o.o.p.e.s.intern.DefaultTestAddress - NEW ADDRESS= PaxExam-9af1dd97-a3f3-4949-9013-b1ad295b5bbe parent=[TestAddress:PaxExam-1043f6f6-f9be-4753-9f34-de78706d1e55 root:PaxExam-1043f6f6-f9be-4753-9f34-de78706d1e55] root=[TestAddress:PaxExam-1043f6f6-f9be-4753-9f34-de78706d1e55 root:PaxExam-1043f6f6-f9be-4753-9f34-de78706d1e55] args=[Ljava.lang.Object;@71bbf57e
21:18:46.527 [main] INFO  o.o.pax.exam.junit.impl.ProbeRunner - running test class de.nierbeck.example.vertx.test.VertxExtenderKarafTest
21:18:46.532 [main] INFO  o.o.p.e.k.c.i.KarafTestContainer - Creating RMI registry server on 127.0.0.1:21000
21:18:46.593 [main] DEBUG o.ops4j.store.intern.TemporaryStore - Storage Area is /tmp/1527794326407-0
21:18:46.871 [main] DEBUG o.o.pax.url.mvn.internal.Connection - Resolving [mvn:de.nierbeck.example.vertx/Vertx-Karaf/0.2.0-SNAPSHOT/tar.gz]
21:18:46.890 [main] DEBUG s.o.e.a.i.i.DefaultLocalRepositoryProvider - Using manager SimpleLocalRepositoryManager with priority 0.0 for /root/.m2/repository
21:18:46.903 [main] WARN  o.o.p.u.m.i.AetherBasedResolver - Error resolving artifactde.nierbeck.example.vertx:Vertx-Karaf:tar.gz:0.2.0-SNAPSHOT:Could not find artifact de.nierbeck.example.vertx:Vertx-Karaf:tar.gz:0.2.0-SNAPSHOT
shaded.org.eclipse.aether.resolution.ArtifactResolutionException: Could not find artifact de.nierbeck.example.vertx:Vertx-Karaf:tar.gz:0.2.0-SNAPSHOT
	at shaded.org.eclipse.aether.internal.impl.DefaultArtifactResolver.resolve(DefaultArtifactResolver.java:444) ~[pax-url-aether-2.4.5.jar:na]
	at shaded.org.eclipse.aether.internal.impl.DefaultArtifactResolver.resolveArtifacts(DefaultArtifactResolver.java:246) ~[pax-url-aether-2.4.5.jar:na]
	at shaded.org.eclipse.aether.internal.impl.DefaultArtifactResolver.resolveArtifact(DefaultArtifactResolver.java:223) ~[pax-url-aether-2.4.5.jar:na]
	at shaded.org.eclipse.aether.internal.impl.DefaultRepositorySystem.resolveArtifact(DefaultRepositorySystem.java:294) ~[pax-url-aether-2.4.5.jar:na]
	at org.ops4j.pax.url.mvn.internal.AetherBasedResolver.resolve(AetherBasedResolver.java:615) [pax-url-aether-2.4.5.jar:na]
	at org.ops4j.pax.url.mvn.internal.AetherBasedResolver.resolve(AetherBasedResolver.java:570) [pax-url-aether-2.4.5.jar:na]
	at org.ops4j.pax.url.mvn.internal.AetherBasedResolver.resolve(AetherBasedResolver.java:548) [pax-url-aether-2.4.5.jar:na]
	at org.ops4j.pax.url.mvn.internal.AetherBasedResolver.resolve(AetherBasedResolver.java:523) [pax-url-aether-2.4.5.jar:na]
	at org.ops4j.pax.url.mvn.internal.Connection.getInputStream(Connection.java:123) [pax-url-aether-2.4.5.jar:na]
	at java.net.URL.openStream(URL.java:1045) [na:1.8.0_121]
	at org.ops4j.pax.exam.karaf.container.internal.ArchiveExtractor.extractTarGzDistribution(ArchiveExtractor.java:81) [pax-exam-container-karaf-4.11.0.jar:na]
	at org.ops4j.pax.exam.karaf.container.internal.ArchiveExtractor.extract(ArchiveExtractor.java:70) [pax-exam-container-karaf-4.11.0.jar:na]
	at org.ops4j.pax.exam.karaf.container.internal.KarafTestContainer.start(KarafTestContainer.java:155) [pax-exam-container-karaf-4.11.0.jar:na]
	at org.ops4j.pax.exam.spi.reactors.EagerSingleStagedReactor.setUp(EagerSingleStagedReactor.java:86) [pax-exam-spi-4.11.0.jar:na]
	at org.ops4j.pax.exam.spi.reactors.EagerSingleStagedReactor.beforeClass(EagerSingleStagedReactor.java:136) [pax-exam-spi-4.11.0.jar:na]
	at org.ops4j.pax.exam.spi.reactors.ReactorManager.beforeClass(ReactorManager.java:457) [pax-exam-spi-4.11.0.jar:na]
	at org.ops4j.pax.exam.junit.impl.ProbeRunner.run(ProbeRunner.java:97) [pax-exam-junit4-4.11.0.jar:na]
	at org.ops4j.pax.exam.junit.PaxExam.run(PaxExam.java:93) [pax-exam-junit4-4.11.0.jar:na]
	at org.apache.maven.surefire.junit4.JUnit4Provider.execute(JUnit4Provider.java:252) [surefire-junit4-2.12.4.jar:2.12.4]
	at org.apache.maven.surefire.junit4.JUnit4Provider.executeTestSet(JUnit4Provider.java:141) [surefire-junit4-2.12.4.jar:2.12.4]
	at org.apache.maven.surefire.junit4.JUnit4Provider.invoke(JUnit4Provider.java:112) [surefire-junit4-2.12.4.jar:2.12.4]
	at sun.reflect.NativeMethodAccessorImpl.invoke0(Native Method) ~[na:1.8.0_121]
	at sun.reflect.NativeMethodAccessorImpl.invoke(NativeMethodAccessorImpl.java:62) ~[na:1.8.0_121]
	at sun.reflect.DelegatingMethodAccessorImpl.invoke(DelegatingMethodAccessorImpl.java:43) ~[na:1.8.0_121]
	at java.lang.reflect.Method.invoke(Method.java:498) ~[na:1.8.0_121]
	at org.apache.maven.surefire.util.ReflectionUtils.invokeMethodWithArray(ReflectionUtils.java:189) [surefire-api-2.12.4.jar:2.12.4]
	at org.apache.maven.surefire.booter.ProviderFactory$ProviderProxy.invoke(ProviderFactory.java:165) [surefire-booter-2.12.4.jar:2.12.4]
	at org.apache.maven.surefire.booter.ProviderFactory.invokeProvider(ProviderFactory.java:85) [surefire-booter-2.12.4.jar:2.12.4]
	at org.apache.maven.surefire.booter.ForkedBooter.runSuitesInProcess(ForkedBooter.java:115) [surefire-booter-2.12.4.jar:2.12.4]
	at org.apache.maven.surefire.booter.ForkedBooter.main(ForkedBooter.java:75) [surefire-booter-2.12.4.jar:2.12.4]
Caused by: shaded.org.eclipse.aether.transfer.ArtifactNotFoundException: Could not find artifact de.nierbeck.example.vertx:Vertx-Karaf:tar.gz:0.2.0-SNAPSHOT
	at shaded.org.eclipse.aether.internal.impl.DefaultArtifactResolver.resolve(DefaultArtifactResolver.java:434) ~[pax-url-aether-2.4.5.jar:na]
	... 29 common frames omitted
</system-out>
    <system-err>SLF4J: Class path contains multiple SLF4J bindings.
SLF4J: Found binding in [jar:file:/root/./workspace/ANierbeck/Karaf-Vertx/386330350/.m2/ch/qos/logback/logback-classic/1.0.4/logback-classic-1.0.4.jar!/org/slf4j/impl/StaticLoggerBinder.class]
SLF4J: Found binding in [jar:file:/root/./workspace/ANierbeck/Karaf-Vertx/386330350/.m2/org/apache/karaf/org.apache.karaf.client/4.2.0/org.apache.karaf.client-4.2.0.jar!/org/slf4j/impl/StaticLoggerBinder.class]
SLF4J: Found binding in [jar:file:/root/./workspace/ANierbeck/Karaf-Vertx/386330350/.m2/org/ops4j/pax/logging/pax-logging-api/1.10.1/pax-logging-api-1.10.1.jar!/org/slf4j/impl/StaticLoggerBinder.class]
SLF4J: See http://www.slf4j.org/codes.html#multiple_bindings for an explanation.
</system-err>
  </testcase>
  <testcase classname="org.apache.maven.surefire.junit4.JUnit4Provider" name="de.nierbeck.example.vertx.test.VertxExtenderKarafTest" time="0.626">
    <error message="Container never came up" type="java.lang.RuntimeException">java.lang.RuntimeException: Container never came up
	at org.ops4j.pax.exam.karaf.container.internal.KarafTestContainer.stop(KarafTestContainer.java:616)
	at org.ops4j.pax.exam.spi.reactors.EagerSingleStagedReactor.tearDown(EagerSingleStagedReactor.java:118)
	at org.ops4j.pax.exam.spi.reactors.EagerSingleStagedReactor.afterClass(EagerSingleStagedReactor.java:132)
	at org.ops4j.pax.exam.spi.reactors.ReactorManager.afterClass(ReactorManager.java:441)
	at org.ops4j.pax.exam.junit.impl.ProbeRunner.run(ProbeRunner.java:107)
	at org.ops4j.pax.exam.junit.PaxExam.run(PaxExam.java:93)
	at org.apache.maven.surefire.junit4.JUnit4Provider.execute(JUnit4Provider.java:252)
	at org.apache.maven.surefire.junit4.JUnit4Provider.executeTestSet(JUnit4Provider.java:141)
	at org.apache.maven.surefire.junit4.JUnit4Provider.invoke(JUnit4Provider.java:112)
	at sun.reflect.NativeMethodAccessorImpl.invoke0(Native Method)
	at sun.reflect.NativeMethodAccessorImpl.invoke(NativeMethodAccessorImpl.java:62)
	at sun.reflect.DelegatingMethodAccessorImpl.invoke(DelegatingMethodAccessorImpl.java:43)
	at java.lang.reflect.Method.invoke(Method.java:498)
	at org.apache.maven.surefire.util.ReflectionUtils.invokeMethodWithArray(ReflectionUtils.java:189)
	at org.apache.maven.surefire.booter.ProviderFactory$ProviderProxy.invoke(ProviderFactory.java:165)
	at org.apache.maven.surefire.booter.ProviderFactory.invokeProvider(ProviderFactory.java:85)
	at org.apache.maven.surefire.booter.ForkedBooter.runSuitesInProcess(ForkedBooter.java:115)
	at org.apache.maven.surefire.booter.ForkedBooter.main(ForkedBooter.java:75)
</error>
    <system-out>21:18:46.908 [main] DEBUG o.o.p.e.k.c.i.KarafTestContainer - Shutting down the test container (Pax Runner)
</system-out>
  </testcase>
</testsuite>