<?xml version="1.0" encoding="UTF-8" ?>
<testsuite tests="1" failures="1" name="eu.stamp_project.dspot.selector.CloverCoverageSelectorTest" time="10.663" errors="0" skipped="0">
  <properties>
    <property name="java.runtime.name" value="OpenJDK Runtime Environment"/>
    <property name="sun.boot.library.path" value="/usr/lib/jvm/java-8-openjdk-amd64/jre/lib/amd64"/>
    <property name="java.vm.version" value="25.121-b13"/>
    <property name="java.vm.vendor" value="Oracle Corporation"/>
    <property name="maven.multiModuleProjectDirectory" value="/root/workspace/STAMP-project/dspot/384780427"/>
    <property name="java.vendor.url" value="http://java.oracle.com/"/>
    <property name="path.separator" value=":"/>
    <property name="guice.disable.misplaced.annotation.check" value="true"/>
    <property name="skip.gulp" value="true"/>
    <property name="java.vm.name" value="OpenJDK 64-Bit Server VM"/>
    <property name="file.encoding.pkg" value="sun.io"/>
    <property name="sun.java.launcher" value="SUN_STANDARD"/>
    <property name="sun.os.patch.level" value="unknown"/>
    <property name="findbugs.skip" value="true"/>
    <property name="java.vm.specification.name" value="Java Virtual Machine Specification"/>
    <property name="user.dir" value="/root/workspace/STAMP-project/dspot/384780427"/>
    <property name="checkstyle.skip" value="true"/>
    <property name="java.runtime.version" value="1.8.0_121-8u121-b13-1~bpo8+1-b13"/>
    <property name="java.awt.graphicsenv" value="sun.awt.X11GraphicsEnvironment"/>
    <property name="skip.npm" value="true"/>
    <property name="java.endorsed.dirs" value="/usr/lib/jvm/java-8-openjdk-amd64/jre/lib/endorsed"/>
    <property name="os.arch" value="amd64"/>
    <property name="java.io.tmpdir" value="/tmp"/>
    <property name="gpg.skip" value="true"/>
    <property name="line.separator" value="
"/>
    <property name="java.vm.specification.vendor" value="Oracle Corporation"/>
    <property name="cobertura.skip" value="true"/>
    <property name="os.name" value="Linux"/>
    <property name="classworlds.conf" value="/usr/share/maven/bin/m2.conf"/>
    <property name="sun.jnu.encoding" value="UTF-8"/>
    <property name="java.library.path" value="/usr/java/packages/lib/amd64:/usr/lib/x86_64-linux-gnu/jni:/lib/x86_64-linux-gnu:/usr/lib/x86_64-linux-gnu:/usr/lib/jni:/lib:/usr/lib"/>
    <property name="license.skip" value="true"/>
    <property name="java.specification.name" value="Java Platform API Specification"/>
    <property name="java.class.version" value="52.0"/>
    <property name="sun.management.compiler" value="HotSpot 64-Bit Tiered Compilers"/>
    <property name="skip.bower" value="true"/>
    <property name="maven.repo.local" value="/root/./workspace/STAMP-project/dspot/384780427/.m2"/>
    <property name="os.version" value="3.10.0-862.2.3.el7.x86_64"/>
    <property name="user.home" value="/root"/>
    <property name="user.timezone" value="Europe/Paris"/>
    <property name="java.awt.printerjob" value="sun.print.PSPrinterJob"/>
    <property name="java.specification.version" value="1.8"/>
    <property name="file.encoding" value="UTF-8"/>
    <property name="user.name" value="root"/>
    <property name="java.class.path" value="/usr/share/maven/boot/plexus-classworlds-2.5.2.jar"/>
    <property name="skipITs" value="true"/>
    <property name="java.vm.specification.version" value="1.8"/>
    <property name="sun.arch.data.model" value="64"/>
    <property name="java.home" value="/usr/lib/jvm/java-8-openjdk-amd64/jre"/>
    <property name="sun.java.command" value="org.codehaus.plexus.classworlds.launcher.Launcher -B -D enforcer.skip=true -D dependency-check.skip=true -D skipITs=true -D cobertura.skip=true -D maven.repo.local=/root/./workspace/STAMP-project/dspot/384780427/.m2 -D rat.skip=true -D findbugs.skip=true -D skip.bower=true -D gpg.skip=true -D checkstyle.skip=true -D skip.gulp=true -D license.skip=true -D skip.npm=true test"/>
    <property name="java.specification.vendor" value="Oracle Corporation"/>
    <property name="user.language" value="en"/>
    <property name="awt.toolkit" value="sun.awt.X11.XToolkit"/>
    <property name="dependency-check.skip" value="true"/>
    <property name="java.vm.info" value="mixed mode"/>
    <property name="java.version" value="1.8.0_121"/>
    <property name="java.ext.dirs" value="/usr/lib/jvm/java-8-openjdk-amd64/jre/lib/ext:/usr/java/packages/lib/ext"/>
    <property name="securerandom.source" value="file:/dev/./urandom"/>
    <property name="sun.boot.class.path" value="/usr/lib/jvm/java-8-openjdk-amd64/jre/lib/resources.jar:/usr/lib/jvm/java-8-openjdk-amd64/jre/lib/rt.jar:/usr/lib/jvm/java-8-openjdk-amd64/jre/lib/sunrsasign.jar:/usr/lib/jvm/java-8-openjdk-amd64/jre/lib/jsse.jar:/usr/lib/jvm/java-8-openjdk-amd64/jre/lib/jce.jar:/usr/lib/jvm/java-8-openjdk-amd64/jre/lib/charsets.jar:/usr/lib/jvm/java-8-openjdk-amd64/jre/lib/jfr.jar:/usr/lib/jvm/java-8-openjdk-amd64/jre/classes"/>
    <property name="java.vendor" value="Oracle Corporation"/>
    <property name="enforcer.skip" value="true"/>
    <property name="rat.skip" value="true"/>
    <property name="maven.home" value="/usr/share/maven"/>
    <property name="file.separator" value="/"/>
    <property name="java.vendor.url.bug" value="http://bugreport.sun.com/bugreport/"/>
    <property name="sun.cpu.endian" value="little"/>
    <property name="sun.io.unicode.encoding" value="UnicodeLittle"/>
    <property name="sun.cpu.isalist" value=""/>
  </properties>
  <testcase classname="eu.stamp_project.dspot.selector.CloverCoverageSelectorTest" name="testSelector" time="10.663">
    <failure type="java.lang.AssertionError">java.lang.AssertionError
	at org.junit.Assert.fail(Assert.java:86)
	at org.junit.Assert.assertTrue(Assert.java:41)
	at org.junit.Assert.assertFalse(Assert.java:64)
	at org.junit.Assert.assertFalse(Assert.java:74)
	at eu.stamp_project.dspot.selector.AbstractSelectorTest.testSelector(AbstractSelectorTest.java:71)
	at sun.reflect.NativeMethodAccessorImpl.invoke0(Native Method)
	at sun.reflect.NativeMethodAccessorImpl.invoke(NativeMethodAccessorImpl.java:62)
	at sun.reflect.DelegatingMethodAccessorImpl.invoke(DelegatingMethodAccessorImpl.java:43)
	at java.lang.reflect.Method.invoke(Method.java:498)
	at org.junit.runners.model.FrameworkMethod$1.runReflectiveCall(FrameworkMethod.java:50)
	at org.junit.internal.runners.model.ReflectiveCallable.run(ReflectiveCallable.java:12)
	at org.junit.runners.model.FrameworkMethod.invokeExplosively(FrameworkMethod.java:47)
	at org.junit.internal.runners.statements.InvokeMethod.evaluate(InvokeMethod.java:17)
	at org.junit.internal.runners.statements.RunBefores.evaluate(RunBefores.java:26)
	at org.junit.runners.ParentRunner.runLeaf(ParentRunner.java:325)
	at org.junit.runners.BlockJUnit4ClassRunner.runChild(BlockJUnit4ClassRunner.java:78)
	at org.junit.runners.BlockJUnit4ClassRunner.runChild(BlockJUnit4ClassRunner.java:57)
	at org.junit.runners.ParentRunner$3.run(ParentRunner.java:290)
	at org.junit.runners.ParentRunner$1.schedule(ParentRunner.java:71)
	at org.junit.runners.ParentRunner.runChildren(ParentRunner.java:288)
	at org.junit.runners.ParentRunner.access$000(ParentRunner.java:58)
	at org.junit.runners.ParentRunner$2.evaluate(ParentRunner.java:268)
	at org.junit.runners.ParentRunner.run(ParentRunner.java:363)
	at org.apache.maven.surefire.junit4.JUnit4Provider.execute(JUnit4Provider.java:252)
	at org.apache.maven.surefire.junit4.JUnit4Provider.executeTestSet(JUnit4Provider.java:141)
	at org.apache.maven.surefire.junit4.JUnit4Provider.invoke(JUnit4Provider.java:112)
	at sun.reflect.NativeMethodAccessorImpl.invoke0(Native Method)
	at sun.reflect.NativeMethodAccessorImpl.invoke(NativeMethodAccessorImpl.java:62)
	at sun.reflect.DelegatingMethodAccessorImpl.invoke(DelegatingMethodAccessorImpl.java:43)
	at java.lang.reflect.Method.invoke(Method.java:498)
	at org.apache.maven.surefire.util.ReflectionUtils.invokeMethodWithArray(ReflectionUtils.java:189)
	at org.apache.maven.surefire.booter.ProviderFactory$ProviderProxy.invoke(ProviderFactory.java:165)
	at org.apache.maven.surefire.booter.ProviderFactory.invokeProvider(ProviderFactory.java:85)
	at org.apache.maven.surefire.booter.ForkedBooter.runSuitesInProcess(ForkedBooter.java:115)
	at org.apache.maven.surefire.booter.ForkedBooter.main(ForkedBooter.java:75)
</failure>
    <system-out>[78757] WARN AutomaticBuilderFactory - No automatic builder specified in configuration, going to default.
[78757] INFO AutomaticBuilderFactory - Default: provided Maven automatic builder.
[78758] INFO MavenAutomaticBuilder - run maven clean test -DskipTests dependency:build-classpath -Dmdep.outputFile=target/dspot/classpath
[WARN] Maven will be executed in interactive mode, but no input stream has been configured for this MavenInvoker instance.
[INFO] Scanning for projects...
[INFO]                                                                         
[INFO] ------------------------------------------------------------------------
[INFO] Building test-projects_0 0.0.1-SNAPSHOT
[INFO] ------------------------------------------------------------------------
[INFO] 
[INFO] --- maven-clean-plugin:2.5:clean (default-clean) @ example ---
[INFO] Deleting /root/workspace/STAMP-project/dspot/384780427/dspot/src/test/resources/regression/test-projects_0/target
[INFO] 
[INFO] --- maven-resources-plugin:2.6:resources (default-resources) @ example ---
[WARNING] Using platform encoding (UTF-8 actually) to copy filtered resources, i.e. build is platform dependent!
[INFO] skip non existing resourceDirectory /root/workspace/STAMP-project/dspot/384780427/dspot/src/test/resources/regression/test-projects_0/src/main/resources
[INFO] 
[INFO] --- maven-compiler-plugin:3.1:compile (default-compile) @ example ---
[INFO] Changes detected - recompiling the module!
[WARNING] File encoding has not been set, using platform encoding UTF-8, i.e. build is platform dependent!
[INFO] Compiling 1 source file to /root/workspace/STAMP-project/dspot/384780427/dspot/src/test/resources/regression/test-projects_0/target/classes
[INFO] 
[INFO] --- maven-resources-plugin:2.6:testResources (default-testResources) @ example ---
[WARNING] Using platform encoding (UTF-8 actually) to copy filtered resources, i.e. build is platform dependent!
[INFO] skip non existing resourceDirectory /root/workspace/STAMP-project/dspot/384780427/dspot/src/test/resources/regression/test-projects_0/src/test/resources
[INFO] 
[INFO] --- maven-compiler-plugin:3.1:testCompile (default-testCompile) @ example ---
[INFO] Changes detected - recompiling the module!
[WARNING] File encoding has not been set, using platform encoding UTF-8, i.e. build is platform dependent!
[INFO] Compiling 1 source file to /root/workspace/STAMP-project/dspot/384780427/dspot/src/test/resources/regression/test-projects_0/target/test-classes
[INFO] 
[INFO] --- maven-surefire-plugin:2.12.4:test (default-test) @ example ---
[INFO] Tests are skipped.
[INFO] 
[INFO] --- maven-dependency-plugin:2.8:build-classpath (default-cli) @ example ---
[INFO] Wrote classpath file &apos;/root/workspace/STAMP-project/dspot/384780427/dspot/src/test/resources/regression/test-projects_0/target/dspot/classpath&apos;.
[INFO] ------------------------------------------------------------------------
[INFO] BUILD SUCCESS
[INFO] ------------------------------------------------------------------------
[INFO] Total time: 3.250 s
[INFO] Finished at: 2018-05-28T17:29:00+02:00
[INFO] Final Memory: 22M/782M
[INFO] ------------------------------------------------------------------------
OpenClover Version 4.2.1, built on November 21 2017 (build-1004)
Loaded from: /root/./workspace/STAMP-project/dspot/384780427/.m2/org/openclover/clover/4.2.1/clover-4.2.1.jar
Clover free edition.
Creating new database at &apos;/root/workspace/STAMP-project/dspot/384780427/dspot/target/dspot/clover/clover.db&apos;.
Processing files at 1.8 source level.
Clover all over. Instrumented 2 files (1 package).
6 test methods detected.
Elapsed time = 0.198 secs. (10.101 files/sec, 378.788 srclines/sec)
[84901] DEBUG Launcher - building sources: [/root/workspace/STAMP-project/dspot/384780427/dspot/target/dspot/clover/instr/example/TestSuiteExample.java, /root/workspace/STAMP-project/dspot/384780427/dspot/target/dspot/clover/instr/example/Example.java]
[84902] DEBUG Launcher - build args: [-encoding, UTF-8, -cp, /root/.m2/repository/junit/junit/4.11/junit-4.11.jar:/root/.m2/repository/org/hamcrest/hamcrest-core/1.3/hamcrest-core-1.3.jar:/root/workspace/STAMP-project/dspot/384780427/dspot/target/dspot/clover/instr-classes/:/root/./workspace/STAMP-project/dspot/384780427/.m2/commons-io/commons-io/2.5/commons-io-2.5.jar:/root/./workspace/STAMP-project/dspot/384780427/.m2/org/openclover/clover/4.2.1/clover-4.2.1.jar:, -1.8, -preserveAllLocals, -noExit, -enableJavadoc, /root/workspace/STAMP-project/dspot/384780427/dspot/target/dspot/clover/instr/example/TestSuiteExample.java, /root/workspace/STAMP-project/dspot/384780427/dspot/target/dspot/clover/instr/example/Example.java]
[85086] DEBUG Launcher - built in 185 ms
[85087] DEBUG Launcher - building templates: []
[85087] DEBUG Launcher - built in 0 ms
[85089] DEBUG Launcher - model built in 188
[85090] DEBUG Launcher - compiling sources: [/root/workspace/STAMP-project/dspot/384780427/dspot/target/dspot/clover/instr/example/Example.java, /root/workspace/STAMP-project/dspot/384780427/dspot/target/dspot/clover/instr/example/TestSuiteExample.java]
[85095] DEBUG Launcher - compile args: [-encoding, UTF-8, -cp, /root/.m2/repository/junit/junit/4.11/junit-4.11.jar:/root/.m2/repository/org/hamcrest/hamcrest-core/1.3/hamcrest-core-1.3.jar:/root/workspace/STAMP-project/dspot/384780427/dspot/target/dspot/clover/instr-classes/:/root/./workspace/STAMP-project/dspot/384780427/.m2/commons-io/commons-io/2.5/commons-io-2.5.jar:/root/./workspace/STAMP-project/dspot/384780427/.m2/org/openclover/clover/4.2.1/clover-4.2.1.jar:, -d, /root/workspace/STAMP-project/dspot/384780427/dspot/target/dspot/clover/instr-classes, -1.8, -proc:none, -preserveAllLocals, -noExit, -enableJavadoc, /root/workspace/STAMP-project/dspot/384780427/dspot/target/dspot/clover/instr/example/TestSuiteExample.java, /root/workspace/STAMP-project/dspot/384780427/dspot/target/dspot/clover/instr/example/Example.java]
[85519] DEBUG Launcher - compiled in 429 ms
[85519] INFO EntryPoint - Run: java -cp /root/.m2/repository/junit/junit/4.11/junit-4.11.jar:/root/.m2/repository/org/hamcrest/hamcrest-core/1.3/hamcrest-core-1.3.jar:/root/workspace/STAMP-project/dspot/384780427/dspot/target/dspot/clover/instr-classes/:/root/./workspace/STAMP-project/dspot/384780427/.m2/commons-io/commons-io/2.5/commons-io-2.5.jar:/root/./workspace/STAMP-project/dspot/384780427/.m2/org/openclover/clover/4.2.1/clover-4.2.1.jar:/root/./workspace/STAMP-project/dspot/384780427/.m2/eu/stamp-project/test-runner/1.0.8/test-runner-1.0.8-jar-with-dependencies.jar eu.stamp_project.testrunner.runner.test.TestRunner example.TestSuiteExample
File saved to the following path: /root/workspace/STAMP-project/dspot/384780427/dspot/target/dspot/TestListener.ser
[85964] INFO EntryPoint - Test has been run: test2,test3,test4,test7,test8,test9
Writing HTML report to &apos;/root/workspace/STAMP-project/dspot/384780427/dspot/target/dspot/clover/report&apos;
Done. Processed 1 packages in 1042ms (1042ms per package).
[87481] INFO EntryPoint - Run: java -cp /root/.m2/repository/junit/junit/4.11/junit-4.11.jar:/root/.m2/repository/org/hamcrest/hamcrest-core/1.3/hamcrest-core-1.3.jar:/root/workspace/STAMP-project/dspot/384780427/dspot/src/test/resources/regression/test-projects_0/target/classes:/root/workspace/STAMP-project/dspot/384780427/dspot/src/test/resources/regression/test-projects_0/target/test-classes:/root/./workspace/STAMP-project/dspot/384780427/.m2/eu/stamp-project/test-runner/1.0.8/test-runner-1.0.8-jar-with-dependencies.jar:/root/./workspace/STAMP-project/dspot/384780427/.m2/org/jacoco/org.jacoco.core/0.7.9/org.jacoco.core-0.7.9.jar:/root/./workspace/STAMP-project/dspot/384780427/.m2/org/ow2/asm/asm-debug-all/5.2/asm-debug-all-5.2.jar:/root/./workspace/STAMP-project/dspot/384780427/.m2/commons-io/commons-io/2.5/commons-io-2.5.jar eu.stamp_project.testrunner.runner.coverage.JacocoRunner /root/workspace/STAMP-project/dspot/384780427/dspot/src/test/resources/regression/test-projects_0/target/classes:/root/workspace/STAMP-project/dspot/384780427/dspot/src/test/resources/regression/test-projects_0/target/test-classes example.TestSuiteExample
File saved to the following path: /root/workspace/STAMP-project/dspot/384780427/dspot/target/dspot/globalCoverageResult.ser
[87888] INFO EntryPoint - Global Coverage has been computed 33 / 37
[87897] DEBUG Launcher - printing example.TestSuiteExample to /root/workspace/STAMP-project/dspot/384780427/dspot/target/dspot/copy
OpenClover Version 4.2.1, built on November 21 2017 (build-1004)
Loaded from: /root/./workspace/STAMP-project/dspot/384780427/.m2/org/openclover/clover/4.2.1/clover-4.2.1.jar
Clover free edition.
Creating new database at &apos;/root/workspace/STAMP-project/dspot/384780427/dspot/target/dspot/clover/clover.db&apos;.
Processing files at 1.8 source level.
Clover all over. Instrumented 2 files (1 package).
1 test method detected.
Elapsed time = 0.01 secs. (200 files/sec, 4,400 srclines/sec)
[87931] DEBUG Launcher - building sources: [/root/workspace/STAMP-project/dspot/384780427/dspot/target/dspot/clover/instr/example/TestSuiteExample.java, /root/workspace/STAMP-project/dspot/384780427/dspot/target/dspot/clover/instr/example/Example.java]
[87932] DEBUG Launcher - build args: [-encoding, UTF-8, -cp, /root/.m2/repository/junit/junit/4.11/junit-4.11.jar:/root/.m2/repository/org/hamcrest/hamcrest-core/1.3/hamcrest-core-1.3.jar:/root/workspace/STAMP-project/dspot/384780427/dspot/target/dspot/clover/instr-classes/:/root/./workspace/STAMP-project/dspot/384780427/.m2/commons-io/commons-io/2.5/commons-io-2.5.jar:/root/./workspace/STAMP-project/dspot/384780427/.m2/org/openclover/clover/4.2.1/clover-4.2.1.jar:, -1.8, -preserveAllLocals, -noExit, -enableJavadoc, /root/workspace/STAMP-project/dspot/384780427/dspot/target/dspot/clover/instr/example/TestSuiteExample.java, /root/workspace/STAMP-project/dspot/384780427/dspot/target/dspot/clover/instr/example/Example.java]
[88035] DEBUG Launcher - built in 104 ms
[88035] DEBUG Launcher - building templates: []
[88035] DEBUG Launcher - built in 0 ms
[88036] DEBUG Launcher - model built in 105
[88036] DEBUG Launcher - compiling sources: [/root/workspace/STAMP-project/dspot/384780427/dspot/target/dspot/clover/instr/example/Example.java, /root/workspace/STAMP-project/dspot/384780427/dspot/target/dspot/clover/instr/example/TestSuiteExample.java]
[88038] DEBUG Launcher - compile args: [-encoding, UTF-8, -cp, /root/.m2/repository/junit/junit/4.11/junit-4.11.jar:/root/.m2/repository/org/hamcrest/hamcrest-core/1.3/hamcrest-core-1.3.jar:/root/workspace/STAMP-project/dspot/384780427/dspot/target/dspot/clover/instr-classes/:/root/./workspace/STAMP-project/dspot/384780427/.m2/commons-io/commons-io/2.5/commons-io-2.5.jar:/root/./workspace/STAMP-project/dspot/384780427/.m2/org/openclover/clover/4.2.1/clover-4.2.1.jar:, -d, /root/workspace/STAMP-project/dspot/384780427/dspot/target/dspot/clover/instr-classes, -1.8, -proc:none, -preserveAllLocals, -noExit, -enableJavadoc, /root/workspace/STAMP-project/dspot/384780427/dspot/target/dspot/clover/instr/example/TestSuiteExample.java, /root/workspace/STAMP-project/dspot/384780427/dspot/target/dspot/clover/instr/example/Example.java]
[88168] DEBUG Launcher - compiled in 132 ms
[88168] INFO EntryPoint - Run: java -cp /root/.m2/repository/junit/junit/4.11/junit-4.11.jar:/root/.m2/repository/org/hamcrest/hamcrest-core/1.3/hamcrest-core-1.3.jar:/root/workspace/STAMP-project/dspot/384780427/dspot/target/dspot/clover/instr-classes/:/root/./workspace/STAMP-project/dspot/384780427/.m2/commons-io/commons-io/2.5/commons-io-2.5.jar:/root/./workspace/STAMP-project/dspot/384780427/.m2/org/openclover/clover/4.2.1/clover-4.2.1.jar:/root/./workspace/STAMP-project/dspot/384780427/.m2/eu/stamp-project/test-runner/1.0.8/test-runner-1.0.8-jar-with-dependencies.jar eu.stamp_project.testrunner.runner.test.TestRunner example.TestSuiteExample
File saved to the following path: /root/workspace/STAMP-project/dspot/384780427/dspot/target/dspot/TestListener.ser
[88488] INFO EntryPoint - Test has been run: test2
Writing HTML report to &apos;/root/workspace/STAMP-project/dspot/384780427/dspot/target/dspot/clover/report&apos;
Done. Processed 1 packages in 236ms (236ms per package).
[88743] DEBUG Launcher - printing example.TestSuiteExample to /root/workspace/STAMP-project/dspot/384780427/dspot/target/dspot/copy
OpenClover Version 4.2.1, built on November 21 2017 (build-1004)
Loaded from: /root/./workspace/STAMP-project/dspot/384780427/.m2/org/openclover/clover/4.2.1/clover-4.2.1.jar
Clover free edition.
Creating new database at &apos;/root/workspace/STAMP-project/dspot/384780427/dspot/target/dspot/clover/clover.db&apos;.
Processing files at 1.8 source level.
Clover all over. Instrumented 2 files (1 package).
1 test method detected.
Elapsed time = 0.011 secs. (181.818 files/sec, 4,000 srclines/sec)
[88775] DEBUG Launcher - building sources: [/root/workspace/STAMP-project/dspot/384780427/dspot/target/dspot/clover/instr/example/TestSuiteExample.java, /root/workspace/STAMP-project/dspot/384780427/dspot/target/dspot/clover/instr/example/Example.java]
[88775] DEBUG Launcher - build args: [-encoding, UTF-8, -cp, /root/.m2/repository/junit/junit/4.11/junit-4.11.jar:/root/.m2/repository/org/hamcrest/hamcrest-core/1.3/hamcrest-core-1.3.jar:/root/workspace/STAMP-project/dspot/384780427/dspot/target/dspot/clover/instr-classes/:/root/./workspace/STAMP-project/dspot/384780427/.m2/commons-io/commons-io/2.5/commons-io-2.5.jar:/root/./workspace/STAMP-project/dspot/384780427/.m2/org/openclover/clover/4.2.1/clover-4.2.1.jar:, -1.8, -preserveAllLocals, -noExit, -enableJavadoc, /root/workspace/STAMP-project/dspot/384780427/dspot/target/dspot/clover/instr/example/TestSuiteExample.java, /root/workspace/STAMP-project/dspot/384780427/dspot/target/dspot/clover/instr/example/Example.java]
[88853] DEBUG Launcher - built in 78 ms
[88853] DEBUG Launcher - building templates: []
[88853] DEBUG Launcher - built in 0 ms
[88854] DEBUG Launcher - model built in 79
[88855] DEBUG Launcher - compiling sources: [/root/workspace/STAMP-project/dspot/384780427/dspot/target/dspot/clover/instr/example/Example.java, /root/workspace/STAMP-project/dspot/384780427/dspot/target/dspot/clover/instr/example/TestSuiteExample.java]
[88856] DEBUG Launcher - compile args: [-encoding, UTF-8, -cp, /root/.m2/repository/junit/junit/4.11/junit-4.11.jar:/root/.m2/repository/org/hamcrest/hamcrest-core/1.3/hamcrest-core-1.3.jar:/root/workspace/STAMP-project/dspot/384780427/dspot/target/dspot/clover/instr-classes/:/root/./workspace/STAMP-project/dspot/384780427/.m2/commons-io/commons-io/2.5/commons-io-2.5.jar:/root/./workspace/STAMP-project/dspot/384780427/.m2/org/openclover/clover/4.2.1/clover-4.2.1.jar:, -d, /root/workspace/STAMP-project/dspot/384780427/dspot/target/dspot/clover/instr-classes, -1.8, -proc:none, -preserveAllLocals, -noExit, -enableJavadoc, /root/workspace/STAMP-project/dspot/384780427/dspot/target/dspot/clover/instr/example/TestSuiteExample.java, /root/workspace/STAMP-project/dspot/384780427/dspot/target/dspot/clover/instr/example/Example.java]
[88957] DEBUG Launcher - compiled in 102 ms
[88957] INFO EntryPoint - Run: java -cp /root/.m2/repository/junit/junit/4.11/junit-4.11.jar:/root/.m2/repository/org/hamcrest/hamcrest-core/1.3/hamcrest-core-1.3.jar:/root/workspace/STAMP-project/dspot/384780427/dspot/target/dspot/clover/instr-classes/:/root/./workspace/STAMP-project/dspot/384780427/.m2/commons-io/commons-io/2.5/commons-io-2.5.jar:/root/./workspace/STAMP-project/dspot/384780427/.m2/org/openclover/clover/4.2.1/clover-4.2.1.jar:/root/./workspace/STAMP-project/dspot/384780427/.m2/eu/stamp-project/test-runner/1.0.8/test-runner-1.0.8-jar-with-dependencies.jar eu.stamp_project.testrunner.runner.test.TestRunner example.TestSuiteExample
File saved to the following path: /root/workspace/STAMP-project/dspot/384780427/dspot/target/dspot/TestListener.ser
[89245] INFO EntryPoint - Test has been run: test2
Writing HTML report to &apos;/root/workspace/STAMP-project/dspot/384780427/dspot/target/dspot/clover/report&apos;
Done. Processed 1 packages in 164ms (164ms per package).
</system-out>
  </testcase>
</testsuite>