2018-05-30 11:29:53,784 ERROR AbstractController:198 Mobsim did not complete normally! afterMobsimListeners will be called anyway.
java.lang.RuntimeException: This mobsim listener ran more than once.
	at org.matsim.core.controler.MobsimListenerTest$SingletonCountingMobsimListener.notifyMobsimInitialized(MobsimListenerTest.java:98)
	at org.matsim.core.mobsim.qsim.MobsimListenerManager.fireQueueSimulationInitializedEvent(MobsimListenerManager.java:74)
	at org.matsim.core.mobsim.qsim.QSim.run(QSim.java:222)
	at org.matsim.core.controler.NewControler.runMobSim(NewControler.java:111)
	at org.matsim.core.controler.AbstractController$7.run(AbstractController.java:187)
	at org.matsim.core.controler.AbstractController.iterationStep(AbstractController.java:219)
	at org.matsim.core.controler.AbstractController.mobsim(AbstractController.java:183)
	at org.matsim.core.controler.AbstractController.iteration(AbstractController.java:142)
	at org.matsim.core.controler.AbstractController.doIterations(AbstractController.java:110)
	at org.matsim.core.controler.AbstractController.access$000(AbstractController.java:28)
	at org.matsim.core.controler.AbstractController$1.run(AbstractController.java:80)
	at org.matsim.core.controler.MatsimRuntimeModifications.run(MatsimRuntimeModifications.java:48)
	at org.matsim.core.controler.MatsimRuntimeModifications.run(MatsimRuntimeModifications.java:31)
	at org.matsim.core.controler.AbstractController.run(AbstractController.java:88)
	at org.matsim.core.controler.NewControler.run(NewControler.java:75)
	at org.matsim.core.controler.Controler.run(Controler.java:203)
	at org.matsim.core.controler.MobsimListenerTest.testRunMobsim_listenerSingleton(MobsimListenerTest.java:72)
	at sun.reflect.NativeMethodAccessorImpl.invoke0(Native Method)
	at sun.reflect.NativeMethodAccessorImpl.invoke(NativeMethodAccessorImpl.java:62)
	at sun.reflect.DelegatingMethodAccessorImpl.invoke(DelegatingMethodAccessorImpl.java:43)
	at java.lang.reflect.Method.invoke(Method.java:498)
	at org.junit.runners.model.FrameworkMethod$1.runReflectiveCall(FrameworkMethod.java:50)
	at org.junit.internal.runners.model.ReflectiveCallable.run(ReflectiveCallable.java:12)
	at org.junit.runners.model.FrameworkMethod.invokeExplosively(FrameworkMethod.java:47)
	at org.junit.internal.runners.statements.InvokeMethod.evaluate(InvokeMethod.java:17)
	at org.junit.internal.runners.statements.ExpectException.evaluate(ExpectException.java:19)
	at org.junit.rules.TestWatchman$1.evaluate(TestWatchman.java:53)
	at org.junit.runners.ParentRunner.runLeaf(ParentRunner.java:325)
	at org.junit.runners.BlockJUnit4ClassRunner.runChild(BlockJUnit4ClassRunner.java:78)
	at org.junit.runners.BlockJUnit4ClassRunner.runChild(BlockJUnit4ClassRunner.java:57)
	at org.junit.runners.ParentRunner$3.run(ParentRunner.java:290)
	at org.junit.runners.ParentRunner$1.schedule(ParentRunner.java:71)
	at org.junit.runners.ParentRunner.runChildren(ParentRunner.java:288)
	at org.junit.runners.ParentRunner.access$000(ParentRunner.java:58)
	at org.junit.runners.ParentRunner$2.evaluate(ParentRunner.java:268)
	at org.junit.runners.ParentRunner.run(ParentRunner.java:363)
	at org.apache.maven.surefire.junit4.JUnit4Provider.execute(JUnit4Provider.java:344)
	at org.apache.maven.surefire.junit4.JUnit4Provider.executeWithRerun(JUnit4Provider.java:269)
	at org.apache.maven.surefire.junit4.JUnit4Provider.executeTestSet(JUnit4Provider.java:240)
	at org.apache.maven.surefire.junit4.JUnit4Provider.invoke(JUnit4Provider.java:184)
	at org.apache.maven.surefire.booter.ForkedBooter.invokeProviderInSameClassLoader(ForkedBooter.java:286)
	at org.apache.maven.surefire.booter.ForkedBooter.runSuitesInProcess(ForkedBooter.java:240)
	at org.apache.maven.surefire.booter.ForkedBooter.main(ForkedBooter.java:121)
2018-05-30 11:29:53,785 ERROR MatsimRuntimeModifications:54 Getting uncaught Exception in Thread main
java.lang.RuntimeException: This mobsim listener ran more than once.
	at org.matsim.core.controler.MobsimListenerTest$SingletonCountingMobsimListener.notifyMobsimInitialized(MobsimListenerTest.java:98)
	at org.matsim.core.mobsim.qsim.MobsimListenerManager.fireQueueSimulationInitializedEvent(MobsimListenerManager.java:74)
	at org.matsim.core.mobsim.qsim.QSim.run(QSim.java:222)
	at org.matsim.core.controler.NewControler.runMobSim(NewControler.java:111)
	at org.matsim.core.controler.AbstractController$7.run(AbstractController.java:187)
	at org.matsim.core.controler.AbstractController.iterationStep(AbstractController.java:219)
	at org.matsim.core.controler.AbstractController.mobsim(AbstractController.java:183)
	at org.matsim.core.controler.AbstractController.iteration(AbstractController.java:142)
	at org.matsim.core.controler.AbstractController.doIterations(AbstractController.java:110)
	at org.matsim.core.controler.AbstractController.access$000(AbstractController.java:28)
	at org.matsim.core.controler.AbstractController$1.run(AbstractController.java:80)
	at org.matsim.core.controler.MatsimRuntimeModifications.run(MatsimRuntimeModifications.java:48)
	at org.matsim.core.controler.MatsimRuntimeModifications.run(MatsimRuntimeModifications.java:31)
	at org.matsim.core.controler.AbstractController.run(AbstractController.java:88)
	at org.matsim.core.controler.NewControler.run(NewControler.java:75)
	at org.matsim.core.controler.Controler.run(Controler.java:203)
	at org.matsim.core.controler.MobsimListenerTest.testRunMobsim_listenerSingleton(MobsimListenerTest.java:72)
	at sun.reflect.NativeMethodAccessorImpl.invoke0(Native Method)
	at sun.reflect.NativeMethodAccessorImpl.invoke(NativeMethodAccessorImpl.java:62)
	at sun.reflect.DelegatingMethodAccessorImpl.invoke(DelegatingMethodAccessorImpl.java:43)
	at java.lang.reflect.Method.invoke(Method.java:498)
	at org.junit.runners.model.FrameworkMethod$1.runReflectiveCall(FrameworkMethod.java:50)
	at org.junit.internal.runners.model.ReflectiveCallable.run(ReflectiveCallable.java:12)
	at org.junit.runners.model.FrameworkMethod.invokeExplosively(FrameworkMethod.java:47)
	at org.junit.internal.runners.statements.InvokeMethod.evaluate(InvokeMethod.java:17)
	at org.junit.internal.runners.statements.ExpectException.evaluate(ExpectException.java:19)
	at org.junit.rules.TestWatchman$1.evaluate(TestWatchman.java:53)
	at org.junit.runners.ParentRunner.runLeaf(ParentRunner.java:325)
	at org.junit.runners.BlockJUnit4ClassRunner.runChild(BlockJUnit4ClassRunner.java:78)
	at org.junit.runners.BlockJUnit4ClassRunner.runChild(BlockJUnit4ClassRunner.java:57)
	at org.junit.runners.ParentRunner$3.run(ParentRunner.java:290)
	at org.junit.runners.ParentRunner$1.schedule(ParentRunner.java:71)
	at org.junit.runners.ParentRunner.runChildren(ParentRunner.java:288)
	at org.junit.runners.ParentRunner.access$000(ParentRunner.java:58)
	at org.junit.runners.ParentRunner$2.evaluate(ParentRunner.java:268)
	at org.junit.runners.ParentRunner.run(ParentRunner.java:363)
	at org.apache.maven.surefire.junit4.JUnit4Provider.execute(JUnit4Provider.java:344)
	at org.apache.maven.surefire.junit4.JUnit4Provider.executeWithRerun(JUnit4Provider.java:269)
	at org.apache.maven.surefire.junit4.JUnit4Provider.executeTestSet(JUnit4Provider.java:240)
	at org.apache.maven.surefire.junit4.JUnit4Provider.invoke(JUnit4Provider.java:184)
	at org.apache.maven.surefire.booter.ForkedBooter.invokeProviderInSameClassLoader(ForkedBooter.java:286)
	at org.apache.maven.surefire.booter.ForkedBooter.runSuitesInProcess(ForkedBooter.java:240)
	at org.apache.maven.surefire.booter.ForkedBooter.main(ForkedBooter.java:121)
2018-05-30 11:29:53,786 ERROR MatsimRuntimeModifications:60 ERROR --- This is an unexpected shutdown!
2018-05-30 11:29:53,786 ERROR MatsimRuntimeModifications:63 Shutdown possibly caused by the following Exception:
java.lang.RuntimeException: This mobsim listener ran more than once.
	at org.matsim.core.controler.MobsimListenerTest$SingletonCountingMobsimListener.notifyMobsimInitialized(MobsimListenerTest.java:98)
	at org.matsim.core.mobsim.qsim.MobsimListenerManager.fireQueueSimulationInitializedEvent(MobsimListenerManager.java:74)
	at org.matsim.core.mobsim.qsim.QSim.run(QSim.java:222)
	at org.matsim.core.controler.NewControler.runMobSim(NewControler.java:111)
	at org.matsim.core.controler.AbstractController$7.run(AbstractController.java:187)
	at org.matsim.core.controler.AbstractController.iterationStep(AbstractController.java:219)
	at org.matsim.core.controler.AbstractController.mobsim(AbstractController.java:183)
	at org.matsim.core.controler.AbstractController.iteration(AbstractController.java:142)
	at org.matsim.core.controler.AbstractController.doIterations(AbstractController.java:110)
	at org.matsim.core.controler.AbstractController.access$000(AbstractController.java:28)
	at org.matsim.core.controler.AbstractController$1.run(AbstractController.java:80)
	at org.matsim.core.controler.MatsimRuntimeModifications.run(MatsimRuntimeModifications.java:48)
	at org.matsim.core.controler.MatsimRuntimeModifications.run(MatsimRuntimeModifications.java:31)
	at org.matsim.core.controler.AbstractController.run(AbstractController.java:88)
	at org.matsim.core.controler.NewControler.run(NewControler.java:75)
	at org.matsim.core.controler.Controler.run(Controler.java:203)
	at org.matsim.core.controler.MobsimListenerTest.testRunMobsim_listenerSingleton(MobsimListenerTest.java:72)
	at sun.reflect.NativeMethodAccessorImpl.invoke0(Native Method)
	at sun.reflect.NativeMethodAccessorImpl.invoke(NativeMethodAccessorImpl.java:62)
	at sun.reflect.DelegatingMethodAccessorImpl.invoke(DelegatingMethodAccessorImpl.java:43)
	at java.lang.reflect.Method.invoke(Method.java:498)
	at org.junit.runners.model.FrameworkMethod$1.runReflectiveCall(FrameworkMethod.java:50)
	at org.junit.internal.runners.model.ReflectiveCallable.run(ReflectiveCallable.java:12)
	at org.junit.runners.model.FrameworkMethod.invokeExplosively(FrameworkMethod.java:47)
	at org.junit.internal.runners.statements.InvokeMethod.evaluate(InvokeMethod.java:17)
	at org.junit.internal.runners.statements.ExpectException.evaluate(ExpectException.java:19)
	at org.junit.rules.TestWatchman$1.evaluate(TestWatchman.java:53)
	at org.junit.runners.ParentRunner.runLeaf(ParentRunner.java:325)
	at org.junit.runners.BlockJUnit4ClassRunner.runChild(BlockJUnit4ClassRunner.java:78)
	at org.junit.runners.BlockJUnit4ClassRunner.runChild(BlockJUnit4ClassRunner.java:57)
	at org.junit.runners.ParentRunner$3.run(ParentRunner.java:290)
	at org.junit.runners.ParentRunner$1.schedule(ParentRunner.java:71)
	at org.junit.runners.ParentRunner.runChildren(ParentRunner.java:288)
	at org.junit.runners.ParentRunner.access$000(ParentRunner.java:58)
	at org.junit.runners.ParentRunner$2.evaluate(ParentRunner.java:268)
	at org.junit.runners.ParentRunner.run(ParentRunner.java:363)
	at org.apache.maven.surefire.junit4.JUnit4Provider.execute(JUnit4Provider.java:344)
	at org.apache.maven.surefire.junit4.JUnit4Provider.executeWithRerun(JUnit4Provider.java:269)
	at org.apache.maven.surefire.junit4.JUnit4Provider.executeTestSet(JUnit4Provider.java:240)
	at org.apache.maven.surefire.junit4.JUnit4Provider.invoke(JUnit4Provider.java:184)
	at org.apache.maven.surefire.booter.ForkedBooter.invokeProviderInSameClassLoader(ForkedBooter.java:286)
	at org.apache.maven.surefire.booter.ForkedBooter.runSuitesInProcess(ForkedBooter.java:240)
	at org.apache.maven.surefire.booter.ForkedBooter.main(ForkedBooter.java:121)
2018-05-30 11:29:53,787 ERROR MatsimRuntimeModifications:78 ERROR --- MATSim unexpectedly terminated. Please check the output or the logfile with warnings and errors for hints.
2018-05-30 11:29:53,787 ERROR MatsimRuntimeModifications:79 ERROR --- results should not be used for further analysis.
2018-05-30 11:29:53,787 ERROR MatsimRuntimeModifications:83 ERROR --- This was an unexpected shutdown! See the log file for a possible reason.
2018-05-30 11:29:53,999  WARN ConfigConsistencyCheckerImpl:159 Your are using Transit but have not provided a transit vehicles file. This most likely won't work.
2018-05-30 11:29:54,150  WARN CharyparNagelActivityScoring:252 The first and the last activity do not have the same type. 
2018-05-30 11:29:54,150  WARN CharyparNagelActivityScoring:253 Will score the first activity from midnight to its end, and the last activity from its start to midnight.
2018-05-30 11:29:54,150  WARN CharyparNagelActivityScoring:254 Because of the nonlinear function, this is not the same as scoring from start to end.
2018-05-30 11:29:54,151  WARN CharyparNagelActivityScoring:255 first activity: [type=h][coord=null][linkId=1][startTime=undefined][endTime=07:00:00][duration=undefined][facilityId=null]
2018-05-30 11:29:54,151  WARN CharyparNagelActivityScoring:256 last activity: [type=w][coord=null][linkId=2][startTime=07:16:45][endTime=undefined][duration=undefined][facilityId=null]
2018-05-30 11:29:54,151  WARN CharyparNagelActivityScoring:257 This may also happen when plans are not completed when the simulation ends.
2018-05-30 11:29:54,151  WARN CharyparNagelActivityScoring:259 Additional warnings of this type are suppressed.
2018-05-30 11:29:54,408  WARN CharyparNagelActivityScoring:252 The first and the last activity do not have the same type. 
2018-05-30 11:29:54,408  WARN CharyparNagelActivityScoring:253 Will score the first activity from midnight to its end, and the last activity from its start to midnight.
2018-05-30 11:29:54,409  WARN CharyparNagelActivityScoring:254 Because of the nonlinear function, this is not the same as scoring from start to end.
2018-05-30 11:29:54,409  WARN CharyparNagelActivityScoring:255 first activity: [type=h][coord=null][linkId=1][startTime=undefined][endTime=06:33:01][duration=undefined][facilityId=null]
2018-05-30 11:29:54,409  WARN CharyparNagelActivityScoring:256 last activity: [type=w][coord=null][linkId=2][startTime=07:16:45][endTime=undefined][duration=undefined][facilityId=null]
2018-05-30 11:29:54,409  WARN CharyparNagelActivityScoring:257 This may also happen when plans are not completed when the simulation ends.
2018-05-30 11:29:54,409  WARN CharyparNagelActivityScoring:259 Additional warnings of this type are suppressed.
