# JRE version: OpenJDK Runtime Environment (8.0_121-b13) (build 1.8.0_121-8u121-b13-1~bpo8+1-b13)
# Java VM: OpenJDK 64-Bit Server VM (25.121-b13 mixed mode linux-amd64 compressed oops)
Heap:
 PSYoungGen      total 999936K, used 52663K [0x0000000718100000, 0x0000000759480000, 0x00000007c0000000)
  eden space 931328K, 0% used [0x0000000718100000,0x0000000718100000,0x0000000750e80000)
  from space 68608K, 76% used [0x0000000750e80000,0x00000007541edcd8,0x0000000755180000)
  to   space 48640K, 0% used [0x0000000756500000,0x0000000756500000,0x0000000759480000)
 ParOldGen       total 387584K, used 86649K [0x00000005c8200000, 0x00000005dfc80000, 0x0000000718100000)
  object space 387584K, 22% used [0x00000005c8200000,0x00000005cd69e4f0,0x00000005dfc80000)
 Metaspace       used 48544K, capacity 49591K, committed 49792K, reserved 1093632K
  class space    used 5393K, capacity 5646K, committed 5760K, reserved 1048576K
GC Heap History (10 events):
Event: 27.945 GC heap after
Heap after GC invocations=13 (full 2):
 PSYoungGen      total 735232K, used 55272K [0x0000000718100000, 0x000000074e680000, 0x00000007c0000000)
  eden space 679936K, 0% used [0x0000000718100000,0x0000000718100000,0x0000000741900000)
  from space 55296K, 99% used [0x0000000741900000,0x0000000744efa1b8,0x0000000744f00000)
  to   space 64512K, 0% used [0x000000074a780000,0x000000074a780000,0x000000074e680000)
 ParOldGen       total 216576K, used 43665K [0x00000005c8200000, 0x00000005d5580000, 0x0000000718100000)
  object space 216576K, 20% used [0x00000005c8200000,0x00000005caca4560,0x00000005d5580000)
 Metaspace       used 32967K, capacity 33777K, committed 34048K, reserved 1079296K
  class space    used 3572K, capacity 3796K, committed 3840K, reserved 1048576K
}
Event: 30.221 GC heap before
{Heap before GC invocations=14 (full 2):
 PSYoungGen      total 735232K, used 431768K [0x0000000718100000, 0x000000074e680000, 0x00000007c0000000)
  eden space 679936K, 55% used [0x0000000718100000,0x000000072f0ac048,0x0000000741900000)
  from space 55296K, 99% used [0x0000000741900000,0x0000000744efa1b8,0x0000000744f00000)
  to   space 64512K, 0% used [0x000000074a780000,0x000000074a780000,0x000000074e680000)
 ParOldGen       total 216576K, used 43665K [0x00000005c8200000, 0x00000005d5580000, 0x0000000718100000)
  object space 216576K, 20% used [0x00000005c8200000,0x00000005caca4560,0x00000005d5580000)
 Metaspace       used 34534K, capacity 35369K, committed 35456K, reserved 1081344K
  class space    used 3761K, capacity 3960K, committed 3968K, reserved 1048576K
Event: 30.325 GC heap after
Heap after GC invocations=14 (full 2):
 PSYoungGen      total 819712K, used 54882K [0x0000000718100000, 0x0000000754f80000, 0x00000007c0000000)
  eden space 755200K, 0% used [0x0000000718100000,0x0000000718100000,0x0000000746280000)
  from space 64512K, 85% used [0x000000074a780000,0x000000074dd189c8,0x000000074e680000)
  to   space 70656K, 0% used [0x0000000746280000,0x0000000746280000,0x000000074a780000)
 ParOldGen       total 216576K, used 54894K [0x00000005c8200000, 0x00000005d5580000, 0x0000000718100000)
  object space 216576K, 25% used [0x00000005c8200000,0x00000005cb79b990,0x00000005d5580000)
 Metaspace       used 34534K, capacity 35369K, committed 35456K, reserved 1081344K
  class space    used 3761K, capacity 3960K, committed 3968K, reserved 1048576K
}
Event: 30.325 GC heap before
{Heap before GC invocations=15 (full 3):
 PSYoungGen      total 819712K, used 54882K [0x0000000718100000, 0x0000000754f80000, 0x00000007c0000000)
  eden space 755200K, 0% used [0x0000000718100000,0x0000000718100000,0x0000000746280000)
  from space 64512K, 85% used [0x000000074a780000,0x000000074dd189c8,0x000000074e680000)
  to   space 70656K, 0% used [0x0000000746280000,0x0000000746280000,0x000000074a780000)
 ParOldGen       total 216576K, used 54894K [0x00000005c8200000, 0x00000005d5580000, 0x0000000718100000)
  object space 216576K, 25% used [0x00000005c8200000,0x00000005cb79b990,0x00000005d5580000)
 Metaspace       used 34534K, capacity 35369K, committed 35456K, reserved 1081344K
  class space    used 3761K, capacity 3960K, committed 3968K, reserved 1048576K
Event: 30.873 GC heap after
Heap after GC invocations=15 (full 3):
 PSYoungGen      total 819712K, used 0K [0x0000000718100000, 0x0000000754f80000, 0x00000007c0000000)
  eden space 755200K, 0% used [0x0000000718100000,0x0000000718100000,0x0000000746280000)
  from space 64512K, 0% used [0x000000074a780000,0x000000074a780000,0x000000074e680000)
  to   space 70656K, 0% used [0x0000000746280000,0x0000000746280000,0x000000074a780000)
 ParOldGen       total 387584K, used 86633K [0x00000005c8200000, 0x00000005dfc80000, 0x0000000718100000)
  object space 387584K, 22% used [0x00000005c8200000,0x00000005cd69a4f0,0x00000005dfc80000)
 Metaspace       used 34534K, capacity 35369K, committed 35456K, reserved 1081344K
  class space    used 3761K, capacity 3960K, committed 3968K, reserved 1048576K
}
Event: 43.825 GC heap before
{Heap before GC invocations=16 (full 3):
 PSYoungGen      total 819712K, used 755200K [0x0000000718100000, 0x0000000754f80000, 0x00000007c0000000)
  eden space 755200K, 100% used [0x0000000718100000,0x0000000746280000,0x0000000746280000)
  from space 64512K, 0% used [0x000000074a780000,0x000000074a780000,0x000000074e680000)
  to   space 70656K, 0% used [0x0000000746280000,0x0000000746280000,0x000000074a780000)
 ParOldGen       total 387584K, used 86633K [0x00000005c8200000, 0x00000005dfc80000, 0x0000000718100000)
  object space 387584K, 22% used [0x00000005c8200000,0x00000005cd69a4f0,0x00000005dfc80000)
 Metaspace       used 41739K, capacity 42625K, committed 43008K, reserved 1087488K
  class space    used 4542K, capacity 4780K, committed 4864K, reserved 1048576K
Event: 43.879 GC heap after
Heap after GC invocations=16 (full 3):
 PSYoungGen      total 825856K, used 41948K [0x0000000718100000, 0x000000075aa00000, 0x00000007c0000000)
  eden space 755200K, 0% used [0x0000000718100000,0x0000000718100000,0x0000000746280000)
  from space 70656K, 59% used [0x0000000746280000,0x0000000748b77180,0x000000074a780000)
  to   space 70656K, 0% used [0x0000000756500000,0x0000000756500000,0x000000075aa00000)
 ParOldGen       total 387584K, used 86641K [0x00000005c8200000, 0x00000005dfc80000, 0x0000000718100000)
  object space 387584K, 22% used [0x00000005c8200000,0x00000005cd69c4f0,0x00000005dfc80000)
 Metaspace       used 41739K, capacity 42625K, committed 43008K, reserved 1087488K
  class space    used 4542K, capacity 4780K, committed 4864K, reserved 1048576K
}
Event: 50.043 GC heap before
{Heap before GC invocations=17 (full 3):
 PSYoungGen      total 825856K, used 797148K [0x0000000718100000, 0x000000075aa00000, 0x00000007c0000000)
  eden space 755200K, 100% used [0x0000000718100000,0x0000000746280000,0x0000000746280000)
  from space 70656K, 59% used [0x0000000746280000,0x0000000748b77180,0x000000074a780000)
  to   space 70656K, 0% used [0x0000000756500000,0x0000000756500000,0x000000075aa00000)
 ParOldGen       total 387584K, used 86641K [0x00000005c8200000, 0x00000005dfc80000, 0x0000000718100000)
  object space 387584K, 22% used [0x00000005c8200000,0x00000005cd69c4f0,0x00000005dfc80000)
 Metaspace       used 45814K, capacity 46805K, committed 46976K, reserved 1091584K
  class space    used 4956K, capacity 5211K, committed 5248K, reserved 1048576K
Event: 50.097 GC heap after
Heap after GC invocations=17 (full 3):
 PSYoungGen      total 979968K, used 37257K [0x0000000718100000, 0x0000000759480000, 0x00000007c0000000)
  eden space 931328K, 0% used [0x0000000718100000,0x0000000718100000,0x0000000750e80000)
  from space 48640K, 76% used [0x0000000756500000,0x0000000758962778,0x0000000759480000)
  to   space 68608K, 0% used [0x0000000750e80000,0x0000000750e80000,0x0000000755180000)
 ParOldGen       total 387584K, used 86649K [0x00000005c8200000, 0x00000005dfc80000, 0x0000000718100000)
  object space 387584K, 22% used [0x00000005c8200000,0x00000005cd69e4f0,0x00000005dfc80000)
 Metaspace       used 45814K, capacity 46805K, committed 46976K, reserved 1091584K
  class space    used 4956K, capacity 5211K, committed 5248K, reserved 1048576K
}
Event: 63.599 GC heap before
{Heap before GC invocations=18 (full 3):
 PSYoungGen      total 979968K, used 968585K [0x0000000718100000, 0x0000000759480000, 0x00000007c0000000)
  eden space 931328K, 100% used [0x0000000718100000,0x0000000750e80000,0x0000000750e80000)
  from space 48640K, 76% used [0x0000000756500000,0x0000000758962778,0x0000000759480000)
  to   space 68608K, 0% used [0x0000000750e80000,0x0000000750e80000,0x0000000755180000)
 ParOldGen       total 387584K, used 86649K [0x00000005c8200000, 0x00000005dfc80000, 0x0000000718100000)
  object space 387584K, 22% used [0x00000005c8200000,0x00000005cd69e4f0,0x00000005dfc80000)
 Metaspace       used 48544K, capacity 49591K, committed 49792K, reserved 1093632K
  class space    used 5393K, capacity 5646K, committed 5760K, reserved 1048576K

