-------------------------------------------------------------------------------
Test set: org.keycloak.documentation.test.SecuringAppsTest
-------------------------------------------------------------------------------
Tests run: 5, Failures: 1, Errors: 0, Skipped: 0, Time elapsed: 48.585 sec <<< FAILURE!
checkExternalLinks(org.keycloak.documentation.test.SecuringAppsTest)  Time elapsed: 48.421 sec  <<< FAILURE!
* http://web.example.com/logout.html (exception web.example.com)

