<?xml version="1.0" encoding="UTF-8"?>
<testsuite xmlns:xsi="http://www.w3.org/2001/XMLSchema-instance" xsi:schemaLocation="https://maven.apache.org/surefire/maven-surefire-plugin/xsd/surefire-test-report.xsd" name="org.matsim.core.config.groups.PlanCalcScoreConfigGroupTest" time="0.056" tests="2" errors="1" skipped="0" failures="0">
  <properties>
    <property name="java.vendor" value="Oracle Corporation"/>
    <property name="sun.java.launcher" value="SUN_STANDARD"/>
    <property name="sun.management.compiler" value="HotSpot 64-Bit Tiered Compilers"/>
    <property name="os.name" value="Linux"/>
    <property name="sun.boot.class.path" value="/usr/lib/jvm/java-8-openjdk-amd64/jre/lib/resources.jar:/usr/lib/jvm/java-8-openjdk-amd64/jre/lib/rt.jar:/usr/lib/jvm/java-8-openjdk-amd64/jre/lib/sunrsasign.jar:/usr/lib/jvm/java-8-openjdk-amd64/jre/lib/jsse.jar:/usr/lib/jvm/java-8-openjdk-amd64/jre/lib/jce.jar:/usr/lib/jvm/java-8-openjdk-amd64/jre/lib/charsets.jar:/usr/lib/jvm/java-8-openjdk-amd64/jre/lib/jfr.jar:/usr/lib/jvm/java-8-openjdk-amd64/jre/classes"/>
    <property name="cobertura.skip" value="true"/>
    <property name="findbugs.skip" value="true"/>
    <property name="java.vm.specification.vendor" value="Oracle Corporation"/>
    <property name="java.runtime.version" value="1.8.0_121-8u121-b13-1~bpo8+1-b13"/>
    <property name="user.name" value="root"/>
    <property name="guice.disable.misplaced.annotation.check" value="true"/>
    <property name="maven.repo.local" value="/root/./workspace/matsim-org/matsim/386581902/.m2"/>
    <property name="user.language" value="en"/>
    <property name="sun.boot.library.path" value="/usr/lib/jvm/java-8-openjdk-amd64/jre/lib/amd64"/>
    <property name="classworlds.conf" value="/usr/share/maven/bin/m2.conf"/>
    <property name="java.version" value="1.8.0_121"/>
    <property name="user.timezone" value="Europe/Paris"/>
    <property name="rat.skip" value="true"/>
    <property name="sun.arch.data.model" value="64"/>
    <property name="java.endorsed.dirs" value="/usr/lib/jvm/java-8-openjdk-amd64/jre/lib/endorsed"/>
    <property name="sun.cpu.isalist" value=""/>
    <property name="sun.jnu.encoding" value="UTF-8"/>
    <property name="file.encoding.pkg" value="sun.io"/>
    <property name="file.separator" value="/"/>
    <property name="java.specification.name" value="Java Platform API Specification"/>
    <property name="java.class.version" value="52.0"/>
    <property name="checkstyle.skip" value="true"/>
    <property name="securerandom.source" value="file:/dev/./urandom"/>
    <property name="java.home" value="/usr/lib/jvm/java-8-openjdk-amd64/jre"/>
    <property name="java.vm.info" value="mixed mode"/>
    <property name="os.version" value="3.10.0-862.2.3.el7.x86_64"/>
    <property name="path.separator" value=":"/>
    <property name="java.vm.version" value="25.121-b13"/>
    <property name="gpg.skip" value="true"/>
    <property name="java.awt.printerjob" value="sun.print.PSPrinterJob"/>
    <property name="sun.io.unicode.encoding" value="UnicodeLittle"/>
    <property name="awt.toolkit" value="sun.awt.X11.XToolkit"/>
    <property name="os.detected.release" value="debian"/>
    <property name="user.home" value="/root"/>
    <property name="java.specification.vendor" value="Oracle Corporation"/>
    <property name="java.library.path" value="/usr/java/packages/lib/amd64:/usr/lib/x86_64-linux-gnu/jni:/lib/x86_64-linux-gnu:/usr/lib/x86_64-linux-gnu:/usr/lib/jni:/lib:/usr/lib"/>
    <property name="java.vendor.url" value="http://java.oracle.com/"/>
    <property name="java.vm.vendor" value="Oracle Corporation"/>
    <property name="os.detected.release.like.debian" value="true"/>
    <property name="dependency-check.skip" value="true"/>
    <property name="maven.home" value="/usr/share/maven"/>
    <property name="java.runtime.name" value="OpenJDK Runtime Environment"/>
    <property name="sun.java.command" value="org.codehaus.plexus.classworlds.launcher.Launcher -B -D enforcer.skip=true -D dependency-check.skip=true -D skipITs=true -D cobertura.skip=true -D maven.repo.local=/root/./workspace/matsim-org/matsim/386581902/.m2 -D rat.skip=true -D findbugs.skip=true -D skip.bower=true -D gpg.skip=true -D checkstyle.skip=true -D skip.gulp=true -D license.skip=true -D skip.npm=true test"/>
    <property name="java.class.path" value="/usr/share/maven/boot/plexus-classworlds-2.5.2.jar"/>
    <property name="os.detected.arch" value="x86_64"/>
    <property name="java.vm.specification.name" value="Java Virtual Machine Specification"/>
    <property name="java.vm.specification.version" value="1.8"/>
    <property name="sun.cpu.endian" value="little"/>
    <property name="sun.os.patch.level" value="unknown"/>
    <property name="os.detected.classifier" value="linux-x86_64"/>
    <property name="java.io.tmpdir" value="/tmp"/>
    <property name="java.vendor.url.bug" value="http://bugreport.sun.com/bugreport/"/>
    <property name="maven.multiModuleProjectDirectory" value="/root/workspace/matsim-org/matsim/386581902"/>
    <property name="os.arch" value="amd64"/>
    <property name="java.awt.graphicsenv" value="sun.awt.X11GraphicsEnvironment"/>
    <property name="java.ext.dirs" value="/usr/lib/jvm/java-8-openjdk-amd64/jre/lib/ext:/usr/java/packages/lib/ext"/>
    <property name="os.detected.release.version" value="8"/>
    <property name="user.dir" value="/root/workspace/matsim-org/matsim/386581902"/>
    <property name="skipITs" value="true"/>
    <property name="line.separator" value="&#10;"/>
    <property name="java.vm.name" value="OpenJDK 64-Bit Server VM"/>
    <property name="enforcer.skip" value="true"/>
    <property name="skip.gulp" value="true"/>
    <property name="skip.bower" value="true"/>
    <property name="skip.npm" value="true"/>
    <property name="file.encoding" value="UTF-8"/>
    <property name="os.detected.name" value="linux"/>
    <property name="license.skip" value="true"/>
    <property name="java.specification.version" value="1.8"/>
  </properties>
  <testcase name="testIODifferentVersions" classname="org.matsim.core.config.groups.PlanCalcScoreConfigGroupTest" time="0.056">
    <error message="org.xml.sax.SAXParseException; lineNumber: 464; columnNumber: 4; The element type &quot;parameterset&quot; must be terminated by the matching end-tag &quot;&lt;/parameterset&gt;&quot;." type="org.matsim.core.utils.io.UncheckedIOException"><![CDATA[org.matsim.core.utils.io.UncheckedIOException: org.xml.sax.SAXParseException; lineNumber: 464; columnNumber: 4; The element type "parameterset" must be terminated by the matching end-tag "</parameterset>".
	at org.matsim.core.config.groups.PlanCalcScoreConfigGroupTest.testIODifferentVersions(PlanCalcScoreConfigGroupTest.java:67)
Caused by: org.xml.sax.SAXParseException: The element type "parameterset" must be terminated by the matching end-tag "</parameterset>".
	at org.matsim.core.config.groups.PlanCalcScoreConfigGroupTest.testIODifferentVersions(PlanCalcScoreConfigGroupTest.java:67)
]]></error>
    <system-out><![CDATA[2018-06-01 12:16:04,545  INFO Config:563 setting context tofile:/root/workspace/matsim-org/matsim/386581902/matsim/]
2018-06-01 12:16:04,545  INFO PlanCalcScoreConfigGroupTest:274 add param BrainExpBeta
2018-06-01 12:16:04,545  INFO PlanCalcScoreConfigGroupTest:274 add param PathSizeLogitBeta
2018-06-01 12:16:04,545  INFO PlanCalcScoreConfigGroupTest:274 add param fractionOfIterationsToStartScoreMSA
2018-06-01 12:16:04,545  INFO PlanCalcScoreConfigGroupTest:274 add param learningRate
2018-06-01 12:16:04,545  INFO PlanCalcScoreConfigGroupTest:274 add param usingOldScoringBelowZeroUtilityDuration
2018-06-01 12:16:04,545  INFO PlanCalcScoreConfigGroupTest:274 add param writeExperiencedPlans
2018-06-01 12:16:04,546  INFO Config:563 setting context tofile:/root/workspace/matsim-org/matsim/386581902/matsim/]
2018-06-01 12:16:04,548  INFO MatsimXmlParser:147 starting to parse xml from file test/output/org/matsim/core/config/groups/PlanCalcScoreConfigGroupTest/testIODifferentVersions//configv1_out.xml ...
2018-06-01 12:16:04,549  INFO ConfigReader:98 using config_v1-reader.
2018-06-01 12:16:04,549  INFO MatsimXmlParser:307 Using local DTD from classpath:dtd/config_v1.dtd
2018-06-01 12:16:04,551  INFO PlanCalcScoreConfigGroup$ScoringParameterSet:1324 activity parameters for activity type walk interaction were just overwritten.
2018-06-01 12:16:04,552  INFO PlanCalcScoreConfigGroup$ScoringParameterSet:1324 activity parameters for activity type dummy were just overwritten.
2018-06-01 12:16:04,552  INFO PlanCalcScoreConfigGroup$ScoringParameterSet:1324 activity parameters for activity type car interaction were just overwritten.
2018-06-01 12:16:04,552  INFO PlanCalcScoreConfigGroup$ScoringParameterSet:1324 activity parameters for activity type bike interaction were just overwritten.
2018-06-01 12:16:04,552  INFO PlanCalcScoreConfigGroup$ScoringParameterSet:1324 activity parameters for activity type other interaction were just overwritten.
2018-06-01 12:16:04,554  INFO Config:563 setting context tofile:/root/workspace/matsim-org/matsim/386581902/matsim/]
2018-06-01 12:16:04,556  INFO Config:563 setting context tofile:/root/workspace/matsim-org/matsim/386581902/matsim/]
2018-06-01 12:16:04,557  INFO Config:563 setting context tofile:/root/workspace/matsim-org/matsim/386581902/matsim/]
2018-06-01 12:16:04,559  INFO Config:563 setting context tofile:/root/workspace/matsim-org/matsim/386581902/matsim/]
2018-06-01 12:16:04,560  INFO Config:563 setting context tofile:/root/workspace/matsim-org/matsim/386581902/matsim/]
2018-06-01 12:16:04,561  INFO Config:563 setting context tofile:/root/workspace/matsim-org/matsim/386581902/matsim/]
2018-06-01 12:16:04,563  INFO Config:563 setting context tofile:/root/workspace/matsim-org/matsim/386581902/matsim/]
2018-06-01 12:16:04,564  INFO Config:563 setting context tofile:/root/workspace/matsim-org/matsim/386581902/matsim/]
2018-06-01 12:16:04,566  INFO Config:563 setting context tofile:/root/workspace/matsim-org/matsim/386581902/matsim/]
2018-06-01 12:16:04,567  INFO Config:563 setting context tofile:/root/workspace/matsim-org/matsim/386581902/matsim/]
2018-06-01 12:16:04,569  INFO Config:563 setting context tofile:/root/workspace/matsim-org/matsim/386581902/matsim/]
2018-06-01 12:16:04,570  INFO Config:563 setting context tofile:/root/workspace/matsim-org/matsim/386581902/matsim/]
2018-06-01 12:16:04,575  INFO Config:563 setting context tofile:/root/workspace/matsim-org/matsim/386581902/matsim/]
2018-06-01 12:16:04,577  INFO Config:563 setting context tofile:/root/workspace/matsim-org/matsim/386581902/matsim/]
2018-06-01 12:16:04,578  INFO Config:563 setting context tofile:/root/workspace/matsim-org/matsim/386581902/matsim/]
2018-06-01 12:16:04,580  INFO Config:563 setting context tofile:/root/workspace/matsim-org/matsim/386581902/matsim/]
2018-06-01 12:16:04,581  INFO Config:563 setting context tofile:/root/workspace/matsim-org/matsim/386581902/matsim/]
2018-06-01 12:16:04,583  INFO Config:563 setting context tofile:/root/workspace/matsim-org/matsim/386581902/matsim/]
2018-06-01 12:16:04,584  INFO Config:563 setting context tofile:/root/workspace/matsim-org/matsim/386581902/matsim/]
2018-06-01 12:16:04,586  INFO Config:563 setting context tofile:/root/workspace/matsim-org/matsim/386581902/matsim/]
2018-06-01 12:16:04,588  INFO Config:563 setting context tofile:/root/workspace/matsim-org/matsim/386581902/matsim/]
2018-06-01 12:16:04,590  INFO Config:563 setting context tofile:/root/workspace/matsim-org/matsim/386581902/matsim/]
2018-06-01 12:16:04,592  INFO Config:563 setting context tofile:/root/workspace/matsim-org/matsim/386581902/matsim/]
2018-06-01 12:16:04,593  INFO Config:563 setting context tofile:/root/workspace/matsim-org/matsim/386581902/matsim/]
2018-06-01 12:16:04,595  INFO Config:563 setting context tofile:/root/workspace/matsim-org/matsim/386581902/matsim/]
2018-06-01 12:16:04,596  INFO MatsimXmlParser:147 starting to parse xml from file test/output/org/matsim/core/config/groups/PlanCalcScoreConfigGroupTest/testIODifferentVersions//configv2_out.xml ...
2018-06-01 12:16:04,597  INFO ConfigReader:102 using config_v2-reader
2018-06-01 12:16:04,598  INFO MatsimXmlParser:307 Using local DTD from classpath:dtd/config_v2.dtd
2018-06-01 12:16:04,598  INFO GlobalConfigGroup:72 setting number of threads to: 2
null
null
null
The element type "parameterset" must be terminated by the matching end-tag "</parameterset>".
The element type "parameterset" must be terminated by the matching end-tag "</parameterset>".
]]></system-out>
    <system-err><![CDATA[2018-06-01 12:16:04,543  WARN PlanCalcScoreConfigGroup$ReflectiveDelegate:1448 Setting pathSizeLogitBeta different from zero is experimental.  KN, Sep'08
2018-06-01 12:16:04,549  WARN ConfigReaderMatsimV1:58 using deprecated config version; please switch to config v2; your output_config.xml will be in the correct version; v1 will fail eventually, since we want to reduce the workload on keeping everything between v1 and v2 consistent (look into PlanCalcScoreConfigGroup or PlanCalcRouteConfigGroup if you want to know what we mean).
2018-06-01 12:16:04,550  WARN PlanCalcScoreConfigGroup$ReflectiveDelegate:1448 Setting pathSizeLogitBeta different from zero is experimental.  KN, Sep'08
2018-06-01 12:16:04,551 ERROR PlanCalcScoreConfigGroup$ScoringParameterSet:1317 ERROR: Activity parameters for activity type pt interaction were just overwritten. This happens most likely because you defined them in the config file and the Controler overwrites them.  Or the other way round.  pt interaction has problems, but doing what you are doing here will just cause other (less visible) problem. Please take the effort to discuss with the core team what needs to be done.  kai, nov'12
java.lang.IllegalAccessException: Class org.matsim.core.config.ConfigWriterHandlerImplV2 can not access a member of class org.matsim.core.config.groups.PlanCalcScoreConfigGroup$ModeParams with modifiers ""
	at sun.reflect.Reflection.ensureMemberAccess(Reflection.java:102)
	at java.lang.Class.newInstance(Class.java:436)
	at org.matsim.core.config.ConfigWriterHandlerImplV2.writeModule(ConfigWriterHandlerImplV2.java:143)
	at org.matsim.core.config.ConfigWriterHandlerImplV2.writeModule(ConfigWriterHandlerImplV2.java:152)
	at org.matsim.core.config.ConfigWriterHandlerImplV2.writeModule(ConfigWriterHandlerImplV2.java:244)
	at org.matsim.core.config.ConfigWriter.write(ConfigWriter.java:111)
	at org.matsim.core.config.ConfigWriter.write(ConfigWriter.java:87)
	at org.matsim.core.config.ConfigWriter.writeFileV2(ConfigWriter.java:100)
	at org.matsim.core.config.groups.PlanCalcScoreConfigGroupTest.testIODifferentVersions(PlanCalcScoreConfigGroupTest.java:64)
	at sun.reflect.NativeMethodAccessorImpl.invoke0(Native Method)
	at sun.reflect.NativeMethodAccessorImpl.invoke(NativeMethodAccessorImpl.java:62)
	at sun.reflect.DelegatingMethodAccessorImpl.invoke(DelegatingMethodAccessorImpl.java:43)
	at java.lang.reflect.Method.invoke(Method.java:498)
	at org.junit.runners.model.FrameworkMethod$1.runReflectiveCall(FrameworkMethod.java:50)
	at org.junit.internal.runners.model.ReflectiveCallable.run(ReflectiveCallable.java:12)
	at org.junit.runners.model.FrameworkMethod.invokeExplosively(FrameworkMethod.java:47)
	at org.junit.internal.runners.statements.InvokeMethod.evaluate(InvokeMethod.java:17)
	at org.junit.rules.TestWatchman$1.evaluate(TestWatchman.java:53)
	at org.junit.runners.ParentRunner.runLeaf(ParentRunner.java:325)
	at org.junit.runners.BlockJUnit4ClassRunner.runChild(BlockJUnit4ClassRunner.java:78)
	at org.junit.runners.BlockJUnit4ClassRunner.runChild(BlockJUnit4ClassRunner.java:57)
	at org.junit.runners.ParentRunner$3.run(ParentRunner.java:290)
	at org.junit.runners.ParentRunner$1.schedule(ParentRunner.java:71)
	at org.junit.runners.ParentRunner.runChildren(ParentRunner.java:288)
	at org.junit.runners.ParentRunner.access$000(ParentRunner.java:58)
	at org.junit.runners.ParentRunner$2.evaluate(ParentRunner.java:268)
	at org.junit.runners.ParentRunner.run(ParentRunner.java:363)
	at org.apache.maven.surefire.junit4.JUnit4Provider.execute(JUnit4Provider.java:344)
	at org.apache.maven.surefire.junit4.JUnit4Provider.executeWithRerun(JUnit4Provider.java:269)
	at org.apache.maven.surefire.junit4.JUnit4Provider.executeTestSet(JUnit4Provider.java:240)
	at org.apache.maven.surefire.junit4.JUnit4Provider.invoke(JUnit4Provider.java:184)
	at org.apache.maven.surefire.booter.ForkedBooter.invokeProviderInSameClassLoader(ForkedBooter.java:286)
	at org.apache.maven.surefire.booter.ForkedBooter.runSuitesInProcess(ForkedBooter.java:240)
	at org.apache.maven.surefire.booter.ForkedBooter.main(ForkedBooter.java:121)
2018-06-01 12:16:04,599  WARN PlanCalcScoreConfigGroup$ReflectiveDelegate:1448 Setting pathSizeLogitBeta different from zero is experimental.  KN, Sep'08
XML-FATAL: test/output/org/matsim/core/config/groups/PlanCalcScoreConfigGroupTest/testIODifferentVersions//configv2_out.xml, line 464, column 4:
org.xml.sax.SAXParseException; lineNumber: 464; columnNumber: 4; The element type "parameterset" must be terminated by the matching end-tag "</parameterset>".
]]></system-err>
  </testcase>
  <testcase name="testAddActivityParams" classname="org.matsim.core.config.groups.PlanCalcScoreConfigGroupTest" time="0"/>
</testsuite>