2018-05-29 07:46:28,804  WARN PreProcessEuclidean:59 There are links with stored length smaller than their Euclidean distance in this network. Thus, A* cannot guarantee to calculate the least-cost paths between two nodes.
2018-05-29 07:46:28,815  WARN PreProcessEuclidean:59 There are links with stored length smaller than their Euclidean distance in this network. Thus, A* cannot guarantee to calculate the least-cost paths between two nodes.
2018-05-29 07:46:28,840  WARN VspConfigConsistencyCheckerImpl:83 you are insisting on config v1.  vsp default is using v2.
2018-05-29 07:46:28,840  WARN VspConfigConsistencyCheckerImpl:146 found `typicalDurationScoreComputation == uniform' for activity type car interaction; vsp should try out `relative' and report. 
2018-05-29 07:46:28,840  WARN VspConfigConsistencyCheckerImpl:146 found `typicalDurationScoreComputation == uniform' for activity type bike interaction; vsp should try out `relative' and report. 
2018-05-29 07:46:28,841  WARN VspConfigConsistencyCheckerImpl:146 found `typicalDurationScoreComputation == uniform' for activity type other interaction; vsp should try out `relative' and report. 
2018-05-29 07:46:28,841  WARN VspConfigConsistencyCheckerImpl:146 found `typicalDurationScoreComputation == uniform' for activity type walk interaction; vsp should try out `relative' and report. 
2018-05-29 07:46:28,841  WARN VspConfigConsistencyCheckerImpl:146 found `typicalDurationScoreComputation == uniform' for activity type e22; vsp should try out `relative' and report. 
2018-05-29 07:46:28,841  WARN VspConfigConsistencyCheckerImpl:146 found `typicalDurationScoreComputation == uniform' for activity type h13; vsp should try out `relative' and report. 
2018-05-29 07:46:28,841  WARN VspConfigConsistencyCheckerImpl:146 found `typicalDurationScoreComputation == uniform' for activity type h23; vsp should try out `relative' and report. 
2018-05-29 07:46:28,841  WARN VspConfigConsistencyCheckerImpl:189 You are not setting fractionOfIterationsToStartScoreMSA; vsp default is to set this to something like 0.8.  This means you have to add the following lines to your config file: 
2018-05-29 07:46:28,842  WARN VspConfigConsistencyCheckerImpl:191 <module name="planCalcScore">
2018-05-29 07:46:28,842  WARN VspConfigConsistencyCheckerImpl:192 	<param name="fractionOfIterationsToStartScoreMSA" value="0.8" />
2018-05-29 07:46:28,842  WARN VspConfigConsistencyCheckerImpl:193 </module>
2018-05-29 07:46:28,842  WARN VspConfigConsistencyCheckerImpl:202 You are not removing unnecessary plan attributes; vsp default is to do that.
2018-05-29 07:46:28,842  WARN VspConfigConsistencyCheckerImpl:235 found `plansCalcRoute.insertingAccessEgressWalk==false'; vsp should try out `true' and report. 
2018-05-29 07:46:28,842  WARN VspConfigConsistencyCheckerImpl:242 found qsim.usePersonIdForMissingVehicleId==true; this is only for backwards compatibility and should rather be set to false
2018-05-29 07:46:28,842  WARN VspConfigConsistencyCheckerImpl:247 found `qsim.usingTravelTimeCheckInTeleporation==false'; vsp should try out `true' and report.
2018-05-29 07:46:28,980  WARN QueueWithBuffer:413 storage capacity not sufficient for holes; increasing from 0.05555555555555556 to 0.0688888888888889
2018-05-29 07:46:28,981  WARN QueueWithBuffer:413 storage capacity not sufficient for holes; increasing from 0.05555555555555556 to 0.0688888888888889
2018-05-29 07:46:28,981  WARN QueueWithBuffer:413 storage capacity not sufficient for holes; increasing from 0.05555555555555556 to 0.0688888888888889
2018-05-29 07:46:28,982  WARN QueueWithBuffer:413 storage capacity not sufficient for holes; increasing from 0.05555555555555556 to 0.0688888888888889
2018-05-29 07:46:28,982  WARN QueueWithBuffer:413 storage capacity not sufficient for holes; increasing from 0.05555555555555556 to 0.0688888888888889
2018-05-29 07:46:28,982  WARN QueueWithBuffer:413 storage capacity not sufficient for holes; increasing from 0.05555555555555556 to 0.0688888888888889
2018-05-29 07:46:28,983  WARN QueueWithBuffer:413 storage capacity not sufficient for holes; increasing from 0.05555555555555556 to 0.0688888888888889
2018-05-29 07:46:28,983  WARN QueueWithBuffer:413 storage capacity not sufficient for holes; increasing from 0.05555555555555556 to 0.0688888888888889
2018-05-29 07:46:29,013  WARN PopulationUtils:436 we have a facility ID for an activity, but can't find the facility; this should not really happen. Falling back on link ID.
2018-05-29 07:46:31,425  WARN DefaultTurnAcceptanceLogic:36 Cannot move vehicle tr_730 from link dummy_link_to_MyCiTi_169 to link dummy_link_from_MyCiTi_169
2018-05-29 07:46:33,540  WARN DefaultTurnAcceptanceLogic:36 Cannot move vehicle tr_4274 from link dummy_link_to_Metrorail_262 to link dummy_link_from_Metrorail_262
2018-05-29 07:46:34,926  WARN ExpBetaPlanChanger:86 Would make sense to revise this once more.  See comments in code.  kai, nov08
2018-05-29 07:46:34,945  WARN QueueWithBuffer:413 storage capacity not sufficient for holes; increasing from 0.05555555555555556 to 0.0688888888888889
2018-05-29 07:46:34,946  WARN QueueWithBuffer:413 storage capacity not sufficient for holes; increasing from 0.05555555555555556 to 0.0688888888888889
2018-05-29 07:46:34,946  WARN QueueWithBuffer:413 storage capacity not sufficient for holes; increasing from 0.05555555555555556 to 0.0688888888888889
2018-05-29 07:46:34,961  WARN PopulationUtils:436 we have a facility ID for an activity, but can't find the facility; this should not really happen. Falling back on link ID.
2018-05-29 07:46:36,897  WARN DefaultTurnAcceptanceLogic:36 Cannot move vehicle tr_730 from link dummy_link_to_MyCiTi_169 to link dummy_link_from_MyCiTi_169
2018-05-29 07:46:39,186  WARN DefaultTurnAcceptanceLogic:36 Cannot move vehicle tr_4274 from link dummy_link_to_Metrorail_262 to link dummy_link_from_Metrorail_262
2018-05-29 07:46:40,121 ERROR DumpDataAtEndImpl:150 writing output events did not work; probably parameters were such that no events were generated in the final iteration
org.matsim.core.utils.io.UncheckedIOException: java.nio.file.NoSuchFileException: test/output/org/matsim/contrib/minibus/raptor/TransferAtAccessStopRaptorTest/NPETest/ITERS/it.1/1.events.xml.gz
	at org.matsim.core.controler.corelisteners.DumpDataAtEndImpl.dumpOutputEvents(DumpDataAtEndImpl.java:147)
	at org.matsim.core.controler.corelisteners.DumpDataAtEndImpl.notifyShutdown(DumpDataAtEndImpl.java:134)
	at org.matsim.core.controler.ControlerListenerManagerImpl.fireControlerShutdownEvent(ControlerListenerManagerImpl.java:122)
	at org.matsim.core.controler.AbstractController$1.shutdown(AbstractController.java:85)
	at org.matsim.core.controler.MatsimRuntimeModifications.run(MatsimRuntimeModifications.java:66)
	at org.matsim.core.controler.MatsimRuntimeModifications.run(MatsimRuntimeModifications.java:31)
	at org.matsim.core.controler.AbstractController.run(AbstractController.java:88)
	at org.matsim.core.controler.NewControler.run(NewControler.java:75)
	at org.matsim.core.controler.Controler.run(Controler.java:203)
	at org.matsim.contrib.minibus.raptor.TransferAtAccessStopRaptorTest.NPETest(TransferAtAccessStopRaptorTest.java:55)
	at sun.reflect.NativeMethodAccessorImpl.invoke0(Native Method)
	at sun.reflect.NativeMethodAccessorImpl.invoke(NativeMethodAccessorImpl.java:62)
	at sun.reflect.DelegatingMethodAccessorImpl.invoke(DelegatingMethodAccessorImpl.java:43)
	at java.lang.reflect.Method.invoke(Method.java:498)
	at org.junit.runners.model.FrameworkMethod$1.runReflectiveCall(FrameworkMethod.java:50)
	at org.junit.internal.runners.model.ReflectiveCallable.run(ReflectiveCallable.java:12)
	at org.junit.runners.model.FrameworkMethod.invokeExplosively(FrameworkMethod.java:47)
	at org.junit.internal.runners.statements.InvokeMethod.evaluate(InvokeMethod.java:17)
	at org.junit.rules.TestWatchman$1.evaluate(TestWatchman.java:53)
	at org.junit.runners.ParentRunner.runLeaf(ParentRunner.java:325)
	at org.junit.runners.BlockJUnit4ClassRunner.runChild(BlockJUnit4ClassRunner.java:78)
	at org.junit.runners.BlockJUnit4ClassRunner.runChild(BlockJUnit4ClassRunner.java:57)
	at org.junit.runners.ParentRunner$3.run(ParentRunner.java:290)
	at org.junit.runners.ParentRunner$1.schedule(ParentRunner.java:71)
	at org.junit.runners.ParentRunner.runChildren(ParentRunner.java:288)
	at org.junit.runners.ParentRunner.access$000(ParentRunner.java:58)
	at org.junit.runners.ParentRunner$2.evaluate(ParentRunner.java:268)
	at org.junit.runners.ParentRunner.run(ParentRunner.java:363)
	at org.apache.maven.surefire.junit4.JUnit4Provider.execute(JUnit4Provider.java:344)
	at org.apache.maven.surefire.junit4.JUnit4Provider.executeWithRerun(JUnit4Provider.java:269)
	at org.apache.maven.surefire.junit4.JUnit4Provider.executeTestSet(JUnit4Provider.java:240)
	at org.apache.maven.surefire.junit4.JUnit4Provider.invoke(JUnit4Provider.java:184)
	at org.apache.maven.surefire.booter.ForkedBooter.invokeProviderInSameClassLoader(ForkedBooter.java:286)
	at org.apache.maven.surefire.booter.ForkedBooter.runSuitesInProcess(ForkedBooter.java:240)
	at org.apache.maven.surefire.booter.ForkedBooter.main(ForkedBooter.java:121)
Caused by: java.nio.file.NoSuchFileException: test/output/org/matsim/contrib/minibus/raptor/TransferAtAccessStopRaptorTest/NPETest/ITERS/it.1/1.events.xml.gz
	at sun.nio.fs.UnixException.translateToIOException(UnixException.java:86)
	at sun.nio.fs.UnixException.rethrowAsIOException(UnixException.java:102)
	at sun.nio.fs.UnixException.rethrowAsIOException(UnixException.java:107)
	at sun.nio.fs.UnixCopyFile.copy(UnixCopyFile.java:526)
	at sun.nio.fs.UnixFileSystemProvider.copy(UnixFileSystemProvider.java:253)
	at java.nio.file.Files.copy(Files.java:1274)
	at org.matsim.core.controler.corelisteners.DumpDataAtEndImpl.dumpOutputEvents(DumpDataAtEndImpl.java:145)
	... 34 more
