-------------------------------------------------------------------------------
Test set: com.study.ponto.repositories.LancamentoRepositoryTest
-------------------------------------------------------------------------------
Tests run: 1, Failures: 0, Errors: 1, Skipped: 0, Time elapsed: 0.001 s <<< FAILURE! - in com.study.ponto.repositories.LancamentoRepositoryTest
initializationError(com.study.ponto.repositories.LancamentoRepositoryTest)  Time elapsed: 0.001 s  <<< ERROR!
java.lang.Exception: No runnable methods

