-------------------------------------------------------------------------------
Test set: com.app.LoginApplicationIntegrationTests
-------------------------------------------------------------------------------
Tests run: 1, Failures: 0, Errors: 1, Skipped: 0, Time elapsed: 11.387 s <<< FAILURE! - in com.app.LoginApplicationIntegrationTests
getUserAccount(com.app.LoginApplicationIntegrationTests)  Time elapsed: 1.126 s  <<< ERROR!
java.lang.IllegalArgumentException: method GET must not have a request body.
	at com.app.LoginApplicationIntegrationTests.getUserAccount(LoginApplicationIntegrationTests.java:67)

