-------------------------------------------------------------------------------
Test set: de.malkusch.trashcollection.infrastructure.schedule.ical.ICalTrashCollectionScheduleServiceTest
-------------------------------------------------------------------------------
Tests run: 2, Failures: 2, Errors: 0, Skipped: 0, Time elapsed: 0.39 s <<< FAILURE! - in de.malkusch.trashcollection.infrastructure.schedule.ical.ICalTrashCollectionScheduleServiceTest
testFindNextCollectionAfter(de.malkusch.trashcollection.infrastructure.schedule.ical.ICalTrashCollectionScheduleServiceTest)  Time elapsed: 0.387 s  <<< FAILURE!
org.junit.experimental.theories.internal.ParameterizedAssertionError: testFindNextCollectionAfter("[Ljava.lang.Object;@1e04fa0a" <from testFindNextCollectionAfter[0]>)
	at de.malkusch.trashcollection.infrastructure.schedule.ical.ICalTrashCollectionScheduleServiceTest.buildService(ICalTrashCollectionScheduleServiceTest.java:102)
	at de.malkusch.trashcollection.infrastructure.schedule.ical.ICalTrashCollectionScheduleServiceTest.buildService(ICalTrashCollectionScheduleServiceTest.java:88)
	at de.malkusch.trashcollection.infrastructure.schedule.ical.ICalTrashCollectionScheduleServiceTest.testFindNextCollectionAfter(ICalTrashCollectionScheduleServiceTest.java:74)
Caused by: java.lang.IllegalAccessError: no such constructor: net.fortuna.ical4j.util.JCacheTimeZoneCache.<init>()void/newInvokeSpecial
	at de.malkusch.trashcollection.infrastructure.schedule.ical.ICalTrashCollectionScheduleServiceTest.buildService(ICalTrashCollectionScheduleServiceTest.java:102)
	at de.malkusch.trashcollection.infrastructure.schedule.ical.ICalTrashCollectionScheduleServiceTest.buildService(ICalTrashCollectionScheduleServiceTest.java:88)
	at de.malkusch.trashcollection.infrastructure.schedule.ical.ICalTrashCollectionScheduleServiceTest.testFindNextCollectionAfter(ICalTrashCollectionScheduleServiceTest.java:74)
Caused by: java.lang.NoClassDefFoundError: javax/cache/configuration/Configuration
	at de.malkusch.trashcollection.infrastructure.schedule.ical.ICalTrashCollectionScheduleServiceTest.buildService(ICalTrashCollectionScheduleServiceTest.java:102)
	at de.malkusch.trashcollection.infrastructure.schedule.ical.ICalTrashCollectionScheduleServiceTest.buildService(ICalTrashCollectionScheduleServiceTest.java:88)
	at de.malkusch.trashcollection.infrastructure.schedule.ical.ICalTrashCollectionScheduleServiceTest.testFindNextCollectionAfter(ICalTrashCollectionScheduleServiceTest.java:74)
Caused by: java.lang.ClassNotFoundException: javax.cache.configuration.Configuration
	at de.malkusch.trashcollection.infrastructure.schedule.ical.ICalTrashCollectionScheduleServiceTest.buildService(ICalTrashCollectionScheduleServiceTest.java:102)
	at de.malkusch.trashcollection.infrastructure.schedule.ical.ICalTrashCollectionScheduleServiceTest.buildService(ICalTrashCollectionScheduleServiceTest.java:88)
	at de.malkusch.trashcollection.infrastructure.schedule.ical.ICalTrashCollectionScheduleServiceTest.testFindNextCollectionAfter(ICalTrashCollectionScheduleServiceTest.java:74)

testFindNextCollection(de.malkusch.trashcollection.infrastructure.schedule.ical.ICalTrashCollectionScheduleServiceTest)  Time elapsed: 0.003 s  <<< FAILURE!
org.junit.experimental.theories.internal.ParameterizedAssertionError: testFindNextCollection("[Ljava.lang.Object;@bae7dc0" <from testFindNextCollection[0]>)
	at de.malkusch.trashcollection.infrastructure.schedule.ical.ICalTrashCollectionScheduleServiceTest.buildService(ICalTrashCollectionScheduleServiceTest.java:102)
	at de.malkusch.trashcollection.infrastructure.schedule.ical.ICalTrashCollectionScheduleServiceTest.testFindNextCollection(ICalTrashCollectionScheduleServiceTest.java:56)
Caused by: java.lang.IllegalAccessError: 
	at de.malkusch.trashcollection.infrastructure.schedule.ical.ICalTrashCollectionScheduleServiceTest.buildService(ICalTrashCollectionScheduleServiceTest.java:102)
	at de.malkusch.trashcollection.infrastructure.schedule.ical.ICalTrashCollectionScheduleServiceTest.testFindNextCollection(ICalTrashCollectionScheduleServiceTest.java:56)

