-------------------------------------------------------------------------------
Test set: fr.inria.astor.test.repair.evaluation.regression.LangTest
-------------------------------------------------------------------------------
Tests run: 3, Failures: 0, Errors: 2, Skipped: 1, Time elapsed: 0.547 sec <<< FAILURE! - in fr.inria.astor.test.repair.evaluation.regression.LangTest
testLang63OneSingleJUnitNologExternalExecutor(fr.inria.astor.test.repair.evaluation.regression.LangTest)  Time elapsed: 0.408 sec  <<< ERROR!
java.lang.IllegalArgumentException: The bin folder  /root/workspace/SpoonLabs/astor/383218747/./examples/lang_63/target/classes does not exist.
	at fr.inria.main.AbstractMain.determineBinFolder(AbstractMain.java:783)
	at fr.inria.main.AbstractMain.getProjectConfiguration(AbstractMain.java:752)
	at fr.inria.main.evolution.AstorMain.initProject(AstorMain.java:53)
	at fr.inria.main.evolution.AstorMain.run(AstorMain.java:164)
	at fr.inria.main.evolution.AstorMain.execute(AstorMain.java:230)
	at fr.inria.astor.test.repair.evaluation.regression.LangTest.testLang63OneSingleJUnitNologExternalExecutor(LangTest.java:80)

testLang63OneSingle(fr.inria.astor.test.repair.evaluation.regression.LangTest)  Time elapsed: 0.005 sec  <<< ERROR!
java.lang.IllegalArgumentException: The bin folder  /root/workspace/SpoonLabs/astor/383218747/./examples/lang_63/target/classes does not exist.
	at fr.inria.main.AbstractMain.determineBinFolder(AbstractMain.java:783)
	at fr.inria.main.AbstractMain.getProjectConfiguration(AbstractMain.java:752)
	at fr.inria.main.evolution.AstorMain.initProject(AstorMain.java:53)
	at fr.inria.main.evolution.AstorMain.run(AstorMain.java:164)
	at fr.inria.main.evolution.AstorMain.execute(AstorMain.java:230)
	at fr.inria.astor.test.repair.evaluation.regression.LangTest.testLang63OneSingle(LangTest.java:55)

