-------------------------------------------------------------------------------
Test set: fr.inria.astor.test.repair.approaches.IntroClassTest
-------------------------------------------------------------------------------
Tests run: 2, Failures: 0, Errors: 2, Skipped: 0, Time elapsed: 0.356 sec <<< FAILURE! - in fr.inria.astor.test.repair.approaches.IntroClassTest
test_3b2376_003(fr.inria.astor.test.repair.approaches.IntroClassTest)  Time elapsed: 0.116 sec  <<< ERROR!
java.lang.IllegalArgumentException: The bin folder  /root/workspace/SpoonLabs/astor/383218747/./examples/introclass/3b2376/003/target/classes does not exist.
	at fr.inria.main.AbstractMain.determineBinFolder(AbstractMain.java:783)
	at fr.inria.main.AbstractMain.getProjectConfiguration(AbstractMain.java:752)
	at fr.inria.main.evolution.AstorMain.initProject(AstorMain.java:53)
	at fr.inria.main.evolution.AstorMain.run(AstorMain.java:164)
	at fr.inria.main.evolution.AstorMain.execute(AstorMain.java:230)
	at fr.inria.main.evolution.AstorMain.main(AstorMain.java:207)
	at fr.inria.astor.test.repair.approaches.IntroClassTest.test_3b2376_003(IntroClassTest.java:37)

test_3b2376_003FaultLocalization(fr.inria.astor.test.repair.approaches.IntroClassTest)  Time elapsed: 0.007 sec  <<< ERROR!
java.lang.IllegalArgumentException: The bin folder  /root/workspace/SpoonLabs/astor/383218747/./examples/introclass/3b2376/003/target/classes does not exist.
	at fr.inria.main.AbstractMain.determineBinFolder(AbstractMain.java:783)
	at fr.inria.main.AbstractMain.getProjectConfiguration(AbstractMain.java:752)
	at fr.inria.main.evolution.AstorMain.initProject(AstorMain.java:53)
	at fr.inria.astor.test.repair.approaches.IntroClassTest.genNumberGensForIntroClass3b2376_003(IntroClassTest.java:90)
	at fr.inria.astor.test.repair.approaches.IntroClassTest.test_3b2376_003FaultLocalization(IntroClassTest.java:46)

