-------------------------------------------------------------------------------
Test set: fr.inria.astor.test.repair.core.VariableResolverTest
-------------------------------------------------------------------------------
Tests run: 13, Failures: 0, Errors: 5, Skipped: 4, Time elapsed: 4.214 sec <<< FAILURE! - in fr.inria.astor.test.repair.core.VariableResolverTest
test2VariablesInScope(fr.inria.astor.test.repair.core.VariableResolverTest)  Time elapsed: 0.091 sec  <<< ERROR!
java.lang.IllegalArgumentException: The bin folder  /root/workspace/SpoonLabs/astor/383218747/./examples/math_85/target/classes does not exist.
	at fr.inria.main.AbstractMain.determineBinFolder(AbstractMain.java:783)
	at fr.inria.main.AbstractMain.getProjectConfiguration(AbstractMain.java:752)
	at fr.inria.main.evolution.AstorMain.initProject(AstorMain.java:53)
	at fr.inria.main.evolution.AstorMain.run(AstorMain.java:164)
	at fr.inria.main.evolution.AstorMain.execute(AstorMain.java:230)
	at fr.inria.astor.test.repair.core.VariableResolverTest.test2VariablesInScope(VariableResolverTest.java:119)

testExample288VariablesLocalAccess(fr.inria.astor.test.repair.core.VariableResolverTest)  Time elapsed: 0.005 sec  <<< ERROR!
java.lang.IllegalArgumentException: The bin folder  /root/workspace/SpoonLabs/astor/383218747/./examples/Math-issue-288/target/classes does not exist.
	at fr.inria.main.AbstractMain.determineBinFolder(AbstractMain.java:783)
	at fr.inria.main.AbstractMain.getProjectConfiguration(AbstractMain.java:752)
	at fr.inria.main.evolution.AstorMain.initProject(AstorMain.java:53)
	at fr.inria.main.evolution.AstorMain.run(AstorMain.java:164)
	at fr.inria.main.evolution.AstorMain.execute(AstorMain.java:230)
	at fr.inria.astor.test.repair.core.VariableResolverTest.testExample288VariablesLocalAccess(VariableResolverTest.java:290)

test1VariablesInScope(fr.inria.astor.test.repair.core.VariableResolverTest)  Time elapsed: 0.023 sec  <<< ERROR!
java.lang.IllegalArgumentException: The bin folder  /root/workspace/SpoonLabs/astor/383218747/./examples/math_70/target/classes does not exist.
	at fr.inria.main.AbstractMain.determineBinFolder(AbstractMain.java:783)
	at fr.inria.main.AbstractMain.getProjectConfiguration(AbstractMain.java:752)
	at fr.inria.main.evolution.AstorMain.initProject(AstorMain.java:53)
	at fr.inria.main.evolution.AstorMain.run(AstorMain.java:164)
	at fr.inria.main.evolution.AstorMain.execute(AstorMain.java:230)
	at fr.inria.astor.test.repair.core.VariableResolverTest.test1VariablesInScope(VariableResolverTest.java:82)

testJSoupParser31be24Version2(fr.inria.astor.test.repair.core.VariableResolverTest)  Time elapsed: 0.003 sec  <<< ERROR!
java.lang.IllegalArgumentException: The bin folder  /root/workspace/SpoonLabs/astor/383218747/./examples/jsoup31be24/target/classes does not exist.
	at fr.inria.main.AbstractMain.determineBinFolder(AbstractMain.java:783)
	at fr.inria.main.AbstractMain.getProjectConfiguration(AbstractMain.java:752)
	at fr.inria.main.evolution.AstorMain.initProject(AstorMain.java:53)
	at fr.inria.main.evolution.AstorMain.run(AstorMain.java:164)
	at fr.inria.main.evolution.AstorMain.execute(AstorMain.java:230)
	at fr.inria.astor.test.repair.core.VariableResolverTest.testJSoupParser31be24Version2(VariableResolverTest.java:238)

testVarMapping(fr.inria.astor.test.repair.core.VariableResolverTest)  Time elapsed: 0.004 sec  <<< ERROR!
java.lang.IllegalArgumentException: The bin folder  /root/workspace/SpoonLabs/astor/383218747/./examples/math_85/target/classes does not exist.
	at fr.inria.main.AbstractMain.determineBinFolder(AbstractMain.java:783)
	at fr.inria.main.AbstractMain.getProjectConfiguration(AbstractMain.java:752)
	at fr.inria.main.evolution.AstorMain.initProject(AstorMain.java:53)
	at fr.inria.main.evolution.AstorMain.run(AstorMain.java:164)
	at fr.inria.main.evolution.AstorMain.execute(AstorMain.java:230)
	at fr.inria.astor.test.repair.core.VariableResolverTest.testVarMapping(VariableResolverTest.java:151)

