-------------------------------------------------------------------------------
Test set: fr.inria.astor.test.repair.core.ValidationTest
-------------------------------------------------------------------------------
Tests run: 3, Failures: 0, Errors: 1, Skipped: 1, Time elapsed: 0.591 sec <<< FAILURE! - in fr.inria.astor.test.repair.core.ValidationTest
testMath70LocalSolutionJUExLog(fr.inria.astor.test.repair.core.ValidationTest)  Time elapsed: 0.027 sec  <<< ERROR!
java.lang.IllegalArgumentException: The bin folder  /root/workspace/SpoonLabs/astor/383218747/./examples/math_70/target/classes does not exist.
	at fr.inria.main.AbstractMain.determineBinFolder(AbstractMain.java:783)
	at fr.inria.main.AbstractMain.getProjectConfiguration(AbstractMain.java:752)
	at fr.inria.main.evolution.AstorMain.initProject(AstorMain.java:53)
	at fr.inria.main.evolution.AstorMain.run(AstorMain.java:164)
	at fr.inria.main.evolution.AstorMain.execute(AstorMain.java:230)
	at fr.inria.astor.test.repair.core.ValidationTest.testMath70LocalSolutionJUExLog(ValidationTest.java:91)

