-------------------------------------------------------------------------------
Test set: fr.inria.astor.test.repair.approaches.EvoSuiteGenerationTest
-------------------------------------------------------------------------------
Tests run: 8, Failures: 0, Errors: 6, Skipped: 0, Time elapsed: 11.671 sec <<< FAILURE! - in fr.inria.astor.test.repair.approaches.EvoSuiteGenerationTest
testM70(fr.inria.astor.test.repair.approaches.EvoSuiteGenerationTest)  Time elapsed: 0.058 sec  <<< ERROR!
java.lang.IllegalArgumentException: The bin folder  /root/workspace/SpoonLabs/astor/383218747/./examples/math_70/target/classes does not exist.
	at fr.inria.main.AbstractMain.determineBinFolder(AbstractMain.java:783)
	at fr.inria.main.AbstractMain.getProjectConfiguration(AbstractMain.java:752)
	at fr.inria.main.evolution.AstorMain.initProject(AstorMain.java:53)
	at fr.inria.main.evolution.AstorMain.run(AstorMain.java:164)
	at fr.inria.main.evolution.AstorMain.execute(AstorMain.java:230)
	at fr.inria.astor.test.repair.approaches.EvoSuiteGenerationTest.testM70(EvoSuiteGenerationTest.java:493)

testCompleteEvosuiteTests(fr.inria.astor.test.repair.approaches.EvoSuiteGenerationTest)  Time elapsed: 0.007 sec  <<< ERROR!
java.lang.IllegalArgumentException: The bin folder  /root/workspace/SpoonLabs/astor/383218747/./examples/math_70/target/classes does not exist.
	at fr.inria.main.AbstractMain.determineBinFolder(AbstractMain.java:783)
	at fr.inria.main.AbstractMain.getProjectConfiguration(AbstractMain.java:752)
	at fr.inria.main.evolution.AstorMain.initProject(AstorMain.java:53)
	at fr.inria.main.evolution.AstorMain.run(AstorMain.java:164)
	at fr.inria.main.evolution.AstorMain.execute(AstorMain.java:230)
	at fr.inria.astor.test.repair.approaches.EvoSuiteGenerationTest.testCompleteEvosuiteTests(EvoSuiteGenerationTest.java:194)

testMath70WithEvosuiteTests(fr.inria.astor.test.repair.approaches.EvoSuiteGenerationTest)  Time elapsed: 0.003 sec  <<< ERROR!
java.lang.IllegalArgumentException: The bin folder  /root/workspace/SpoonLabs/astor/383218747/./examples/math_70/target/classes does not exist.
	at fr.inria.main.AbstractMain.determineBinFolder(AbstractMain.java:783)
	at fr.inria.main.AbstractMain.getProjectConfiguration(AbstractMain.java:752)
	at fr.inria.main.evolution.AstorMain.initProject(AstorMain.java:53)
	at fr.inria.main.evolution.AstorMain.run(AstorMain.java:164)
	at fr.inria.main.evolution.AstorMain.execute(AstorMain.java:230)
	at fr.inria.astor.test.repair.approaches.EvoSuiteGenerationTest.testMath70WithEvosuiteTests(EvoSuiteGenerationTest.java:352)

testGenerateEvosuiteTestsStepByStep(fr.inria.astor.test.repair.approaches.EvoSuiteGenerationTest)  Time elapsed: 0.002 sec  <<< ERROR!
java.lang.IllegalArgumentException: The bin folder  /root/workspace/SpoonLabs/astor/383218747/./examples/math_70/target/classes does not exist.
	at fr.inria.main.AbstractMain.determineBinFolder(AbstractMain.java:783)
	at fr.inria.main.AbstractMain.getProjectConfiguration(AbstractMain.java:752)
	at fr.inria.main.evolution.AstorMain.initProject(AstorMain.java:53)
	at fr.inria.main.evolution.AstorMain.run(AstorMain.java:164)
	at fr.inria.main.evolution.AstorMain.execute(AstorMain.java:230)
	at fr.inria.astor.test.repair.approaches.EvoSuiteGenerationTest.testGenerateEvosuiteTestsStepByStep(EvoSuiteGenerationTest.java:78)

testM70Regression(fr.inria.astor.test.repair.approaches.EvoSuiteGenerationTest)  Time elapsed: 0.005 sec  <<< ERROR!
java.lang.IllegalArgumentException: The bin folder  /root/workspace/SpoonLabs/astor/383218747/./examples/math_70/target/classes does not exist.
	at fr.inria.main.AbstractMain.determineBinFolder(AbstractMain.java:783)
	at fr.inria.main.AbstractMain.getProjectConfiguration(AbstractMain.java:752)
	at fr.inria.main.evolution.AstorMain.initProject(AstorMain.java:53)
	at fr.inria.main.evolution.AstorMain.run(AstorMain.java:164)
	at fr.inria.main.evolution.AstorMain.execute(AstorMain.java:230)
	at fr.inria.astor.test.repair.approaches.EvoSuiteGenerationTest.testM70Regression(EvoSuiteGenerationTest.java:391)

testjGenProgWithEvoSuiteTests(fr.inria.astor.test.repair.approaches.EvoSuiteGenerationTest)  Time elapsed: 0.006 sec  <<< ERROR!
java.lang.IllegalArgumentException: The bin folder  /root/workspace/SpoonLabs/astor/383218747/./examples/math_70/target/classes does not exist.
	at fr.inria.main.AbstractMain.determineBinFolder(AbstractMain.java:783)
	at fr.inria.main.AbstractMain.getProjectConfiguration(AbstractMain.java:752)
	at fr.inria.main.evolution.AstorMain.initProject(AstorMain.java:53)
	at fr.inria.main.evolution.AstorMain.run(AstorMain.java:164)
	at fr.inria.main.evolution.AstorMain.execute(AstorMain.java:230)
	at fr.inria.astor.test.repair.approaches.EvoSuiteGenerationTest.testjGenProgWithEvoSuiteTests(EvoSuiteGenerationTest.java:238)

