-------------------------------------------------------------------------------
Test set: fr.inria.astor.test.repair.evaluation.extensionpoints.ingredients.MultiPatchTest
-------------------------------------------------------------------------------
Tests run: 4, Failures: 0, Errors: 4, Skipped: 0, Time elapsed: 0.447 sec <<< FAILURE! - in fr.inria.astor.test.repair.evaluation.extensionpoints.ingredients.MultiPatchTest
testMath70StepsInverted1(fr.inria.astor.test.repair.evaluation.extensionpoints.ingredients.MultiPatchTest)  Time elapsed: 0.245 sec  <<< ERROR!
java.lang.IllegalArgumentException: The bin folder  /root/workspace/SpoonLabs/astor/383218747/./examples/math_70/target/classes does not exist.
	at fr.inria.main.AbstractMain.determineBinFolder(AbstractMain.java:783)
	at fr.inria.main.AbstractMain.getProjectConfiguration(AbstractMain.java:752)
	at fr.inria.main.evolution.AstorMain.initProject(AstorMain.java:53)
	at fr.inria.main.evolution.AstorMain.run(AstorMain.java:164)
	at fr.inria.main.evolution.AstorMain.execute(AstorMain.java:230)
	at fr.inria.astor.test.repair.evaluation.extensionpoints.ingredients.MultiPatchTest.testMath70StepsInverted1(MultiPatchTest.java:132)

testMath70PriorityLocalSolution(fr.inria.astor.test.repair.evaluation.extensionpoints.ingredients.MultiPatchTest)  Time elapsed: 0.007 sec  <<< ERROR!
java.lang.IllegalArgumentException: The bin folder  /root/workspace/SpoonLabs/astor/383218747/./examples/math_70/target/classes does not exist.
	at fr.inria.main.AbstractMain.determineBinFolder(AbstractMain.java:783)
	at fr.inria.main.AbstractMain.getProjectConfiguration(AbstractMain.java:752)
	at fr.inria.main.evolution.AstorMain.initProject(AstorMain.java:53)
	at fr.inria.main.evolution.AstorMain.run(AstorMain.java:164)
	at fr.inria.main.evolution.AstorMain.execute(AstorMain.java:230)
	at fr.inria.astor.test.repair.evaluation.extensionpoints.ingredients.MultiPatchTest.testMath70PriorityLocalSolution(MultiPatchTest.java:204)

testMath70Multi(fr.inria.astor.test.repair.evaluation.extensionpoints.ingredients.MultiPatchTest)  Time elapsed: 0.007 sec  <<< ERROR!
java.lang.IllegalArgumentException: The bin folder  /root/workspace/SpoonLabs/astor/383218747/./examples/math_70/target/classes does not exist.
	at fr.inria.main.AbstractMain.determineBinFolder(AbstractMain.java:783)
	at fr.inria.main.AbstractMain.getProjectConfiguration(AbstractMain.java:752)
	at fr.inria.main.evolution.AstorMain.initProject(AstorMain.java:53)
	at fr.inria.main.evolution.AstorMain.run(AstorMain.java:164)
	at fr.inria.main.evolution.AstorMain.execute(AstorMain.java:230)
	at fr.inria.astor.test.repair.evaluation.extensionpoints.ingredients.MultiPatchTest.testMath70Multi(MultiPatchTest.java:234)

testMath70Steps(fr.inria.astor.test.repair.evaluation.extensionpoints.ingredients.MultiPatchTest)  Time elapsed: 0.008 sec  <<< ERROR!
java.lang.IllegalArgumentException: The bin folder  /root/workspace/SpoonLabs/astor/383218747/./examples/math_70/target/classes does not exist.
	at fr.inria.main.AbstractMain.determineBinFolder(AbstractMain.java:783)
	at fr.inria.main.AbstractMain.getProjectConfiguration(AbstractMain.java:752)
	at fr.inria.main.evolution.AstorMain.initProject(AstorMain.java:53)
	at fr.inria.main.evolution.AstorMain.run(AstorMain.java:164)
	at fr.inria.main.evolution.AstorMain.execute(AstorMain.java:230)
	at fr.inria.astor.test.repair.evaluation.extensionpoints.ingredients.MultiPatchTest.testMath70Steps(MultiPatchTest.java:59)

