-------------------------------------------------------------------------------
Test set: fr.inria.astor.test.repair.evaluation.regression.RepairnatorTest
-------------------------------------------------------------------------------
Tests run: 5, Failures: 0, Errors: 2, Skipped: 3, Time elapsed: 0.43 sec <<< FAILURE! - in fr.inria.astor.test.repair.evaluation.regression.RepairnatorTest
testMath70AbsolutesPaths(fr.inria.astor.test.repair.evaluation.regression.RepairnatorTest)  Time elapsed: 0.315 sec  <<< ERROR!
java.lang.IllegalArgumentException: The bin folder  /root/workspace/SpoonLabs/astor/383218747/./examples/math_20/root/workspace/SpoonLabs/astor/383218747/./examples/math_70/target/classes does not exist.
	at fr.inria.main.AbstractMain.determineBinFolder(AbstractMain.java:783)
	at fr.inria.main.AbstractMain.getProjectConfiguration(AbstractMain.java:752)
	at fr.inria.main.evolution.AstorMain.initProject(AstorMain.java:53)
	at fr.inria.main.evolution.AstorMain.run(AstorMain.java:164)
	at fr.inria.main.evolution.AstorMain.execute(AstorMain.java:230)
	at fr.inria.astor.test.repair.evaluation.regression.RepairnatorTest.testMath70AbsolutesPaths(RepairnatorTest.java:137)

testMath70WrongPaths(fr.inria.astor.test.repair.evaluation.regression.RepairnatorTest)  Time elapsed: 0.008 sec  <<< ERROR!
java.lang.IllegalArgumentException: The bin folder  /root/workspace/SpoonLabs/astor/383218747/./examples/math_70/root/workspace/SpoonLabs/astor/383218747/./examples/math_70/target/classes does not exist.
	at fr.inria.main.AbstractMain.determineBinFolder(AbstractMain.java:783)
	at fr.inria.main.AbstractMain.getProjectConfiguration(AbstractMain.java:752)
	at fr.inria.main.evolution.AstorMain.initProject(AstorMain.java:53)
	at fr.inria.main.evolution.AstorMain.run(AstorMain.java:164)
	at fr.inria.main.evolution.AstorMain.execute(AstorMain.java:230)
	at fr.inria.astor.test.repair.evaluation.regression.RepairnatorTest.testMath70WrongPaths(RepairnatorTest.java:192)

