-------------------------------------------------------------------------------
Test set: fr.inria.astor.test.repair.core.SynthesisComponentTest
-------------------------------------------------------------------------------
Tests run: 2, Failures: 0, Errors: 2, Skipped: 0, Time elapsed: 0.692 sec <<< FAILURE! - in fr.inria.astor.test.repair.core.SynthesisComponentTest
testExtensionPoint(fr.inria.astor.test.repair.core.SynthesisComponentTest)  Time elapsed: 0.118 sec  <<< ERROR!
java.lang.IllegalArgumentException: The bin folder  /root/workspace/SpoonLabs/astor/383218747/./examples/math_70/target/classes does not exist.
	at fr.inria.main.AbstractMain.determineBinFolder(AbstractMain.java:783)
	at fr.inria.main.AbstractMain.getProjectConfiguration(AbstractMain.java:752)
	at fr.inria.main.evolution.AstorMain.initProject(AstorMain.java:53)
	at fr.inria.main.evolution.AstorMain.run(AstorMain.java:164)
	at fr.inria.main.evolution.AstorMain.execute(AstorMain.java:230)
	at fr.inria.astor.test.repair.core.SynthesisComponentTest.testExtensionPoint(SynthesisComponentTest.java:126)

testValueCollection1(fr.inria.astor.test.repair.core.SynthesisComponentTest)  Time elapsed: 0.004 sec  <<< ERROR!
java.lang.IllegalArgumentException: The bin folder  /root/workspace/SpoonLabs/astor/383218747/./examples/math_70/target/classes does not exist.
	at fr.inria.main.AbstractMain.determineBinFolder(AbstractMain.java:783)
	at fr.inria.main.AbstractMain.getProjectConfiguration(AbstractMain.java:752)
	at fr.inria.main.evolution.AstorMain.initProject(AstorMain.java:53)
	at fr.inria.main.evolution.AstorMain.run(AstorMain.java:164)
	at fr.inria.main.evolution.AstorMain.execute(AstorMain.java:230)
	at fr.inria.astor.test.repair.core.SynthesisComponentTest.testValueCollection1(SynthesisComponentTest.java:53)

