-------------------------------------------------------------------------------
Test set: il.ac.bgu.cs.bp.bpjs.execution.jsproxy.BProgramJsProxyTest
-------------------------------------------------------------------------------
Tests run: 4, Failures: 0, Errors: 2, Skipped: 0, Time elapsed: 0.091 sec <<< FAILURE!
DeadlockSameThreadPredicate(il.ac.bgu.cs.bp.bpjs.execution.jsproxy.BProgramJsProxyTest)  Time elapsed: 0.038 sec  <<< ERROR!
java.lang.RuntimeException: Error running a bthread: org.mozilla.javascript.EcmaError: ReferenceError: "sampleEvent" is not defined. (bpsync-blockrequestPredicate.js#15)
	at il.ac.bgu.cs.bp.bpjs.model.BProgramSyncSnapshot.safeGet(BProgramSyncSnapshot.java:237)
	at java.util.stream.ReferencePipeline$3$1.accept(ReferencePipeline.java:193)
	at java.util.ArrayList$ArrayListSpliterator.forEachRemaining(ArrayList.java:1374)
	at java.util.stream.AbstractPipeline.copyInto(AbstractPipeline.java:481)
	at java.util.stream.AbstractPipeline.wrapAndCopyInto(AbstractPipeline.java:471)
	at java.util.stream.ReduceOps$ReduceOp.evaluateSequential(ReduceOps.java:708)
	at java.util.stream.AbstractPipeline.evaluate(AbstractPipeline.java:234)
	at java.util.stream.ReferencePipeline.collect(ReferencePipeline.java:499)
	at il.ac.bgu.cs.bp.bpjs.model.BProgramSyncSnapshot.triggerEvent(BProgramSyncSnapshot.java:138)
	at il.ac.bgu.cs.bp.bpjs.analysis.Node.getNextNode(Node.java:88)
	at il.ac.bgu.cs.bp.bpjs.analysis.DfsBProgramVerifier.getUnvisitedNextNode(DfsBProgramVerifier.java:163)
	at il.ac.bgu.cs.bp.bpjs.analysis.DfsBProgramVerifier.dfsUsingStack(DfsBProgramVerifier.java:134)
	at il.ac.bgu.cs.bp.bpjs.analysis.DfsBProgramVerifier.verify(DfsBProgramVerifier.java:90)
	at il.ac.bgu.cs.bp.bpjs.execution.jsproxy.BProgramJsProxyTest.DeadlockSameThreadPredicate(BProgramJsProxyTest.java:91)
	at sun.reflect.NativeMethodAccessorImpl.invoke0(Native Method)
	at sun.reflect.NativeMethodAccessorImpl.invoke(NativeMethodAccessorImpl.java:62)
	at sun.reflect.DelegatingMethodAccessorImpl.invoke(DelegatingMethodAccessorImpl.java:43)
	at java.lang.reflect.Method.invoke(Method.java:498)
	at org.junit.runners.model.FrameworkMethod$1.runReflectiveCall(FrameworkMethod.java:47)
	at org.junit.internal.runners.model.ReflectiveCallable.run(ReflectiveCallable.java:12)
	at org.junit.runners.model.FrameworkMethod.invokeExplosively(FrameworkMethod.java:44)
	at org.junit.internal.runners.statements.InvokeMethod.evaluate(InvokeMethod.java:17)
	at org.junit.runners.ParentRunner.runLeaf(ParentRunner.java:271)
	at org.junit.runners.BlockJUnit4ClassRunner.runChild(BlockJUnit4ClassRunner.java:70)
	at org.junit.runners.BlockJUnit4ClassRunner.runChild(BlockJUnit4ClassRunner.java:50)
	at org.junit.runners.ParentRunner$3.run(ParentRunner.java:238)
	at org.junit.runners.ParentRunner$1.schedule(ParentRunner.java:63)
	at org.junit.runners.ParentRunner.runChildren(ParentRunner.java:236)
	at org.junit.runners.ParentRunner.access$000(ParentRunner.java:53)
	at org.junit.runners.ParentRunner$2.evaluate(ParentRunner.java:229)
	at org.junit.runners.ParentRunner.run(ParentRunner.java:309)
	at org.apache.maven.surefire.junit4.JUnit4Provider.execute(JUnit4Provider.java:252)
	at org.apache.maven.surefire.junit4.JUnit4Provider.executeTestSet(JUnit4Provider.java:141)
	at org.apache.maven.surefire.junit4.JUnit4Provider.invoke(JUnit4Provider.java:112)
	at sun.reflect.NativeMethodAccessorImpl.invoke0(Native Method)
	at sun.reflect.NativeMethodAccessorImpl.invoke(NativeMethodAccessorImpl.java:62)
	at sun.reflect.DelegatingMethodAccessorImpl.invoke(DelegatingMethodAccessorImpl.java:43)
	at java.lang.reflect.Method.invoke(Method.java:498)
	at org.apache.maven.surefire.util.ReflectionUtils.invokeMethodWithArray(ReflectionUtils.java:189)
	at org.apache.maven.surefire.booter.ProviderFactory$ProviderProxy.invoke(ProviderFactory.java:165)
	at org.apache.maven.surefire.booter.ProviderFactory.invokeProvider(ProviderFactory.java:85)
	at org.apache.maven.surefire.booter.ForkedBooter.runSuitesInProcess(ForkedBooter.java:115)
	at org.apache.maven.surefire.booter.ForkedBooter.main(ForkedBooter.java:75)
Caused by: java.util.concurrent.ExecutionException: org.mozilla.javascript.EcmaError: ReferenceError: "sampleEvent" is not defined. (bpsync-blockrequestPredicate.js#15)
	at java.util.concurrent.FutureTask.report(FutureTask.java:122)
	at java.util.concurrent.FutureTask.get(FutureTask.java:192)
	at il.ac.bgu.cs.bp.bpjs.model.BProgramSyncSnapshot.safeGet(BProgramSyncSnapshot.java:234)
	... 42 more
Caused by: org.mozilla.javascript.EcmaError: ReferenceError: "sampleEvent" is not defined. (bpsync-blockrequestPredicate.js#15)
	at org.mozilla.javascript.ScriptRuntime.constructError(ScriptRuntime.java:4198)
	at org.mozilla.javascript.ScriptRuntime.constructError(ScriptRuntime.java:4176)
	at org.mozilla.javascript.ScriptRuntime.notFoundError(ScriptRuntime.java:4266)
	at org.mozilla.javascript.ScriptRuntime.nameOrFunction(ScriptRuntime.java:1994)
	at org.mozilla.javascript.ScriptRuntime.name(ScriptRuntime.java:1933)
	at org.mozilla.javascript.Interpreter.interpretLoop(Interpreter.java:1706)
	at org.mozilla.javascript.Interpreter.restartContinuation(Interpreter.java:1027)
	at org.mozilla.javascript.NativeContinuation.call(NativeContinuation.java:50)
	at org.mozilla.javascript.ContextFactory.doTopCall(ContextFactory.java:404)
	at org.mozilla.javascript.ScriptRuntime.doTopCall(ScriptRuntime.java:3508)
	at org.mozilla.javascript.Interpreter.restartContinuation(Interpreter.java:1008)
	at org.mozilla.javascript.Context.resumeContinuation(Context.java:1401)
	at il.ac.bgu.cs.bp.bpjs.execution.tasks.ResumeBThread.callImpl(ResumeBThread.java:21)
	at il.ac.bgu.cs.bp.bpjs.execution.tasks.BPEngineTask.call(BPEngineTask.java:42)
	at il.ac.bgu.cs.bp.bpjs.execution.tasks.BPEngineTask.call(BPEngineTask.java:18)
	at java.util.concurrent.FutureTask.run(FutureTask.java:266)
	at java.util.concurrent.ThreadPoolExecutor.runWorker(ThreadPoolExecutor.java:1142)
	at java.util.concurrent.ThreadPoolExecutor$Worker.run(ThreadPoolExecutor.java:617)
	at java.lang.Thread.run(Thread.java:745)

DeadlockSameThreadDirect(il.ac.bgu.cs.bp.bpjs.execution.jsproxy.BProgramJsProxyTest)  Time elapsed: 0.013 sec  <<< ERROR!
java.lang.RuntimeException: Error running a bthread: org.mozilla.javascript.EcmaError: ReferenceError: "sampleEvent" is not defined. (bpsync-blockrequest.js#8)
	at il.ac.bgu.cs.bp.bpjs.model.BProgramSyncSnapshot.safeGet(BProgramSyncSnapshot.java:237)
	at java.util.stream.ReferencePipeline$3$1.accept(ReferencePipeline.java:193)
	at java.util.ArrayList$ArrayListSpliterator.forEachRemaining(ArrayList.java:1374)
	at java.util.stream.AbstractPipeline.copyInto(AbstractPipeline.java:481)
	at java.util.stream.AbstractPipeline.wrapAndCopyInto(AbstractPipeline.java:471)
	at java.util.stream.ReduceOps$ReduceOp.evaluateSequential(ReduceOps.java:708)
	at java.util.stream.AbstractPipeline.evaluate(AbstractPipeline.java:234)
	at java.util.stream.ReferencePipeline.collect(ReferencePipeline.java:499)
	at il.ac.bgu.cs.bp.bpjs.model.BProgramSyncSnapshot.triggerEvent(BProgramSyncSnapshot.java:138)
	at il.ac.bgu.cs.bp.bpjs.analysis.Node.getNextNode(Node.java:88)
	at il.ac.bgu.cs.bp.bpjs.analysis.DfsBProgramVerifier.getUnvisitedNextNode(DfsBProgramVerifier.java:163)
	at il.ac.bgu.cs.bp.bpjs.analysis.DfsBProgramVerifier.dfsUsingStack(DfsBProgramVerifier.java:134)
	at il.ac.bgu.cs.bp.bpjs.analysis.DfsBProgramVerifier.verify(DfsBProgramVerifier.java:90)
	at il.ac.bgu.cs.bp.bpjs.execution.jsproxy.BProgramJsProxyTest.DeadlockSameThreadDirect(BProgramJsProxyTest.java:81)
	at sun.reflect.NativeMethodAccessorImpl.invoke0(Native Method)
	at sun.reflect.NativeMethodAccessorImpl.invoke(NativeMethodAccessorImpl.java:62)
	at sun.reflect.DelegatingMethodAccessorImpl.invoke(DelegatingMethodAccessorImpl.java:43)
	at java.lang.reflect.Method.invoke(Method.java:498)
	at org.junit.runners.model.FrameworkMethod$1.runReflectiveCall(FrameworkMethod.java:47)
	at org.junit.internal.runners.model.ReflectiveCallable.run(ReflectiveCallable.java:12)
	at org.junit.runners.model.FrameworkMethod.invokeExplosively(FrameworkMethod.java:44)
	at org.junit.internal.runners.statements.InvokeMethod.evaluate(InvokeMethod.java:17)
	at org.junit.runners.ParentRunner.runLeaf(ParentRunner.java:271)
	at org.junit.runners.BlockJUnit4ClassRunner.runChild(BlockJUnit4ClassRunner.java:70)
	at org.junit.runners.BlockJUnit4ClassRunner.runChild(BlockJUnit4ClassRunner.java:50)
	at org.junit.runners.ParentRunner$3.run(ParentRunner.java:238)
	at org.junit.runners.ParentRunner$1.schedule(ParentRunner.java:63)
	at org.junit.runners.ParentRunner.runChildren(ParentRunner.java:236)
	at org.junit.runners.ParentRunner.access$000(ParentRunner.java:53)
	at org.junit.runners.ParentRunner$2.evaluate(ParentRunner.java:229)
	at org.junit.runners.ParentRunner.run(ParentRunner.java:309)
	at org.apache.maven.surefire.junit4.JUnit4Provider.execute(JUnit4Provider.java:252)
	at org.apache.maven.surefire.junit4.JUnit4Provider.executeTestSet(JUnit4Provider.java:141)
	at org.apache.maven.surefire.junit4.JUnit4Provider.invoke(JUnit4Provider.java:112)
	at sun.reflect.NativeMethodAccessorImpl.invoke0(Native Method)
	at sun.reflect.NativeMethodAccessorImpl.invoke(NativeMethodAccessorImpl.java:62)
	at sun.reflect.DelegatingMethodAccessorImpl.invoke(DelegatingMethodAccessorImpl.java:43)
	at java.lang.reflect.Method.invoke(Method.java:498)
	at org.apache.maven.surefire.util.ReflectionUtils.invokeMethodWithArray(ReflectionUtils.java:189)
	at org.apache.maven.surefire.booter.ProviderFactory$ProviderProxy.invoke(ProviderFactory.java:165)
	at org.apache.maven.surefire.booter.ProviderFactory.invokeProvider(ProviderFactory.java:85)
	at org.apache.maven.surefire.booter.ForkedBooter.runSuitesInProcess(ForkedBooter.java:115)
	at org.apache.maven.surefire.booter.ForkedBooter.main(ForkedBooter.java:75)
Caused by: java.util.concurrent.ExecutionException: org.mozilla.javascript.EcmaError: ReferenceError: "sampleEvent" is not defined. (bpsync-blockrequest.js#8)
	at java.util.concurrent.FutureTask.report(FutureTask.java:122)
	at java.util.concurrent.FutureTask.get(FutureTask.java:192)
	at il.ac.bgu.cs.bp.bpjs.model.BProgramSyncSnapshot.safeGet(BProgramSyncSnapshot.java:234)
	... 42 more
Caused by: org.mozilla.javascript.EcmaError: ReferenceError: "sampleEvent" is not defined. (bpsync-blockrequest.js#8)
	at org.mozilla.javascript.ScriptRuntime.constructError(ScriptRuntime.java:4198)
	at org.mozilla.javascript.ScriptRuntime.constructError(ScriptRuntime.java:4176)
	at org.mozilla.javascript.ScriptRuntime.notFoundError(ScriptRuntime.java:4266)
	at org.mozilla.javascript.ScriptRuntime.nameOrFunction(ScriptRuntime.java:1994)
	at org.mozilla.javascript.ScriptRuntime.name(ScriptRuntime.java:1933)
	at org.mozilla.javascript.Interpreter.interpretLoop(Interpreter.java:1706)
	at org.mozilla.javascript.Interpreter.restartContinuation(Interpreter.java:1027)
	at org.mozilla.javascript.NativeContinuation.call(NativeContinuation.java:50)
	at org.mozilla.javascript.ContextFactory.doTopCall(ContextFactory.java:404)
	at org.mozilla.javascript.ScriptRuntime.doTopCall(ScriptRuntime.java:3508)
	at org.mozilla.javascript.Interpreter.restartContinuation(Interpreter.java:1008)
	at org.mozilla.javascript.Context.resumeContinuation(Context.java:1401)
	at il.ac.bgu.cs.bp.bpjs.execution.tasks.ResumeBThread.callImpl(ResumeBThread.java:21)
	at il.ac.bgu.cs.bp.bpjs.execution.tasks.BPEngineTask.call(BPEngineTask.java:42)
	at il.ac.bgu.cs.bp.bpjs.execution.tasks.BPEngineTask.call(BPEngineTask.java:18)
	at java.util.concurrent.FutureTask.run(FutureTask.java:266)
	at java.util.concurrent.ThreadPoolExecutor.runWorker(ThreadPoolExecutor.java:1142)
	at java.util.concurrent.ThreadPoolExecutor$Worker.run(ThreadPoolExecutor.java:617)
	at java.lang.Thread.run(Thread.java:745)

