-------------------------------------------------------------------------------
Test set: io.xrates.backend.rateprovider.impl.DBSRateProviderImplTest
-------------------------------------------------------------------------------
Tests run: 23, Failures: 23, Errors: 0, Skipped: 0, Time elapsed: 10.882 sec <<< FAILURE! - in io.xrates.backend.rateprovider.impl.DBSRateProviderImplTest
testAUD(io.xrates.backend.rateprovider.impl.DBSRateProviderImplTest)  Time elapsed: 2.66 sec  <<< FAILURE!
java.lang.AssertionError: null
	at org.junit.Assert.fail(Assert.java:86)
	at org.junit.Assert.assertTrue(Assert.java:41)
	at org.junit.Assert.assertFalse(Assert.java:64)
	at org.junit.Assert.assertFalse(Assert.java:74)
	at io.xrates.backend.rateprovider.impl.DBSRateProviderImplTest.testAUD(DBSRateProviderImplTest.java:72)

testBND(io.xrates.backend.rateprovider.impl.DBSRateProviderImplTest)  Time elapsed: 0.31 sec  <<< FAILURE!
java.lang.AssertionError: null
	at org.junit.Assert.fail(Assert.java:86)
	at org.junit.Assert.assertTrue(Assert.java:41)
	at org.junit.Assert.assertFalse(Assert.java:64)
	at org.junit.Assert.assertFalse(Assert.java:74)
	at io.xrates.backend.rateprovider.impl.DBSRateProviderImplTest.testBND(DBSRateProviderImplTest.java:216)

testCAD(io.xrates.backend.rateprovider.impl.DBSRateProviderImplTest)  Time elapsed: 0.287 sec  <<< FAILURE!
java.lang.AssertionError: null
	at org.junit.Assert.fail(Assert.java:86)
	at org.junit.Assert.assertTrue(Assert.java:41)
	at org.junit.Assert.assertFalse(Assert.java:64)
	at org.junit.Assert.assertFalse(Assert.java:74)
	at io.xrates.backend.rateprovider.impl.DBSRateProviderImplTest.testCAD(DBSRateProviderImplTest.java:84)

testCHF(io.xrates.backend.rateprovider.impl.DBSRateProviderImplTest)  Time elapsed: 0.322 sec  <<< FAILURE!
java.lang.AssertionError: null
	at org.junit.Assert.fail(Assert.java:86)
	at org.junit.Assert.assertTrue(Assert.java:41)
	at org.junit.Assert.assertFalse(Assert.java:64)
	at org.junit.Assert.assertFalse(Assert.java:74)
	at io.xrates.backend.rateprovider.impl.DBSRateProviderImplTest.testCHF(DBSRateProviderImplTest.java:156)

testCNY(io.xrates.backend.rateprovider.impl.DBSRateProviderImplTest)  Time elapsed: 0.323 sec  <<< FAILURE!
java.lang.AssertionError: null
	at org.junit.Assert.fail(Assert.java:86)
	at org.junit.Assert.assertTrue(Assert.java:41)
	at org.junit.Assert.assertFalse(Assert.java:64)
	at org.junit.Assert.assertFalse(Assert.java:74)
	at io.xrates.backend.rateprovider.impl.DBSRateProviderImplTest.testCNY(DBSRateProviderImplTest.java:168)

testDKK(io.xrates.backend.rateprovider.impl.DBSRateProviderImplTest)  Time elapsed: 0.272 sec  <<< FAILURE!
java.lang.AssertionError: null
	at org.junit.Assert.fail(Assert.java:86)
	at org.junit.Assert.assertTrue(Assert.java:41)
	at org.junit.Assert.assertFalse(Assert.java:64)
	at org.junit.Assert.assertFalse(Assert.java:74)
	at io.xrates.backend.rateprovider.impl.DBSRateProviderImplTest.testDKK(DBSRateProviderImplTest.java:108)

testEUR(io.xrates.backend.rateprovider.impl.DBSRateProviderImplTest)  Time elapsed: 0.29 sec  <<< FAILURE!
java.lang.AssertionError: null
	at org.junit.Assert.fail(Assert.java:86)
	at org.junit.Assert.assertTrue(Assert.java:41)
	at org.junit.Assert.assertFalse(Assert.java:64)
	at org.junit.Assert.assertFalse(Assert.java:74)
	at io.xrates.backend.rateprovider.impl.DBSRateProviderImplTest.testEUR(DBSRateProviderImplTest.java:48)

testGBP(io.xrates.backend.rateprovider.impl.DBSRateProviderImplTest)  Time elapsed: 1.366 sec  <<< FAILURE!
java.lang.AssertionError: null
	at org.junit.Assert.fail(Assert.java:86)
	at org.junit.Assert.assertTrue(Assert.java:41)
	at org.junit.Assert.assertFalse(Assert.java:64)
	at org.junit.Assert.assertFalse(Assert.java:74)
	at io.xrates.backend.rateprovider.impl.DBSRateProviderImplTest.testGBP(DBSRateProviderImplTest.java:60)

testHDK(io.xrates.backend.rateprovider.impl.DBSRateProviderImplTest)  Time elapsed: 0.3 sec  <<< FAILURE!
java.lang.AssertionError: null
	at org.junit.Assert.fail(Assert.java:86)
	at org.junit.Assert.assertTrue(Assert.java:41)
	at org.junit.Assert.assertFalse(Assert.java:64)
	at org.junit.Assert.assertFalse(Assert.java:74)
	at io.xrates.backend.rateprovider.impl.DBSRateProviderImplTest.testHDK(DBSRateProviderImplTest.java:120)

testIDR(io.xrates.backend.rateprovider.impl.DBSRateProviderImplTest)  Time elapsed: 0.295 sec  <<< FAILURE!
java.lang.AssertionError: null
	at org.junit.Assert.fail(Assert.java:86)
	at org.junit.Assert.assertTrue(Assert.java:41)
	at org.junit.Assert.assertFalse(Assert.java:64)
	at org.junit.Assert.assertFalse(Assert.java:74)
	at io.xrates.backend.rateprovider.impl.DBSRateProviderImplTest.testIDR(DBSRateProviderImplTest.java:204)

testINR(io.xrates.backend.rateprovider.impl.DBSRateProviderImplTest)  Time elapsed: 0.299 sec  <<< FAILURE!
java.lang.AssertionError: null
	at org.junit.Assert.fail(Assert.java:86)
	at org.junit.Assert.assertTrue(Assert.java:41)
	at org.junit.Assert.assertFalse(Assert.java:64)
	at org.junit.Assert.assertFalse(Assert.java:74)
	at io.xrates.backend.rateprovider.impl.DBSRateProviderImplTest.testINR(DBSRateProviderImplTest.java:240)

testJPY(io.xrates.backend.rateprovider.impl.DBSRateProviderImplTest)  Time elapsed: 0.291 sec  <<< FAILURE!
java.lang.AssertionError: null
	at org.junit.Assert.fail(Assert.java:86)
	at org.junit.Assert.assertTrue(Assert.java:41)
	at org.junit.Assert.assertFalse(Assert.java:64)
	at org.junit.Assert.assertFalse(Assert.java:74)
	at io.xrates.backend.rateprovider.impl.DBSRateProviderImplTest.testJPY(DBSRateProviderImplTest.java:180)

testKRW(io.xrates.backend.rateprovider.impl.DBSRateProviderImplTest)  Time elapsed: 0.314 sec  <<< FAILURE!
java.lang.AssertionError: null
	at org.junit.Assert.fail(Assert.java:86)
	at org.junit.Assert.assertTrue(Assert.java:41)
	at org.junit.Assert.assertFalse(Assert.java:64)
	at org.junit.Assert.assertFalse(Assert.java:74)
	at io.xrates.backend.rateprovider.impl.DBSRateProviderImplTest.testKRW(DBSRateProviderImplTest.java:252)

testLKR(io.xrates.backend.rateprovider.impl.DBSRateProviderImplTest)  Time elapsed: 0.297 sec  <<< FAILURE!
java.lang.AssertionError: null
	at org.junit.Assert.fail(Assert.java:86)
	at org.junit.Assert.assertTrue(Assert.java:41)
	at org.junit.Assert.assertFalse(Assert.java:64)
	at org.junit.Assert.assertFalse(Assert.java:74)
	at io.xrates.backend.rateprovider.impl.DBSRateProviderImplTest.testLKR(DBSRateProviderImplTest.java:264)

testNOK(io.xrates.backend.rateprovider.impl.DBSRateProviderImplTest)  Time elapsed: 0.312 sec  <<< FAILURE!
java.lang.AssertionError: null
	at org.junit.Assert.fail(Assert.java:86)
	at org.junit.Assert.assertTrue(Assert.java:41)
	at org.junit.Assert.assertFalse(Assert.java:64)
	at org.junit.Assert.assertFalse(Assert.java:74)
	at io.xrates.backend.rateprovider.impl.DBSRateProviderImplTest.testNOK(DBSRateProviderImplTest.java:132)

testNZD(io.xrates.backend.rateprovider.impl.DBSRateProviderImplTest)  Time elapsed: 0.302 sec  <<< FAILURE!
java.lang.AssertionError: null
	at org.junit.Assert.fail(Assert.java:86)
	at org.junit.Assert.assertTrue(Assert.java:41)
	at org.junit.Assert.assertFalse(Assert.java:64)
	at org.junit.Assert.assertFalse(Assert.java:74)
	at io.xrates.backend.rateprovider.impl.DBSRateProviderImplTest.testNZD(DBSRateProviderImplTest.java:96)

testPHP(io.xrates.backend.rateprovider.impl.DBSRateProviderImplTest)  Time elapsed: 0.401 sec  <<< FAILURE!
java.lang.AssertionError: null
	at org.junit.Assert.fail(Assert.java:86)
	at org.junit.Assert.assertTrue(Assert.java:41)
	at org.junit.Assert.assertFalse(Assert.java:64)
	at org.junit.Assert.assertFalse(Assert.java:74)
	at io.xrates.backend.rateprovider.impl.DBSRateProviderImplTest.testPHP(DBSRateProviderImplTest.java:276)

testSAR(io.xrates.backend.rateprovider.impl.DBSRateProviderImplTest)  Time elapsed: 0.314 sec  <<< FAILURE!
java.lang.AssertionError: null
	at org.junit.Assert.fail(Assert.java:86)
	at org.junit.Assert.assertTrue(Assert.java:41)
	at org.junit.Assert.assertFalse(Assert.java:64)
	at org.junit.Assert.assertFalse(Assert.java:74)
	at io.xrates.backend.rateprovider.impl.DBSRateProviderImplTest.testSAR(DBSRateProviderImplTest.java:288)

testSEK(io.xrates.backend.rateprovider.impl.DBSRateProviderImplTest)  Time elapsed: 0.299 sec  <<< FAILURE!
java.lang.AssertionError: null
	at org.junit.Assert.fail(Assert.java:86)
	at org.junit.Assert.assertTrue(Assert.java:41)
	at org.junit.Assert.assertFalse(Assert.java:64)
	at org.junit.Assert.assertFalse(Assert.java:74)
	at io.xrates.backend.rateprovider.impl.DBSRateProviderImplTest.testSEK(DBSRateProviderImplTest.java:144)

testTHB(io.xrates.backend.rateprovider.impl.DBSRateProviderImplTest)  Time elapsed: 0.319 sec  <<< FAILURE!
java.lang.AssertionError: null
	at org.junit.Assert.fail(Assert.java:86)
	at org.junit.Assert.assertTrue(Assert.java:41)
	at org.junit.Assert.assertFalse(Assert.java:64)
	at org.junit.Assert.assertFalse(Assert.java:74)
	at io.xrates.backend.rateprovider.impl.DBSRateProviderImplTest.testTHB(DBSRateProviderImplTest.java:192)

testTWD(io.xrates.backend.rateprovider.impl.DBSRateProviderImplTest)  Time elapsed: 0.297 sec  <<< FAILURE!
java.lang.AssertionError: null
	at org.junit.Assert.fail(Assert.java:86)
	at org.junit.Assert.assertTrue(Assert.java:41)
	at org.junit.Assert.assertFalse(Assert.java:64)
	at org.junit.Assert.assertFalse(Assert.java:74)
	at io.xrates.backend.rateprovider.impl.DBSRateProviderImplTest.testTWD(DBSRateProviderImplTest.java:300)

testUSD(io.xrates.backend.rateprovider.impl.DBSRateProviderImplTest)  Time elapsed: 0.294 sec  <<< FAILURE!
java.lang.AssertionError: null
	at org.junit.Assert.fail(Assert.java:86)
	at org.junit.Assert.assertTrue(Assert.java:41)
	at org.junit.Assert.assertFalse(Assert.java:64)
	at org.junit.Assert.assertFalse(Assert.java:74)
	at io.xrates.backend.rateprovider.impl.DBSRateProviderImplTest.testUSD(DBSRateProviderImplTest.java:36)

testZAR(io.xrates.backend.rateprovider.impl.DBSRateProviderImplTest)  Time elapsed: 0.294 sec  <<< FAILURE!
java.lang.AssertionError: null
	at org.junit.Assert.fail(Assert.java:86)
	at org.junit.Assert.assertTrue(Assert.java:41)
	at org.junit.Assert.assertFalse(Assert.java:64)
	at org.junit.Assert.assertFalse(Assert.java:74)
	at io.xrates.backend.rateprovider.impl.DBSRateProviderImplTest.testZAR(DBSRateProviderImplTest.java:228)

