-------------------------------------------------------------------------------
Test set: loghub.decoders.TestMsgpack
-------------------------------------------------------------------------------
Tests run: 4, Failures: 1, Errors: 0, Skipped: 0, Time elapsed: 0.092 sec <<< FAILURE! - in loghub.decoders.TestMsgpack
testDecoder(loghub.decoders.TestMsgpack)  Time elapsed: 0.012 sec  <<< FAILURE!
java.lang.AssertionError: expected:<100> but was:<0>
	at loghub.decoders.TestMsgpack.testDecoder(TestMsgpack.java:128)

