-------------------------------------------------------------------------------
Test set: org.sonar.plugins.fxcop.FxCopSensorTest
-------------------------------------------------------------------------------
Tests run: 10, Failures: 0, Errors: 1, Skipped: 0, Time elapsed: 0.514 s <<< FAILURE! - in org.sonar.plugins.fxcop.FxCopSensorTest
testExecuteImpl(org.sonar.plugins.fxcop.FxCopSensorTest)  Time elapsed: 0.01 s  <<< ERROR!
java.lang.IllegalArgumentException: Cannot find the FxCop report "/root/workspace/DanielHWe/sonar-fxcop/385681821/dummy.rep" provided by the property "sonar.cs.fxcop.report".
	at org.sonar.plugins.fxcop.FxCopSensorTest.testExecuteImpl(FxCopSensorTest.java:192)

