-------------------------------------------------------------------------------
Test set: org.sonar.plugins.fxcop.FxCopConfigurationTest
-------------------------------------------------------------------------------
Tests run: 22, Failures: 0, Errors: 1, Skipped: 0, Time elapsed: 0.047 s <<< FAILURE! - in org.sonar.plugins.fxcop.FxCopConfigurationTest
check_properties_without_assembly_extension(org.sonar.plugins.fxcop.FxCopConfigurationTest)  Time elapsed: 0.008 s  <<< ERROR!
java.lang.IllegalArgumentException: Cannot find the assembly "/root/workspace/DanielHWe/sonar-fxcop/385730581/src/test/resources/FxCopConfigurationTest/MyLibrary" provided by the property "fooAssemblyKey".
	at org.sonar.plugins.fxcop.FxCopConfigurationTest.check_properties_without_assembly_extension(FxCopConfigurationTest.java:132)

