-------------------------------------------------------------------------------
Test set: spoon.test.main.MainTest
-------------------------------------------------------------------------------
Tests run: 13, Failures: 0, Errors: 2, Skipped: 0, Time elapsed: 154.744 s <<< FAILURE! - in spoon.test.main.MainTest
testTest(spoon.test.main.MainTest)  Time elapsed: 12.742 s  <<< ERROR!
spoon.SpoonException: java.lang.InstantiationException: spoon.support.reflect.declaration.CtPackageImpl$1
	at spoon.test.main.MainTest.checkContractCtScanner(MainTest.java:342)
	at spoon.test.main.MainTest.checkGenericContracts(MainTest.java:141)
	at spoon.test.main.MainTest.testTest(MainTest.java:537)
Caused by: java.lang.InstantiationException: spoon.support.reflect.declaration.CtPackageImpl$1
	at spoon.test.main.MainTest.checkContractCtScanner(MainTest.java:342)
	at spoon.test.main.MainTest.checkGenericContracts(MainTest.java:141)
	at spoon.test.main.MainTest.testTest(MainTest.java:537)
Caused by: java.lang.NoSuchMethodException: spoon.support.reflect.declaration.CtPackageImpl$1.<init>()
	at spoon.test.main.MainTest.checkContractCtScanner(MainTest.java:342)
	at spoon.test.main.MainTest.checkGenericContracts(MainTest.java:141)
	at spoon.test.main.MainTest.testTest(MainTest.java:537)

testMain_checkGenericContracts(spoon.test.main.MainTest)  Time elapsed: 1.346 s  <<< ERROR!
spoon.SpoonException: java.lang.InstantiationException: spoon.support.reflect.declaration.CtPackageImpl$1
	at spoon.test.main.MainTest.checkContractCtScanner(MainTest.java:342)
	at spoon.test.main.MainTest.checkGenericContracts(MainTest.java:141)
	at spoon.test.main.MainTest.testMain_checkGenericContracts(MainTest.java:104)
Caused by: java.lang.InstantiationException: spoon.support.reflect.declaration.CtPackageImpl$1
	at spoon.test.main.MainTest.checkContractCtScanner(MainTest.java:342)
	at spoon.test.main.MainTest.checkGenericContracts(MainTest.java:141)
	at spoon.test.main.MainTest.testMain_checkGenericContracts(MainTest.java:104)
Caused by: java.lang.NoSuchMethodException: spoon.support.reflect.declaration.CtPackageImpl$1.<init>()
	at spoon.test.main.MainTest.checkContractCtScanner(MainTest.java:342)
	at spoon.test.main.MainTest.checkGenericContracts(MainTest.java:141)
	at spoon.test.main.MainTest.testMain_checkGenericContracts(MainTest.java:104)

