-------------------------------------------------------------------------------
Test set: spoon.test.factory.FactoryTest
-------------------------------------------------------------------------------
Tests run: 5, Failures: 0, Errors: 1, Skipped: 0, Time elapsed: 3.683 s <<< FAILURE! - in spoon.test.factory.FactoryTest
testCtModel(spoon.test.factory.FactoryTest)  Time elapsed: 0.048 s  <<< ERROR!
spoon.SpoonException: java.lang.InstantiationException: spoon.support.reflect.declaration.CtPackageImpl$1
	at spoon.test.factory.FactoryTest.testCtModel(FactoryTest.java:132)
Caused by: java.lang.InstantiationException: spoon.support.reflect.declaration.CtPackageImpl$1
	at spoon.test.factory.FactoryTest.testCtModel(FactoryTest.java:132)
Caused by: java.lang.NoSuchMethodException: spoon.support.reflect.declaration.CtPackageImpl$1.<init>()
	at spoon.test.factory.FactoryTest.testCtModel(FactoryTest.java:132)

