-------------------------------------------------------------------------------
Test set: spoon.test.architecture.SpoonArchitectureEnforcerTest
-------------------------------------------------------------------------------
Tests run: 8, Failures: 1, Errors: 0, Skipped: 0, Time elapsed: 27.865 s <<< FAILURE! - in spoon.test.architecture.SpoonArchitectureEnforcerTest
testSpecPackage(spoon.test.architecture.SpoonArchitectureEnforcerTest)  Time elapsed: 3.431 s  <<< FAILURE!
java.lang.AssertionError: 
you have created a new package or removed an existing one, please declare it explicitly in SpoonArchitectureEnforcerTest#testSpecPackage

Details: Package spoon.reflect.visitor.printer.change presents in computed but not expected set.
	at spoon.test.architecture.SpoonArchitectureEnforcerTest.assertSetEquals(SpoonArchitectureEnforcerTest.java:379)
	at spoon.test.architecture.SpoonArchitectureEnforcerTest.testSpecPackage(SpoonArchitectureEnforcerTest.java:370)

