-------------------------------------------------------------------------------
Test set: spoon.test.position.PositionTest
-------------------------------------------------------------------------------
Tests run: 19, Failures: 1, Errors: 0, Skipped: 0, Time elapsed: 0.723 s <<< FAILURE! - in spoon.test.position.PositionTest
testArrayArgParameter(spoon.test.position.PositionTest)  Time elapsed: 0.04 s  <<< FAILURE!
org.junit.ComparisonFailure: expected:<String arg[[]]> but was:<String arg[]>
	at spoon.test.position.PositionTest.testArrayArgParameter(PositionTest.java:767)

