<?xml version="1.0" encoding="UTF-8"?>
<testsuite name="fr.inria.astor.test.repair.approaches.EvoSuiteGenerationTest" time="11.386" tests="8" errors="6" skipped="0" failures="0">
  <properties>
    <property name="java.runtime.name" value="OpenJDK Runtime Environment"/>
    <property name="sun.boot.library.path" value="/usr/lib/jvm/java-8-openjdk-amd64/jre/lib/amd64"/>
    <property name="java.vm.version" value="25.121-b13"/>
    <property name="java.vm.vendor" value="Oracle Corporation"/>
    <property name="maven.multiModuleProjectDirectory" value="/root/workspace/SpoonLabs/astor/383218747"/>
    <property name="java.vendor.url" value="http://java.oracle.com/"/>
    <property name="path.separator" value=":"/>
    <property name="guice.disable.misplaced.annotation.check" value="true"/>
    <property name="skip.gulp" value="true"/>
    <property name="java.vm.name" value="OpenJDK 64-Bit Server VM"/>
    <property name="file.encoding.pkg" value="sun.io"/>
    <property name="sun.java.launcher" value="SUN_STANDARD"/>
    <property name="sun.os.patch.level" value="unknown"/>
    <property name="findbugs.skip" value="true"/>
    <property name="java.vm.specification.name" value="Java Virtual Machine Specification"/>
    <property name="user.dir" value="/root/workspace/SpoonLabs/astor/383218747"/>
    <property name="checkstyle.skip" value="true"/>
    <property name="java.runtime.version" value="1.8.0_121-8u121-b13-1~bpo8+1-b13"/>
    <property name="java.awt.graphicsenv" value="sun.awt.X11GraphicsEnvironment"/>
    <property name="skip.npm" value="true"/>
    <property name="java.endorsed.dirs" value="/usr/lib/jvm/java-8-openjdk-amd64/jre/lib/endorsed"/>
    <property name="os.arch" value="amd64"/>
    <property name="java.io.tmpdir" value="/tmp"/>
    <property name="gpg.skip" value="true"/>
    <property name="line.separator" value="&#10;"/>
    <property name="java.vm.specification.vendor" value="Oracle Corporation"/>
    <property name="cobertura.skip" value="true"/>
    <property name="os.name" value="Linux"/>
    <property name="classworlds.conf" value="/usr/share/maven/bin/m2.conf"/>
    <property name="sun.jnu.encoding" value="UTF-8"/>
    <property name="java.library.path" value="/usr/java/packages/lib/amd64:/usr/lib/x86_64-linux-gnu/jni:/lib/x86_64-linux-gnu:/usr/lib/x86_64-linux-gnu:/usr/lib/jni:/lib:/usr/lib"/>
    <property name="license.skip" value="true"/>
    <property name="java.specification.name" value="Java Platform API Specification"/>
    <property name="java.class.version" value="52.0"/>
    <property name="sun.management.compiler" value="HotSpot 64-Bit Tiered Compilers"/>
    <property name="skip.bower" value="true"/>
    <property name="maven.repo.local" value="/root/./workspace/SpoonLabs/astor/383218747/.m2"/>
    <property name="os.version" value="3.10.0-862.2.3.el7.x86_64"/>
    <property name="user.home" value="/root"/>
    <property name="user.timezone" value="Europe/Paris"/>
    <property name="java.awt.printerjob" value="sun.print.PSPrinterJob"/>
    <property name="java.specification.version" value="1.8"/>
    <property name="file.encoding" value="UTF-8"/>
    <property name="user.name" value="root"/>
    <property name="java.class.path" value="/usr/share/maven/boot/plexus-classworlds-2.5.2.jar"/>
    <property name="skipITs" value="true"/>
    <property name="java.vm.specification.version" value="1.8"/>
    <property name="sun.arch.data.model" value="64"/>
    <property name="java.home" value="/usr/lib/jvm/java-8-openjdk-amd64/jre"/>
    <property name="sun.java.command" value="org.codehaus.plexus.classworlds.launcher.Launcher -B -D enforcer.skip=true -D dependency-check.skip=true -D skipITs=true -D cobertura.skip=true -D maven.repo.local=/root/./workspace/SpoonLabs/astor/383218747/.m2 -D rat.skip=true -D findbugs.skip=true -D skip.bower=true -D gpg.skip=true -D checkstyle.skip=true -D skip.gulp=true -D license.skip=true -D skip.npm=true test"/>
    <property name="java.specification.vendor" value="Oracle Corporation"/>
    <property name="user.language" value="en"/>
    <property name="awt.toolkit" value="sun.awt.X11.XToolkit"/>
    <property name="dependency-check.skip" value="true"/>
    <property name="java.vm.info" value="mixed mode"/>
    <property name="java.version" value="1.8.0_121"/>
    <property name="java.ext.dirs" value="/usr/lib/jvm/java-8-openjdk-amd64/jre/lib/ext:/usr/java/packages/lib/ext"/>
    <property name="securerandom.source" value="file:/dev/./urandom"/>
    <property name="sun.boot.class.path" value="/usr/lib/jvm/java-8-openjdk-amd64/jre/lib/resources.jar:/usr/lib/jvm/java-8-openjdk-amd64/jre/lib/rt.jar:/usr/lib/jvm/java-8-openjdk-amd64/jre/lib/sunrsasign.jar:/usr/lib/jvm/java-8-openjdk-amd64/jre/lib/jsse.jar:/usr/lib/jvm/java-8-openjdk-amd64/jre/lib/jce.jar:/usr/lib/jvm/java-8-openjdk-amd64/jre/lib/charsets.jar:/usr/lib/jvm/java-8-openjdk-amd64/jre/lib/jfr.jar:/usr/lib/jvm/java-8-openjdk-amd64/jre/classes"/>
    <property name="java.vendor" value="Oracle Corporation"/>
    <property name="enforcer.skip" value="true"/>
    <property name="rat.skip" value="true"/>
    <property name="maven.home" value="/usr/share/maven"/>
    <property name="file.separator" value="/"/>
    <property name="java.vendor.url.bug" value="http://bugreport.sun.com/bugreport/"/>
    <property name="sun.cpu.endian" value="little"/>
    <property name="sun.io.unicode.encoding" value="UnicodeLittle"/>
    <property name="sun.cpu.isalist" value=""/>
  </properties>
  <testcase name="testCompileSaveAndRunEvoSuiteTestStepByStep" classname="fr.inria.astor.test.repair.approaches.EvoSuiteGenerationTest" time="11.303"/>
  <testcase name="testM70" classname="fr.inria.astor.test.repair.approaches.EvoSuiteGenerationTest" time="0.058">
    <error message="The bin folder  /root/workspace/SpoonLabs/astor/383218747/./examples/math_70/target/classes does not exist." type="java.lang.IllegalArgumentException">java.lang.IllegalArgumentException: The bin folder  /root/workspace/SpoonLabs/astor/383218747/./examples/math_70/target/classes does not exist.
	at fr.inria.main.AbstractMain.determineBinFolder(AbstractMain.java:783)
	at fr.inria.main.AbstractMain.getProjectConfiguration(AbstractMain.java:752)
	at fr.inria.main.evolution.AstorMain.initProject(AstorMain.java:53)
	at fr.inria.main.evolution.AstorMain.run(AstorMain.java:164)
	at fr.inria.main.evolution.AstorMain.execute(AstorMain.java:230)
	at fr.inria.astor.test.repair.approaches.EvoSuiteGenerationTest.testM70(EvoSuiteGenerationTest.java:493)
</error>
    <system-out><![CDATA[[INFO ] fr.inria.main.AbstractMain.processArguments(AbstractMain.java:606) - command line arguments: [-mode  statement  -location  /root/workspace/SpoonLabs/astor/383218747/./examples/math_70  -dependencies  /root/workspace/SpoonLabs/astor/383218747/./examples/libs/junit-4.11.jar  -failing  org.apache.commons.math.analysis.solvers.BisectionSolverTest  -package  org.apache.commons  -javacompliancelevel  7  -maxgen  1000000  -seed  6001  -stopfirst  true  -scope  package  -maxtime  10  -population  1  -srcjavafolder  src/java/main/  -srctestfolder  src/test/java/  -binjavafolder  /target/classes/  -bintestfolder  /target/test-classes/  -flthreshold  0.1]
[INFO ] fr.inria.main.AbstractMain.determineSourceFolders(AbstractMain.java:806) - Source folders: [/root/workspace/SpoonLabs/astor/383218747/./examples/math_70/src/main/java]
[INFO ] fr.inria.main.AbstractMain.determineSourceFolders(AbstractMain.java:825) - Source Test folders: [/root/workspace/SpoonLabs/astor/383218747/./examples/math_70/src/test/java]
]]></system-out>
  </testcase>
  <testcase name="testCompleteEvosuiteTests" classname="fr.inria.astor.test.repair.approaches.EvoSuiteGenerationTest" time="0.007">
    <error message="The bin folder  /root/workspace/SpoonLabs/astor/383218747/./examples/math_70/target/classes does not exist." type="java.lang.IllegalArgumentException">java.lang.IllegalArgumentException: The bin folder  /root/workspace/SpoonLabs/astor/383218747/./examples/math_70/target/classes does not exist.
	at fr.inria.main.AbstractMain.determineBinFolder(AbstractMain.java:783)
	at fr.inria.main.AbstractMain.getProjectConfiguration(AbstractMain.java:752)
	at fr.inria.main.evolution.AstorMain.initProject(AstorMain.java:53)
	at fr.inria.main.evolution.AstorMain.run(AstorMain.java:164)
	at fr.inria.main.evolution.AstorMain.execute(AstorMain.java:230)
	at fr.inria.astor.test.repair.approaches.EvoSuiteGenerationTest.testCompleteEvosuiteTests(EvoSuiteGenerationTest.java:194)
</error>
    <system-out><![CDATA[[-dependencies, /root/workspace/SpoonLabs/astor/383218747/./examples/libs/junit-4.4.jar, -mode, statement, -failing, org.apache.commons.math.analysis.solvers.BisectionSolverTest, -location, /root/workspace/SpoonLabs/astor/383218747/./examples/math_70, -package, org.apache.commons, -srcjavafolder, /src/java/, -srctestfolder, /src/test/, -binjavafolder, /target/classes, -bintestfolder, /target/test-classes, -javacompliancelevel, 7, -flthreshold, 0.5, -out, /root/workspace/SpoonLabs/astor/383218747/./output_astor, -scope, package, -package, 10, -maxgen, 0, -population, 1, -stopfirst, true, -maxtime, 100, -loglevel, DEBUG]
[INFO ] fr.inria.main.AbstractMain.processArguments(AbstractMain.java:606) - command line arguments: [-dependencies  /root/workspace/SpoonLabs/astor/383218747/./examples/libs/junit-4.4.jar  -mode  statement  -failing  org.apache.commons.math.analysis.solvers.BisectionSolverTest  -location  /root/workspace/SpoonLabs/astor/383218747/./examples/math_70  -package  org.apache.commons  -srcjavafolder  /src/java/  -srctestfolder  /src/test/  -binjavafolder  /target/classes  -bintestfolder  /target/test-classes  -javacompliancelevel  7  -flthreshold  0.5  -out  /root/workspace/SpoonLabs/astor/383218747/./output_astor  -scope  package  -package  10  -maxgen  0  -population  1  -stopfirst  true  -maxtime  100  -loglevel  DEBUG]
[INFO ] fr.inria.main.AbstractMain.determineSourceFolders(AbstractMain.java:806) - Source folders: [/root/workspace/SpoonLabs/astor/383218747/./examples/math_70/src/main/java]
[INFO ] fr.inria.main.AbstractMain.determineSourceFolders(AbstractMain.java:825) - Source Test folders: [/root/workspace/SpoonLabs/astor/383218747/./examples/math_70/src/test]
]]></system-out>
  </testcase>
  <testcase name="testMath70WithEvosuiteTests" classname="fr.inria.astor.test.repair.approaches.EvoSuiteGenerationTest" time="0.003">
    <error message="The bin folder  /root/workspace/SpoonLabs/astor/383218747/./examples/math_70/target/classes does not exist." type="java.lang.IllegalArgumentException">java.lang.IllegalArgumentException: The bin folder  /root/workspace/SpoonLabs/astor/383218747/./examples/math_70/target/classes does not exist.
	at fr.inria.main.AbstractMain.determineBinFolder(AbstractMain.java:783)
	at fr.inria.main.AbstractMain.getProjectConfiguration(AbstractMain.java:752)
	at fr.inria.main.evolution.AstorMain.initProject(AstorMain.java:53)
	at fr.inria.main.evolution.AstorMain.run(AstorMain.java:164)
	at fr.inria.main.evolution.AstorMain.execute(AstorMain.java:230)
	at fr.inria.astor.test.repair.approaches.EvoSuiteGenerationTest.testMath70WithEvosuiteTests(EvoSuiteGenerationTest.java:352)
</error>
    <system-out><![CDATA[[-dependencies, /root/workspace/SpoonLabs/astor/383218747/./examples/libs/junit-4.4.jar, -mode, statement, -failing, org.apache.commons.math.analysis.solvers.BisectionSolverTest, -location, /root/workspace/SpoonLabs/astor/383218747/./examples/math_70, -package, org.apache.commons, -srcjavafolder, /src/java/, -srctestfolder, /src/test/, -binjavafolder, /target/classes, -bintestfolder, /target/test-classes, -javacompliancelevel, 7, -flthreshold, 0.5, -out, /root/workspace/SpoonLabs/astor/383218747/./output_astor, -scope, package, -seed, 10, -maxgen, 400, -population, 1, -stopfirst, true, -maxtime, 20, -validation, evosuite]
[INFO ] fr.inria.main.AbstractMain.processArguments(AbstractMain.java:606) - command line arguments: [-dependencies  /root/workspace/SpoonLabs/astor/383218747/./examples/libs/junit-4.4.jar  -mode  statement  -failing  org.apache.commons.math.analysis.solvers.BisectionSolverTest  -location  /root/workspace/SpoonLabs/astor/383218747/./examples/math_70  -package  org.apache.commons  -srcjavafolder  /src/java/  -srctestfolder  /src/test/  -binjavafolder  /target/classes  -bintestfolder  /target/test-classes  -javacompliancelevel  7  -flthreshold  0.5  -out  /root/workspace/SpoonLabs/astor/383218747/./output_astor  -scope  package  -seed  10  -maxgen  400  -population  1  -stopfirst  true  -maxtime  20  -validation  evosuite]
[INFO ] fr.inria.main.AbstractMain.determineSourceFolders(AbstractMain.java:806) - Source folders: [/root/workspace/SpoonLabs/astor/383218747/./examples/math_70/src/main/java]
[INFO ] fr.inria.main.AbstractMain.determineSourceFolders(AbstractMain.java:825) - Source Test folders: [/root/workspace/SpoonLabs/astor/383218747/./examples/math_70/src/test]
]]></system-out>
  </testcase>
  <testcase name="testGenerateEvosuiteTestsStepByStep" classname="fr.inria.astor.test.repair.approaches.EvoSuiteGenerationTest" time="0.002">
    <error message="The bin folder  /root/workspace/SpoonLabs/astor/383218747/./examples/math_70/target/classes does not exist." type="java.lang.IllegalArgumentException">java.lang.IllegalArgumentException: The bin folder  /root/workspace/SpoonLabs/astor/383218747/./examples/math_70/target/classes does not exist.
	at fr.inria.main.AbstractMain.determineBinFolder(AbstractMain.java:783)
	at fr.inria.main.AbstractMain.getProjectConfiguration(AbstractMain.java:752)
	at fr.inria.main.evolution.AstorMain.initProject(AstorMain.java:53)
	at fr.inria.main.evolution.AstorMain.run(AstorMain.java:164)
	at fr.inria.main.evolution.AstorMain.execute(AstorMain.java:230)
	at fr.inria.astor.test.repair.approaches.EvoSuiteGenerationTest.testGenerateEvosuiteTestsStepByStep(EvoSuiteGenerationTest.java:78)
</error>
    <system-out><![CDATA[[-dependencies, /root/workspace/SpoonLabs/astor/383218747/./examples/libs/junit-4.4.jar, -mode, statement, -failing, org.apache.commons.math.analysis.solvers.BisectionSolverTest, -location, /root/workspace/SpoonLabs/astor/383218747/./examples/math_70, -package, org.apache.commons, -srcjavafolder, /src/java/, -srctestfolder, /src/test/, -binjavafolder, /target/classes, -bintestfolder, /target/test-classes, -javacompliancelevel, 7, -flthreshold, 0.5, -out, /root/workspace/SpoonLabs/astor/383218747/./output_astor, -scope, package, -seed, 10, -maxgen, 0, -population, 1, -stopfirst, true, -maxtime, 100]
[INFO ] fr.inria.main.AbstractMain.processArguments(AbstractMain.java:606) - command line arguments: [-dependencies  /root/workspace/SpoonLabs/astor/383218747/./examples/libs/junit-4.4.jar  -mode  statement  -failing  org.apache.commons.math.analysis.solvers.BisectionSolverTest  -location  /root/workspace/SpoonLabs/astor/383218747/./examples/math_70  -package  org.apache.commons  -srcjavafolder  /src/java/  -srctestfolder  /src/test/  -binjavafolder  /target/classes  -bintestfolder  /target/test-classes  -javacompliancelevel  7  -flthreshold  0.5  -out  /root/workspace/SpoonLabs/astor/383218747/./output_astor  -scope  package  -seed  10  -maxgen  0  -population  1  -stopfirst  true  -maxtime  100]
[INFO ] fr.inria.main.AbstractMain.determineSourceFolders(AbstractMain.java:806) - Source folders: [/root/workspace/SpoonLabs/astor/383218747/./examples/math_70/src/main/java]
[INFO ] fr.inria.main.AbstractMain.determineSourceFolders(AbstractMain.java:825) - Source Test folders: [/root/workspace/SpoonLabs/astor/383218747/./examples/math_70/src/test]
]]></system-out>
  </testcase>
  <testcase name="testValidationWrongArgumentValue" classname="fr.inria.astor.test.repair.approaches.EvoSuiteGenerationTest" time="0.002"/>
  <testcase name="testM70Regression" classname="fr.inria.astor.test.repair.approaches.EvoSuiteGenerationTest" time="0.005">
    <error message="The bin folder  /root/workspace/SpoonLabs/astor/383218747/./examples/math_70/target/classes does not exist." type="java.lang.IllegalArgumentException">java.lang.IllegalArgumentException: The bin folder  /root/workspace/SpoonLabs/astor/383218747/./examples/math_70/target/classes does not exist.
	at fr.inria.main.AbstractMain.determineBinFolder(AbstractMain.java:783)
	at fr.inria.main.AbstractMain.getProjectConfiguration(AbstractMain.java:752)
	at fr.inria.main.evolution.AstorMain.initProject(AstorMain.java:53)
	at fr.inria.main.evolution.AstorMain.run(AstorMain.java:164)
	at fr.inria.main.evolution.AstorMain.execute(AstorMain.java:230)
	at fr.inria.astor.test.repair.approaches.EvoSuiteGenerationTest.testM70Regression(EvoSuiteGenerationTest.java:391)
</error>
    <system-out><![CDATA[[INFO ] fr.inria.main.AbstractMain.processArguments(AbstractMain.java:606) - command line arguments: [-mode  statement  -location  /root/workspace/SpoonLabs/astor/383218747/./examples/math_70  -dependencies  /root/workspace/SpoonLabs/astor/383218747/./examples/libs/junit-4.11.jar  out  /root/workspace/SpoonLabs/astor/383218747/./output_astor  -failing  org.apache.commons.math.analysis.solvers.BisectionSolverTest  -package  org.apache.commons  -javacompliancelevel  7  -maxgen  1000000  -seed  1  -stopfirst  true  -scope  package  -maxtime  10  -population  1  -srcjavafolder  src/main/java/  -srctestfolder  src/test/java/  -binjavafolder  /target/classes/  -bintestfolder  /target/test-classes/  -flthreshold  0.1  -validation  fr.inria.astor.approaches.extensions.minimpact.validator.RegressionValidation  -testbystep]
[INFO ] fr.inria.main.AbstractMain.determineSourceFolders(AbstractMain.java:806) - Source folders: [/root/workspace/SpoonLabs/astor/383218747/./examples/math_70/src/main/java]
[INFO ] fr.inria.main.AbstractMain.determineSourceFolders(AbstractMain.java:825) - Source Test folders: [/root/workspace/SpoonLabs/astor/383218747/./examples/math_70/src/test/java]
]]></system-out>
  </testcase>
  <testcase name="testjGenProgWithEvoSuiteTests" classname="fr.inria.astor.test.repair.approaches.EvoSuiteGenerationTest" time="0.006">
    <error message="The bin folder  /root/workspace/SpoonLabs/astor/383218747/./examples/math_70/target/classes does not exist." type="java.lang.IllegalArgumentException">java.lang.IllegalArgumentException: The bin folder  /root/workspace/SpoonLabs/astor/383218747/./examples/math_70/target/classes does not exist.
	at fr.inria.main.AbstractMain.determineBinFolder(AbstractMain.java:783)
	at fr.inria.main.AbstractMain.getProjectConfiguration(AbstractMain.java:752)
	at fr.inria.main.evolution.AstorMain.initProject(AstorMain.java:53)
	at fr.inria.main.evolution.AstorMain.run(AstorMain.java:164)
	at fr.inria.main.evolution.AstorMain.execute(AstorMain.java:230)
	at fr.inria.astor.test.repair.approaches.EvoSuiteGenerationTest.testjGenProgWithEvoSuiteTests(EvoSuiteGenerationTest.java:238)
</error>
    <system-out><![CDATA[[-dependencies, /root/workspace/SpoonLabs/astor/383218747/./examples/libs/junit-4.4.jar, -mode, statement, -failing, org.apache.commons.math.analysis.solvers.BisectionSolverTest, -location, /root/workspace/SpoonLabs/astor/383218747/./examples/math_70, -package, org.apache.commons, -srcjavafolder, /src/java/, -srctestfolder, /src/test/, -binjavafolder, /target/classes, -bintestfolder, /target/test-classes, -javacompliancelevel, 7, -flthreshold, 0.5, -out, /root/workspace/SpoonLabs/astor/383218747/./output_astor, -scope, local, -seed, 10, -stopfirst, true, -population, 1, -stopfirst, true, -maxtime, 100, -validation, evosuite, -maxgen, 250]
[INFO ] fr.inria.main.AbstractMain.processArguments(AbstractMain.java:606) - command line arguments: [-dependencies  /root/workspace/SpoonLabs/astor/383218747/./examples/libs/junit-4.4.jar  -mode  statement  -failing  org.apache.commons.math.analysis.solvers.BisectionSolverTest  -location  /root/workspace/SpoonLabs/astor/383218747/./examples/math_70  -package  org.apache.commons  -srcjavafolder  /src/java/  -srctestfolder  /src/test/  -binjavafolder  /target/classes  -bintestfolder  /target/test-classes  -javacompliancelevel  7  -flthreshold  0.5  -out  /root/workspace/SpoonLabs/astor/383218747/./output_astor  -scope  local  -seed  10  -stopfirst  true  -population  1  -stopfirst  true  -maxtime  100  -validation  evosuite  -maxgen  250]
[INFO ] fr.inria.main.AbstractMain.determineSourceFolders(AbstractMain.java:806) - Source folders: [/root/workspace/SpoonLabs/astor/383218747/./examples/math_70/src/main/java]
[INFO ] fr.inria.main.AbstractMain.determineSourceFolders(AbstractMain.java:825) - Source Test folders: [/root/workspace/SpoonLabs/astor/383218747/./examples/math_70/src/test]
]]></system-out>
  </testcase>
</testsuite>