<?xml version="1.0" encoding="UTF-8" ?>
<testsuite tests="68" failures="0" name="jcrapi.IntegrationTest" time="1.734" errors="2" skipped="0">
  <properties>
    <property name="java.runtime.name" value="OpenJDK Runtime Environment"/>
    <property name="sun.boot.library.path" value="/usr/lib/jvm/java-8-openjdk-amd64/jre/lib/amd64"/>
    <property name="java.vm.version" value="25.121-b13"/>
    <property name="java.vm.vendor" value="Oracle Corporation"/>
    <property name="maven.multiModuleProjectDirectory" value="/root/workspace/mlieshoff/jcrapi/341669193"/>
    <property name="java.vendor.url" value="http://java.oracle.com/"/>
    <property name="path.separator" value=":"/>
    <property name="guice.disable.misplaced.annotation.check" value="true"/>
    <property name="java.vm.name" value="OpenJDK 64-Bit Server VM"/>
    <property name="file.encoding.pkg" value="sun.io"/>
    <property name="sun.java.launcher" value="SUN_STANDARD"/>
    <property name="sun.os.patch.level" value="unknown"/>
    <property name="findbugs.skip" value="true"/>
    <property name="java.vm.specification.name" value="Java Virtual Machine Specification"/>
    <property name="user.dir" value="/root/workspace/mlieshoff/jcrapi/341669193"/>
    <property name="checkstyle.skip" value="true"/>
    <property name="java.runtime.version" value="1.8.0_121-8u121-b13-1~bpo8+1-b13"/>
    <property name="java.awt.graphicsenv" value="sun.awt.X11GraphicsEnvironment"/>
    <property name="java.endorsed.dirs" value="/usr/lib/jvm/java-8-openjdk-amd64/jre/lib/endorsed"/>
    <property name="os.arch" value="amd64"/>
    <property name="java.io.tmpdir" value="/tmp"/>
    <property name="gpg.skip" value="true"/>
    <property name="line.separator" value="
"/>
    <property name="java.vm.specification.vendor" value="Oracle Corporation"/>
    <property name="cobertura.skip" value="true"/>
    <property name="os.name" value="Linux"/>
    <property name="classworlds.conf" value="/usr/share/maven/bin/m2.conf"/>
    <property name="sun.jnu.encoding" value="UTF-8"/>
    <property name="java.library.path" value="/usr/java/packages/lib/amd64:/usr/lib/x86_64-linux-gnu/jni:/lib/x86_64-linux-gnu:/usr/lib/x86_64-linux-gnu:/usr/lib/jni:/lib:/usr/lib"/>
    <property name="license.skip" value="true"/>
    <property name="java.specification.name" value="Java Platform API Specification"/>
    <property name="java.class.version" value="52.0"/>
    <property name="sun.management.compiler" value="HotSpot 64-Bit Tiered Compilers"/>
    <property name="maven.repo.local" value="/root/./workspace/mlieshoff/jcrapi/341669193/.m2"/>
    <property name="os.version" value="3.16.0-4-amd64"/>
    <property name="user.home" value="/root"/>
    <property name="user.timezone" value="Europe/Paris"/>
    <property name="java.awt.printerjob" value="sun.print.PSPrinterJob"/>
    <property name="java.specification.version" value="1.8"/>
    <property name="file.encoding" value="UTF-8"/>
    <property name="user.name" value="root"/>
    <property name="java.class.path" value="/usr/share/maven/boot/plexus-classworlds-2.5.2.jar"/>
    <property name="skipITs" value="true"/>
    <property name="java.vm.specification.version" value="1.8"/>
    <property name="sun.arch.data.model" value="64"/>
    <property name="java.home" value="/usr/lib/jvm/java-8-openjdk-amd64/jre"/>
    <property name="sun.java.command" value="org.codehaus.plexus.classworlds.launcher.Launcher -B -D enforcer.skip=true -D skipITs=true -D cobertura.skip=true -D maven.repo.local=/root/./workspace/mlieshoff/jcrapi/341669193/.m2 -D rat.skip=true -D findbugs.skip=true -D gpg.skip=true -D checkstyle.skip=true -D license.skip=true test"/>
    <property name="java.specification.vendor" value="Oracle Corporation"/>
    <property name="user.language" value="en"/>
    <property name="awt.toolkit" value="sun.awt.X11.XToolkit"/>
    <property name="java.vm.info" value="mixed mode"/>
    <property name="java.version" value="1.8.0_121"/>
    <property name="java.ext.dirs" value="/usr/lib/jvm/java-8-openjdk-amd64/jre/lib/ext:/usr/java/packages/lib/ext"/>
    <property name="securerandom.source" value="file:/dev/./urandom"/>
    <property name="sun.boot.class.path" value="/usr/lib/jvm/java-8-openjdk-amd64/jre/lib/resources.jar:/usr/lib/jvm/java-8-openjdk-amd64/jre/lib/rt.jar:/usr/lib/jvm/java-8-openjdk-amd64/jre/lib/sunrsasign.jar:/usr/lib/jvm/java-8-openjdk-amd64/jre/lib/jsse.jar:/usr/lib/jvm/java-8-openjdk-amd64/jre/lib/jce.jar:/usr/lib/jvm/java-8-openjdk-amd64/jre/lib/charsets.jar:/usr/lib/jvm/java-8-openjdk-amd64/jre/lib/jfr.jar:/usr/lib/jvm/java-8-openjdk-amd64/jre/classes"/>
    <property name="java.vendor" value="Oracle Corporation"/>
    <property name="enforcer.skip" value="true"/>
    <property name="rat.skip" value="true"/>
    <property name="maven.home" value="/usr/share/maven"/>
    <property name="file.separator" value="/"/>
    <property name="java.vendor.url.bug" value="http://bugreport.sun.com/bugreport/"/>
    <property name="sun.cpu.endian" value="little"/>
    <property name="sun.io.unicode.encoding" value="UnicodeLittle"/>
    <property name="sun.cpu.isalist" value=""/>
  </properties>
  <testcase classname="jcrapi.IntegrationTest" name="shouldGetVersionWithAuth" time="0.44"/>
  <testcase classname="jcrapi.IntegrationTest" name="shouldGetClanSearchWithAuth" time="0.258"/>
  <testcase classname="jcrapi.IntegrationTest" name="shouldGetProfilesWithAuthFromRequest" time="0.118"/>
  <testcase classname="jcrapi.IntegrationTest" name="shouldGetTopClansWithLocationFromRequest" time="0.023"/>
  <testcase classname="jcrapi.IntegrationTest" name="shouldGetProfilesWithAuth" time="0.135"/>
  <testcase classname="jcrapi.IntegrationTest" name="shouldGetTopClansWithAuth" time="0.013"/>
  <testcase classname="jcrapi.IntegrationTest" name="shouldGetProfileWithAuth" time="0.026"/>
  <testcase classname="jcrapi.IntegrationTest" name="shouldGetAllianceConstantsWithAuth" time="0.007"/>
  <testcase classname="jcrapi.IntegrationTest" name="shouldGetTopPlayersWithAuthFromRequest" time="0.018"/>
  <testcase classname="jcrapi.IntegrationTest" name="failGetClanSearchBecauseWrongAuthFromRequest" time="0.016"/>
  <testcase classname="jcrapi.IntegrationTest" name="failGetClanBattlesBecauseWrongAuthFromRequest" time="0.012"/>
  <testcase classname="jcrapi.IntegrationTest" name="failGetPopularClansBecauseWrongAuth" time="0.008"/>
  <testcase classname="jcrapi.IntegrationTest" name="failGetChestCycleConstantsBecauseWrongAuth" time="0.008"/>
  <testcase classname="jcrapi.IntegrationTest" name="failGetClanBecauseWrongAuthFromRequest" time="0.006"/>
  <testcase classname="jcrapi.IntegrationTest" name="shouldGetClanWithAuthFromRequest" time="0.013"/>
  <testcase classname="jcrapi.IntegrationTest" name="failGetTopPlayersBecauseWrongAuth" time="0.024"/>
  <testcase classname="jcrapi.IntegrationTest" name="failGetProfilesBecauseWrongAuth" time="0.007"/>
  <testcase classname="jcrapi.IntegrationTest" name="failGetRaritiesConstantsBecauseWrongAuth" time="0.005"/>
  <testcase classname="jcrapi.IntegrationTest" name="shouldGetTopPlayersWithLocation" time="0.023"/>
  <testcase classname="jcrapi.IntegrationTest" name="failGetClanSearchBecauseWrongAuth" time="0.006"/>
  <testcase classname="jcrapi.IntegrationTest" name="shouldGetConstantsWithAuth" time="0.018"/>
  <testcase classname="jcrapi.IntegrationTest" name="failGetAllianceConstantsBecauseWrongAuth" time="0.009"/>
  <testcase classname="jcrapi.IntegrationTest" name="failGetConstantsBecauseWrongAuth" time="0.008"/>
  <testcase classname="jcrapi.IntegrationTest" name="shouldGetClanWithAuth" time="0.016"/>
  <testcase classname="jcrapi.IntegrationTest" name="shouldGetClanHistoryWithAuthFromRequest" time="0.013">
    <error message="java.lang.IllegalStateException: Expected a string but was BEGIN_OBJECT at line 1 column 27" type="com.google.gson.JsonSyntaxException">com.google.gson.JsonSyntaxException: java.lang.IllegalStateException: Expected a string but was BEGIN_OBJECT at line 1 column 27
	at com.google.gson.Gson.fromJson(Gson.java:815)
	at com.google.gson.Gson.fromJson(Gson.java:768)
	at com.google.gson.Gson.fromJson(Gson.java:717)
	at com.google.gson.Gson.fromJson(Gson.java:689)
	at jcrapi.Client.getClanHistory(Client.java:344)
	at jcrapi.Api.getClanHistory(Api.java:337)
	at jcrapi.IntegrationTest.doGetClanHistoryFromRequest(IntegrationTest.java:598)
	at jcrapi.IntegrationTest.shouldGetClanHistoryWithAuthFromRequest(IntegrationTest.java:594)
	at sun.reflect.NativeMethodAccessorImpl.invoke0(Native Method)
	at sun.reflect.NativeMethodAccessorImpl.invoke(NativeMethodAccessorImpl.java:62)
	at sun.reflect.DelegatingMethodAccessorImpl.invoke(DelegatingMethodAccessorImpl.java:43)
	at java.lang.reflect.Method.invoke(Method.java:498)
	at org.junit.runners.model.FrameworkMethod$1.runReflectiveCall(FrameworkMethod.java:47)
	at org.junit.internal.runners.model.ReflectiveCallable.run(ReflectiveCallable.java:12)
	at org.junit.runners.model.FrameworkMethod.invokeExplosively(FrameworkMethod.java:44)
	at org.junit.internal.runners.statements.InvokeMethod.evaluate(InvokeMethod.java:17)
	at org.junit.runners.ParentRunner.runLeaf(ParentRunner.java:271)
	at org.junit.runners.BlockJUnit4ClassRunner.runChild(BlockJUnit4ClassRunner.java:70)
	at org.junit.runners.BlockJUnit4ClassRunner.runChild(BlockJUnit4ClassRunner.java:50)
	at org.junit.runners.ParentRunner$3.run(ParentRunner.java:238)
	at org.junit.runners.ParentRunner$1.schedule(ParentRunner.java:63)
	at org.junit.runners.ParentRunner.runChildren(ParentRunner.java:236)
	at org.junit.runners.ParentRunner.access$000(ParentRunner.java:53)
	at org.junit.runners.ParentRunner$2.evaluate(ParentRunner.java:229)
	at org.junit.internal.runners.statements.RunBefores.evaluate(RunBefores.java:26)
	at org.junit.internal.runners.statements.RunAfters.evaluate(RunAfters.java:27)
	at org.junit.runners.ParentRunner.run(ParentRunner.java:309)
	at org.apache.maven.surefire.junit4.JUnit4Provider.execute(JUnit4Provider.java:252)
	at org.apache.maven.surefire.junit4.JUnit4Provider.executeTestSet(JUnit4Provider.java:141)
	at org.apache.maven.surefire.junit4.JUnit4Provider.invoke(JUnit4Provider.java:112)
	at sun.reflect.NativeMethodAccessorImpl.invoke0(Native Method)
	at sun.reflect.NativeMethodAccessorImpl.invoke(NativeMethodAccessorImpl.java:62)
	at sun.reflect.DelegatingMethodAccessorImpl.invoke(DelegatingMethodAccessorImpl.java:43)
	at java.lang.reflect.Method.invoke(Method.java:498)
	at org.apache.maven.surefire.util.ReflectionUtils.invokeMethodWithArray(ReflectionUtils.java:189)
	at org.apache.maven.surefire.booter.ProviderFactory$ProviderProxy.invoke(ProviderFactory.java:165)
	at org.apache.maven.surefire.booter.ProviderFactory.invokeProvider(ProviderFactory.java:85)
	at org.apache.maven.surefire.booter.ForkedBooter.runSuitesInProcess(ForkedBooter.java:115)
	at org.apache.maven.surefire.booter.ForkedBooter.main(ForkedBooter.java:75)
Caused by: java.lang.IllegalStateException: Expected a string but was BEGIN_OBJECT at line 1 column 27
	at com.google.gson.stream.JsonReader.nextString(JsonReader.java:821)
	at com.google.gson.internal.bind.TypeAdapters$13.read(TypeAdapters.java:358)
	at com.google.gson.internal.bind.TypeAdapters$13.read(TypeAdapters.java:346)
	at com.google.gson.internal.bind.TypeAdapterRuntimeTypeWrapper.read(TypeAdapterRuntimeTypeWrapper.java:40)
	at com.google.gson.internal.bind.MapTypeAdapterFactory$Adapter.read(MapTypeAdapterFactory.java:187)
	at com.google.gson.internal.bind.MapTypeAdapterFactory$Adapter.read(MapTypeAdapterFactory.java:145)
	at com.google.gson.Gson.fromJson(Gson.java:803)
	... 38 more
</error>
  </testcase>
  <testcase classname="jcrapi.IntegrationTest" name="failGetProfileBecauseWrongAuthFromRequest" time="0.01"/>
  <testcase classname="jcrapi.IntegrationTest" name="shouldGetPopularTournamentsWithAuth" time="0.043"/>
  <testcase classname="jcrapi.IntegrationTest" name="failGetProfilesBecauseWrongAuthFromRequest" time="0.007"/>
  <testcase classname="jcrapi.IntegrationTest" name="shouldGetTopClansWithAuthFromRequest" time="0.017"/>
  <testcase classname="jcrapi.IntegrationTest" name="failGetCardsConstantsBecauseWrongAuth" time="0.01"/>
  <testcase classname="jcrapi.IntegrationTest" name="shouldGetEndpointsWithAuth" time="0.01"/>
  <testcase classname="jcrapi.IntegrationTest" name="shouldGetCardsConstantsWithAuth" time="0.009"/>
  <testcase classname="jcrapi.IntegrationTest" name="shouldGetChestCycleConstantsWithAuth" time="0.007"/>
  <testcase classname="jcrapi.IntegrationTest" name="failGetVersionBecauseWrongAuth" time="0.006"/>
  <testcase classname="jcrapi.IntegrationTest" name="shouldGetClanBattlesWithAuthFromRequest" time="0.014"/>
  <testcase classname="jcrapi.IntegrationTest" name="shouldGetTournamentsWithAuth" time="0.05"/>
  <testcase classname="jcrapi.IntegrationTest" name="failGetTopPlayersBecauseWrongAuthFromRequest" time="0.004"/>
  <testcase classname="jcrapi.IntegrationTest" name="failGetTournamentsBecauseWrongAuthFromRequest" time="0.005"/>
  <testcase classname="jcrapi.IntegrationTest" name="shouldGetRaritiesConstantsWithAuth" time="0.006"/>
  <testcase classname="jcrapi.IntegrationTest" name="shouldGetProfileWithAuthFromRequest" time="0.017"/>
  <testcase classname="jcrapi.IntegrationTest" name="failGetProfileBecauseWrongAuth" time="0.005"/>
  <testcase classname="jcrapi.IntegrationTest" name="shouldGetClanSearchWithAuthFromRequest" time="0.03"/>
  <testcase classname="jcrapi.IntegrationTest" name="failGetCountryCodesConstantsBecauseWrongAuth" time="0.007"/>
  <testcase classname="jcrapi.IntegrationTest" name="shouldGetTournamentsWithAuthFromRequest" time="0.006"/>
  <testcase classname="jcrapi.IntegrationTest" name="shouldGetArenasConstantsWithAuth" time="0.006"/>
  <testcase classname="jcrapi.IntegrationTest" name="shouldGetClanHistoryWithAuth" time="0.008">
    <error message="java.lang.IllegalStateException: Expected a string but was BEGIN_OBJECT at line 1 column 27" type="com.google.gson.JsonSyntaxException">com.google.gson.JsonSyntaxException: java.lang.IllegalStateException: Expected a string but was BEGIN_OBJECT at line 1 column 27
	at com.google.gson.Gson.fromJson(Gson.java:815)
	at com.google.gson.Gson.fromJson(Gson.java:768)
	at com.google.gson.Gson.fromJson(Gson.java:717)
	at com.google.gson.Gson.fromJson(Gson.java:689)
	at jcrapi.Client.getClanHistory(Client.java:344)
	at jcrapi.Api.getClanHistory(Api.java:337)
	at jcrapi.Api.getClanHistory(Api.java:332)
	at jcrapi.IntegrationTest.doGetClanHistory(IntegrationTest.java:584)
	at jcrapi.IntegrationTest.shouldGetClanHistoryWithAuth(IntegrationTest.java:580)
	at sun.reflect.NativeMethodAccessorImpl.invoke0(Native Method)
	at sun.reflect.NativeMethodAccessorImpl.invoke(NativeMethodAccessorImpl.java:62)
	at sun.reflect.DelegatingMethodAccessorImpl.invoke(DelegatingMethodAccessorImpl.java:43)
	at java.lang.reflect.Method.invoke(Method.java:498)
	at org.junit.runners.model.FrameworkMethod$1.runReflectiveCall(FrameworkMethod.java:47)
	at org.junit.internal.runners.model.ReflectiveCallable.run(ReflectiveCallable.java:12)
	at org.junit.runners.model.FrameworkMethod.invokeExplosively(FrameworkMethod.java:44)
	at org.junit.internal.runners.statements.InvokeMethod.evaluate(InvokeMethod.java:17)
	at org.junit.runners.ParentRunner.runLeaf(ParentRunner.java:271)
	at org.junit.runners.BlockJUnit4ClassRunner.runChild(BlockJUnit4ClassRunner.java:70)
	at org.junit.runners.BlockJUnit4ClassRunner.runChild(BlockJUnit4ClassRunner.java:50)
	at org.junit.runners.ParentRunner$3.run(ParentRunner.java:238)
	at org.junit.runners.ParentRunner$1.schedule(ParentRunner.java:63)
	at org.junit.runners.ParentRunner.runChildren(ParentRunner.java:236)
	at org.junit.runners.ParentRunner.access$000(ParentRunner.java:53)
	at org.junit.runners.ParentRunner$2.evaluate(ParentRunner.java:229)
	at org.junit.internal.runners.statements.RunBefores.evaluate(RunBefores.java:26)
	at org.junit.internal.runners.statements.RunAfters.evaluate(RunAfters.java:27)
	at org.junit.runners.ParentRunner.run(ParentRunner.java:309)
	at org.apache.maven.surefire.junit4.JUnit4Provider.execute(JUnit4Provider.java:252)
	at org.apache.maven.surefire.junit4.JUnit4Provider.executeTestSet(JUnit4Provider.java:141)
	at org.apache.maven.surefire.junit4.JUnit4Provider.invoke(JUnit4Provider.java:112)
	at sun.reflect.NativeMethodAccessorImpl.invoke0(Native Method)
	at sun.reflect.NativeMethodAccessorImpl.invoke(NativeMethodAccessorImpl.java:62)
	at sun.reflect.DelegatingMethodAccessorImpl.invoke(DelegatingMethodAccessorImpl.java:43)
	at java.lang.reflect.Method.invoke(Method.java:498)
	at org.apache.maven.surefire.util.ReflectionUtils.invokeMethodWithArray(ReflectionUtils.java:189)
	at org.apache.maven.surefire.booter.ProviderFactory$ProviderProxy.invoke(ProviderFactory.java:165)
	at org.apache.maven.surefire.booter.ProviderFactory.invokeProvider(ProviderFactory.java:85)
	at org.apache.maven.surefire.booter.ForkedBooter.runSuitesInProcess(ForkedBooter.java:115)
	at org.apache.maven.surefire.booter.ForkedBooter.main(ForkedBooter.java:75)
Caused by: java.lang.IllegalStateException: Expected a string but was BEGIN_OBJECT at line 1 column 27
	at com.google.gson.stream.JsonReader.nextString(JsonReader.java:821)
	at com.google.gson.internal.bind.TypeAdapters$13.read(TypeAdapters.java:358)
	at com.google.gson.internal.bind.TypeAdapters$13.read(TypeAdapters.java:346)
	at com.google.gson.internal.bind.TypeAdapterRuntimeTypeWrapper.read(TypeAdapterRuntimeTypeWrapper.java:40)
	at com.google.gson.internal.bind.MapTypeAdapterFactory$Adapter.read(MapTypeAdapterFactory.java:187)
	at com.google.gson.internal.bind.MapTypeAdapterFactory$Adapter.read(MapTypeAdapterFactory.java:145)
	at com.google.gson.Gson.fromJson(Gson.java:803)
	... 39 more
</error>
  </testcase>
  <testcase classname="jcrapi.IntegrationTest" name="shouldGetClansWithAuth" time="0.027"/>
  <testcase classname="jcrapi.IntegrationTest" name="failGetClanBattlesBecauseWrongAuth" time="0.004"/>
  <testcase classname="jcrapi.IntegrationTest" name="failGetPopularPlayersBecauseWrongAuth" time="0.003"/>
  <testcase classname="jcrapi.IntegrationTest" name="failGetTournamentsBecauseWrongAuth" time="0.004"/>
  <testcase classname="jcrapi.IntegrationTest" name="failGetArenasConstantsBecauseWrongAuth" time="0.005"/>
  <testcase classname="jcrapi.IntegrationTest" name="failGetClanHistoryBecauseWrongAuthFromRequest" time="0.012"/>
  <testcase classname="jcrapi.IntegrationTest" name="shouldGetPopularClansWithAuth" time="0.022"/>
  <testcase classname="jcrapi.IntegrationTest" name="shouldGetPopularPlayersWithAuth" time="0.03"/>
  <testcase classname="jcrapi.IntegrationTest" name="shouldGetClanBattlesWithAuth" time="0.008"/>
  <testcase classname="jcrapi.IntegrationTest" name="shouldGetTopPlayersWithAuth" time="0.008"/>
  <testcase classname="jcrapi.IntegrationTest" name="shouldGetBadgesConstantsWithAuth" time="0.013"/>
  <testcase classname="jcrapi.IntegrationTest" name="failGetClansBecauseWrongAuth" time="0.008"/>
  <testcase classname="jcrapi.IntegrationTest" name="failGetClanBecauseWrongAuth" time="0.006"/>
  <testcase classname="jcrapi.IntegrationTest" name="failGetPopularTournamentsBecauseWrongAuth" time="0.009"/>
  <testcase classname="jcrapi.IntegrationTest" name="failGetTopClansBecauseWrongAuthFromRequest" time="0.009"/>
  <testcase classname="jcrapi.IntegrationTest" name="shouldGetTopClansWithLocation" time="0.014"/>
  <testcase classname="jcrapi.IntegrationTest" name="failGetClanHistoryBecauseWrongAuth" time="0.005"/>
  <testcase classname="jcrapi.IntegrationTest" name="shouldGetCountryCodesConstantsWithAuth" time="0.014"/>
  <testcase classname="jcrapi.IntegrationTest" name="failGetTopClansBecauseWrongAuth" time="0.005"/>
  <testcase classname="jcrapi.IntegrationTest" name="failGetEndpointsBecauseWrongAuth" time="0.005"/>
  <testcase classname="jcrapi.IntegrationTest" name="shouldGetTopPlayersWithLocationFromRequest" time="0.01"/>
  <testcase classname="jcrapi.IntegrationTest" name="failGetBadgesConstantsBecauseWrongAuth" time="0.006"/>
</testsuite>