<?xml version="1.0" encoding="UTF-8" ?>
<testsuite tests="2" failures="1" name="innovimax.mixthem.GenericTest" time="0.529" errors="0" skipped="0">
  <properties>
    <property name="java.runtime.name" value="OpenJDK Runtime Environment"/>
    <property name="sun.boot.library.path" value="/usr/lib/jvm/java-8-openjdk-amd64/jre/lib/amd64"/>
    <property name="java.vm.version" value="25.121-b13"/>
    <property name="java.vm.vendor" value="Oracle Corporation"/>
    <property name="maven.multiModuleProjectDirectory" value="/root/workspace/Innovimax-SARL/mix-them/374315970"/>
    <property name="java.vendor.url" value="http://java.oracle.com/"/>
    <property name="path.separator" value=":"/>
    <property name="guice.disable.misplaced.annotation.check" value="true"/>
    <property name="skip.gulp" value="true"/>
    <property name="java.vm.name" value="OpenJDK 64-Bit Server VM"/>
    <property name="file.encoding.pkg" value="sun.io"/>
    <property name="sun.java.launcher" value="SUN_STANDARD"/>
    <property name="sun.os.patch.level" value="unknown"/>
    <property name="findbugs.skip" value="true"/>
    <property name="java.vm.specification.name" value="Java Virtual Machine Specification"/>
    <property name="user.dir" value="/root/workspace/Innovimax-SARL/mix-them/374315970"/>
    <property name="checkstyle.skip" value="true"/>
    <property name="java.runtime.version" value="1.8.0_121-8u121-b13-1~bpo8+1-b13"/>
    <property name="java.awt.graphicsenv" value="sun.awt.X11GraphicsEnvironment"/>
    <property name="skip.npm" value="true"/>
    <property name="java.endorsed.dirs" value="/usr/lib/jvm/java-8-openjdk-amd64/jre/lib/endorsed"/>
    <property name="os.arch" value="amd64"/>
    <property name="java.io.tmpdir" value="/tmp"/>
    <property name="gpg.skip" value="true"/>
    <property name="line.separator" value="
"/>
    <property name="java.vm.specification.vendor" value="Oracle Corporation"/>
    <property name="cobertura.skip" value="true"/>
    <property name="os.name" value="Linux"/>
    <property name="classworlds.conf" value="/usr/share/maven/bin/m2.conf"/>
    <property name="sun.jnu.encoding" value="UTF-8"/>
    <property name="java.library.path" value="/usr/java/packages/lib/amd64:/usr/lib/x86_64-linux-gnu/jni:/lib/x86_64-linux-gnu:/usr/lib/x86_64-linux-gnu:/usr/lib/jni:/lib:/usr/lib"/>
    <property name="license.skip" value="true"/>
    <property name="java.specification.name" value="Java Platform API Specification"/>
    <property name="java.class.version" value="52.0"/>
    <property name="sun.management.compiler" value="HotSpot 64-Bit Tiered Compilers"/>
    <property name="skip.bower" value="true"/>
    <property name="maven.repo.local" value="/root/./workspace/Innovimax-SARL/mix-them/374315970/.m2"/>
    <property name="os.version" value="3.10.0-693.21.1.el7.x86_64"/>
    <property name="user.home" value="/root"/>
    <property name="user.timezone" value="Europe/Paris"/>
    <property name="java.awt.printerjob" value="sun.print.PSPrinterJob"/>
    <property name="java.specification.version" value="1.8"/>
    <property name="file.encoding" value="UTF-8"/>
    <property name="user.name" value="root"/>
    <property name="java.class.path" value="/usr/share/maven/boot/plexus-classworlds-2.5.2.jar"/>
    <property name="skipITs" value="true"/>
    <property name="java.vm.specification.version" value="1.8"/>
    <property name="sun.arch.data.model" value="64"/>
    <property name="java.home" value="/usr/lib/jvm/java-8-openjdk-amd64/jre"/>
    <property name="sun.java.command" value="org.codehaus.plexus.classworlds.launcher.Launcher -D enforcer.skip=true -D skipITs=true -D cobertura.skip=true -D maven.repo.local=/root/./workspace/Innovimax-SARL/mix-them/374315970/.m2 -D rat.skip=true -D findbugs.skip=true -D skip.bower=true -D gpg.skip=true -D checkstyle.skip=true -D skip.gulp=true -D license.skip=true -D skip.npm=true test"/>
    <property name="java.specification.vendor" value="Oracle Corporation"/>
    <property name="user.language" value="en"/>
    <property name="awt.toolkit" value="sun.awt.X11.XToolkit"/>
    <property name="java.vm.info" value="mixed mode"/>
    <property name="java.version" value="1.8.0_121"/>
    <property name="java.ext.dirs" value="/usr/lib/jvm/java-8-openjdk-amd64/jre/lib/ext:/usr/java/packages/lib/ext"/>
    <property name="securerandom.source" value="file:/dev/./urandom"/>
    <property name="sun.boot.class.path" value="/usr/lib/jvm/java-8-openjdk-amd64/jre/lib/resources.jar:/usr/lib/jvm/java-8-openjdk-amd64/jre/lib/rt.jar:/usr/lib/jvm/java-8-openjdk-amd64/jre/lib/sunrsasign.jar:/usr/lib/jvm/java-8-openjdk-amd64/jre/lib/jsse.jar:/usr/lib/jvm/java-8-openjdk-amd64/jre/lib/jce.jar:/usr/lib/jvm/java-8-openjdk-amd64/jre/lib/charsets.jar:/usr/lib/jvm/java-8-openjdk-amd64/jre/lib/jfr.jar:/usr/lib/jvm/java-8-openjdk-amd64/jre/classes"/>
    <property name="java.vendor" value="Oracle Corporation"/>
    <property name="enforcer.skip" value="true"/>
    <property name="rat.skip" value="true"/>
    <property name="maven.home" value="/usr/share/maven"/>
    <property name="file.separator" value="/"/>
    <property name="java.vendor.url.bug" value="http://bugreport.sun.com/bugreport/"/>
    <property name="sun.cpu.endian" value="little"/>
    <property name="sun.io.unicode.encoding" value="UnicodeLittle"/>
    <property name="sun.cpu.isalist" value=""/>
  </properties>
  <testcase classname="innovimax.mixthem.GenericTest" name="testCharRules" time="0.496"/>
  <testcase classname="innovimax.mixthem.GenericTest" name="testBytesRules" time="0.033">
    <failure type="java.lang.AssertionError">java.lang.AssertionError
	at org.junit.Assert.fail(Assert.java:86)
	at org.junit.Assert.assertTrue(Assert.java:41)
	at org.junit.Assert.assertTrue(Assert.java:52)
	at innovimax.mixthem.GenericTest.testRules(GenericTest.java:85)
	at innovimax.mixthem.GenericTest.testBytesRules(GenericTest.java:35)
	at sun.reflect.NativeMethodAccessorImpl.invoke0(Native Method)
	at sun.reflect.NativeMethodAccessorImpl.invoke(NativeMethodAccessorImpl.java:62)
	at sun.reflect.DelegatingMethodAccessorImpl.invoke(DelegatingMethodAccessorImpl.java:43)
	at java.lang.reflect.Method.invoke(Method.java:498)
	at org.junit.runners.model.FrameworkMethod$1.runReflectiveCall(FrameworkMethod.java:50)
	at org.junit.internal.runners.model.ReflectiveCallable.run(ReflectiveCallable.java:12)
	at org.junit.runners.model.FrameworkMethod.invokeExplosively(FrameworkMethod.java:47)
	at org.junit.internal.runners.statements.InvokeMethod.evaluate(InvokeMethod.java:17)
	at org.junit.runners.ParentRunner.runLeaf(ParentRunner.java:325)
	at org.junit.runners.BlockJUnit4ClassRunner.runChild(BlockJUnit4ClassRunner.java:78)
	at org.junit.runners.BlockJUnit4ClassRunner.runChild(BlockJUnit4ClassRunner.java:57)
	at org.junit.runners.ParentRunner$3.run(ParentRunner.java:290)
	at org.junit.runners.ParentRunner$1.schedule(ParentRunner.java:71)
	at org.junit.runners.ParentRunner.runChildren(ParentRunner.java:288)
	at org.junit.runners.ParentRunner.access$000(ParentRunner.java:58)
	at org.junit.runners.ParentRunner$2.evaluate(ParentRunner.java:268)
	at org.junit.runners.ParentRunner.run(ParentRunner.java:363)
	at org.apache.maven.surefire.junit4.JUnit4Provider.execute(JUnit4Provider.java:252)
	at org.apache.maven.surefire.junit4.JUnit4Provider.executeTestSet(JUnit4Provider.java:141)
	at org.apache.maven.surefire.junit4.JUnit4Provider.invoke(JUnit4Provider.java:112)
	at sun.reflect.NativeMethodAccessorImpl.invoke0(Native Method)
	at sun.reflect.NativeMethodAccessorImpl.invoke(NativeMethodAccessorImpl.java:62)
	at sun.reflect.DelegatingMethodAccessorImpl.invoke(DelegatingMethodAccessorImpl.java:43)
	at java.lang.reflect.Method.invoke(Method.java:498)
	at org.apache.maven.surefire.util.ReflectionUtils.invokeMethodWithArray(ReflectionUtils.java:189)
	at org.apache.maven.surefire.booter.ProviderFactory$ProviderProxy.invoke(ProviderFactory.java:165)
	at org.apache.maven.surefire.booter.ProviderFactory.invokeProvider(ProviderFactory.java:85)
	at org.apache.maven.surefire.booter.ForkedBooter.runSuitesInProcess(ForkedBooter.java:115)
	at org.apache.maven.surefire.booter.ForkedBooter.main(ForkedBooter.java:75)
</failure>
    <system-out>1
2
3
4
5
6
7
8
9
10
A
B
C
D
E
F
G
H
I
J
K
L
M
N
1
2
3
4
5
6
7
8
9
10
A
B
C
D
E
F
G
H
I
J
K
L
M
N
</system-out>
    <system-err>[INFO] MixThem: TEST [BYTE] N° 1***********************************************************
[INFO] MixThem: File 1 : file:/root/workspace/Innovimax-SARL/mix-them/374315970/target/test-classes/innovimax/mixthem/test001_file1.txt
[INFO] MixThem: File 2 : file:/root/workspace/Innovimax-SARL/mix-them/374315970/target/test-classes/innovimax/mixthem/test001_file2.txt
[INFO] MixThem: --------------------------------------------------------------------
[INFO] MixThem: Result file : file:/root/workspace/Innovimax-SARL/mix-them/374315970/target/test-classes/innovimax/mixthem/test001_output-1.txt
[INFO] MixThem: --------------------------------------------------------------------
[INFO] MixThem: Run and check result...
[INFO] MixThem: Started mixing for [byte] rule &apos;1&apos;...
[INFO] MixThem: Ended mixing for [byte] rule &apos;1&apos;.
[INFO] MixThem: Run and print result...
[INFO] MixThem: Started mixing for [byte] rule &apos;1&apos;...
[INFO] MixThem: Ended mixing for [byte] rule &apos;1&apos;.
[INFO] MixThem: Run pass with params {}
[INFO] MixThem: --------------------------------------------------------------------
[INFO] MixThem: Result file : file:/root/workspace/Innovimax-SARL/mix-them/374315970/target/test-classes/innovimax/mixthem/test001_output-2.txt
[INFO] MixThem: --------------------------------------------------------------------
[INFO] MixThem: Run and check result...
[INFO] MixThem: Started mixing for [byte] rule &apos;2&apos;...
[INFO] MixThem: Ended mixing for [byte] rule &apos;2&apos;.
[INFO] MixThem: Run and print result...
[INFO] MixThem: Started mixing for [byte] rule &apos;2&apos;...
[INFO] MixThem: Ended mixing for [byte] rule &apos;2&apos;.
[INFO] MixThem: Run pass with params {}
[INFO] MixThem: --------------------------------------------------------------------
[INFO] MixThem: Result file : file:/root/workspace/Innovimax-SARL/mix-them/374315970/target/test-classes/innovimax/mixthem/test001_output-add.txt
[INFO] MixThem: --------------------------------------------------------------------
[INFO] MixThem: Run and check result...
[INFO] MixThem: Started mixing for [byte] rule &apos;+&apos;...
[INFO] MixThem: Ended mixing for [byte] rule &apos;+&apos;.
[INFO] MixThem: Run and print result...
[INFO] MixThem: Started mixing for [byte] rule &apos;+&apos;...
[INFO] MixThem: Ended mixing for [byte] rule &apos;+&apos;.
[INFO] MixThem: Run pass with params {}
[INFO] MixThem: TEST [BYTE] N° 2***********************************************************
[INFO] MixThem: File 1 : file:/root/workspace/Innovimax-SARL/mix-them/374315970/target/test-classes/innovimax/mixthem/test002_file1.txt
[INFO] MixThem: File 2 : file:/root/workspace/Innovimax-SARL/mix-them/374315970/target/test-classes/innovimax/mixthem/test002_file2.txt
[INFO] MixThem: --------------------------------------------------------------------
[INFO] MixThem: Result file : file:/root/workspace/Innovimax-SARL/mix-them/374315970/target/test-classes/innovimax/mixthem/test002_output-altbyte.txt
[INFO] MixThem: --------------------------------------------------------------------
[INFO] MixThem: Run and check result...
[INFO] MixThem: Started mixing for [byte] rule &apos;alt-byte&apos;...
[INFO] MixThem: Ended mixing for [byte] rule &apos;alt-byte&apos;.
[INFO] MixThem: Run and print result...
[INFO] MixThem: Started mixing for [byte] rule &apos;alt-byte&apos;...
[INFO] MixThem: Ended mixing for [byte] rule &apos;alt-byte&apos;.
[INFO] MixThem: Run FAIL with params {}
[INFO] MixThem: TEST [BYTE] N° 3***********************************************************
[INFO] MixThem: File 1 : file:/root/workspace/Innovimax-SARL/mix-them/374315970/target/test-classes/innovimax/mixthem/test003_file1.txt
[INFO] MixThem: File 2 : file:/root/workspace/Innovimax-SARL/mix-them/374315970/target/test-classes/innovimax/mixthem/test003_file2.txt
[INFO] MixThem: TEST [BYTE] N° 4***********************************************************
[INFO] MixThem: File 1 : file:/root/workspace/Innovimax-SARL/mix-them/374315970/target/test-classes/innovimax/mixthem/test004_file1.txt
[INFO] MixThem: File 2 : file:/root/workspace/Innovimax-SARL/mix-them/374315970/target/test-classes/innovimax/mixthem/test004_file2.txt
[INFO] MixThem: TEST [BYTE] N° 5***********************************************************
[INFO] MixThem: File 1 : file:/root/workspace/Innovimax-SARL/mix-them/374315970/target/test-classes/innovimax/mixthem/test005_file1.txt
[INFO] MixThem: File 2 : file:/root/workspace/Innovimax-SARL/mix-them/374315970/target/test-classes/innovimax/mixthem/test005_file2.txt
[INFO] MixThem: TEST [BYTE] N° 6***********************************************************
[INFO] MixThem: File 1 : file:/root/workspace/Innovimax-SARL/mix-them/374315970/target/test-classes/innovimax/mixthem/test006_file1.txt
[INFO] MixThem: File 2 : file:/root/workspace/Innovimax-SARL/mix-them/374315970/target/test-classes/innovimax/mixthem/test006_file2.txt
[INFO] MixThem: TEST [BYTE] N° 7***********************************************************
[INFO] MixThem: File 1 : file:/root/workspace/Innovimax-SARL/mix-them/374315970/target/test-classes/innovimax/mixthem/test007_file1.txt
[INFO] MixThem: File 2 : file:/root/workspace/Innovimax-SARL/mix-them/374315970/target/test-classes/innovimax/mixthem/test007_file2.txt
[INFO] MixThem: TEST [BYTE] N° 8***********************************************************
[INFO] MixThem: File 1 : file:/root/workspace/Innovimax-SARL/mix-them/374315970/target/test-classes/innovimax/mixthem/test008_file1.txt
[INFO] MixThem: File 2 : file:/root/workspace/Innovimax-SARL/mix-them/374315970/target/test-classes/innovimax/mixthem/test008_file2.txt
[INFO] MixThem: TEST [BYTE] N° 9***********************************************************
[INFO] MixThem: File 1 : file:/root/workspace/Innovimax-SARL/mix-them/374315970/target/test-classes/innovimax/mixthem/test009_file1.txt
[INFO] MixThem: File 2 : file:/root/workspace/Innovimax-SARL/mix-them/374315970/target/test-classes/innovimax/mixthem/test009_file2.txt
[INFO] MixThem: TEST [BYTE] N° 10***********************************************************
[INFO] MixThem: File 1 : file:/root/workspace/Innovimax-SARL/mix-them/374315970/target/test-classes/innovimax/mixthem/test010_file1.txt
[INFO] MixThem: File 2 : file:/root/workspace/Innovimax-SARL/mix-them/374315970/target/test-classes/innovimax/mixthem/test010_file2.txt
[INFO] MixThem: TEST [BYTE] N° 11***********************************************************
[INFO] MixThem: File 1 : file:/root/workspace/Innovimax-SARL/mix-them/374315970/target/test-classes/innovimax/mixthem/test011_file1.txt
[INFO] MixThem: File 2 : file:/root/workspace/Innovimax-SARL/mix-them/374315970/target/test-classes/innovimax/mixthem/test011_file2.txt
[INFO] MixThem: TEST [BYTE] N° 12***********************************************************
[INFO] MixThem: File 1 : file:/root/workspace/Innovimax-SARL/mix-them/374315970/target/test-classes/innovimax/mixthem/test012_file1.txt
[INFO] MixThem: File 2 : file:/root/workspace/Innovimax-SARL/mix-them/374315970/target/test-classes/innovimax/mixthem/test012_file2.txt
[INFO] MixThem: TEST [BYTE] N° 13***********************************************************
[INFO] MixThem: File 1 : file:/root/workspace/Innovimax-SARL/mix-them/374315970/target/test-classes/innovimax/mixthem/test013_file1.txt
[INFO] MixThem: File 2 : file:/root/workspace/Innovimax-SARL/mix-them/374315970/target/test-classes/innovimax/mixthem/test013_file2.txt
[INFO] MixThem: TEST [BYTE] N° 14***********************************************************
[INFO] MixThem: File 1 : file:/root/workspace/Innovimax-SARL/mix-them/374315970/target/test-classes/innovimax/mixthem/test014_file1.txt
[INFO] MixThem: File 2 : file:/root/workspace/Innovimax-SARL/mix-them/374315970/target/test-classes/innovimax/mixthem/test014_file2.txt
[INFO] MixThem: TEST [BYTE] N° 15***********************************************************
[INFO] MixThem: File 1 : file:/root/workspace/Innovimax-SARL/mix-them/374315970/target/test-classes/innovimax/mixthem/test015_file1.txt
[INFO] MixThem: File 2 : file:/root/workspace/Innovimax-SARL/mix-them/374315970/target/test-classes/innovimax/mixthem/test015_file2.txt
[INFO] MixThem: TEST [BYTE] N° 16***********************************************************
[INFO] MixThem: File 1 : file:/root/workspace/Innovimax-SARL/mix-them/374315970/target/test-classes/innovimax/mixthem/test016_file1.txt
[INFO] MixThem: File 2 : file:/root/workspace/Innovimax-SARL/mix-them/374315970/target/test-classes/innovimax/mixthem/test016_file2.txt
[INFO] MixThem: TEST [BYTE] N° 17***********************************************************
[INFO] MixThem: File 1 : file:/root/workspace/Innovimax-SARL/mix-them/374315970/target/test-classes/innovimax/mixthem/test017_file1.txt
[INFO] MixThem: File 2 : file:/root/workspace/Innovimax-SARL/mix-them/374315970/target/test-classes/innovimax/mixthem/test017_file2.txt
[INFO] MixThem: TEST [BYTE] N° 18***********************************************************
[INFO] MixThem: File 1 : file:/root/workspace/Innovimax-SARL/mix-them/374315970/target/test-classes/innovimax/mixthem/test018_file1.txt
[INFO] MixThem: File 2 : file:/root/workspace/Innovimax-SARL/mix-them/374315970/target/test-classes/innovimax/mixthem/test018_file2.txt
[INFO] MixThem: TEST [BYTE] N° 19***********************************************************
[INFO] MixThem: *********************************************************************
[INFO] MixThem: FAILED [BYTE] TESTS : [2]
[INFO] MixThem: *********************************************************************
</system-err>
  </testcase>
</testsuite>