<?xml version="1.0" encoding="UTF-8" ?>
<testsuite tests="6" failures="1" name="org.docksidestage.whitebox.async.WxAsyncManagerTest" time="1.703" errors="0" skipped="0">
  <properties>
    <property name="java.runtime.name" value="OpenJDK Runtime Environment"/>
    <property name="sun.boot.library.path" value="/usr/lib/jvm/java-8-openjdk-amd64/jre/lib/amd64"/>
    <property name="java.vm.version" value="25.121-b13"/>
    <property name="java.vm.vendor" value="Oracle Corporation"/>
    <property name="maven.multiModuleProjectDirectory" value="/root/workspace/lastaflute/lastaflute-test-fortress/383903291"/>
    <property name="java.vendor.url" value="http://java.oracle.com/"/>
    <property name="path.separator" value=":"/>
    <property name="guice.disable.misplaced.annotation.check" value="true"/>
    <property name="skip.gulp" value="true"/>
    <property name="java.vm.name" value="OpenJDK 64-Bit Server VM"/>
    <property name="file.encoding.pkg" value="sun.io"/>
    <property name="sun.java.launcher" value="SUN_STANDARD"/>
    <property name="sun.os.patch.level" value="unknown"/>
    <property name="findbugs.skip" value="true"/>
    <property name="java.vm.specification.name" value="Java Virtual Machine Specification"/>
    <property name="user.dir" value="/root/workspace/lastaflute/lastaflute-test-fortress/383903291"/>
    <property name="checkstyle.skip" value="true"/>
    <property name="java.runtime.version" value="1.8.0_121-8u121-b13-1~bpo8+1-b13"/>
    <property name="java.awt.graphicsenv" value="sun.awt.X11GraphicsEnvironment"/>
    <property name="skip.npm" value="true"/>
    <property name="java.endorsed.dirs" value="/usr/lib/jvm/java-8-openjdk-amd64/jre/lib/endorsed"/>
    <property name="os.arch" value="amd64"/>
    <property name="java.io.tmpdir" value="/tmp"/>
    <property name="gpg.skip" value="true"/>
    <property name="line.separator" value="
"/>
    <property name="java.vm.specification.vendor" value="Oracle Corporation"/>
    <property name="cobertura.skip" value="true"/>
    <property name="os.name" value="Linux"/>
    <property name="classworlds.conf" value="/usr/share/maven/bin/m2.conf"/>
    <property name="sun.jnu.encoding" value="UTF-8"/>
    <property name="java.library.path" value="/usr/java/packages/lib/amd64:/usr/lib/x86_64-linux-gnu/jni:/lib/x86_64-linux-gnu:/usr/lib/x86_64-linux-gnu:/usr/lib/jni:/lib:/usr/lib"/>
    <property name="license.skip" value="true"/>
    <property name="java.specification.name" value="Java Platform API Specification"/>
    <property name="java.class.version" value="52.0"/>
    <property name="sun.management.compiler" value="HotSpot 64-Bit Tiered Compilers"/>
    <property name="skip.bower" value="true"/>
    <property name="maven.repo.local" value="/root/./workspace/lastaflute/lastaflute-test-fortress/383903291/.m2"/>
    <property name="os.version" value="3.10.0-862.2.3.el7.x86_64"/>
    <property name="user.home" value="/root"/>
    <property name="user.timezone" value="Europe/Paris"/>
    <property name="java.awt.printerjob" value="sun.print.PSPrinterJob"/>
    <property name="java.specification.version" value="1.8"/>
    <property name="file.encoding" value="UTF-8"/>
    <property name="user.name" value="root"/>
    <property name="java.class.path" value="/usr/share/maven/boot/plexus-classworlds-2.5.2.jar"/>
    <property name="skipITs" value="true"/>
    <property name="java.vm.specification.version" value="1.8"/>
    <property name="sun.arch.data.model" value="64"/>
    <property name="java.home" value="/usr/lib/jvm/java-8-openjdk-amd64/jre"/>
    <property name="sun.java.command" value="org.codehaus.plexus.classworlds.launcher.Launcher -B -D enforcer.skip=true -D dependency-check.skip=true -D skipITs=true -D cobertura.skip=true -D maven.repo.local=/root/./workspace/lastaflute/lastaflute-test-fortress/383903291/.m2 -D rat.skip=true -D findbugs.skip=true -D skip.bower=true -D gpg.skip=true -D checkstyle.skip=true -D skip.gulp=true -D license.skip=true -D skip.npm=true test"/>
    <property name="java.specification.vendor" value="Oracle Corporation"/>
    <property name="user.language" value="en"/>
    <property name="awt.toolkit" value="sun.awt.X11.XToolkit"/>
    <property name="dependency-check.skip" value="true"/>
    <property name="java.vm.info" value="mixed mode"/>
    <property name="java.version" value="1.8.0_121"/>
    <property name="java.ext.dirs" value="/usr/lib/jvm/java-8-openjdk-amd64/jre/lib/ext:/usr/java/packages/lib/ext"/>
    <property name="securerandom.source" value="file:/dev/./urandom"/>
    <property name="sun.boot.class.path" value="/usr/lib/jvm/java-8-openjdk-amd64/jre/lib/resources.jar:/usr/lib/jvm/java-8-openjdk-amd64/jre/lib/rt.jar:/usr/lib/jvm/java-8-openjdk-amd64/jre/lib/sunrsasign.jar:/usr/lib/jvm/java-8-openjdk-amd64/jre/lib/jsse.jar:/usr/lib/jvm/java-8-openjdk-amd64/jre/lib/jce.jar:/usr/lib/jvm/java-8-openjdk-amd64/jre/lib/charsets.jar:/usr/lib/jvm/java-8-openjdk-amd64/jre/lib/jfr.jar:/usr/lib/jvm/java-8-openjdk-amd64/jre/classes"/>
    <property name="java.vendor" value="Oracle Corporation"/>
    <property name="enforcer.skip" value="true"/>
    <property name="rat.skip" value="true"/>
    <property name="maven.home" value="/usr/share/maven"/>
    <property name="file.separator" value="/"/>
    <property name="java.vendor.url.bug" value="http://bugreport.sun.com/bugreport/"/>
    <property name="sun.cpu.endian" value="little"/>
    <property name="sun.io.unicode.encoding" value="UnicodeLittle"/>
    <property name="sun.cpu.isalist" value=""/>
  </properties>
  <testcase classname="org.docksidestage.whitebox.async.WxAsyncManagerTest" name="test_async_exception" time="0.313"/>
  <testcase classname="org.docksidestage.whitebox.async.WxAsyncManagerTest" name="test_parallel_params" time="0.021"/>
  <testcase classname="org.docksidestage.whitebox.async.WxAsyncManagerTest" name="test_parallel_withoutParams" time="0.011"/>
  <testcase classname="org.docksidestage.whitebox.async.WxAsyncManagerTest" name="test_parallel_exception_causeList" time="0.025">
    <failure message="the string should have the keyword but not found: EntityAlreadyDeletedException" type="junit.framework.AssertionFailedError">junit.framework.AssertionFailedError: the string should have the keyword but not found: EntityAlreadyDeletedException
	at junit.framework.Assert.fail(Assert.java:47)
	at org.dbflute.utflute.core.PlainTestCase.assertContains(PlainTestCase.java:226)
	at org.docksidestage.whitebox.async.WxAsyncManagerTest.lambda$test_parallel_exception_causeList$9(WxAsyncManagerTest.java:159)
	at org.dbflute.utflute.core.exception.ExceptionExpectationAfter.handle(ExceptionExpectationAfter.java:39)
	at org.docksidestage.whitebox.async.WxAsyncManagerTest.test_parallel_exception_causeList(WxAsyncManagerTest.java:156)
	at sun.reflect.NativeMethodAccessorImpl.invoke0(Native Method)
	at sun.reflect.NativeMethodAccessorImpl.invoke(NativeMethodAccessorImpl.java:62)
	at sun.reflect.DelegatingMethodAccessorImpl.invoke(DelegatingMethodAccessorImpl.java:43)
	at java.lang.reflect.Method.invoke(Method.java:498)
	at junit.framework.TestCase.runTest(TestCase.java:168)
	at org.dbflute.utflute.core.PlainTestCase.runTest(PlainTestCase.java:131)
	at junit.framework.TestCase.runBare(TestCase.java:134)
	at junit.framework.TestResult$1.protect(TestResult.java:110)
	at junit.framework.TestResult.runProtected(TestResult.java:128)
	at junit.framework.TestResult.run(TestResult.java:113)
	at junit.framework.TestCase.run(TestCase.java:124)
	at junit.framework.TestSuite.runTest(TestSuite.java:243)
	at junit.framework.TestSuite.run(TestSuite.java:238)
	at org.junit.internal.runners.JUnit38ClassRunner.run(JUnit38ClassRunner.java:83)
	at org.apache.maven.surefire.junit4.JUnit4Provider.execute(JUnit4Provider.java:252)
	at org.apache.maven.surefire.junit4.JUnit4Provider.executeTestSet(JUnit4Provider.java:141)
	at org.apache.maven.surefire.junit4.JUnit4Provider.invoke(JUnit4Provider.java:112)
	at sun.reflect.NativeMethodAccessorImpl.invoke0(Native Method)
	at sun.reflect.NativeMethodAccessorImpl.invoke(NativeMethodAccessorImpl.java:62)
	at sun.reflect.DelegatingMethodAccessorImpl.invoke(DelegatingMethodAccessorImpl.java:43)
	at java.lang.reflect.Method.invoke(Method.java:498)
	at org.apache.maven.surefire.util.ReflectionUtils.invokeMethodWithArray(ReflectionUtils.java:189)
	at org.apache.maven.surefire.booter.ProviderFactory$ProviderProxy.invoke(ProviderFactory.java:165)
	at org.apache.maven.surefire.booter.ProviderFactory.invokeProvider(ProviderFactory.java:85)
	at org.apache.maven.surefire.booter.ForkedBooter.runSuitesInProcess(ForkedBooter.java:115)
	at org.apache.maven.surefire.booter.ForkedBooter.main(ForkedBooter.java:75)
</failure>
    <system-out>2018-05-25 23:48:54,684 [main] INFO  (SmartDeployMode@setValue():62) - ...Setting smart deploy mode: warm
2018-05-25 23:48:54,685 [main] DEBUG (PlainTestCase@log():728) - 
2018-05-25 23:48:54,685 [main] DEBUG (PlainTestCase@log():729) - &lt;&lt;&lt; WxAsyncManagerTest.test_parallel_exception_causeList() &gt;&gt;&gt;
2018-05-25 23:48:54,685 [main] DEBUG (PlainTestCase@log():735) - ...Recycling lasta_di as web-container: config=app.xml
2018-05-25 23:48:54,685 [main] INFO  (ObjectiveConfig@reloadIfNeeds():329) - ...Reloading objective config by HotDeploy request
2018-05-25 23:48:54,690 [main] DEBUG (LaTransaction@begin():69) - Begin transaction: [FormatId=4360, GlobalId=1527284912137/44, BranchId=]
2018-05-25 23:48:54,691 [main] INFO  (DBFluteSystem@unlock():242) - ...Unlocking the DBFlute system
2018-05-25 23:48:54,691 [main] INFO  (DBFluteSystem@setFinalTimeZoneProvider():218) - ...Setting finalTimeZoneProvider: FortressCurtainBeforeHook$1:{Europe/Paris}
2018-05-25 23:48:54,691 [main] INFO  (DBFluteSystem@lock():232) - ...Locking the DBFlute system
2018-05-25 23:48:54,693 [main] DEBUG (LaLogger@log():118) - Registering component definition of class(org.docksidestage.app.web.base.login.FortressLoginAssist[base_login_fortressLoginAssist]).
2018-05-25 23:48:54,694 [main] DEBUG (SimpleRequestManager@handleLoginManagerNotFound():562) - *Forcedly found the concrete class of login manager: FortressLoginAssist in HotdeployClassLoader
2018-05-25 23:48:54,694 [main] DEBUG (FortressCurtainBeforeHook@whiteboxtest_findLoginManager():77) - findLoginManager() when booting: opt:{org.docksidestage.app.web.base.login.FortressLoginAssist@3b05a99b}
2018-05-25 23:48:54,695 [main] DEBUG (LaCountdownRace@doReadyGo():122) - ...Ready Go! CountDownRace just begun! (runner=4)
2018-05-25 23:48:54,696 [pool-6-thread-3] DEBUG (PlainTestCase@log():735) - piari
2018-05-25 23:48:54,696 [pool-6-thread-1] DEBUG (PlainTestCase@log():735) - sea
2018-05-25 23:48:54,696 [pool-6-thread-2] DEBUG (PlainTestCase@log():735) - land
2018-05-25 23:48:54,696 [pool-6-thread-4] DEBUG (PlainTestCase@log():735) - bonvo
2018-05-25 23:48:54,697 [pool-6-thread-2] DEBUG (XLog@log():43) - ...Initializing sqlExecution for the key &apos;member:selectEntity(MemberCB):Member&apos;
2018-05-25 23:48:54,697 [pool-6-thread-2] DEBUG (XLog@log():43) - /===========================================================================
2018-05-25 23:48:54,697 [pool-6-thread-2] DEBUG (XLog@log():43) -                                                       MemberBhv.selectByPK()
2018-05-25 23:48:54,697 [pool-6-thread-2] DEBUG (XLog@log():43) -                                                       =====================/
2018-05-25 23:48:54,697 [pool-6-thread-2] DEBUG (XLog@log():43) - WxAsyncManagerTest.lambda$null$6():146 -&gt; ...
2018-05-25 23:48:54,704 [main] DEBUG (LaCountdownRace@doReadyGo():128) - All runners finished line! (runner=4)
2018-05-25 23:48:54,706 [main] DEBUG (PlainTestCase@log():735) - expected: 
(ConcurrentParallelRunnerException)Look! Read the message below.
/* * * * * * * * * * * * * * * * * * * * * * * * * * * * * * * * * *
Failed to finish processes of parallel runners.

[Advice]
Confirm causes thrown by runners.

[Option]
{parameterList=[sea, land, piari, bonvo]}
* * * * * * * * * */
(LaCountdownRaceExecutionException)Look! Read the message below.
/* * * * * * * * * * * * * * * * * * * * * * * * * * * * * * * * * *
Failed to reach the goal of countdown race for runners.

[Advice]
Confirm all causes thrown by runners.

[Runner Cause]
java.lang.IllegalStateException: parameter=sea
  at org.docksidestage.whitebox.async.WxAsyncManagerTest.lambda$null$6(WxAsyncManagerTest.java:143)
  at org.lastaflute.core.magic.async.SimpleAsyncManager$1.execute(SimpleAsyncManager.java:859)
  at org.lastaflute.core.magic.async.race.LaCountdownRace$1.call(LaCountdownRace.java:242)
  at org.lastaflute.core.magic.async.race.LaCountdownRace$1.call(LaCountdownRace.java:228)
  at java.util.concurrent.FutureTask.run(FutureTask.java:266)
  at java.util.concurrent.ThreadPoolExecutor.runWorker(ThreadPoolExecutor.java:1142)
  at java.util.concurrent.ThreadPoolExecutor$Worker.run(ThreadPoolExecutor.java:617)
  at java.lang.Thread.run(Thread.java:745)

java.lang.IllegalStateException: parameter=land
  at org.docksidestage.whitebox.async.WxAsyncManagerTest.lambda$null$6(WxAsyncManagerTest.java:148)
  at org.lastaflute.core.magic.async.SimpleAsyncManager$1.execute(SimpleAsyncManager.java:859)
  at org.lastaflute.core.magic.async.race.LaCountdownRace$1.call(LaCountdownRace.java:242)
  at org.lastaflute.core.magic.async.race.LaCountdownRace$1.call(LaCountdownRace.java:228)
  at java.util.concurrent.FutureTask.run(FutureTask.java:266)
  at java.util.concurrent.ThreadPoolExecutor.runWorker(ThreadPoolExecutor.java:1142)
  at java.util.concurrent.ThreadPoolExecutor$Worker.run(ThreadPoolExecutor.java:617)
  at java.lang.Thread.run(Thread.java:745)
Caused by: org.dbflute.exception.SQLFailureException:
Look! Read the message below.
/* * * * * * * * * * * * * * * * * * * * * * * * * * * * * * * * * *
Failed to get database connection.

[Advice]
Read the SQLException message.
*And also check the MySQL bootstrap and network.

[SQLState]
08S01

[ErrorCode]
0

[SQLException]
com.mysql.jdbc.exceptions.jdbc4.CommunicationsException
Communications link failure

The last packet sent successfully to the server was 0 milliseconds ago. The driver has not received any packets from the server.

[Behavior]
WxAsyncManagerTest.lambda$null$6():146 -&gt; MemberBhv.selectByPK()

[ConditionBean]
org.docksidestage.dbflute.cbean.MemberCB

[Display SQL]
select dfloc.MEMBER_ID as MEMBER_ID, dfloc.MEMBER_NAME as MEMBER_NAME, dfloc.MEMBER_ACCOUNT as MEMBER_ACCOUNT, dfloc.MEMBER_STATUS_CODE as MEMBER_STATUS_CODE, dfloc.FORMALIZED_DATETIME as FORMALIZED_DATETIME, dfloc.BIRTHDATE as BIRTHDATE, dfloc.REGISTER_DATETIME as REGISTER_DATETIME, dfloc.REGISTER_USER as REGISTER_USER, dfloc.UPDATE_DATETIME as UPDATE_DATETIME, dfloc.UPDATE_USER as UPDATE_USER, dfloc.VERSION_NO as VERSION_NO
  from MEMBER dfloc
 where dfloc.MEMBER_ID = 99999
* * * * * * * * * */
  at org.dbflute.bhv.exception.SQLExceptionHandler.throwSQLFailureException(SQLExceptionHandler.java:106)
  at org.dbflute.bhv.exception.SQLExceptionHandler.handleSQLException(SQLExceptionHandler.java:63)
  at org.dbflute.s2dao.sqlhandler.TnAbstractBasicSqlHandler.handleSQLException(TnAbstractBasicSqlHandler.java:378)
  at org.dbflute.s2dao.sqlhandler.TnAbstractBasicSqlHandler.getConnection(TnAbstractBasicSqlHandler.java:426)
  ...
Caused by: com.mysql.jdbc.exceptions.jdbc4.CommunicationsException:
Communications link failure

The last packet sent successfully to the server was 0 milliseconds ago. The driver has not received any packets from the server.
  at sun.reflect.NativeConstructorAccessorImpl.newInstance0(NativeConstructorAccessorImpl.java)
  at sun.reflect.NativeConstructorAccessorImpl.newInstance(NativeConstructorAccessorImpl.java:62)
  at sun.reflect.DelegatingConstructorAccessorImpl.newInstance(DelegatingConstructorAccessorImpl.java:45)
  at java.lang.reflect.Constructor.newInstance(Constructor.java:423)
  ...
Caused by: java.net.ConnectException: Connection refused (Connection refused)
  at java.net.PlainSocketImpl.socketConnect(PlainSocketImpl.java)
  at java.net.AbstractPlainSocketImpl.doConnect(AbstractPlainSocketImpl.java:350)
  at java.net.AbstractPlainSocketImpl.connectToAddress(AbstractPlainSocketImpl.java:206)
  at java.net.AbstractPlainSocketImpl.connect(AbstractPlainSocketImpl.java:188)
  ...

java.lang.Error: parameter=bonvo
  at org.docksidestage.whitebox.async.WxAsyncManagerTest.lambda$null$6(WxAsyncManagerTest.java:151)
  at org.lastaflute.core.magic.async.SimpleAsyncManager$1.execute(SimpleAsyncManager.java:859)
  at org.lastaflute.core.magic.async.race.LaCountdownRace$1.call(LaCountdownRace.java:242)
  at org.lastaflute.core.magic.async.race.LaCountdownRace$1.call(LaCountdownRace.java:228)
  at java.util.concurrent.FutureTask.run(FutureTask.java:266)
  at java.util.concurrent.ThreadPoolExecutor.runWorker(ThreadPoolExecutor.java:1142)
  at java.util.concurrent.ThreadPoolExecutor$Worker.run(ThreadPoolExecutor.java:617)
  at java.lang.Thread.run(Thread.java:745)
* * * * * * * * * */
2018-05-25 23:48:54,708 [main] DEBUG (PlainTestCase@log():735) - Look! Read the message below.
/* * * * * * * * * * * * * * * * * * * * * * * * * * * * * * * * * *
Failed to finish processes of parallel runners.

[Advice]
Confirm causes thrown by runners.

[Option]
{parameterList=[sea, land, piari, bonvo]}
* * * * * * * * * */
...
Look! Read the message below.
/* * * * * * * * * * * * * * * * * * * * * * * * * * * * * * * * * *
Failed to reach the goal of countdown race for runners.

[Advice]
Confirm all causes thrown by runners.

[Runner Cause]
java.lang.IllegalStateException: parameter=sea
  at org.docksidestage.whitebox.async.WxAsyncManagerTest.lambda$null$6(WxAsyncManagerTest.java:143)
  at org.lastaflute.core.magic.async.SimpleAsyncManager$1.execute(SimpleAsyncManager.java:859)
  at org.lastaflute.core.magic.async.race.LaCountdownRace$1.call(LaCountdownRace.java:242)
  at org.lastaflute.core.magic.async.race.LaCountdownRace$1.call(LaCountdownRace.java:228)
  at java.util.concurrent.FutureTask.run(FutureTask.java:266)
  at java.util.concurrent.ThreadPoolExecutor.runWorker(ThreadPoolExecutor.java:1142)
  at java.util.concurrent.ThreadPoolExecutor$Worker.run(ThreadPoolExecutor.java:617)
  at java.lang.Thread.run(Thread.java:745)

java.lang.IllegalStateException: parameter=land
  at org.docksidestage.whitebox.async.WxAsyncManagerTest.lambda$null$6(WxAsyncManagerTest.java:148)
  at org.lastaflute.core.magic.async.SimpleAsyncManager$1.execute(SimpleAsyncManager.java:859)
  at org.lastaflute.core.magic.async.race.LaCountdownRace$1.call(LaCountdownRace.java:242)
  at org.lastaflute.core.magic.async.race.LaCountdownRace$1.call(LaCountdownRace.java:228)
  at java.util.concurrent.FutureTask.run(FutureTask.java:266)
  at java.util.concurrent.ThreadPoolExecutor.runWorker(ThreadPoolExecutor.java:1142)
  at java.util.concurrent.ThreadPoolExecutor$Worker.run(ThreadPoolExecutor.java:617)
  at java.lang.Thread.run(Thread.java:745)
Caused by: org.dbflute.exception.SQLFailureException:
Look! Read the message below.
/* * * * * * * * * * * * * * * * * * * * * * * * * * * * * * * * * *
Failed to get database connection.

[Advice]
Read the SQLException message.
*And also check the MySQL bootstrap and network.

[SQLState]
08S01

[ErrorCode]
0

[SQLException]
com.mysql.jdbc.exceptions.jdbc4.CommunicationsException
Communications link failure

The last packet sent successfully to the server was 0 milliseconds ago. The driver has not received any packets from the server.

[Behavior]
WxAsyncManagerTest.lambda$null$6():146 -&gt; MemberBhv.selectByPK()

[ConditionBean]
org.docksidestage.dbflute.cbean.MemberCB

[Display SQL]
select dfloc.MEMBER_ID as MEMBER_ID, dfloc.MEMBER_NAME as MEMBER_NAME, dfloc.MEMBER_ACCOUNT as MEMBER_ACCOUNT, dfloc.MEMBER_STATUS_CODE as MEMBER_STATUS_CODE, dfloc.FORMALIZED_DATETIME as FORMALIZED_DATETIME, dfloc.BIRTHDATE as BIRTHDATE, dfloc.REGISTER_DATETIME as REGISTER_DATETIME, dfloc.REGISTER_USER as REGISTER_USER, dfloc.UPDATE_DATETIME as UPDATE_DATETIME, dfloc.UPDATE_USER as UPDATE_USER, dfloc.VERSION_NO as VERSION_NO
  from MEMBER dfloc
 where dfloc.MEMBER_ID = 99999
* * * * * * * * * */
  at org.dbflute.bhv.exception.SQLExceptionHandler.throwSQLFailureException(SQLExceptionHandler.java:106)
  at org.dbflute.bhv.exception.SQLExceptionHandler.handleSQLException(SQLExceptionHandler.java:63)
  at org.dbflute.s2dao.sqlhandler.TnAbstractBasicSqlHandler.handleSQLException(TnAbstractBasicSqlHandler.java:378)
  at org.dbflute.s2dao.sqlhandler.TnAbstractBasicSqlHandler.getConnection(TnAbstractBasicSqlHandler.java:426)
  ...
Caused by: com.mysql.jdbc.exceptions.jdbc4.CommunicationsException:
Communications link failure

The last packet sent successfully to the server was 0 milliseconds ago. The driver has not received any packets from the server.
  at sun.reflect.NativeConstructorAccessorImpl.newInstance0(NativeConstructorAccessorImpl.java)
  at sun.reflect.NativeConstructorAccessorImpl.newInstance(NativeConstructorAccessorImpl.java:62)
  at sun.reflect.DelegatingConstructorAccessorImpl.newInstance(DelegatingConstructorAccessorImpl.java:45)
  at java.lang.reflect.Constructor.newInstance(Constructor.java:423)
  ...
Caused by: java.net.ConnectException: Connection refused (Connection refused)
  at java.net.PlainSocketImpl.socketConnect(PlainSocketImpl.java)
  at java.net.AbstractPlainSocketImpl.doConnect(AbstractPlainSocketImpl.java:350)
  at java.net.AbstractPlainSocketImpl.connectToAddress(AbstractPlainSocketImpl.java:206)
  at java.net.AbstractPlainSocketImpl.connect(AbstractPlainSocketImpl.java:188)
  ...

java.lang.Error: parameter=bonvo
  at org.docksidestage.whitebox.async.WxAsyncManagerTest.lambda$null$6(WxAsyncManagerTest.java:151)
  at org.lastaflute.core.magic.async.SimpleAsyncManager$1.execute(SimpleAsyncManager.java:859)
  at org.lastaflute.core.magic.async.race.LaCountdownRace$1.call(LaCountdownRace.java:242)
  at org.lastaflute.core.magic.async.race.LaCountdownRace$1.call(LaCountdownRace.java:228)
  at java.util.concurrent.FutureTask.run(FutureTask.java:266)
  at java.util.concurrent.ThreadPoolExecutor.runWorker(ThreadPoolExecutor.java:1142)
  at java.util.concurrent.ThreadPoolExecutor$Worker.run(ThreadPoolExecutor.java:617)
  at java.lang.Thread.run(Thread.java:745)
* * * * * * * * * */
2018-05-25 23:48:54,708 [main] DEBUG (PlainTestCase@log():735) - Asserted string: Look! Read the message below.
/* * * * * * * * * * * * * * * * * * * * * * * * * * * * * * * * * *
Failed to finish processes of parallel runners.

[Advice]
Confirm causes thrown by runners.

[Option]
{parameterList=[sea, land, piari, bonvo]}
* * * * * * * * * */
...
Look! Read the message below.
/* * * * * * * * * * * * * * * * * * * * * * * * * * * * * * * * * *
Failed to reach the goal of countdown race for runners.

[Advice]
Confirm all causes thrown by runners.

[Runner Cause]
java.lang.IllegalStateException: parameter=sea
  at org.docksidestage.whitebox.async.WxAsyncManagerTest.lambda$null$6(WxAsyncManagerTest.java:143)
  at org.lastaflute.core.magic.async.SimpleAsyncManager$1.execute(SimpleAsyncManager.java:859)
  at org.lastaflute.core.magic.async.race.LaCountdownRace$1.call(LaCountdownRace.java:242)
  at org.lastaflute.core.magic.async.race.LaCountdownRace$1.call(LaCountdownRace.java:228)
  at java.util.concurrent.FutureTask.run(FutureTask.java:266)
  at java.util.concurrent.ThreadPoolExecutor.runWorker(ThreadPoolExecutor.java:1142)
  at java.util.concurrent.ThreadPoolExecutor$Worker.run(ThreadPoolExecutor.java:617)
  at java.lang.Thread.run(Thread.java:745)

java.lang.IllegalStateException: parameter=land
  at org.docksidestage.whitebox.async.WxAsyncManagerTest.lambda$null$6(WxAsyncManagerTest.java:148)
  at org.lastaflute.core.magic.async.SimpleAsyncManager$1.execute(SimpleAsyncManager.java:859)
  at org.lastaflute.core.magic.async.race.LaCountdownRace$1.call(LaCountdownRace.java:242)
  at org.lastaflute.core.magic.async.race.LaCountdownRace$1.call(LaCountdownRace.java:228)
  at java.util.concurrent.FutureTask.run(FutureTask.java:266)
  at java.util.concurrent.ThreadPoolExecutor.runWorker(ThreadPoolExecutor.java:1142)
  at java.util.concurrent.ThreadPoolExecutor$Worker.run(ThreadPoolExecutor.java:617)
  at java.lang.Thread.run(Thread.java:745)
Caused by: org.dbflute.exception.SQLFailureException:
Look! Read the message below.
/* * * * * * * * * * * * * * * * * * * * * * * * * * * * * * * * * *
Failed to get database connection.

[Advice]
Read the SQLException message.
*And also check the MySQL bootstrap and network.

[SQLState]
08S01

[ErrorCode]
0

[SQLException]
com.mysql.jdbc.exceptions.jdbc4.CommunicationsException
Communications link failure

The last packet sent successfully to the server was 0 milliseconds ago. The driver has not received any packets from the server.

[Behavior]
WxAsyncManagerTest.lambda$null$6():146 -&gt; MemberBhv.selectByPK()

[ConditionBean]
org.docksidestage.dbflute.cbean.MemberCB

[Display SQL]
select dfloc.MEMBER_ID as MEMBER_ID, dfloc.MEMBER_NAME as MEMBER_NAME, dfloc.MEMBER_ACCOUNT as MEMBER_ACCOUNT, dfloc.MEMBER_STATUS_CODE as MEMBER_STATUS_CODE, dfloc.FORMALIZED_DATETIME as FORMALIZED_DATETIME, dfloc.BIRTHDATE as BIRTHDATE, dfloc.REGISTER_DATETIME as REGISTER_DATETIME, dfloc.REGISTER_USER as REGISTER_USER, dfloc.UPDATE_DATETIME as UPDATE_DATETIME, dfloc.UPDATE_USER as UPDATE_USER, dfloc.VERSION_NO as VERSION_NO
  from MEMBER dfloc
 where dfloc.MEMBER_ID = 99999
* * * * * * * * * */
  at org.dbflute.bhv.exception.SQLExceptionHandler.throwSQLFailureException(SQLExceptionHandler.java:106)
  at org.dbflute.bhv.exception.SQLExceptionHandler.handleSQLException(SQLExceptionHandler.java:63)
  at org.dbflute.s2dao.sqlhandler.TnAbstractBasicSqlHandler.handleSQLException(TnAbstractBasicSqlHandler.java:378)
  at org.dbflute.s2dao.sqlhandler.TnAbstractBasicSqlHandler.getConnection(TnAbstractBasicSqlHandler.java:426)
  ...
Caused by: com.mysql.jdbc.exceptions.jdbc4.CommunicationsException:
Communications link failure

The last packet sent successfully to the server was 0 milliseconds ago. The driver has not received any packets from the server.
  at sun.reflect.NativeConstructorAccessorImpl.newInstance0(NativeConstructorAccessorImpl.java)
  at sun.reflect.NativeConstructorAccessorImpl.newInstance(NativeConstructorAccessorImpl.java:62)
  at sun.reflect.DelegatingConstructorAccessorImpl.newInstance(DelegatingConstructorAccessorImpl.java:45)
  at java.lang.reflect.Constructor.newInstance(Constructor.java:423)
  ...
Caused by: java.net.ConnectException: Connection refused (Connection refused)
  at java.net.PlainSocketImpl.socketConnect(PlainSocketImpl.java)
  at java.net.AbstractPlainSocketImpl.doConnect(AbstractPlainSocketImpl.java:350)
  at java.net.AbstractPlainSocketImpl.connectToAddress(AbstractPlainSocketImpl.java:206)
  at java.net.AbstractPlainSocketImpl.connect(AbstractPlainSocketImpl.java:188)
  ...

java.lang.Error: parameter=bonvo
  at org.docksidestage.whitebox.async.WxAsyncManagerTest.lambda$null$6(WxAsyncManagerTest.java:151)
  at org.lastaflute.core.magic.async.SimpleAsyncManager$1.execute(SimpleAsyncManager.java:859)
  at org.lastaflute.core.magic.async.race.LaCountdownRace$1.call(LaCountdownRace.java:242)
  at org.lastaflute.core.magic.async.race.LaCountdownRace$1.call(LaCountdownRace.java:228)
  at java.util.concurrent.FutureTask.run(FutureTask.java:266)
  at java.util.concurrent.ThreadPoolExecutor.runWorker(ThreadPoolExecutor.java:1142)
  at java.util.concurrent.ThreadPoolExecutor$Worker.run(ThreadPoolExecutor.java:617)
  at java.lang.Thread.run(Thread.java:745)
* * * * * * * * * */
2018-05-25 23:48:54,708 [main] DEBUG (PlainTestCase@log():733) - Failed to finish the test: WxAsyncManagerTest.test_parallel_exception_causeList()
junit.framework.AssertionFailedError: the string should have the keyword but not found: EntityAlreadyDeletedException
	at junit.framework.Assert.fail(Assert.java:47)
	at org.dbflute.utflute.core.PlainTestCase.assertContains(PlainTestCase.java:226)
	at org.docksidestage.whitebox.async.WxAsyncManagerTest.lambda$test_parallel_exception_causeList$9(WxAsyncManagerTest.java:159)
	at org.dbflute.utflute.core.exception.ExceptionExpectationAfter.handle(ExceptionExpectationAfter.java:39)
	at org.docksidestage.whitebox.async.WxAsyncManagerTest.test_parallel_exception_causeList(WxAsyncManagerTest.java:156)
	at sun.reflect.NativeMethodAccessorImpl.invoke0(Native Method)
	at sun.reflect.NativeMethodAccessorImpl.invoke(NativeMethodAccessorImpl.java:62)
	at sun.reflect.DelegatingMethodAccessorImpl.invoke(DelegatingMethodAccessorImpl.java:43)
	at java.lang.reflect.Method.invoke(Method.java:498)
	at junit.framework.TestCase.runTest(TestCase.java:168)
	at org.dbflute.utflute.core.PlainTestCase.runTest(PlainTestCase.java:131)
	at junit.framework.TestCase.runBare(TestCase.java:134)
	at junit.framework.TestResult$1.protect(TestResult.java:110)
	at junit.framework.TestResult.runProtected(TestResult.java:128)
	at junit.framework.TestResult.run(TestResult.java:113)
	at junit.framework.TestCase.run(TestCase.java:124)
	at junit.framework.TestSuite.runTest(TestSuite.java:243)
	at junit.framework.TestSuite.run(TestSuite.java:238)
	at org.junit.internal.runners.JUnit38ClassRunner.run(JUnit38ClassRunner.java:83)
	at org.apache.maven.surefire.junit4.JUnit4Provider.execute(JUnit4Provider.java:252)
	at org.apache.maven.surefire.junit4.JUnit4Provider.executeTestSet(JUnit4Provider.java:141)
	at org.apache.maven.surefire.junit4.JUnit4Provider.invoke(JUnit4Provider.java:112)
	at sun.reflect.NativeMethodAccessorImpl.invoke0(Native Method)
	at sun.reflect.NativeMethodAccessorImpl.invoke(NativeMethodAccessorImpl.java:62)
	at sun.reflect.DelegatingMethodAccessorImpl.invoke(DelegatingMethodAccessorImpl.java:43)
	at java.lang.reflect.Method.invoke(Method.java:498)
	at org.apache.maven.surefire.util.ReflectionUtils.invokeMethodWithArray(ReflectionUtils.java:189)
	at org.apache.maven.surefire.booter.ProviderFactory$ProviderProxy.invoke(ProviderFactory.java:165)
	at org.apache.maven.surefire.booter.ProviderFactory.invokeProvider(ProviderFactory.java:85)
	at org.apache.maven.surefire.booter.ForkedBooter.runSuitesInProcess(ForkedBooter.java:115)
	at org.apache.maven.surefire.booter.ForkedBooter.main(ForkedBooter.java:75)
2018-05-25 23:48:54,709 [main] DEBUG (LaTransaction@rollback():353) - Rollback transaction: [FormatId=4360, GlobalId=1527284912137/44, BranchId=]
</system-out>
  </testcase>
  <testcase classname="org.docksidestage.whitebox.async.WxAsyncManagerTest" name="test_parallel_exception_firstCause" time="1.02"/>
  <testcase classname="org.docksidestage.whitebox.async.WxAsyncManagerTest" name="test_async_basic" time="0.313"/>
</testsuite>