<?xml version="1.0" encoding="UTF-8"?>
<testsuite name="io.xrates.backend.rateprovider.impl.DBSRateProviderImplTest" time="10.458" tests="23" errors="0" skipped="0" failures="23">
  <properties>
    <property name="java.runtime.name" value="OpenJDK Runtime Environment"/>
    <property name="sun.boot.library.path" value="/usr/lib/jvm/java-8-openjdk-amd64/jre/lib/amd64"/>
    <property name="java.vm.version" value="25.121-b13"/>
    <property name="java.vm.vendor" value="Oracle Corporation"/>
    <property name="maven.multiModuleProjectDirectory" value="/root/workspace/siddharthgoel88/xrates/384126281"/>
    <property name="java.vendor.url" value="http://java.oracle.com/"/>
    <property name="path.separator" value=":"/>
    <property name="guice.disable.misplaced.annotation.check" value="true"/>
    <property name="skip.gulp" value="true"/>
    <property name="java.vm.name" value="OpenJDK 64-Bit Server VM"/>
    <property name="file.encoding.pkg" value="sun.io"/>
    <property name="sun.java.launcher" value="SUN_STANDARD"/>
    <property name="sun.os.patch.level" value="unknown"/>
    <property name="findbugs.skip" value="true"/>
    <property name="java.vm.specification.name" value="Java Virtual Machine Specification"/>
    <property name="user.dir" value="/root/workspace/siddharthgoel88/xrates/384126281"/>
    <property name="checkstyle.skip" value="true"/>
    <property name="java.runtime.version" value="1.8.0_121-8u121-b13-1~bpo8+1-b13"/>
    <property name="java.awt.graphicsenv" value="sun.awt.X11GraphicsEnvironment"/>
    <property name="skip.npm" value="true"/>
    <property name="java.endorsed.dirs" value="/usr/lib/jvm/java-8-openjdk-amd64/jre/lib/endorsed"/>
    <property name="os.arch" value="amd64"/>
    <property name="java.io.tmpdir" value="/tmp"/>
    <property name="gpg.skip" value="true"/>
    <property name="line.separator" value="&#10;"/>
    <property name="java.vm.specification.vendor" value="Oracle Corporation"/>
    <property name="cobertura.skip" value="true"/>
    <property name="os.name" value="Linux"/>
    <property name="classworlds.conf" value="/usr/share/maven/bin/m2.conf"/>
    <property name="sun.jnu.encoding" value="UTF-8"/>
    <property name="java.library.path" value="/usr/java/packages/lib/amd64:/usr/lib/x86_64-linux-gnu/jni:/lib/x86_64-linux-gnu:/usr/lib/x86_64-linux-gnu:/usr/lib/jni:/lib:/usr/lib"/>
    <property name="license.skip" value="true"/>
    <property name="java.specification.name" value="Java Platform API Specification"/>
    <property name="java.class.version" value="52.0"/>
    <property name="sun.management.compiler" value="HotSpot 64-Bit Tiered Compilers"/>
    <property name="skip.bower" value="true"/>
    <property name="maven.repo.local" value="/root/./workspace/siddharthgoel88/xrates/384126281/.m2"/>
    <property name="os.version" value="3.10.0-862.2.3.el7.x86_64"/>
    <property name="user.home" value="/root"/>
    <property name="user.timezone" value="Europe/Paris"/>
    <property name="java.awt.printerjob" value="sun.print.PSPrinterJob"/>
    <property name="java.specification.version" value="1.8"/>
    <property name="file.encoding" value="UTF-8"/>
    <property name="user.name" value="root"/>
    <property name="java.class.path" value="/usr/share/maven/boot/plexus-classworlds-2.5.2.jar"/>
    <property name="skipITs" value="true"/>
    <property name="java.vm.specification.version" value="1.8"/>
    <property name="sun.arch.data.model" value="64"/>
    <property name="java.home" value="/usr/lib/jvm/java-8-openjdk-amd64/jre"/>
    <property name="sun.java.command" value="org.codehaus.plexus.classworlds.launcher.Launcher -B -D enforcer.skip=true -D dependency-check.skip=true -D skipITs=true -D cobertura.skip=true -D maven.repo.local=/root/./workspace/siddharthgoel88/xrates/384126281/.m2 -D rat.skip=true -D findbugs.skip=true -D skip.bower=true -D gpg.skip=true -D checkstyle.skip=true -D skip.gulp=true -D license.skip=true -D skip.npm=true test"/>
    <property name="java.specification.vendor" value="Oracle Corporation"/>
    <property name="user.language" value="en"/>
    <property name="awt.toolkit" value="sun.awt.X11.XToolkit"/>
    <property name="dependency-check.skip" value="true"/>
    <property name="java.vm.info" value="mixed mode"/>
    <property name="java.version" value="1.8.0_121"/>
    <property name="java.ext.dirs" value="/usr/lib/jvm/java-8-openjdk-amd64/jre/lib/ext:/usr/java/packages/lib/ext"/>
    <property name="securerandom.source" value="file:/dev/./urandom"/>
    <property name="sun.boot.class.path" value="/usr/lib/jvm/java-8-openjdk-amd64/jre/lib/resources.jar:/usr/lib/jvm/java-8-openjdk-amd64/jre/lib/rt.jar:/usr/lib/jvm/java-8-openjdk-amd64/jre/lib/sunrsasign.jar:/usr/lib/jvm/java-8-openjdk-amd64/jre/lib/jsse.jar:/usr/lib/jvm/java-8-openjdk-amd64/jre/lib/jce.jar:/usr/lib/jvm/java-8-openjdk-amd64/jre/lib/charsets.jar:/usr/lib/jvm/java-8-openjdk-amd64/jre/lib/jfr.jar:/usr/lib/jvm/java-8-openjdk-amd64/jre/classes"/>
    <property name="java.vendor" value="Oracle Corporation"/>
    <property name="enforcer.skip" value="true"/>
    <property name="rat.skip" value="true"/>
    <property name="maven.home" value="/usr/share/maven"/>
    <property name="file.separator" value="/"/>
    <property name="java.vendor.url.bug" value="http://bugreport.sun.com/bugreport/"/>
    <property name="sun.cpu.endian" value="little"/>
    <property name="sun.io.unicode.encoding" value="UnicodeLittle"/>
    <property name="sun.cpu.isalist" value=""/>
  </properties>
  <testcase name="testAUD" classname="io.xrates.backend.rateprovider.impl.DBSRateProviderImplTest" time="2.66">
    <failure type="java.lang.AssertionError:">java.lang.AssertionError: null
	at org.junit.Assert.fail(Assert.java:86)
	at org.junit.Assert.assertTrue(Assert.java:41)
	at org.junit.Assert.assertFalse(Assert.java:64)
	at org.junit.Assert.assertFalse(Assert.java:74)
	at io.xrates.backend.rateprovider.impl.DBSRateProviderImplTest.testAUD(DBSRateProviderImplTest.java:72)
</failure>
    <system-out><![CDATA[2018-05-26 18:09:31.832  INFO   --- [           main] i.x.b.rateprovider.AbstractRateProvider  : Found rates null so updating it.
2018-05-26 18:09:31.849  INFO   --- [           main] i.x.b.rateprovider.AbstractRateProvider  : Instantiating following service : 
 ____   ____   ____  
|  _ \ | __ ) / ___| 
| | | ||  _ \ \___ \ 
| |_| || |_) | ___) |
|____/ |____/ |____/ 
                     

2018-05-26 18:09:31.850  INFO   --- [           main] i.x.b.r.impl.DBSRateProviderImpl         : DBS: Fetching page @ http://www.dbs.com.sg/personal/rates-online/foreign-currency-foreign-exchange.page
]]></system-out>
  </testcase>
  <testcase name="testBND" classname="io.xrates.backend.rateprovider.impl.DBSRateProviderImplTest" time="0.31">
    <failure type="java.lang.AssertionError:">java.lang.AssertionError: null
	at org.junit.Assert.fail(Assert.java:86)
	at org.junit.Assert.assertTrue(Assert.java:41)
	at org.junit.Assert.assertFalse(Assert.java:64)
	at org.junit.Assert.assertFalse(Assert.java:74)
	at io.xrates.backend.rateprovider.impl.DBSRateProviderImplTest.testBND(DBSRateProviderImplTest.java:216)
</failure>
    <system-out><![CDATA[2018-05-26 18:09:34.490  INFO   --- [           main] i.x.b.rateprovider.AbstractRateProvider  : Found rates null so updating it.
2018-05-26 18:09:34.498  INFO   --- [           main] i.x.b.rateprovider.AbstractRateProvider  : Instantiating following service : 
 ____   ____   ____  
|  _ \ | __ ) / ___| 
| | | ||  _ \ \___ \ 
| |_| || |_) | ___) |
|____/ |____/ |____/ 
                     

2018-05-26 18:09:34.499  INFO   --- [           main] i.x.b.r.impl.DBSRateProviderImpl         : DBS: Fetching page @ http://www.dbs.com.sg/personal/rates-online/foreign-currency-foreign-exchange.page
]]></system-out>
  </testcase>
  <testcase name="testCAD" classname="io.xrates.backend.rateprovider.impl.DBSRateProviderImplTest" time="0.287">
    <failure type="java.lang.AssertionError:">java.lang.AssertionError: null
	at org.junit.Assert.fail(Assert.java:86)
	at org.junit.Assert.assertTrue(Assert.java:41)
	at org.junit.Assert.assertFalse(Assert.java:64)
	at org.junit.Assert.assertFalse(Assert.java:74)
	at io.xrates.backend.rateprovider.impl.DBSRateProviderImplTest.testCAD(DBSRateProviderImplTest.java:84)
</failure>
    <system-out><![CDATA[2018-05-26 18:09:34.803  INFO   --- [           main] i.x.b.rateprovider.AbstractRateProvider  : Found rates null so updating it.
2018-05-26 18:09:34.809  INFO   --- [           main] i.x.b.rateprovider.AbstractRateProvider  : Instantiating following service : 
 ____   ____   ____  
|  _ \ | __ ) / ___| 
| | | ||  _ \ \___ \ 
| |_| || |_) | ___) |
|____/ |____/ |____/ 
                     

2018-05-26 18:09:34.810  INFO   --- [           main] i.x.b.r.impl.DBSRateProviderImpl         : DBS: Fetching page @ http://www.dbs.com.sg/personal/rates-online/foreign-currency-foreign-exchange.page
]]></system-out>
  </testcase>
  <testcase name="testCHF" classname="io.xrates.backend.rateprovider.impl.DBSRateProviderImplTest" time="0.322">
    <failure type="java.lang.AssertionError:">java.lang.AssertionError: null
	at org.junit.Assert.fail(Assert.java:86)
	at org.junit.Assert.assertTrue(Assert.java:41)
	at org.junit.Assert.assertFalse(Assert.java:64)
	at org.junit.Assert.assertFalse(Assert.java:74)
	at io.xrates.backend.rateprovider.impl.DBSRateProviderImplTest.testCHF(DBSRateProviderImplTest.java:156)
</failure>
    <system-out><![CDATA[2018-05-26 18:09:35.091  INFO   --- [           main] i.x.b.rateprovider.AbstractRateProvider  : Found rates null so updating it.
2018-05-26 18:09:35.097  INFO   --- [           main] i.x.b.rateprovider.AbstractRateProvider  : Instantiating following service : 
 ____   ____   ____  
|  _ \ | __ ) / ___| 
| | | ||  _ \ \___ \ 
| |_| || |_) | ___) |
|____/ |____/ |____/ 
                     

2018-05-26 18:09:35.097  INFO   --- [           main] i.x.b.r.impl.DBSRateProviderImpl         : DBS: Fetching page @ http://www.dbs.com.sg/personal/rates-online/foreign-currency-foreign-exchange.page
]]></system-out>
  </testcase>
  <testcase name="testCNY" classname="io.xrates.backend.rateprovider.impl.DBSRateProviderImplTest" time="0.323">
    <failure type="java.lang.AssertionError:">java.lang.AssertionError: null
	at org.junit.Assert.fail(Assert.java:86)
	at org.junit.Assert.assertTrue(Assert.java:41)
	at org.junit.Assert.assertFalse(Assert.java:64)
	at org.junit.Assert.assertFalse(Assert.java:74)
	at io.xrates.backend.rateprovider.impl.DBSRateProviderImplTest.testCNY(DBSRateProviderImplTest.java:168)
</failure>
    <system-out><![CDATA[2018-05-26 18:09:35.414  INFO   --- [           main] i.x.b.rateprovider.AbstractRateProvider  : Found rates null so updating it.
2018-05-26 18:09:35.419  INFO   --- [           main] i.x.b.rateprovider.AbstractRateProvider  : Instantiating following service : 
 ____   ____   ____  
|  _ \ | __ ) / ___| 
| | | ||  _ \ \___ \ 
| |_| || |_) | ___) |
|____/ |____/ |____/ 
                     

2018-05-26 18:09:35.419  INFO   --- [           main] i.x.b.r.impl.DBSRateProviderImpl         : DBS: Fetching page @ http://www.dbs.com.sg/personal/rates-online/foreign-currency-foreign-exchange.page
]]></system-out>
  </testcase>
  <testcase name="testDKK" classname="io.xrates.backend.rateprovider.impl.DBSRateProviderImplTest" time="0.272">
    <failure type="java.lang.AssertionError:">java.lang.AssertionError: null
	at org.junit.Assert.fail(Assert.java:86)
	at org.junit.Assert.assertTrue(Assert.java:41)
	at org.junit.Assert.assertFalse(Assert.java:64)
	at org.junit.Assert.assertFalse(Assert.java:74)
	at io.xrates.backend.rateprovider.impl.DBSRateProviderImplTest.testDKK(DBSRateProviderImplTest.java:108)
</failure>
    <system-out><![CDATA[2018-05-26 18:09:35.738  INFO   --- [           main] i.x.b.rateprovider.AbstractRateProvider  : Found rates null so updating it.
2018-05-26 18:09:35.742  INFO   --- [           main] i.x.b.rateprovider.AbstractRateProvider  : Instantiating following service : 
 ____   ____   ____  
|  _ \ | __ ) / ___| 
| | | ||  _ \ \___ \ 
| |_| || |_) | ___) |
|____/ |____/ |____/ 
                     

2018-05-26 18:09:35.743  INFO   --- [           main] i.x.b.r.impl.DBSRateProviderImpl         : DBS: Fetching page @ http://www.dbs.com.sg/personal/rates-online/foreign-currency-foreign-exchange.page
]]></system-out>
  </testcase>
  <testcase name="testEUR" classname="io.xrates.backend.rateprovider.impl.DBSRateProviderImplTest" time="0.29">
    <failure type="java.lang.AssertionError:">java.lang.AssertionError: null
	at org.junit.Assert.fail(Assert.java:86)
	at org.junit.Assert.assertTrue(Assert.java:41)
	at org.junit.Assert.assertFalse(Assert.java:64)
	at org.junit.Assert.assertFalse(Assert.java:74)
	at io.xrates.backend.rateprovider.impl.DBSRateProviderImplTest.testEUR(DBSRateProviderImplTest.java:48)
</failure>
    <system-out><![CDATA[2018-05-26 18:09:36.011  INFO   --- [           main] i.x.b.rateprovider.AbstractRateProvider  : Found rates null so updating it.
2018-05-26 18:09:36.015  INFO   --- [           main] i.x.b.rateprovider.AbstractRateProvider  : Instantiating following service : 
 ____   ____   ____  
|  _ \ | __ ) / ___| 
| | | ||  _ \ \___ \ 
| |_| || |_) | ___) |
|____/ |____/ |____/ 
                     

2018-05-26 18:09:36.016  INFO   --- [           main] i.x.b.r.impl.DBSRateProviderImpl         : DBS: Fetching page @ http://www.dbs.com.sg/personal/rates-online/foreign-currency-foreign-exchange.page
]]></system-out>
  </testcase>
  <testcase name="testGBP" classname="io.xrates.backend.rateprovider.impl.DBSRateProviderImplTest" time="1.366">
    <failure type="java.lang.AssertionError:">java.lang.AssertionError: null
	at org.junit.Assert.fail(Assert.java:86)
	at org.junit.Assert.assertTrue(Assert.java:41)
	at org.junit.Assert.assertFalse(Assert.java:64)
	at org.junit.Assert.assertFalse(Assert.java:74)
	at io.xrates.backend.rateprovider.impl.DBSRateProviderImplTest.testGBP(DBSRateProviderImplTest.java:60)
</failure>
    <system-out><![CDATA[2018-05-26 18:09:36.302  INFO   --- [           main] i.x.b.rateprovider.AbstractRateProvider  : Found rates null so updating it.
2018-05-26 18:09:36.309  INFO   --- [           main] i.x.b.rateprovider.AbstractRateProvider  : Instantiating following service : 
 ____   ____   ____  
|  _ \ | __ ) / ___| 
| | | ||  _ \ \___ \ 
| |_| || |_) | ___) |
|____/ |____/ |____/ 
                     

2018-05-26 18:09:36.309  INFO   --- [           main] i.x.b.r.impl.DBSRateProviderImpl         : DBS: Fetching page @ http://www.dbs.com.sg/personal/rates-online/foreign-currency-foreign-exchange.page
]]></system-out>
  </testcase>
  <testcase name="testHDK" classname="io.xrates.backend.rateprovider.impl.DBSRateProviderImplTest" time="0.3">
    <failure type="java.lang.AssertionError:">java.lang.AssertionError: null
	at org.junit.Assert.fail(Assert.java:86)
	at org.junit.Assert.assertTrue(Assert.java:41)
	at org.junit.Assert.assertFalse(Assert.java:64)
	at org.junit.Assert.assertFalse(Assert.java:74)
	at io.xrates.backend.rateprovider.impl.DBSRateProviderImplTest.testHDK(DBSRateProviderImplTest.java:120)
</failure>
    <system-out><![CDATA[2018-05-26 18:09:37.669  INFO   --- [           main] i.x.b.rateprovider.AbstractRateProvider  : Found rates null so updating it.
2018-05-26 18:09:37.672  INFO   --- [           main] i.x.b.rateprovider.AbstractRateProvider  : Instantiating following service : 
 ____   ____   ____  
|  _ \ | __ ) / ___| 
| | | ||  _ \ \___ \ 
| |_| || |_) | ___) |
|____/ |____/ |____/ 
                     

2018-05-26 18:09:37.672  INFO   --- [           main] i.x.b.r.impl.DBSRateProviderImpl         : DBS: Fetching page @ http://www.dbs.com.sg/personal/rates-online/foreign-currency-foreign-exchange.page
]]></system-out>
  </testcase>
  <testcase name="testIDR" classname="io.xrates.backend.rateprovider.impl.DBSRateProviderImplTest" time="0.295">
    <failure type="java.lang.AssertionError:">java.lang.AssertionError: null
	at org.junit.Assert.fail(Assert.java:86)
	at org.junit.Assert.assertTrue(Assert.java:41)
	at org.junit.Assert.assertFalse(Assert.java:64)
	at org.junit.Assert.assertFalse(Assert.java:74)
	at io.xrates.backend.rateprovider.impl.DBSRateProviderImplTest.testIDR(DBSRateProviderImplTest.java:204)
</failure>
    <system-out><![CDATA[2018-05-26 18:09:37.969  INFO   --- [           main] i.x.b.rateprovider.AbstractRateProvider  : Found rates null so updating it.
2018-05-26 18:09:37.972  INFO   --- [           main] i.x.b.rateprovider.AbstractRateProvider  : Instantiating following service : 
 ____   ____   ____  
|  _ \ | __ ) / ___| 
| | | ||  _ \ \___ \ 
| |_| || |_) | ___) |
|____/ |____/ |____/ 
                     

2018-05-26 18:09:37.972  INFO   --- [           main] i.x.b.r.impl.DBSRateProviderImpl         : DBS: Fetching page @ http://www.dbs.com.sg/personal/rates-online/foreign-currency-foreign-exchange.page
]]></system-out>
  </testcase>
  <testcase name="testINR" classname="io.xrates.backend.rateprovider.impl.DBSRateProviderImplTest" time="0.299">
    <failure type="java.lang.AssertionError:">java.lang.AssertionError: null
	at org.junit.Assert.fail(Assert.java:86)
	at org.junit.Assert.assertTrue(Assert.java:41)
	at org.junit.Assert.assertFalse(Assert.java:64)
	at org.junit.Assert.assertFalse(Assert.java:74)
	at io.xrates.backend.rateprovider.impl.DBSRateProviderImplTest.testINR(DBSRateProviderImplTest.java:240)
</failure>
    <system-out><![CDATA[2018-05-26 18:09:38.265  INFO   --- [           main] i.x.b.rateprovider.AbstractRateProvider  : Found rates null so updating it.
2018-05-26 18:09:38.267  INFO   --- [           main] i.x.b.rateprovider.AbstractRateProvider  : Instantiating following service : 
 ____   ____   ____  
|  _ \ | __ ) / ___| 
| | | ||  _ \ \___ \ 
| |_| || |_) | ___) |
|____/ |____/ |____/ 
                     

2018-05-26 18:09:38.268  INFO   --- [           main] i.x.b.r.impl.DBSRateProviderImpl         : DBS: Fetching page @ http://www.dbs.com.sg/personal/rates-online/foreign-currency-foreign-exchange.page
]]></system-out>
  </testcase>
  <testcase name="testJPY" classname="io.xrates.backend.rateprovider.impl.DBSRateProviderImplTest" time="0.291">
    <failure type="java.lang.AssertionError:">java.lang.AssertionError: null
	at org.junit.Assert.fail(Assert.java:86)
	at org.junit.Assert.assertTrue(Assert.java:41)
	at org.junit.Assert.assertFalse(Assert.java:64)
	at org.junit.Assert.assertFalse(Assert.java:74)
	at io.xrates.backend.rateprovider.impl.DBSRateProviderImplTest.testJPY(DBSRateProviderImplTest.java:180)
</failure>
    <system-out><![CDATA[2018-05-26 18:09:38.565  INFO   --- [           main] i.x.b.rateprovider.AbstractRateProvider  : Found rates null so updating it.
2018-05-26 18:09:38.568  INFO   --- [           main] i.x.b.rateprovider.AbstractRateProvider  : Instantiating following service : 
 ____   ____   ____  
|  _ \ | __ ) / ___| 
| | | ||  _ \ \___ \ 
| |_| || |_) | ___) |
|____/ |____/ |____/ 
                     

2018-05-26 18:09:38.569  INFO   --- [           main] i.x.b.r.impl.DBSRateProviderImpl         : DBS: Fetching page @ http://www.dbs.com.sg/personal/rates-online/foreign-currency-foreign-exchange.page
]]></system-out>
  </testcase>
  <testcase name="testKRW" classname="io.xrates.backend.rateprovider.impl.DBSRateProviderImplTest" time="0.314">
    <failure type="java.lang.AssertionError:">java.lang.AssertionError: null
	at org.junit.Assert.fail(Assert.java:86)
	at org.junit.Assert.assertTrue(Assert.java:41)
	at org.junit.Assert.assertFalse(Assert.java:64)
	at org.junit.Assert.assertFalse(Assert.java:74)
	at io.xrates.backend.rateprovider.impl.DBSRateProviderImplTest.testKRW(DBSRateProviderImplTest.java:252)
</failure>
    <system-out><![CDATA[2018-05-26 18:09:38.857  INFO   --- [           main] i.x.b.rateprovider.AbstractRateProvider  : Found rates null so updating it.
2018-05-26 18:09:38.860  INFO   --- [           main] i.x.b.rateprovider.AbstractRateProvider  : Instantiating following service : 
 ____   ____   ____  
|  _ \ | __ ) / ___| 
| | | ||  _ \ \___ \ 
| |_| || |_) | ___) |
|____/ |____/ |____/ 
                     

2018-05-26 18:09:38.861  INFO   --- [           main] i.x.b.r.impl.DBSRateProviderImpl         : DBS: Fetching page @ http://www.dbs.com.sg/personal/rates-online/foreign-currency-foreign-exchange.page
]]></system-out>
  </testcase>
  <testcase name="testLKR" classname="io.xrates.backend.rateprovider.impl.DBSRateProviderImplTest" time="0.297">
    <failure type="java.lang.AssertionError:">java.lang.AssertionError: null
	at org.junit.Assert.fail(Assert.java:86)
	at org.junit.Assert.assertTrue(Assert.java:41)
	at org.junit.Assert.assertFalse(Assert.java:64)
	at org.junit.Assert.assertFalse(Assert.java:74)
	at io.xrates.backend.rateprovider.impl.DBSRateProviderImplTest.testLKR(DBSRateProviderImplTest.java:264)
</failure>
    <system-out><![CDATA[2018-05-26 18:09:39.172  INFO   --- [           main] i.x.b.rateprovider.AbstractRateProvider  : Found rates null so updating it.
2018-05-26 18:09:39.175  INFO   --- [           main] i.x.b.rateprovider.AbstractRateProvider  : Instantiating following service : 
 ____   ____   ____  
|  _ \ | __ ) / ___| 
| | | ||  _ \ \___ \ 
| |_| || |_) | ___) |
|____/ |____/ |____/ 
                     

2018-05-26 18:09:39.176  INFO   --- [           main] i.x.b.r.impl.DBSRateProviderImpl         : DBS: Fetching page @ http://www.dbs.com.sg/personal/rates-online/foreign-currency-foreign-exchange.page
]]></system-out>
  </testcase>
  <testcase name="testNOK" classname="io.xrates.backend.rateprovider.impl.DBSRateProviderImplTest" time="0.312">
    <failure type="java.lang.AssertionError:">java.lang.AssertionError: null
	at org.junit.Assert.fail(Assert.java:86)
	at org.junit.Assert.assertTrue(Assert.java:41)
	at org.junit.Assert.assertFalse(Assert.java:64)
	at org.junit.Assert.assertFalse(Assert.java:74)
	at io.xrates.backend.rateprovider.impl.DBSRateProviderImplTest.testNOK(DBSRateProviderImplTest.java:132)
</failure>
    <system-out><![CDATA[2018-05-26 18:09:39.470  INFO   --- [           main] i.x.b.rateprovider.AbstractRateProvider  : Found rates null so updating it.
2018-05-26 18:09:39.473  INFO   --- [           main] i.x.b.rateprovider.AbstractRateProvider  : Instantiating following service : 
 ____   ____   ____  
|  _ \ | __ ) / ___| 
| | | ||  _ \ \___ \ 
| |_| || |_) | ___) |
|____/ |____/ |____/ 
                     

2018-05-26 18:09:39.473  INFO   --- [           main] i.x.b.r.impl.DBSRateProviderImpl         : DBS: Fetching page @ http://www.dbs.com.sg/personal/rates-online/foreign-currency-foreign-exchange.page
]]></system-out>
  </testcase>
  <testcase name="testNZD" classname="io.xrates.backend.rateprovider.impl.DBSRateProviderImplTest" time="0.302">
    <failure type="java.lang.AssertionError:">java.lang.AssertionError: null
	at org.junit.Assert.fail(Assert.java:86)
	at org.junit.Assert.assertTrue(Assert.java:41)
	at org.junit.Assert.assertFalse(Assert.java:64)
	at org.junit.Assert.assertFalse(Assert.java:74)
	at io.xrates.backend.rateprovider.impl.DBSRateProviderImplTest.testNZD(DBSRateProviderImplTest.java:96)
</failure>
    <system-out><![CDATA[2018-05-26 18:09:39.783  INFO   --- [           main] i.x.b.rateprovider.AbstractRateProvider  : Found rates null so updating it.
2018-05-26 18:09:39.786  INFO   --- [           main] i.x.b.rateprovider.AbstractRateProvider  : Instantiating following service : 
 ____   ____   ____  
|  _ \ | __ ) / ___| 
| | | ||  _ \ \___ \ 
| |_| || |_) | ___) |
|____/ |____/ |____/ 
                     

2018-05-26 18:09:39.787  INFO   --- [           main] i.x.b.r.impl.DBSRateProviderImpl         : DBS: Fetching page @ http://www.dbs.com.sg/personal/rates-online/foreign-currency-foreign-exchange.page
]]></system-out>
  </testcase>
  <testcase name="testPHP" classname="io.xrates.backend.rateprovider.impl.DBSRateProviderImplTest" time="0.401">
    <failure type="java.lang.AssertionError:">java.lang.AssertionError: null
	at org.junit.Assert.fail(Assert.java:86)
	at org.junit.Assert.assertTrue(Assert.java:41)
	at org.junit.Assert.assertFalse(Assert.java:64)
	at org.junit.Assert.assertFalse(Assert.java:74)
	at io.xrates.backend.rateprovider.impl.DBSRateProviderImplTest.testPHP(DBSRateProviderImplTest.java:276)
</failure>
    <system-out><![CDATA[2018-05-26 18:09:40.086  INFO   --- [           main] i.x.b.rateprovider.AbstractRateProvider  : Found rates null so updating it.
2018-05-26 18:09:40.090  INFO   --- [           main] i.x.b.rateprovider.AbstractRateProvider  : Instantiating following service : 
 ____   ____   ____  
|  _ \ | __ ) / ___| 
| | | ||  _ \ \___ \ 
| |_| || |_) | ___) |
|____/ |____/ |____/ 
                     

2018-05-26 18:09:40.090  INFO   --- [           main] i.x.b.r.impl.DBSRateProviderImpl         : DBS: Fetching page @ http://www.dbs.com.sg/personal/rates-online/foreign-currency-foreign-exchange.page
]]></system-out>
  </testcase>
  <testcase name="testSAR" classname="io.xrates.backend.rateprovider.impl.DBSRateProviderImplTest" time="0.314">
    <failure type="java.lang.AssertionError:">java.lang.AssertionError: null
	at org.junit.Assert.fail(Assert.java:86)
	at org.junit.Assert.assertTrue(Assert.java:41)
	at org.junit.Assert.assertFalse(Assert.java:64)
	at org.junit.Assert.assertFalse(Assert.java:74)
	at io.xrates.backend.rateprovider.impl.DBSRateProviderImplTest.testSAR(DBSRateProviderImplTest.java:288)
</failure>
    <system-out><![CDATA[2018-05-26 18:09:40.488  INFO   --- [           main] i.x.b.rateprovider.AbstractRateProvider  : Found rates null so updating it.
2018-05-26 18:09:40.492  INFO   --- [           main] i.x.b.rateprovider.AbstractRateProvider  : Instantiating following service : 
 ____   ____   ____  
|  _ \ | __ ) / ___| 
| | | ||  _ \ \___ \ 
| |_| || |_) | ___) |
|____/ |____/ |____/ 
                     

2018-05-26 18:09:40.494  INFO   --- [           main] i.x.b.r.impl.DBSRateProviderImpl         : DBS: Fetching page @ http://www.dbs.com.sg/personal/rates-online/foreign-currency-foreign-exchange.page
]]></system-out>
  </testcase>
  <testcase name="testSEK" classname="io.xrates.backend.rateprovider.impl.DBSRateProviderImplTest" time="0.299">
    <failure type="java.lang.AssertionError:">java.lang.AssertionError: null
	at org.junit.Assert.fail(Assert.java:86)
	at org.junit.Assert.assertTrue(Assert.java:41)
	at org.junit.Assert.assertFalse(Assert.java:64)
	at org.junit.Assert.assertFalse(Assert.java:74)
	at io.xrates.backend.rateprovider.impl.DBSRateProviderImplTest.testSEK(DBSRateProviderImplTest.java:144)
</failure>
    <system-out><![CDATA[2018-05-26 18:09:40.805  INFO   --- [           main] i.x.b.rateprovider.AbstractRateProvider  : Found rates null so updating it.
2018-05-26 18:09:40.810  INFO   --- [           main] i.x.b.rateprovider.AbstractRateProvider  : Instantiating following service : 
 ____   ____   ____  
|  _ \ | __ ) / ___| 
| | | ||  _ \ \___ \ 
| |_| || |_) | ___) |
|____/ |____/ |____/ 
                     

2018-05-26 18:09:40.810  INFO   --- [           main] i.x.b.r.impl.DBSRateProviderImpl         : DBS: Fetching page @ http://www.dbs.com.sg/personal/rates-online/foreign-currency-foreign-exchange.page
]]></system-out>
  </testcase>
  <testcase name="testTHB" classname="io.xrates.backend.rateprovider.impl.DBSRateProviderImplTest" time="0.319">
    <failure type="java.lang.AssertionError:">java.lang.AssertionError: null
	at org.junit.Assert.fail(Assert.java:86)
	at org.junit.Assert.assertTrue(Assert.java:41)
	at org.junit.Assert.assertFalse(Assert.java:64)
	at org.junit.Assert.assertFalse(Assert.java:74)
	at io.xrates.backend.rateprovider.impl.DBSRateProviderImplTest.testTHB(DBSRateProviderImplTest.java:192)
</failure>
    <system-out><![CDATA[2018-05-26 18:09:41.105  INFO   --- [           main] i.x.b.rateprovider.AbstractRateProvider  : Found rates null so updating it.
2018-05-26 18:09:41.108  INFO   --- [           main] i.x.b.rateprovider.AbstractRateProvider  : Instantiating following service : 
 ____   ____   ____  
|  _ \ | __ ) / ___| 
| | | ||  _ \ \___ \ 
| |_| || |_) | ___) |
|____/ |____/ |____/ 
                     

2018-05-26 18:09:41.108  INFO   --- [           main] i.x.b.r.impl.DBSRateProviderImpl         : DBS: Fetching page @ http://www.dbs.com.sg/personal/rates-online/foreign-currency-foreign-exchange.page
]]></system-out>
  </testcase>
  <testcase name="testTWD" classname="io.xrates.backend.rateprovider.impl.DBSRateProviderImplTest" time="0.297">
    <failure type="java.lang.AssertionError:">java.lang.AssertionError: null
	at org.junit.Assert.fail(Assert.java:86)
	at org.junit.Assert.assertTrue(Assert.java:41)
	at org.junit.Assert.assertFalse(Assert.java:64)
	at org.junit.Assert.assertFalse(Assert.java:74)
	at io.xrates.backend.rateprovider.impl.DBSRateProviderImplTest.testTWD(DBSRateProviderImplTest.java:300)
</failure>
    <system-out><![CDATA[2018-05-26 18:09:41.425  INFO   --- [           main] i.x.b.rateprovider.AbstractRateProvider  : Found rates null so updating it.
2018-05-26 18:09:41.428  INFO   --- [           main] i.x.b.rateprovider.AbstractRateProvider  : Instantiating following service : 
 ____   ____   ____  
|  _ \ | __ ) / ___| 
| | | ||  _ \ \___ \ 
| |_| || |_) | ___) |
|____/ |____/ |____/ 
                     

2018-05-26 18:09:41.428  INFO   --- [           main] i.x.b.r.impl.DBSRateProviderImpl         : DBS: Fetching page @ http://www.dbs.com.sg/personal/rates-online/foreign-currency-foreign-exchange.page
]]></system-out>
  </testcase>
  <testcase name="testUSD" classname="io.xrates.backend.rateprovider.impl.DBSRateProviderImplTest" time="0.294">
    <failure type="java.lang.AssertionError:">java.lang.AssertionError: null
	at org.junit.Assert.fail(Assert.java:86)
	at org.junit.Assert.assertTrue(Assert.java:41)
	at org.junit.Assert.assertFalse(Assert.java:64)
	at org.junit.Assert.assertFalse(Assert.java:74)
	at io.xrates.backend.rateprovider.impl.DBSRateProviderImplTest.testUSD(DBSRateProviderImplTest.java:36)
</failure>
    <system-out><![CDATA[2018-05-26 18:09:41.723  INFO   --- [           main] i.x.b.rateprovider.AbstractRateProvider  : Found rates null so updating it.
2018-05-26 18:09:41.726  INFO   --- [           main] i.x.b.rateprovider.AbstractRateProvider  : Instantiating following service : 
 ____   ____   ____  
|  _ \ | __ ) / ___| 
| | | ||  _ \ \___ \ 
| |_| || |_) | ___) |
|____/ |____/ |____/ 
                     

2018-05-26 18:09:41.726  INFO   --- [           main] i.x.b.r.impl.DBSRateProviderImpl         : DBS: Fetching page @ http://www.dbs.com.sg/personal/rates-online/foreign-currency-foreign-exchange.page
]]></system-out>
  </testcase>
  <testcase name="testZAR" classname="io.xrates.backend.rateprovider.impl.DBSRateProviderImplTest" time="0.294">
    <failure type="java.lang.AssertionError:">java.lang.AssertionError: null
	at org.junit.Assert.fail(Assert.java:86)
	at org.junit.Assert.assertTrue(Assert.java:41)
	at org.junit.Assert.assertFalse(Assert.java:64)
	at org.junit.Assert.assertFalse(Assert.java:74)
	at io.xrates.backend.rateprovider.impl.DBSRateProviderImplTest.testZAR(DBSRateProviderImplTest.java:228)
</failure>
    <system-out><![CDATA[2018-05-26 18:09:42.018  INFO   --- [           main] i.x.b.rateprovider.AbstractRateProvider  : Found rates null so updating it.
2018-05-26 18:09:42.021  INFO   --- [           main] i.x.b.rateprovider.AbstractRateProvider  : Instantiating following service : 
 ____   ____   ____  
|  _ \ | __ ) / ___| 
| | | ||  _ \ \___ \ 
| |_| || |_) | ___) |
|____/ |____/ |____/ 
                     

2018-05-26 18:09:42.022  INFO   --- [           main] i.x.b.r.impl.DBSRateProviderImpl         : DBS: Fetching page @ http://www.dbs.com.sg/personal/rates-online/foreign-currency-foreign-exchange.page
]]></system-out>
  </testcase>
</testsuite>