<?xml version="1.0" encoding="UTF-8"?>
<testsuite xmlns:xsi="http://www.w3.org/2001/XMLSchema-instance" xsi:schemaLocation="https://maven.apache.org/surefire/maven-surefire-plugin/xsd/surefire-test-report.xsd" name="org.apache.commons.net.SubnetUtilsTest" time="0.123" tests="13" errors="0" skipped="0" failures="5">
  <properties>
    <property name="java.runtime.name" value="OpenJDK Runtime Environment"/>
    <property name="sun.boot.library.path" value="/usr/lib/jvm/java-8-openjdk-amd64/jre/lib/amd64"/>
    <property name="java.vm.version" value="25.121-b13"/>
    <property name="java.vm.vendor" value="Oracle Corporation"/>
    <property name="maven.multiModuleProjectDirectory" value="/root/workspace/apache/commons-net/285104091"/>
    <property name="java.vendor.url" value="http://java.oracle.com/"/>
    <property name="path.separator" value=":"/>
    <property name="guice.disable.misplaced.annotation.check" value="true"/>
    <property name="java.vm.name" value="OpenJDK 64-Bit Server VM"/>
    <property name="file.encoding.pkg" value="sun.io"/>
    <property name="sun.java.launcher" value="SUN_STANDARD"/>
    <property name="sun.os.patch.level" value="unknown"/>
    <property name="findbugs.skip" value="true"/>
    <property name="java.vm.specification.name" value="Java Virtual Machine Specification"/>
    <property name="user.dir" value="/root/workspace/apache/commons-net/285104091"/>
    <property name="checkstyle.skip" value="true"/>
    <property name="java.runtime.version" value="1.8.0_121-8u121-b13-1~bpo8+1-b13"/>
    <property name="java.awt.graphicsenv" value="sun.awt.X11GraphicsEnvironment"/>
    <property name="java.endorsed.dirs" value="/usr/lib/jvm/java-8-openjdk-amd64/jre/lib/endorsed"/>
    <property name="os.arch" value="amd64"/>
    <property name="java.io.tmpdir" value="/tmp"/>
    <property name="gpg.skip" value="true"/>
    <property name="line.separator" value="&#10;"/>
    <property name="java.vm.specification.vendor" value="Oracle Corporation"/>
    <property name="cobertura.skip" value="true"/>
    <property name="os.name" value="Linux"/>
    <property name="classworlds.conf" value="/usr/share/maven/bin/m2.conf"/>
    <property name="sun.jnu.encoding" value="UTF-8"/>
    <property name="java.library.path" value="/usr/java/packages/lib/amd64:/usr/lib/x86_64-linux-gnu/jni:/lib/x86_64-linux-gnu:/usr/lib/x86_64-linux-gnu:/usr/lib/jni:/lib:/usr/lib"/>
    <property name="license.skip" value="true"/>
    <property name="java.specification.name" value="Java Platform API Specification"/>
    <property name="java.class.version" value="52.0"/>
    <property name="sun.management.compiler" value="HotSpot 64-Bit Tiered Compilers"/>
    <property name="maven.repo.local" value="/root/./workspace/apache/commons-net/285104091/.m2"/>
    <property name="os.version" value="3.16.0-4-amd64"/>
    <property name="user.home" value="/root"/>
    <property name="user.timezone" value="Europe/Paris"/>
    <property name="java.awt.printerjob" value="sun.print.PSPrinterJob"/>
    <property name="java.specification.version" value="1.8"/>
    <property name="file.encoding" value="UTF-8"/>
    <property name="user.name" value="root"/>
    <property name="java.class.path" value="/usr/share/maven/boot/plexus-classworlds-2.5.2.jar"/>
    <property name="skipITs" value="true"/>
    <property name="java.vm.specification.version" value="1.8"/>
    <property name="sun.arch.data.model" value="64"/>
    <property name="java.home" value="/usr/lib/jvm/java-8-openjdk-amd64/jre"/>
    <property name="sun.java.command" value="org.codehaus.plexus.classworlds.launcher.Launcher -B -D enforcer.skip=true -D skipITs=true -D cobertura.skip=true -D maven.repo.local=/root/./workspace/apache/commons-net/285104091/.m2 -D rat.skip=true -D findbugs.skip=true -D gpg.skip=true -D checkstyle.skip=true -D license.skip=true test"/>
    <property name="java.specification.vendor" value="Oracle Corporation"/>
    <property name="user.language" value="en"/>
    <property name="awt.toolkit" value="sun.awt.X11.XToolkit"/>
    <property name="java.vm.info" value="mixed mode"/>
    <property name="java.version" value="1.8.0_121"/>
    <property name="java.ext.dirs" value="/usr/lib/jvm/java-8-openjdk-amd64/jre/lib/ext:/usr/java/packages/lib/ext"/>
    <property name="securerandom.source" value="file:/dev/./urandom"/>
    <property name="sun.boot.class.path" value="/usr/lib/jvm/java-8-openjdk-amd64/jre/lib/resources.jar:/usr/lib/jvm/java-8-openjdk-amd64/jre/lib/rt.jar:/usr/lib/jvm/java-8-openjdk-amd64/jre/lib/sunrsasign.jar:/usr/lib/jvm/java-8-openjdk-amd64/jre/lib/jsse.jar:/usr/lib/jvm/java-8-openjdk-amd64/jre/lib/jce.jar:/usr/lib/jvm/java-8-openjdk-amd64/jre/lib/charsets.jar:/usr/lib/jvm/java-8-openjdk-amd64/jre/lib/jfr.jar:/usr/lib/jvm/java-8-openjdk-amd64/jre/classes"/>
    <property name="java.vendor" value="Oracle Corporation"/>
    <property name="enforcer.skip" value="true"/>
    <property name="rat.skip" value="true"/>
    <property name="maven.home" value="/usr/share/maven"/>
    <property name="file.separator" value="/"/>
    <property name="java.vendor.url.bug" value="http://bugreport.sun.com/bugreport/"/>
    <property name="sun.cpu.endian" value="little"/>
    <property name="sun.io.unicode.encoding" value="UnicodeLittle"/>
    <property name="sun.cpu.isalist" value=""/>
  </properties>
  <testcase name="testNET428_31" classname="org.apache.commons.net.SubnetUtilsTest" time="0.006"/>
  <testcase name="testNET428_32" classname="org.apache.commons.net.SubnetUtilsTest" time="0"/>
  <testcase name="testParseSimpleNetmaskInclusive" classname="org.apache.commons.net.SubnetUtilsTest" time="0.008">
    <failure message="nw 255.255.255.252 expected:&lt;192.168.15.[4]&gt; but was:&lt;192.168.15.[7]&gt;" type="junit.framework.ComparisonFailure"><![CDATA[junit.framework.ComparisonFailure: nw 255.255.255.252 expected:<192.168.15.[4]> but was:<192.168.15.[7]>
	at org.apache.commons.net.SubnetUtilsTest.testParseSimpleNetmaskInclusive(SubnetUtilsTest.java:301)
]]></failure>
  </testcase>
  <testcase name="testZeroAddressAndCidr" classname="org.apache.commons.net.SubnetUtilsTest" time="0"/>
  <testcase name="testParseSimpleNetmask" classname="org.apache.commons.net.SubnetUtilsTest" time="0">
    <failure message="expected:&lt;192.[255.255.255]&gt; but was:&lt;192.[168.0.1]&gt;" type="junit.framework.ComparisonFailure"><![CDATA[junit.framework.ComparisonFailure: expected:<192.[255.255.255]> but was:<192.[168.0.1]>
	at org.apache.commons.net.SubnetUtilsTest.testParseSimpleNetmask(SubnetUtilsTest.java:251)
]]></failure>
  </testcase>
  <testcase name="testParseSimpleNetmaskExclusive" classname="org.apache.commons.net.SubnetUtilsTest" time="0.001">
    <failure message="nw 255.255.255.252 expected:&lt;192.168.15.[4]&gt; but was:&lt;192.168.15.[7]&gt;" type="junit.framework.ComparisonFailure"><![CDATA[junit.framework.ComparisonFailure: nw 255.255.255.252 expected:<192.168.15.[4]> but was:<192.168.15.[7]>
	at org.apache.commons.net.SubnetUtilsTest.testParseSimpleNetmaskExclusive(SubnetUtilsTest.java:277)
]]></failure>
  </testcase>
  <testcase name="testNET520" classname="org.apache.commons.net.SubnetUtilsTest" time="0">
    <failure message="expected:&lt;[255.255.255.255]&gt; but was:&lt;[0.0.0.0]&gt;" type="junit.framework.ComparisonFailure"><![CDATA[junit.framework.ComparisonFailure: expected:<[255.255.255.255]> but was:<[0.0.0.0]>
	at org.apache.commons.net.SubnetUtilsTest.testNET520(SubnetUtilsTest.java:366)
]]></failure>
  </testcase>
  <testcase name="testNET521" classname="org.apache.commons.net.SubnetUtilsTest" time="0.001"/>
  <testcase name="testNET624" classname="org.apache.commons.net.SubnetUtilsTest" time="0"/>
  <testcase name="testNET641" classname="org.apache.commons.net.SubnetUtilsTest" time="0.001"/>
  <testcase name="testInvalidMasks" classname="org.apache.commons.net.SubnetUtilsTest" time="0.001"/>
  <testcase name="testAddresses" classname="org.apache.commons.net.SubnetUtilsTest" time="0.101"/>
  <testcase name="testCidrAddresses" classname="org.apache.commons.net.SubnetUtilsTest" time="0">
    <failure message="expected:&lt;[255.0.0.0]&gt; but was:&lt;[192.168.0.1]&gt;" type="junit.framework.ComparisonFailure"><![CDATA[junit.framework.ComparisonFailure: expected:<[255.0.0.0]> but was:<[192.168.0.1]>
	at org.apache.commons.net.SubnetUtilsTest.testCidrAddresses(SubnetUtilsTest.java:48)
]]></failure>
  </testcase>
</testsuite>