-------------------------------------------------------------------------------
Test set: TestParser
-------------------------------------------------------------------------------
Tests run: 3, Failures: 0, Errors: 1, Skipped: 0, Time elapsed: 0.811 sec <<< FAILURE!
failParseInvalid(TestParser)  Time elapsed: 0.007 sec  <<< ERROR!
java.io.FileNotFoundException: /root/workspace/codingchili/parser-excel-elasticsearch/372415239/src/test/java/test_invalid.xlsx
	at com.codingchili.Model.FileParser.<init>(FileParser.java:56)
	at TestParser.failParseInvalid(TestParser.java:28)
	at sun.reflect.NativeMethodAccessorImpl.invoke0(Native Method)
	at sun.reflect.NativeMethodAccessorImpl.invoke(NativeMethodAccessorImpl.java:62)
	at sun.reflect.DelegatingMethodAccessorImpl.invoke(DelegatingMethodAccessorImpl.java:43)
	at java.lang.reflect.Method.invoke(Method.java:498)
	at io.vertx.ext.unit.junit.VertxUnitRunner.invokeTestMethod(VertxUnitRunner.java:93)
	at io.vertx.ext.unit.junit.VertxUnitRunner.lambda$invokeExplosively$0(VertxUnitRunner.java:114)
	at io.vertx.ext.unit.impl.TestContextImpl$Step.run(TestContextImpl.java:128)
	at io.vertx.ext.unit.impl.TestContextImpl$Step.access$200(TestContextImpl.java:30)
	at io.vertx.ext.unit.impl.TestContextImpl.run(TestContextImpl.java:237)
	at io.vertx.ext.unit.junit.VertxUnitRunner.invokeExplosively(VertxUnitRunner.java:130)
	at io.vertx.ext.unit.junit.VertxUnitRunner.access$000(VertxUnitRunner.java:39)
	at io.vertx.ext.unit.junit.VertxUnitRunner$1.evaluate(VertxUnitRunner.java:84)
	at org.junit.runners.ParentRunner.runLeaf(ParentRunner.java:325)
	at org.junit.runners.BlockJUnit4ClassRunner.runChild(BlockJUnit4ClassRunner.java:78)
	at org.junit.runners.BlockJUnit4ClassRunner.runChild(BlockJUnit4ClassRunner.java:57)
	at org.junit.runners.ParentRunner$3.run(ParentRunner.java:290)
	at org.junit.runners.ParentRunner$1.schedule(ParentRunner.java:71)
	at org.junit.runners.ParentRunner.runChildren(ParentRunner.java:288)
	at org.junit.runners.ParentRunner.access$000(ParentRunner.java:58)
	at org.junit.runners.ParentRunner$2.evaluate(ParentRunner.java:268)
	at org.junit.runners.ParentRunner.run(ParentRunner.java:363)
	at org.apache.maven.surefire.junit4.JUnit4Provider.execute(JUnit4Provider.java:252)
	at org.apache.maven.surefire.junit4.JUnit4Provider.executeTestSet(JUnit4Provider.java:141)
	at org.apache.maven.surefire.junit4.JUnit4Provider.invoke(JUnit4Provider.java:112)
	at sun.reflect.NativeMethodAccessorImpl.invoke0(Native Method)
	at sun.reflect.NativeMethodAccessorImpl.invoke(NativeMethodAccessorImpl.java:62)
	at sun.reflect.DelegatingMethodAccessorImpl.invoke(DelegatingMethodAccessorImpl.java:43)
	at java.lang.reflect.Method.invoke(Method.java:498)
	at org.apache.maven.surefire.util.ReflectionUtils.invokeMethodWithArray(ReflectionUtils.java:189)
	at org.apache.maven.surefire.booter.ProviderFactory$ProviderProxy.invoke(ProviderFactory.java:165)
	at org.apache.maven.surefire.booter.ProviderFactory.invokeProvider(ProviderFactory.java:85)
	at org.apache.maven.surefire.booter.ForkedBooter.runSuitesInProcess(ForkedBooter.java:115)
	at org.apache.maven.surefire.booter.ForkedBooter.main(ForkedBooter.java:75)

