# JRE version: OpenJDK Runtime Environment (8.0_121-b13) (build 1.8.0_121-8u121-b13-1~bpo8+1-b13)
# Java VM: OpenJDK 64-Bit Server VM (25.121-b13 mixed mode linux-amd64 compressed oops)
Heap:
 PSYoungGen      total 1023488K, used 224K [0x0000000718100000, 0x0000000759200000, 0x00000007c0000000)
  eden space 980992K, 0% used [0x0000000718100000,0x0000000718100000,0x0000000753f00000)
  from space 42496K, 0% used [0x0000000753f00000,0x0000000753f38000,0x0000000756880000)
  to   space 41472K, 0% used [0x0000000756980000,0x0000000756980000,0x0000000759200000)
 ParOldGen       total 344064K, used 56726K [0x00000005c8200000, 0x00000005dd200000, 0x0000000718100000)
  object space 344064K, 16% used [0x00000005c8200000,0x00000005cb965938,0x00000005dd200000)
 Metaspace       used 14605K, capacity 14888K, committed 15104K, reserved 1062912K
  class space    used 1606K, capacity 1708K, committed 1792K, reserved 1048576K
GC Heap History (10 events):
Event: 10.930 GC heap after
Heap after GC invocations=5 (full 1):
 PSYoungGen      total 279552K, used 14153K [0x0000000718100000, 0x000000072a700000, 0x00000007c0000000)
  eden space 258048K, 0% used [0x0000000718100000,0x0000000718100000,0x0000000727d00000)
  from space 21504K, 65% used [0x0000000729200000,0x0000000729fd2730,0x000000072a700000)
  to   space 21504K, 0% used [0x0000000727d00000,0x0000000727d00000,0x0000000729200000)
 ParOldGen       total 344064K, used 13340K [0x00000005c8200000, 0x00000005dd200000, 0x0000000718100000)
  object space 344064K, 3% used [0x00000005c8200000,0x00000005c8f071c0,0x00000005dd200000)
 Metaspace       used 14041K, capacity 14268K, committed 14592K, reserved 1062912K
  class space    used 1570K, capacity 1672K, committed 1792K, reserved 1048576K
}
Event: 17.545 GC heap before
{Heap before GC invocations=6 (full 1):
 PSYoungGen      total 279552K, used 272201K [0x0000000718100000, 0x000000072a700000, 0x00000007c0000000)
  eden space 258048K, 100% used [0x0000000718100000,0x0000000727d00000,0x0000000727d00000)
  from space 21504K, 65% used [0x0000000729200000,0x0000000729fd2730,0x000000072a700000)
  to   space 21504K, 0% used [0x0000000727d00000,0x0000000727d00000,0x0000000729200000)
 ParOldGen       total 344064K, used 13340K [0x00000005c8200000, 0x00000005dd200000, 0x0000000718100000)
  object space 344064K, 3% used [0x00000005c8200000,0x00000005c8f071c0,0x00000005dd200000)
 Metaspace       used 14504K, capacity 14760K, committed 15104K, reserved 1062912K
  class space    used 1605K, capacity 1708K, committed 1792K, reserved 1048576K
Event: 17.688 GC heap after
Heap after GC invocations=6 (full 1):
 PSYoungGen      total 279552K, used 21483K [0x0000000718100000, 0x000000073a300000, 0x00000007c0000000)
  eden space 258048K, 0% used [0x0000000718100000,0x0000000718100000,0x0000000727d00000)
  from space 21504K, 99% used [0x0000000727d00000,0x00000007291face0,0x0000000729200000)
  to   space 21504K, 0% used [0x0000000738e00000,0x0000000738e00000,0x000000073a300000)
 ParOldGen       total 344064K, used 35090K [0x00000005c8200000, 0x00000005dd200000, 0x0000000718100000)
  object space 344064K, 10% used [0x00000005c8200000,0x00000005ca4449f0,0x00000005dd200000)
 Metaspace       used 14504K, capacity 14760K, committed 15104K, reserved 1062912K
  class space    used 1605K, capacity 1708K, committed 1792K, reserved 1048576K
}
Event: 18.820 GC heap before
{Heap before GC invocations=7 (full 1):
 PSYoungGen      total 279552K, used 279531K [0x0000000718100000, 0x000000073a300000, 0x00000007c0000000)
  eden space 258048K, 100% used [0x0000000718100000,0x0000000727d00000,0x0000000727d00000)
  from space 21504K, 99% used [0x0000000727d00000,0x00000007291face0,0x0000000729200000)
  to   space 21504K, 0% used [0x0000000738e00000,0x0000000738e00000,0x000000073a300000)
 ParOldGen       total 344064K, used 35090K [0x00000005c8200000, 0x00000005dd200000, 0x0000000718100000)
  object space 344064K, 10% used [0x00000005c8200000,0x00000005ca4449f0,0x00000005dd200000)
 Metaspace       used 14536K, capacity 14824K, committed 15104K, reserved 1062912K
  class space    used 1606K, capacity 1708K, committed 1792K, reserved 1048576K
Event: 18.895 GC heap after
Heap after GC invocations=7 (full 1):
 PSYoungGen      total 512000K, used 21483K [0x0000000718100000, 0x000000073d500000, 0x00000007c0000000)
  eden space 490496K, 0% used [0x0000000718100000,0x0000000718100000,0x0000000736000000)
  from space 21504K, 99% used [0x0000000738e00000,0x000000073a2fad00,0x000000073a300000)
  to   space 47104K, 0% used [0x0000000736000000,0x0000000736000000,0x0000000738e00000)
 ParOldGen       total 344064K, used 35194K [0x00000005c8200000, 0x00000005dd200000, 0x0000000718100000)
  object space 344064K, 10% used [0x00000005c8200000,0x00000005ca45e9f0,0x00000005dd200000)
 Metaspace       used 14536K, capacity 14824K, committed 15104K, reserved 1062912K
  class space    used 1606K, capacity 1708K, committed 1792K, reserved 1048576K
}
Event: 20.828 GC heap before
{Heap before GC invocations=8 (full 1):
 PSYoungGen      total 512000K, used 511979K [0x0000000718100000, 0x000000073d500000, 0x00000007c0000000)
  eden space 490496K, 100% used [0x0000000718100000,0x0000000736000000,0x0000000736000000)
  from space 21504K, 99% used [0x0000000738e00000,0x000000073a2fad00,0x000000073a300000)
  to   space 47104K, 0% used [0x0000000736000000,0x0000000736000000,0x0000000738e00000)
 ParOldGen       total 344064K, used 35194K [0x00000005c8200000, 0x00000005dd200000, 0x0000000718100000)
  object space 344064K, 10% used [0x00000005c8200000,0x00000005ca45e9f0,0x00000005dd200000)
 Metaspace       used 14542K, capacity 14824K, committed 15104K, reserved 1062912K
  class space    used 1606K, capacity 1708K, committed 1792K, reserved 1048576K
Event: 20.932 GC heap after
Heap after GC invocations=8 (full 1):
 PSYoungGen      total 537600K, used 21547K [0x0000000718100000, 0x0000000759400000, 0x00000007c0000000)
  eden space 490496K, 0% used [0x0000000718100000,0x0000000718100000,0x0000000736000000)
  from space 47104K, 45% used [0x0000000736000000,0x000000073750ace0,0x0000000738e00000)
  to   space 43520K, 0% used [0x0000000756980000,0x0000000756980000,0x0000000759400000)
 ParOldGen       total 344064K, used 35202K [0x00000005c8200000, 0x00000005dd200000, 0x0000000718100000)
  object space 344064K, 10% used [0x00000005c8200000,0x00000005ca4609f0,0x00000005dd200000)
 Metaspace       used 14542K, capacity 14824K, committed 15104K, reserved 1062912K
  class space    used 1606K, capacity 1708K, committed 1792K, reserved 1048576K
}
Event: 23.081 GC heap before
{Heap before GC invocations=9 (full 1):
 PSYoungGen      total 537600K, used 512043K [0x0000000718100000, 0x0000000759400000, 0x00000007c0000000)
  eden space 490496K, 100% used [0x0000000718100000,0x0000000736000000,0x0000000736000000)
  from space 47104K, 45% used [0x0000000736000000,0x000000073750ace0,0x0000000738e00000)
  to   space 43520K, 0% used [0x0000000756980000,0x0000000756980000,0x0000000759400000)
 ParOldGen       total 344064K, used 35202K [0x00000005c8200000, 0x00000005dd200000, 0x0000000718100000)
  object space 344064K, 10% used [0x00000005c8200000,0x00000005ca4609f0,0x00000005dd200000)
 Metaspace       used 14588K, capacity 14824K, committed 15104K, reserved 1062912K
  class space    used 1606K, capacity 1708K, committed 1792K, reserved 1048576K
Event: 23.227 GC heap after
Heap after GC invocations=9 (full 1):
 PSYoungGen      total 1022464K, used 16735K [0x0000000718100000, 0x0000000759200000, 0x00000007c0000000)
  eden space 980992K, 0% used [0x0000000718100000,0x0000000718100000,0x0000000753f00000)
  from space 41472K, 40% used [0x0000000756980000,0x00000007579d7fa0,0x0000000759200000)
  to   space 42496K, 0% used [0x0000000753f00000,0x0000000753f00000,0x0000000756880000)
 ParOldGen       total 344064K, used 40032K [0x00000005c8200000, 0x00000005dd200000, 0x0000000718100000)
  object space 344064K, 11% used [0x00000005c8200000,0x00000005ca918050,0x00000005dd200000)
 Metaspace       used 14588K, capacity 14824K, committed 15104K, reserved 1062912K
  class space    used 1606K, capacity 1708K, committed 1792K, reserved 1048576K
}
Event: 26.684 GC heap before
{Heap before GC invocations=10 (full 1):
 PSYoungGen      total 1022464K, used 997727K [0x0000000718100000, 0x0000000759200000, 0x00000007c0000000)
  eden space 980992K, 100% used [0x0000000718100000,0x0000000753f00000,0x0000000753f00000)
  from space 41472K, 40% used [0x0000000756980000,0x00000007579d7fa0,0x0000000759200000)
  to   space 42496K, 0% used [0x0000000753f00000,0x0000000753f00000,0x0000000756880000)
 ParOldGen       total 344064K, used 40032K [0x00000005c8200000, 0x00000005dd200000, 0x0000000718100000)
  object space 344064K, 11% used [0x00000005c8200000,0x00000005ca918050,0x00000005dd200000)
 Metaspace       used 14605K, capacity 14888K, committed 15104K, reserved 1062912K
  class space    used 1606K, capacity 1708K, committed 1792K, reserved 1048576K

