-------------------------------------------------------------------------------
Test set: org.hesperides.tests.bdd.CucumberTests
-------------------------------------------------------------------------------
Tests run: 192, Failures: 0, Errors: 2, Skipped: 1, Time elapsed: 119.256 s <<< FAILURE! - in org.hesperides.tests.bdd.CucumberTests
When deleting this template(Scenario: delete a template from a module)  Time elapsed: 0.012 s  <<< ERROR!
org.springframework.web.client.HttpClientErrorException: 405 

Scenario: delete a template from a module  Time elapsed: 0.014 s  <<< ERROR!
org.springframework.web.client.HttpClientErrorException: 405 

