# JRE version: OpenJDK Runtime Environment (8.0_121-b13) (build 1.8.0_121-8u121-b13-1~bpo8+1-b13)
# Java VM: OpenJDK 64-Bit Server VM (25.121-b13 mixed mode linux-amd64 compressed oops)
Heap:
 PSYoungGen      total 1317888K, used 19446K [0x0000000718100000, 0x000000076cb80000, 0x00000007c0000000)
  eden space 1296384K, 0% used [0x0000000718100000,0x0000000718100000,0x0000000767300000)
  from space 21504K, 90% used [0x000000076a180000,0x000000076b47db90,0x000000076b680000)
  to   space 11264K, 0% used [0x000000076c080000,0x000000076c080000,0x000000076cb80000)
 ParOldGen       total 310272K, used 66888K [0x00000005c8200000, 0x00000005db100000, 0x0000000718100000)
  object space 310272K, 21% used [0x00000005c8200000,0x00000005cc3521c0,0x00000005db100000)
 Metaspace       used 82486K, capacity 85446K, committed 85632K, reserved 1124352K
  class space    used 9489K, capacity 10043K, committed 10112K, reserved 1048576K
GC Heap History (10 events):
Event: 117.669 GC heap after
Heap after GC invocations=26 (full 4):
 PSYoungGen      total 968192K, used 5856K [0x0000000718100000, 0x0000000754b00000, 0x00000007c0000000)
  eden space 943104K, 0% used [0x0000000718100000,0x0000000718100000,0x0000000751a00000)
  from space 25088K, 23% used [0x0000000753280000,0x00000007538382a8,0x0000000754b00000)
  to   space 25088K, 0% used [0x0000000751a00000,0x0000000751a00000,0x0000000753280000)
 ParOldGen       total 310272K, used 61142K [0x00000005c8200000, 0x00000005db100000, 0x0000000718100000)
  object space 310272K, 19% used [0x00000005c8200000,0x00000005cbdb5a00,0x00000005db100000)
 Metaspace       used 74142K, capacity 76782K, committed 76928K, reserved 1116160K
  class space    used 8731K, capacity 9243K, committed 9344K, reserved 1048576K
}
Event: 128.318 GC heap before
{Heap before GC invocations=27 (full 4):
 PSYoungGen      total 968192K, used 948960K [0x0000000718100000, 0x0000000754b00000, 0x00000007c0000000)
  eden space 943104K, 100% used [0x0000000718100000,0x0000000751a00000,0x0000000751a00000)
  from space 25088K, 23% used [0x0000000753280000,0x00000007538382a8,0x0000000754b00000)
  to   space 25088K, 0% used [0x0000000751a00000,0x0000000751a00000,0x0000000753280000)
 ParOldGen       total 310272K, used 61142K [0x00000005c8200000, 0x00000005db100000, 0x0000000718100000)
  object space 310272K, 19% used [0x00000005c8200000,0x00000005cbdb5a00,0x00000005db100000)
 Metaspace       used 74798K, capacity 77490K, committed 77696K, reserved 1118208K
  class space    used 8784K, capacity 9321K, committed 9344K, reserved 1048576K
Event: 128.398 GC heap after
Heap after GC invocations=27 (full 4):
 PSYoungGen      total 968192K, used 6860K [0x0000000718100000, 0x0000000761300000, 0x00000007c0000000)
  eden space 943104K, 0% used [0x0000000718100000,0x0000000718100000,0x0000000751a00000)
  from space 25088K, 27% used [0x0000000751a00000,0x00000007520b3310,0x0000000753280000)
  to   space 24576K, 0% used [0x000000075fb00000,0x000000075fb00000,0x0000000761300000)
 ParOldGen       total 310272K, used 64007K [0x00000005c8200000, 0x00000005db100000, 0x0000000718100000)
  object space 310272K, 20% used [0x00000005c8200000,0x00000005cc081e10,0x00000005db100000)
 Metaspace       used 74798K, capacity 77490K, committed 77696K, reserved 1118208K
  class space    used 8784K, capacity 9321K, committed 9344K, reserved 1048576K
}
Event: 143.277 GC heap before
{Heap before GC invocations=28 (full 4):
 PSYoungGen      total 968192K, used 949964K [0x0000000718100000, 0x0000000761300000, 0x00000007c0000000)
  eden space 943104K, 100% used [0x0000000718100000,0x0000000751a00000,0x0000000751a00000)
  from space 25088K, 27% used [0x0000000751a00000,0x00000007520b3310,0x0000000753280000)
  to   space 24576K, 0% used [0x000000075fb00000,0x000000075fb00000,0x0000000761300000)
 ParOldGen       total 310272K, used 64007K [0x00000005c8200000, 0x00000005db100000, 0x0000000718100000)
  object space 310272K, 20% used [0x00000005c8200000,0x00000005cc081e10,0x00000005db100000)
 Metaspace       used 79609K, capacity 82460K, committed 82816K, reserved 1122304K
  class space    used 9210K, capacity 9754K, committed 9856K, reserved 1048576K
Event: 143.347 GC heap after
Heap after GC invocations=28 (full 4):
 PSYoungGen      total 1148928K, used 11993K [0x0000000718100000, 0x0000000760700000, 0x00000007c0000000)
  eden space 1136640K, 0% used [0x0000000718100000,0x0000000718100000,0x000000075d700000)
  from space 12288K, 97% used [0x000000075fb00000,0x00000007606b65e8,0x0000000760700000)
  to   space 23552K, 0% used [0x000000075d900000,0x000000075d900000,0x000000075f000000)
 ParOldGen       total 310272K, used 64529K [0x00000005c8200000, 0x00000005db100000, 0x0000000718100000)
  object space 310272K, 20% used [0x00000005c8200000,0x00000005cc104630,0x00000005db100000)
 Metaspace       used 79609K, capacity 82460K, committed 82816K, reserved 1122304K
  class space    used 9210K, capacity 9754K, committed 9856K, reserved 1048576K
}
Event: 160.069 GC heap before
{Heap before GC invocations=29 (full 4):
 PSYoungGen      total 1148928K, used 1148633K [0x0000000718100000, 0x0000000760700000, 0x00000007c0000000)
  eden space 1136640K, 100% used [0x0000000718100000,0x000000075d700000,0x000000075d700000)
  from space 12288K, 97% used [0x000000075fb00000,0x00000007606b65e8,0x0000000760700000)
  to   space 23552K, 0% used [0x000000075d900000,0x000000075d900000,0x000000075f000000)
 ParOldGen       total 310272K, used 64529K [0x00000005c8200000, 0x00000005db100000, 0x0000000718100000)
  object space 310272K, 20% used [0x00000005c8200000,0x00000005cc104630,0x00000005db100000)
 Metaspace       used 80609K, capacity 83400K, committed 83584K, reserved 1122304K
  class space    used 9296K, capacity 9836K, committed 9856K, reserved 1048576K
Event: 160.131 GC heap after
Heap after GC invocations=29 (full 4):
 PSYoungGen      total 1162240K, used 10430K [0x0000000718100000, 0x000000076d680000, 0x00000007c0000000)
  eden space 1138688K, 0% used [0x0000000718100000,0x0000000718100000,0x000000075d900000)
  from space 23552K, 44% used [0x000000075d900000,0x000000075e32f908,0x000000075f000000)
  to   space 22528K, 0% used [0x000000076c080000,0x000000076c080000,0x000000076d680000)
 ParOldGen       total 310272K, used 66880K [0x00000005c8200000, 0x00000005db100000, 0x0000000718100000)
  object space 310272K, 21% used [0x00000005c8200000,0x00000005cc3501c0,0x00000005db100000)
 Metaspace       used 80609K, capacity 83400K, committed 83584K, reserved 1122304K
  class space    used 9296K, capacity 9836K, committed 9856K, reserved 1048576K
}
Event: 180.124 GC heap before
{Heap before GC invocations=30 (full 4):
 PSYoungGen      total 1162240K, used 1149118K [0x0000000718100000, 0x000000076d680000, 0x00000007c0000000)
  eden space 1138688K, 100% used [0x0000000718100000,0x000000075d900000,0x000000075d900000)
  from space 23552K, 44% used [0x000000075d900000,0x000000075e32f908,0x000000075f000000)
  to   space 22528K, 0% used [0x000000076c080000,0x000000076c080000,0x000000076d680000)
 ParOldGen       total 310272K, used 66880K [0x00000005c8200000, 0x00000005db100000, 0x0000000718100000)
  object space 310272K, 21% used [0x00000005c8200000,0x00000005cc3501c0,0x00000005db100000)
 Metaspace       used 81563K, capacity 84416K, committed 84480K, reserved 1124352K
  class space    used 9381K, capacity 9920K, committed 9984K, reserved 1048576K
Event: 180.315 GC heap after
Heap after GC invocations=30 (full 4):
 PSYoungGen      total 1307648K, used 10841K [0x0000000718100000, 0x000000076cb80000, 0x00000007c0000000)
  eden space 1296384K, 0% used [0x0000000718100000,0x0000000718100000,0x0000000767300000)
  from space 11264K, 96% used [0x000000076c080000,0x000000076cb16768,0x000000076cb80000)
  to   space 21504K, 0% used [0x000000076a180000,0x000000076a180000,0x000000076b680000)
 ParOldGen       total 310272K, used 66888K [0x00000005c8200000, 0x00000005db100000, 0x0000000718100000)
  object space 310272K, 21% used [0x00000005c8200000,0x00000005cc3521c0,0x00000005db100000)
 Metaspace       used 81563K, capacity 84416K, committed 84480K, reserved 1124352K
  class space    used 9381K, capacity 9920K, committed 9984K, reserved 1048576K
}
Event: 305.073 GC heap before
{Heap before GC invocations=31 (full 4):
 PSYoungGen      total 1307648K, used 1307225K [0x0000000718100000, 0x000000076cb80000, 0x00000007c0000000)
  eden space 1296384K, 100% used [0x0000000718100000,0x0000000767300000,0x0000000767300000)
  from space 11264K, 96% used [0x000000076c080000,0x000000076cb16768,0x000000076cb80000)
  to   space 21504K, 0% used [0x000000076a180000,0x000000076a180000,0x000000076b680000)
 ParOldGen       total 310272K, used 66888K [0x00000005c8200000, 0x00000005db100000, 0x0000000718100000)
  object space 310272K, 21% used [0x00000005c8200000,0x00000005cc3521c0,0x00000005db100000)
 Metaspace       used 82486K, capacity 85446K, committed 85632K, reserved 1124352K
  class space    used 9489K, capacity 10043K, committed 10112K, reserved 1048576K

