# JRE version: OpenJDK Runtime Environment (8.0_121-b13) (build 1.8.0_121-8u121-b13-1~bpo8+1-b13)
# Java VM: OpenJDK 64-Bit Server VM (25.121-b13 mixed mode linux-amd64 compressed oops)
Heap:
 PSYoungGen      total 1274880K, used 8128K [0x0000000718100000, 0x0000000767780000, 0x00000007c0000000)
  eden space 1255936K, 0% used [0x0000000718100000,0x0000000718100000,0x0000000764b80000)
  from space 18944K, 42% used [0x0000000764b80000,0x0000000765370000,0x0000000765e00000)
  to   space 19968K, 0% used [0x0000000765e00000,0x0000000765e00000,0x0000000767180000)
 ParOldGen       total 415232K, used 175645K [0x00000005c8200000, 0x00000005e1780000, 0x0000000718100000)
  object space 415232K, 42% used [0x00000005c8200000,0x00000005d2d87460,0x00000005e1780000)
 Metaspace       used 62879K, capacity 66248K, committed 66432K, reserved 1105920K
  class space    used 8362K, capacity 9020K, committed 9088K, reserved 1048576K
GC Heap History (10 events):
Event: 36838.232 GC heap after
Heap after GC invocations=1453 (full 3):
 PSYoungGen      total 838656K, used 7936K [0x0000000718100000, 0x0000000768e00000, 0x00000007c0000000)
  eden space 830464K, 0% used [0x0000000718100000,0x0000000718100000,0x000000074ac00000)
  from space 8192K, 96% used [0x0000000768600000,0x0000000768dc0000,0x0000000768e00000)
  to   space 23552K, 0% used [0x0000000766000000,0x0000000766000000,0x0000000767700000)
 ParOldGen       total 415232K, used 175621K [0x00000005c8200000, 0x00000005e1780000, 0x0000000718100000)
  object space 415232K, 42% used [0x00000005c8200000,0x00000005d2d81460,0x00000005e1780000)
 Metaspace       used 62877K, capacity 66248K, committed 66432K, reserved 1105920K
  class space    used 8362K, capacity 9020K, committed 9088K, reserved 1048576K
}
Event: 36843.054 GC heap before
{Heap before GC invocations=1454 (full 3):
 PSYoungGen      total 838656K, used 838400K [0x0000000718100000, 0x0000000768e00000, 0x00000007c0000000)
  eden space 830464K, 100% used [0x0000000718100000,0x000000074ac00000,0x000000074ac00000)
  from space 8192K, 96% used [0x0000000768600000,0x0000000768dc0000,0x0000000768e00000)
  to   space 23552K, 0% used [0x0000000766000000,0x0000000766000000,0x0000000767700000)
 ParOldGen       total 415232K, used 175621K [0x00000005c8200000, 0x00000005e1780000, 0x0000000718100000)
  object space 415232K, 42% used [0x00000005c8200000,0x00000005d2d81460,0x00000005e1780000)
 Metaspace       used 62877K, capacity 66248K, committed 66432K, reserved 1105920K
  class space    used 8362K, capacity 9020K, committed 9088K, reserved 1048576K
Event: 36843.118 GC heap after
Heap after GC invocations=1454 (full 3):
 PSYoungGen      total 910336K, used 7968K [0x0000000718100000, 0x0000000768680000, 0x00000007c0000000)
  eden space 902144K, 0% used [0x0000000718100000,0x0000000718100000,0x000000074f200000)
  from space 8192K, 97% used [0x0000000766000000,0x00000007667c8000,0x0000000766800000)
  to   space 22016K, 0% used [0x0000000767100000,0x0000000767100000,0x0000000768680000)
 ParOldGen       total 415232K, used 175621K [0x00000005c8200000, 0x00000005e1780000, 0x0000000718100000)
  object space 415232K, 42% used [0x00000005c8200000,0x00000005d2d81460,0x00000005e1780000)
 Metaspace       used 62877K, capacity 66248K, committed 66432K, reserved 1105920K
  class space    used 8362K, capacity 9020K, committed 9088K, reserved 1048576K
}
Event: 36848.521 GC heap before
{Heap before GC invocations=1455 (full 3):
 PSYoungGen      total 910336K, used 910112K [0x0000000718100000, 0x0000000768680000, 0x00000007c0000000)
  eden space 902144K, 100% used [0x0000000718100000,0x000000074f200000,0x000000074f200000)
  from space 8192K, 97% used [0x0000000766000000,0x00000007667c8000,0x0000000766800000)
  to   space 22016K, 0% used [0x0000000767100000,0x0000000767100000,0x0000000768680000)
 ParOldGen       total 415232K, used 175621K [0x00000005c8200000, 0x00000005e1780000, 0x0000000718100000)
  object space 415232K, 42% used [0x00000005c8200000,0x00000005d2d81460,0x00000005e1780000)
 Metaspace       used 62877K, capacity 66248K, committed 66432K, reserved 1105920K
  class space    used 8362K, capacity 9020K, committed 9088K, reserved 1048576K
Event: 36848.558 GC heap after
Heap after GC invocations=1455 (full 3):
 PSYoungGen      total 989696K, used 7968K [0x0000000718100000, 0x0000000767900000, 0x00000007c0000000)
  eden space 981504K, 0% used [0x0000000718100000,0x0000000718100000,0x0000000753f80000)
  from space 8192K, 97% used [0x0000000767100000,0x00000007678c8000,0x0000000767900000)
  to   space 20992K, 0% used [0x0000000765000000,0x0000000765000000,0x0000000766480000)
 ParOldGen       total 415232K, used 175629K [0x00000005c8200000, 0x00000005e1780000, 0x0000000718100000)
  object space 415232K, 42% used [0x00000005c8200000,0x00000005d2d83460,0x00000005e1780000)
 Metaspace       used 62877K, capacity 66248K, committed 66432K, reserved 1105920K
  class space    used 8362K, capacity 9020K, committed 9088K, reserved 1048576K
}
Event: 36854.300 GC heap before
{Heap before GC invocations=1456 (full 3):
 PSYoungGen      total 989696K, used 989472K [0x0000000718100000, 0x0000000767900000, 0x00000007c0000000)
  eden space 981504K, 100% used [0x0000000718100000,0x0000000753f80000,0x0000000753f80000)
  from space 8192K, 97% used [0x0000000767100000,0x00000007678c8000,0x0000000767900000)
  to   space 20992K, 0% used [0x0000000765000000,0x0000000765000000,0x0000000766480000)
 ParOldGen       total 415232K, used 175629K [0x00000005c8200000, 0x00000005e1780000, 0x0000000718100000)
  object space 415232K, 42% used [0x00000005c8200000,0x00000005d2d83460,0x00000005e1780000)
 Metaspace       used 62877K, capacity 66248K, committed 66432K, reserved 1105920K
  class space    used 8362K, capacity 9020K, committed 9088K, reserved 1048576K
Event: 36854.340 GC heap after
Heap after GC invocations=1456 (full 3):
 PSYoungGen      total 1079808K, used 7936K [0x0000000718100000, 0x0000000767180000, 0x00000007c0000000)
  eden space 1071616K, 0% used [0x0000000718100000,0x0000000718100000,0x0000000759780000)
  from space 8192K, 96% used [0x0000000765000000,0x00000007657c0000,0x0000000765800000)
  to   space 19968K, 0% used [0x0000000765e00000,0x0000000765e00000,0x0000000767180000)
 ParOldGen       total 415232K, used 175629K [0x00000005c8200000, 0x00000005e1780000, 0x0000000718100000)
  object space 415232K, 42% used [0x00000005c8200000,0x00000005d2d83460,0x00000005e1780000)
 Metaspace       used 62877K, capacity 66248K, committed 66432K, reserved 1105920K
  class space    used 8362K, capacity 9020K, committed 9088K, reserved 1048576K
}
Event: 36899.837 GC heap before
{Heap before GC invocations=1457 (full 3):
 PSYoungGen      total 1079808K, used 1079552K [0x0000000718100000, 0x0000000767180000, 0x00000007c0000000)
  eden space 1071616K, 100% used [0x0000000718100000,0x0000000759780000,0x0000000759780000)
  from space 8192K, 96% used [0x0000000765000000,0x00000007657c0000,0x0000000765800000)
  to   space 19968K, 0% used [0x0000000765e00000,0x0000000765e00000,0x0000000767180000)
 ParOldGen       total 415232K, used 175629K [0x00000005c8200000, 0x00000005e1780000, 0x0000000718100000)
  object space 415232K, 42% used [0x00000005c8200000,0x00000005d2d83460,0x00000005e1780000)
 Metaspace       used 62877K, capacity 66248K, committed 66432K, reserved 1105920K
  class space    used 8362K, capacity 9020K, committed 9088K, reserved 1048576K
Event: 36913.926 GC heap after
Heap after GC invocations=1457 (full 3):
 PSYoungGen      total 1275904K, used 8160K [0x0000000718100000, 0x0000000767780000, 0x00000007c0000000)
  eden space 1255936K, 0% used [0x0000000718100000,0x0000000718100000,0x0000000764b80000)
  from space 19968K, 40% used [0x0000000765e00000,0x00000007665f8000,0x0000000767180000)
  to   space 18944K, 0% used [0x0000000764b80000,0x0000000764b80000,0x0000000765e00000)
 ParOldGen       total 415232K, used 175629K [0x00000005c8200000, 0x00000005e1780000, 0x0000000718100000)
  object space 415232K, 42% used [0x00000005c8200000,0x00000005d2d83460,0x00000005e1780000)
 Metaspace       used 62877K, capacity 66248K, committed 66432K, reserved 1105920K
  class space    used 8362K, capacity 9020K, committed 9088K, reserved 1048576K
}
Event: 36937.643 GC heap before
{Heap before GC invocations=1458 (full 3):
 PSYoungGen      total 1275904K, used 1264096K [0x0000000718100000, 0x0000000767780000, 0x00000007c0000000)
  eden space 1255936K, 100% used [0x0000000718100000,0x0000000764b80000,0x0000000764b80000)
  from space 19968K, 40% used [0x0000000765e00000,0x00000007665f8000,0x0000000767180000)
  to   space 18944K, 0% used [0x0000000764b80000,0x0000000764b80000,0x0000000765e00000)
 ParOldGen       total 415232K, used 175629K [0x00000005c8200000, 0x00000005e1780000, 0x0000000718100000)
  object space 415232K, 42% used [0x00000005c8200000,0x00000005d2d83460,0x00000005e1780000)
 Metaspace       used 62879K, capacity 66248K, committed 66432K, reserved 1105920K
  class space    used 8362K, capacity 9020K, committed 9088K, reserved 1048576K

