-------------------------------------------------------------------------------
Test set: com.algolia.search.integration.asyncapache.AsyncApachePartialUpdateObjectTest
-------------------------------------------------------------------------------
Tests run: 3, Failures: 0, Errors: 3, Skipped: 0, Time elapsed: 0.001 sec <<< FAILURE! - in com.algolia.search.integration.asyncapache.AsyncApachePartialUpdateObjectTest
partialUpdates(com.algolia.search.integration.asyncapache.AsyncApachePartialUpdateObjectTest)  Time elapsed: 0 sec  <<< ERROR!
java.lang.Exception: APPLICATION_ID is not defined or empty

partialUpdateAttributes(com.algolia.search.integration.asyncapache.AsyncApachePartialUpdateObjectTest)  Time elapsed: 0 sec  <<< ERROR!
java.lang.Exception: APPLICATION_ID is not defined or empty

com.algolia.search.integration.asyncapache.AsyncApachePartialUpdateObjectTest  Time elapsed: 0.001 sec  <<< ERROR!
java.lang.NullPointerException

