<?xml version="1.0" encoding="UTF-8"?>
<testsuite xmlns:xsi="http://www.w3.org/2001/XMLSchema-instance" xsi:schemaLocation="https://maven.apache.org/surefire/maven-surefire-plugin/xsd/surefire-test-report.xsd" name="TestSuite" time="3.32" tests="45" errors="0" skipped="41" failures="1">
  <properties>
    <property name="java.runtime.name" value="OpenJDK Runtime Environment"/>
    <property name="sun.boot.library.path" value="/usr/lib/jvm/java-8-openjdk-amd64/jre/lib/amd64"/>
    <property name="java.vm.version" value="25.121-b13"/>
    <property name="java.vm.vendor" value="Oracle Corporation"/>
    <property name="maven.multiModuleProjectDirectory" value="/root/workspace/mark-de-haan/molgenis/384626428"/>
    <property name="java.vendor.url" value="http://java.oracle.com/"/>
    <property name="path.separator" value=":"/>
    <property name="guice.disable.misplaced.annotation.check" value="true"/>
    <property name="skip.gulp" value="true"/>
    <property name="java.vm.name" value="OpenJDK 64-Bit Server VM"/>
    <property name="file.encoding.pkg" value="sun.io"/>
    <property name="sun.java.launcher" value="SUN_STANDARD"/>
    <property name="sun.os.patch.level" value="unknown"/>
    <property name="findbugs.skip" value="true"/>
    <property name="java.vm.specification.name" value="Java Virtual Machine Specification"/>
    <property name="user.dir" value="/root/workspace/mark-de-haan/molgenis/384626428"/>
    <property name="checkstyle.skip" value="true"/>
    <property name="java.runtime.version" value="1.8.0_121-8u121-b13-1~bpo8+1-b13"/>
    <property name="java.awt.graphicsenv" value="sun.awt.X11GraphicsEnvironment"/>
    <property name="skip.npm" value="true"/>
    <property name="java.endorsed.dirs" value="/usr/lib/jvm/java-8-openjdk-amd64/jre/lib/endorsed"/>
    <property name="os.arch" value="amd64"/>
    <property name="java.io.tmpdir" value="/tmp"/>
    <property name="gpg.skip" value="true"/>
    <property name="line.separator" value="&#10;"/>
    <property name="java.vm.specification.vendor" value="Oracle Corporation"/>
    <property name="cobertura.skip" value="true"/>
    <property name="os.name" value="Linux"/>
    <property name="classworlds.conf" value="/usr/share/maven/bin/m2.conf"/>
    <property name="sun.jnu.encoding" value="UTF-8"/>
    <property name="java.library.path" value="/usr/java/packages/lib/amd64:/usr/lib/x86_64-linux-gnu/jni:/lib/x86_64-linux-gnu:/usr/lib/x86_64-linux-gnu:/usr/lib/jni:/lib:/usr/lib"/>
    <property name="license.skip" value="true"/>
    <property name="java.specification.name" value="Java Platform API Specification"/>
    <property name="java.class.version" value="52.0"/>
    <property name="sun.management.compiler" value="HotSpot 64-Bit Tiered Compilers"/>
    <property name="skip.bower" value="true"/>
    <property name="maven.repo.local" value="/root/./workspace/mark-de-haan/molgenis/384626428/.m2"/>
    <property name="os.version" value="3.10.0-862.2.3.el7.x86_64"/>
    <property name="user.home" value="/root"/>
    <property name="user.timezone" value="Europe/Paris"/>
    <property name="java.awt.printerjob" value="sun.print.PSPrinterJob"/>
    <property name="java.specification.version" value="1.8"/>
    <property name="file.encoding" value="UTF-8"/>
    <property name="user.name" value="root"/>
    <property name="java.class.path" value="/usr/share/maven/boot/plexus-classworlds-2.5.2.jar"/>
    <property name="skipITs" value="true"/>
    <property name="java.vm.specification.version" value="1.8"/>
    <property name="sun.arch.data.model" value="64"/>
    <property name="java.home" value="/usr/lib/jvm/java-8-openjdk-amd64/jre"/>
    <property name="sun.java.command" value="org.codehaus.plexus.classworlds.launcher.Launcher -B -D enforcer.skip=true -D dependency-check.skip=true -D skipITs=true -D cobertura.skip=true -D maven.repo.local=/root/./workspace/mark-de-haan/molgenis/384626428/.m2 -D rat.skip=true -D findbugs.skip=true -D skip.bower=true -D gpg.skip=true -D checkstyle.skip=true -D skip.gulp=true -D license.skip=true -D skip.npm=true test"/>
    <property name="java.specification.vendor" value="Oracle Corporation"/>
    <property name="user.language" value="en"/>
    <property name="awt.toolkit" value="sun.awt.X11.XToolkit"/>
    <property name="dependency-check.skip" value="true"/>
    <property name="java.vm.info" value="mixed mode"/>
    <property name="java.version" value="1.8.0_121"/>
    <property name="java.ext.dirs" value="/usr/lib/jvm/java-8-openjdk-amd64/jre/lib/ext:/usr/java/packages/lib/ext"/>
    <property name="securerandom.source" value="file:/dev/./urandom"/>
    <property name="sun.boot.class.path" value="/usr/lib/jvm/java-8-openjdk-amd64/jre/lib/resources.jar:/usr/lib/jvm/java-8-openjdk-amd64/jre/lib/rt.jar:/usr/lib/jvm/java-8-openjdk-amd64/jre/lib/sunrsasign.jar:/usr/lib/jvm/java-8-openjdk-amd64/jre/lib/jsse.jar:/usr/lib/jvm/java-8-openjdk-amd64/jre/lib/jce.jar:/usr/lib/jvm/java-8-openjdk-amd64/jre/lib/charsets.jar:/usr/lib/jvm/java-8-openjdk-amd64/jre/lib/jfr.jar:/usr/lib/jvm/java-8-openjdk-amd64/jre/classes"/>
    <property name="java.vendor" value="Oracle Corporation"/>
    <property name="enforcer.skip" value="true"/>
    <property name="rat.skip" value="true"/>
    <property name="maven.home" value="/usr/share/maven"/>
    <property name="file.separator" value="/"/>
    <property name="java.vendor.url.bug" value="http://bugreport.sun.com/bugreport/"/>
    <property name="sun.cpu.endian" value="little"/>
    <property name="sun.io.unicode.encoding" value="UnicodeLittle"/>
    <property name="sun.cpu.isalist" value=""/>
  </properties>
  <testcase name="doesntDirtyContext" classname="org.molgenis.js.nashorn.NashornScriptEngineTest" time="0.29"/>
  <testcase name="testInvokeDateDMY" classname="org.molgenis.js.nashorn.NashornScriptEngineTest" time="0.101"/>
  <testcase name="testInvokeFunction" classname="org.molgenis.js.nashorn.NashornScriptEngineTest" time="0.015"/>
  <testcase name="beforeClass" classname="org.molgenis.js.JsMagmaScriptEvaluatorTest" time="1.4">
    <failure message="resource /js/math.min.js relative to org.molgenis.js.magma.JsMagmaScriptEvaluator not found." type="java.lang.IllegalArgumentException">java.lang.IllegalArgumentException: resource /js/math.min.js relative to org.molgenis.js.magma.JsMagmaScriptEvaluator not found.
	at org.molgenis.js.JsMagmaScriptEvaluatorTest.beforeClass(JsMagmaScriptEvaluatorTest.java:151)
</failure>
  </testcase>
  <testcase name="age" classname="org.molgenis.js.JsMagmaScriptEvaluatorTest" time="0">
    <skipped/>
  </testcase>
  <testcase name="combineGroupMapFunctions" classname="org.molgenis.js.JsMagmaScriptEvaluatorTest" time="0">
    <skipped/>
  </testcase>
  <testcase name="combinePlusGroupMapFunctions" classname="org.molgenis.js.JsMagmaScriptEvaluatorTest" time="0">
    <skipped/>
  </testcase>
  <testcase name="div" classname="org.molgenis.js.JsMagmaScriptEvaluatorTest" time="0">
    <skipped/>
  </testcase>
  <testcase name="evalList" classname="org.molgenis.js.JsMagmaScriptEvaluatorTest" time="0">
    <skipped/>
  </testcase>
  <testcase name="mapDefault" classname="org.molgenis.js.JsMagmaScriptEvaluatorTest" time="0">
    <skipped/>
  </testcase>
  <testcase name="mapNull" classname="org.molgenis.js.JsMagmaScriptEvaluatorTest" time="0">
    <skipped/>
  </testcase>
  <testcase name="mapSimple" classname="org.molgenis.js.JsMagmaScriptEvaluatorTest" time="0">
    <skipped/>
  </testcase>
  <testcase name="pow" classname="org.molgenis.js.JsMagmaScriptEvaluatorTest" time="0">
    <skipped/>
  </testcase>
  <testcase name="test$" classname="org.molgenis.js.JsMagmaScriptEvaluatorTest" time="0">
    <skipped/>
  </testcase>
  <testcase name="testAverageValueOfMultipleNumericAttributes" classname="org.molgenis.js.JsMagmaScriptEvaluatorTest" time="0">
    <skipped/>
  </testcase>
  <testcase name="testBmi" classname="org.molgenis.js.JsMagmaScriptEvaluatorTest" time="0">
    <skipped/>
  </testcase>
  <testcase name="testEq" classname="org.molgenis.js.JsMagmaScriptEvaluatorTest" time="0">
    <skipped/>
  </testcase>
  <testcase name="testEvalDefaultDepth$" classname="org.molgenis.js.JsMagmaScriptEvaluatorTest" time="0">
    <skipped/>
  </testcase>
  <testcase name="testGe" classname="org.molgenis.js.JsMagmaScriptEvaluatorTest" time="0">
    <skipped/>
  </testcase>
  <testcase name="testGlucose" classname="org.molgenis.js.JsMagmaScriptEvaluatorTest" time="0">
    <skipped/>
  </testcase>
  <testcase name="testGroup" classname="org.molgenis.js.JsMagmaScriptEvaluatorTest" time="0">
    <skipped/>
  </testcase>
  <testcase name="testGroupConstantValue" classname="org.molgenis.js.JsMagmaScriptEvaluatorTest" time="0">
    <skipped/>
  </testcase>
  <testcase name="testGroupNull" classname="org.molgenis.js.JsMagmaScriptEvaluatorTest" time="0">
    <skipped/>
  </testcase>
  <testcase name="testGt" classname="org.molgenis.js.JsMagmaScriptEvaluatorTest" time="0">
    <skipped/>
  </testcase>
  <testcase name="testIsNull" classname="org.molgenis.js.JsMagmaScriptEvaluatorTest" time="0">
    <skipped/>
  </testcase>
  <testcase name="testIsValidJson" classname="org.molgenis.js.JsMagmaScriptEvaluatorTest" time="0">
    <skipped/>
  </testcase>
  <testcase name="testLe" classname="org.molgenis.js.JsMagmaScriptEvaluatorTest" time="0">
    <skipped/>
  </testcase>
  <testcase name="testLt" classname="org.molgenis.js.JsMagmaScriptEvaluatorTest" time="0">
    <skipped/>
  </testcase>
  <testcase name="testNot" classname="org.molgenis.js.JsMagmaScriptEvaluatorTest" time="0">
    <skipped/>
  </testcase>
  <testcase name="testNull" classname="org.molgenis.js.JsMagmaScriptEvaluatorTest" time="0">
    <skipped/>
  </testcase>
  <testcase name="testOr" classname="org.molgenis.js.JsMagmaScriptEvaluatorTest" time="0">
    <skipped/>
  </testcase>
  <testcase name="testPlusNullValue" classname="org.molgenis.js.JsMagmaScriptEvaluatorTest" time="0">
    <skipped/>
  </testcase>
  <testcase name="testPlusObject" classname="org.molgenis.js.JsMagmaScriptEvaluatorTest" time="0">
    <skipped/>
  </testcase>
  <testcase name="testPlusValue" classname="org.molgenis.js.JsMagmaScriptEvaluatorTest" time="0">
    <skipped/>
  </testcase>
  <testcase name="testTimes" classname="org.molgenis.js.JsMagmaScriptEvaluatorTest" time="0">
    <skipped/>
  </testcase>
  <testcase name="testUnitConversion" classname="org.molgenis.js.JsMagmaScriptEvaluatorTest" time="0">
    <skipped/>
  </testcase>
  <testcase name="testValueForBool" classname="org.molgenis.js.JsMagmaScriptEvaluatorTest" time="0">
    <skipped/>
  </testcase>
  <testcase name="testValueForDateTime" classname="org.molgenis.js.JsMagmaScriptEvaluatorTest" time="0">
    <skipped/>
  </testcase>
  <testcase name="testValueForLong" classname="org.molgenis.js.JsMagmaScriptEvaluatorTest" time="0">
    <skipped/>
  </testcase>
  <testcase name="testValueForMref" classname="org.molgenis.js.JsMagmaScriptEvaluatorTest" time="0">
    <skipped/>
  </testcase>
  <testcase name="testValueForMrefWithComplexAlgorithm" classname="org.molgenis.js.JsMagmaScriptEvaluatorTest" time="0">
    <skipped/>
  </testcase>
  <testcase name="testValueForMrefWithSimplifiedAlgorithm" classname="org.molgenis.js.JsMagmaScriptEvaluatorTest" time="0">
    <skipped/>
  </testcase>
  <testcase name="testValueForNestedXrefDefaultDepth" classname="org.molgenis.js.JsMagmaScriptEvaluatorTest" time="0">
    <skipped/>
  </testcase>
  <testcase name="testValueForXref" classname="org.molgenis.js.JsMagmaScriptEvaluatorTest" time="0">
    <skipped/>
  </testcase>
  <testcase name="testValueForXrefDefaultDepth" classname="org.molgenis.js.JsMagmaScriptEvaluatorTest" time="0">
    <skipped/>
  </testcase>
</testsuite>