-------------------------------------------------------------------------------
Test set: TestSuite
-------------------------------------------------------------------------------
Tests run: 45, Failures: 1, Errors: 0, Skipped: 41, Time elapsed: 3.32 sec <<< FAILURE! - in TestSuite
beforeClass(org.molgenis.js.JsMagmaScriptEvaluatorTest)  Time elapsed: 1.4 sec  <<< FAILURE!
java.lang.IllegalArgumentException: resource /js/math.min.js relative to org.molgenis.js.magma.JsMagmaScriptEvaluator not found.
	at org.molgenis.js.JsMagmaScriptEvaluatorTest.beforeClass(JsMagmaScriptEvaluatorTest.java:151)

