-------------------------------------------------------------------------------
Test set: org.apache.flink.util.FileUtilsTest
-------------------------------------------------------------------------------
Tests run: 5, Failures: 1, Errors: 0, Skipped: 1, Time elapsed: 0.016 sec <<< FAILURE! - in org.apache.flink.util.FileUtilsTest
testDeleteDirectory(org.apache.flink.util.FileUtilsTest)  Time elapsed: 0.006 sec  <<< FAILURE!
java.lang.AssertionError: this should fail with an exception
	at org.junit.Assert.fail(Assert.java:88)
	at org.apache.flink.util.FileUtilsTest.testDeleteDirectory(FileUtilsTest.java:119)

