<?xml version="1.0" encoding="UTF-8" ?>
<testsuite tests="56" failures="0" name="pl.zankowski.iextrading4j.test.acceptance.StocksAcceptanceTest" time="35.39" errors="2" skipped="0">
  <properties>
    <property name="java.runtime.name" value="OpenJDK Runtime Environment"/>
    <property name="sun.boot.library.path" value="/usr/lib/jvm/java-8-openjdk-amd64/jre/lib/amd64"/>
    <property name="java.vm.version" value="25.121-b13"/>
    <property name="java.vm.vendor" value="Oracle Corporation"/>
    <property name="maven.multiModuleProjectDirectory" value="/root/workspace/WojciechZankowski/iextrading4j/391552484"/>
    <property name="java.vendor.url" value="http://java.oracle.com/"/>
    <property name="path.separator" value=":"/>
    <property name="guice.disable.misplaced.annotation.check" value="true"/>
    <property name="skip.gulp" value="true"/>
    <property name="java.vm.name" value="OpenJDK 64-Bit Server VM"/>
    <property name="file.encoding.pkg" value="sun.io"/>
    <property name="sun.java.launcher" value="SUN_STANDARD"/>
    <property name="sun.os.patch.level" value="unknown"/>
    <property name="findbugs.skip" value="true"/>
    <property name="java.vm.specification.name" value="Java Virtual Machine Specification"/>
    <property name="user.dir" value="/root/workspace/WojciechZankowski/iextrading4j/391552484"/>
    <property name="checkstyle.skip" value="true"/>
    <property name="java.runtime.version" value="1.8.0_121-8u121-b13-1~bpo8+1-b13"/>
    <property name="java.awt.graphicsenv" value="sun.awt.X11GraphicsEnvironment"/>
    <property name="skip.npm" value="true"/>
    <property name="java.endorsed.dirs" value="/usr/lib/jvm/java-8-openjdk-amd64/jre/lib/endorsed"/>
    <property name="os.arch" value="amd64"/>
    <property name="java.io.tmpdir" value="/tmp"/>
    <property name="gpg.skip" value="true"/>
    <property name="line.separator" value="
"/>
    <property name="java.vm.specification.vendor" value="Oracle Corporation"/>
    <property name="cobertura.skip" value="true"/>
    <property name="os.name" value="Linux"/>
    <property name="classworlds.conf" value="/usr/share/maven/bin/m2.conf"/>
    <property name="sun.jnu.encoding" value="UTF-8"/>
    <property name="java.library.path" value="/usr/java/packages/lib/amd64:/usr/lib/x86_64-linux-gnu/jni:/lib/x86_64-linux-gnu:/usr/lib/x86_64-linux-gnu:/usr/lib/jni:/lib:/usr/lib"/>
    <property name="license.skip" value="true"/>
    <property name="java.specification.name" value="Java Platform API Specification"/>
    <property name="java.class.version" value="52.0"/>
    <property name="sun.management.compiler" value="HotSpot 64-Bit Tiered Compilers"/>
    <property name="skip.bower" value="true"/>
    <property name="maven.repo.local" value="/root/./workspace/WojciechZankowski/iextrading4j/391552484/.m2"/>
    <property name="os.version" value="3.10.0-862.2.3.el7.x86_64"/>
    <property name="user.home" value="/root"/>
    <property name="user.timezone" value="Europe/Paris"/>
    <property name="java.awt.printerjob" value="sun.print.PSPrinterJob"/>
    <property name="java.specification.version" value="1.8"/>
    <property name="file.encoding" value="UTF-8"/>
    <property name="user.name" value="root"/>
    <property name="java.class.path" value="/usr/share/maven/boot/plexus-classworlds-2.5.2.jar"/>
    <property name="skipITs" value="true"/>
    <property name="java.vm.specification.version" value="1.8"/>
    <property name="sun.arch.data.model" value="64"/>
    <property name="java.home" value="/usr/lib/jvm/java-8-openjdk-amd64/jre"/>
    <property name="sun.java.command" value="org.codehaus.plexus.classworlds.launcher.Launcher -B -D enforcer.skip=true -D dependency-check.skip=true -D skipITs=true -D cobertura.skip=true -D maven.repo.local=/root/./workspace/WojciechZankowski/iextrading4j/391552484/.m2 -D rat.skip=true -D findbugs.skip=true -D skip.bower=true -D gpg.skip=true -D checkstyle.skip=true -D skip.gulp=true -D license.skip=true -D skip.npm=true test"/>
    <property name="java.specification.vendor" value="Oracle Corporation"/>
    <property name="user.language" value="en"/>
    <property name="awt.toolkit" value="sun.awt.X11.XToolkit"/>
    <property name="dependency-check.skip" value="true"/>
    <property name="java.vm.info" value="mixed mode"/>
    <property name="java.version" value="1.8.0_121"/>
    <property name="java.ext.dirs" value="/usr/lib/jvm/java-8-openjdk-amd64/jre/lib/ext:/usr/java/packages/lib/ext"/>
    <property name="securerandom.source" value="file:/dev/./urandom"/>
    <property name="sun.boot.class.path" value="/usr/lib/jvm/java-8-openjdk-amd64/jre/lib/resources.jar:/usr/lib/jvm/java-8-openjdk-amd64/jre/lib/rt.jar:/usr/lib/jvm/java-8-openjdk-amd64/jre/lib/sunrsasign.jar:/usr/lib/jvm/java-8-openjdk-amd64/jre/lib/jsse.jar:/usr/lib/jvm/java-8-openjdk-amd64/jre/lib/jce.jar:/usr/lib/jvm/java-8-openjdk-amd64/jre/lib/charsets.jar:/usr/lib/jvm/java-8-openjdk-amd64/jre/lib/jfr.jar:/usr/lib/jvm/java-8-openjdk-amd64/jre/classes"/>
    <property name="java.vendor" value="Oracle Corporation"/>
    <property name="enforcer.skip" value="true"/>
    <property name="rat.skip" value="true"/>
    <property name="maven.home" value="/usr/share/maven"/>
    <property name="file.separator" value="/"/>
    <property name="java.vendor.url.bug" value="http://bugreport.sun.com/bugreport/"/>
    <property name="sun.cpu.endian" value="little"/>
    <property name="sun.io.unicode.encoding" value="UnicodeLittle"/>
    <property name="sun.cpu.isalist" value=""/>
  </properties>
  <testcase classname="pl.zankowski.iextrading4j.test.acceptance.StocksAcceptanceTest" name="batchBookMarketRequestAcceptanceTest" time="3.643"/>
  <testcase classname="pl.zankowski.iextrading4j.test.acceptance.StocksAcceptanceTest" name="batchBookRequestAcceptanceTest" time="0.602"/>
  <testcase classname="pl.zankowski.iextrading4j.test.acceptance.StocksAcceptanceTest" name="batchChartRequestAcceptanceTest" time="0.565"/>
  <testcase classname="pl.zankowski.iextrading4j.test.acceptance.StocksAcceptanceTest" name="batchCompanyRequestAcceptanceTest" time="0.548"/>
  <testcase classname="pl.zankowski.iextrading4j.test.acceptance.StocksAcceptanceTest" name="batchDelayedQuoteRequestAcceptanceTest" time="0.537"/>
  <testcase classname="pl.zankowski.iextrading4j.test.acceptance.StocksAcceptanceTest" name="batchDividendsRequestAcceptanceTest" time="0.531"/>
  <testcase classname="pl.zankowski.iextrading4j.test.acceptance.StocksAcceptanceTest" name="batchEffectiveSpreadRequestAcceptanceTest" time="0.559"/>
  <testcase classname="pl.zankowski.iextrading4j.test.acceptance.StocksAcceptanceTest" name="batchFinancialsRequestAcceptanceTest" time="0.525"/>
  <testcase classname="pl.zankowski.iextrading4j.test.acceptance.StocksAcceptanceTest" name="batchThresholdSecuritiesRequestAcceptanceTest" time="0.793"/>
  <testcase classname="pl.zankowski.iextrading4j.test.acceptance.StocksAcceptanceTest" name="batchShortInterestRequestAcceptanceTest" time="0.697"/>
  <testcase classname="pl.zankowski.iextrading4j.test.acceptance.StocksAcceptanceTest" name="batchKeyStatsRequestAcceptanceTest" time="0.505"/>
  <testcase classname="pl.zankowski.iextrading4j.test.acceptance.StocksAcceptanceTest" name="batchLargestTradesRequestAcceptanceTest" time="0.525"/>
  <testcase classname="pl.zankowski.iextrading4j.test.acceptance.StocksAcceptanceTest" name="batchLogoRequestAcceptanceTest" time="0.507"/>
  <testcase classname="pl.zankowski.iextrading4j.test.acceptance.StocksAcceptanceTest" name="batchNewsRequestAcceptanceTest" time="0.651">
    <error message="Error reading entity from input stream." type="java.lang.IllegalStateException">java.lang.IllegalStateException: Error reading entity from input stream.
	at pl.zankowski.iextrading4j.client.rest.manager.RestManager.executeRequest(RestManager.java:41)
	at pl.zankowski.iextrading4j.client.rest.AbstractRestEndpoint.execute(AbstractRestEndpoint.java:16)
	at pl.zankowski.iextrading4j.client.rest.endpoint.GenericRestEndpoint.executeRequest(GenericRestEndpoint.java:14)
	at pl.zankowski.iextrading4j.client.IEXTradingClient.executeRequest(IEXTradingClient.java:35)
	at pl.zankowski.iextrading4j.test.acceptance.StocksAcceptanceTest.batchNewsRequestAcceptanceTest(StocksAcceptanceTest.java:155)
	at sun.reflect.NativeMethodAccessorImpl.invoke0(Native Method)
	at sun.reflect.NativeMethodAccessorImpl.invoke(NativeMethodAccessorImpl.java:62)
	at sun.reflect.DelegatingMethodAccessorImpl.invoke(DelegatingMethodAccessorImpl.java:43)
	at java.lang.reflect.Method.invoke(Method.java:498)
	at org.junit.internal.runners.TestMethod.invoke(TestMethod.java:68)
	at org.powermock.modules.junit4.internal.impl.PowerMockJUnit44RunnerDelegateImpl$PowerMockJUnit44MethodRunner.runTestMethod(PowerMockJUnit44RunnerDelegateImpl.java:326)
	at org.junit.internal.runners.MethodRoadie$2.run(MethodRoadie.java:89)
	at org.junit.internal.runners.MethodRoadie.runBeforesThenTestThenAfters(MethodRoadie.java:97)
	at org.powermock.modules.junit4.internal.impl.PowerMockJUnit44RunnerDelegateImpl$PowerMockJUnit44MethodRunner.executeTest(PowerMockJUnit44RunnerDelegateImpl.java:310)
	at org.powermock.modules.junit4.internal.impl.PowerMockJUnit47RunnerDelegateImpl$PowerMockJUnit47MethodRunner.executeTestInSuper(PowerMockJUnit47RunnerDelegateImpl.java:131)
	at org.powermock.modules.junit4.internal.impl.PowerMockJUnit47RunnerDelegateImpl$PowerMockJUnit47MethodRunner.access$100(PowerMockJUnit47RunnerDelegateImpl.java:59)
	at org.powermock.modules.junit4.internal.impl.PowerMockJUnit47RunnerDelegateImpl$PowerMockJUnit47MethodRunner$TestExecutorStatement.evaluate(PowerMockJUnit47RunnerDelegateImpl.java:147)
	at org.powermock.modules.junit4.internal.impl.PowerMockJUnit47RunnerDelegateImpl$PowerMockJUnit47MethodRunner.evaluateStatement(PowerMockJUnit47RunnerDelegateImpl.java:107)
	at org.powermock.modules.junit4.internal.impl.PowerMockJUnit47RunnerDelegateImpl$PowerMockJUnit47MethodRunner.executeTest(PowerMockJUnit47RunnerDelegateImpl.java:82)
	at org.powermock.modules.junit4.internal.impl.PowerMockJUnit44RunnerDelegateImpl$PowerMockJUnit44MethodRunner.runBeforesThenTestThenAfters(PowerMockJUnit44RunnerDelegateImpl.java:298)
	at org.junit.internal.runners.MethodRoadie.runTest(MethodRoadie.java:87)
	at org.junit.internal.runners.MethodRoadie.run(MethodRoadie.java:50)
	at org.powermock.modules.junit4.internal.impl.PowerMockJUnit44RunnerDelegateImpl.invokeTestMethod(PowerMockJUnit44RunnerDelegateImpl.java:218)
	at org.powermock.modules.junit4.internal.impl.PowerMockJUnit44RunnerDelegateImpl.runMethods(PowerMockJUnit44RunnerDelegateImpl.java:160)
	at org.powermock.modules.junit4.internal.impl.PowerMockJUnit44RunnerDelegateImpl$1.run(PowerMockJUnit44RunnerDelegateImpl.java:134)
	at org.junit.internal.runners.ClassRoadie.runUnprotected(ClassRoadie.java:34)
	at org.junit.internal.runners.ClassRoadie.runProtected(ClassRoadie.java:44)
	at org.powermock.modules.junit4.internal.impl.PowerMockJUnit44RunnerDelegateImpl.run(PowerMockJUnit44RunnerDelegateImpl.java:136)
	at org.powermock.modules.junit4.common.internal.impl.JUnit4TestSuiteChunkerImpl.run(JUnit4TestSuiteChunkerImpl.java:121)
	at org.powermock.modules.junit4.common.internal.impl.AbstractCommonPowerMockRunner.run(AbstractCommonPowerMockRunner.java:57)
	at org.powermock.modules.junit4.PowerMockRunner.run(PowerMockRunner.java:59)
	at org.apache.maven.surefire.junit4.JUnit4Provider.execute(JUnit4Provider.java:252)
	at org.apache.maven.surefire.junit4.JUnit4Provider.executeTestSet(JUnit4Provider.java:141)
	at org.apache.maven.surefire.junit4.JUnit4Provider.invoke(JUnit4Provider.java:112)
	at sun.reflect.NativeMethodAccessorImpl.invoke0(Native Method)
	at sun.reflect.NativeMethodAccessorImpl.invoke(NativeMethodAccessorImpl.java:62)
	at sun.reflect.DelegatingMethodAccessorImpl.invoke(DelegatingMethodAccessorImpl.java:43)
	at java.lang.reflect.Method.invoke(Method.java:498)
	at org.apache.maven.surefire.util.ReflectionUtils.invokeMethodWithArray(ReflectionUtils.java:189)
	at org.apache.maven.surefire.booter.ProviderFactory$ProviderProxy.invoke(ProviderFactory.java:165)
	at org.apache.maven.surefire.booter.ProviderFactory.invokeProvider(ProviderFactory.java:85)
	at org.apache.maven.surefire.booter.ForkedBooter.runSuitesInProcess(ForkedBooter.java:115)
	at org.apache.maven.surefire.booter.ForkedBooter.main(ForkedBooter.java:75)
Caused by: javax.ws.rs.ProcessingException: Error reading entity from input stream.
	at org.glassfish.jersey.message.internal.InboundMessageContext.readEntity(InboundMessageContext.java:866)
	at org.glassfish.jersey.message.internal.InboundMessageContext.readEntity(InboundMessageContext.java:810)
	at org.glassfish.jersey.client.ClientResponse.readEntity(ClientResponse.java:368)
	at org.glassfish.jersey.client.InboundJaxrsResponse$2.call(InboundJaxrsResponse.java:122)
	at org.glassfish.jersey.internal.Errors.process(Errors.java:315)
	at org.glassfish.jersey.internal.Errors.process(Errors.java:297)
	at org.glassfish.jersey.internal.Errors.process(Errors.java:228)
	at org.glassfish.jersey.process.internal.RequestScope.runInScope(RequestScope.java:399)
	at org.glassfish.jersey.client.InboundJaxrsResponse.readEntity(InboundJaxrsResponse.java:119)
	at pl.zankowski.iextrading4j.client.rest.manager.RestManager.executeRequest(RestManager.java:38)
	... 42 more
Caused by: com.fasterxml.jackson.databind.exc.UnrecognizedPropertyException: Unrecognized field &quot;image&quot; (class pl.zankowski.iextrading4j.api.stocks.News), not marked as ignorable (6 known properties: &quot;headline&quot;, &quot;summary&quot;, &quot;datetime&quot;, &quot;url&quot;, &quot;source&quot;, &quot;related&quot;])
 at [Source: (org.glassfish.jersey.message.internal.EntityInputStream); line: 1, column: 600] (through reference chain: pl.zankowski.iextrading4j.api.stocks.BatchStocks[&quot;news&quot;]-&gt;java.util.ArrayList[0]-&gt;pl.zankowski.iextrading4j.api.stocks.News[&quot;image&quot;])
	at com.fasterxml.jackson.databind.exc.UnrecognizedPropertyException.from(UnrecognizedPropertyException.java:61)
	at com.fasterxml.jackson.databind.DeserializationContext.handleUnknownProperty(DeserializationContext.java:822)
	at com.fasterxml.jackson.databind.deser.std.StdDeserializer.handleUnknownProperty(StdDeserializer.java:1152)
	at com.fasterxml.jackson.databind.deser.BeanDeserializerBase.handleUnknownProperty(BeanDeserializerBase.java:1582)
	at com.fasterxml.jackson.databind.deser.BeanDeserializerBase.handleUnknownVanilla(BeanDeserializerBase.java:1560)
	at com.fasterxml.jackson.databind.deser.BeanDeserializer.deserialize(BeanDeserializer.java:258)
	at com.fasterxml.jackson.databind.deser.BeanDeserializer._deserializeUsingPropertyBased(BeanDeserializer.java:441)
	at com.fasterxml.jackson.databind.deser.BeanDeserializerBase.deserializeFromObjectUsingNonDefault(BeanDeserializerBase.java:1280)
	at com.fasterxml.jackson.databind.deser.BeanDeserializer.deserializeFromObject(BeanDeserializer.java:326)
	at com.fasterxml.jackson.databind.deser.BeanDeserializer.deserialize(BeanDeserializer.java:159)
	at com.fasterxml.jackson.databind.deser.std.CollectionDeserializer.deserialize(CollectionDeserializer.java:286)
	at com.fasterxml.jackson.databind.deser.std.CollectionDeserializer.deserialize(CollectionDeserializer.java:245)
	at com.fasterxml.jackson.databind.deser.std.CollectionDeserializer.deserialize(CollectionDeserializer.java:27)
	at com.fasterxml.jackson.databind.deser.SettableBeanProperty.deserialize(SettableBeanProperty.java:529)
	at com.fasterxml.jackson.databind.deser.BeanDeserializer._deserializeWithErrorWrapping(BeanDeserializer.java:528)
	at com.fasterxml.jackson.databind.deser.BeanDeserializer._deserializeUsingPropertyBased(BeanDeserializer.java:417)
	at com.fasterxml.jackson.databind.deser.BeanDeserializerBase.deserializeFromObjectUsingNonDefault(BeanDeserializerBase.java:1280)
	at com.fasterxml.jackson.databind.deser.BeanDeserializer.deserializeFromObject(BeanDeserializer.java:326)
	at com.fasterxml.jackson.databind.deser.BeanDeserializer.deserialize(BeanDeserializer.java:159)
	at com.fasterxml.jackson.databind.ObjectReader._bind(ObjectReader.java:1574)
	at com.fasterxml.jackson.databind.ObjectReader.readValue(ObjectReader.java:965)
	at com.fasterxml.jackson.jaxrs.base.ProviderBase.readFrom(ProviderBase.java:815)
	at org.glassfish.jersey.message.internal.ReaderInterceptorExecutor$TerminalReaderInterceptor.invokeReadFrom(ReaderInterceptorExecutor.java:257)
	at org.glassfish.jersey.message.internal.ReaderInterceptorExecutor$TerminalReaderInterceptor.aroundReadFrom(ReaderInterceptorExecutor.java:229)
	at org.glassfish.jersey.message.internal.ReaderInterceptorExecutor.proceed(ReaderInterceptorExecutor.java:149)
	at org.glassfish.jersey.message.internal.MessageBodyFactory.readFrom(MessageBodyFactory.java:1124)
	at org.glassfish.jersey.message.internal.InboundMessageContext.readEntity(InboundMessageContext.java:851)
	... 51 more
</error>
  </testcase>
  <testcase classname="pl.zankowski.iextrading4j.test.acceptance.StocksAcceptanceTest" name="batchOhlcRequestAcceptanceTest" time="0.506"/>
  <testcase classname="pl.zankowski.iextrading4j.test.acceptance.StocksAcceptanceTest" name="batchPeersRequestAcceptanceTest" time="0.516"/>
  <testcase classname="pl.zankowski.iextrading4j.test.acceptance.StocksAcceptanceTest" name="batchPreviousRequestAcceptanceTest" time="0.508"/>
  <testcase classname="pl.zankowski.iextrading4j.test.acceptance.StocksAcceptanceTest" name="batchPriceRequestAcceptanceTest" time="0.548"/>
  <testcase classname="pl.zankowski.iextrading4j.test.acceptance.StocksAcceptanceTest" name="batchQuoteRequestAcceptanceTest" time="0.513"/>
  <testcase classname="pl.zankowski.iextrading4j.test.acceptance.StocksAcceptanceTest" name="batchRelevantRequestAcceptanceTest" time="0.477"/>
  <testcase classname="pl.zankowski.iextrading4j.test.acceptance.StocksAcceptanceTest" name="batchSplitsRequestAcceptanceTest" time="0.489"/>
  <testcase classname="pl.zankowski.iextrading4j.test.acceptance.StocksAcceptanceTest" name="batchVolumeByVenueRequestAcceptanceTest" time="0.553"/>
  <testcase classname="pl.zankowski.iextrading4j.test.acceptance.StocksAcceptanceTest" name="bookRequestAcceptanceTest" time="0.649"/>
  <testcase classname="pl.zankowski.iextrading4j.test.acceptance.StocksAcceptanceTest" name="oneDayChartRequestAcceptanceTest" time="0.856"/>
  <testcase classname="pl.zankowski.iextrading4j.test.acceptance.StocksAcceptanceTest" name="oneMonthChartRequestAcceptanceTest" time="0.526"/>
  <testcase classname="pl.zankowski.iextrading4j.test.acceptance.StocksAcceptanceTest" name="chartWithResetAcceptanceTest" time="0.491"/>
  <testcase classname="pl.zankowski.iextrading4j.test.acceptance.StocksAcceptanceTest" name="chartWithSimplifyAcceptanceTest" time="0.48"/>
  <testcase classname="pl.zankowski.iextrading4j.test.acceptance.StocksAcceptanceTest" name="chartWithIntervalAcceptanceTest" time="0.482"/>
  <testcase classname="pl.zankowski.iextrading4j.test.acceptance.StocksAcceptanceTest" name="chartWithChangeFromCloseAcceptanceTest" time="0.474"/>
  <testcase classname="pl.zankowski.iextrading4j.test.acceptance.StocksAcceptanceTest" name="chartWithLastAcceptanceTest" time="0.48"/>
  <testcase classname="pl.zankowski.iextrading4j.test.acceptance.StocksAcceptanceTest" name="dynamicChartAcceptanceTest" time="0.479"/>
  <testcase classname="pl.zankowski.iextrading4j.test.acceptance.StocksAcceptanceTest" name="companyAcceptanceTest" time="0.471"/>
  <testcase classname="pl.zankowski.iextrading4j.test.acceptance.StocksAcceptanceTest" name="delayedQuoteAcceptanceTest" time="0.486"/>
  <testcase classname="pl.zankowski.iextrading4j.test.acceptance.StocksAcceptanceTest" name="dividendsAcceptanceTest" time="0.47"/>
  <testcase classname="pl.zankowski.iextrading4j.test.acceptance.StocksAcceptanceTest" name="earningsAcceptanceTest" time="0.473"/>
  <testcase classname="pl.zankowski.iextrading4j.test.acceptance.StocksAcceptanceTest" name="effectiveSpreadAcceptanceTest" time="0.478"/>
  <testcase classname="pl.zankowski.iextrading4j.test.acceptance.StocksAcceptanceTest" name="financialsAcceptanceTest" time="0.548"/>
  <testcase classname="pl.zankowski.iextrading4j.test.acceptance.StocksAcceptanceTest" name="keyStatsAcceptanceTest" time="0.473"/>
  <testcase classname="pl.zankowski.iextrading4j.test.acceptance.StocksAcceptanceTest" name="largestTradeAcceptanceTest" time="0.479"/>
  <testcase classname="pl.zankowski.iextrading4j.test.acceptance.StocksAcceptanceTest" name="listAcceptanceTest" time="0.596"/>
  <testcase classname="pl.zankowski.iextrading4j.test.acceptance.StocksAcceptanceTest" name="logoAcceptanceTest" time="0.568"/>
  <testcase classname="pl.zankowski.iextrading4j.test.acceptance.StocksAcceptanceTest" name="newsAcceptanceTest" time="0.479">
    <error message="Error reading entity from input stream." type="java.lang.IllegalStateException">java.lang.IllegalStateException: Error reading entity from input stream.
	at pl.zankowski.iextrading4j.client.rest.manager.RestManager.executeRequest(RestManager.java:41)
	at pl.zankowski.iextrading4j.client.rest.AbstractRestEndpoint.execute(AbstractRestEndpoint.java:16)
	at pl.zankowski.iextrading4j.client.rest.endpoint.GenericRestEndpoint.executeRequest(GenericRestEndpoint.java:14)
	at pl.zankowski.iextrading4j.client.IEXTradingClient.executeRequest(IEXTradingClient.java:35)
	at pl.zankowski.iextrading4j.test.acceptance.StocksAcceptanceTest.newsAcceptanceTest(StocksAcceptanceTest.java:402)
	at sun.reflect.NativeMethodAccessorImpl.invoke0(Native Method)
	at sun.reflect.NativeMethodAccessorImpl.invoke(NativeMethodAccessorImpl.java:62)
	at sun.reflect.DelegatingMethodAccessorImpl.invoke(DelegatingMethodAccessorImpl.java:43)
	at java.lang.reflect.Method.invoke(Method.java:498)
	at org.junit.internal.runners.TestMethod.invoke(TestMethod.java:68)
	at org.powermock.modules.junit4.internal.impl.PowerMockJUnit44RunnerDelegateImpl$PowerMockJUnit44MethodRunner.runTestMethod(PowerMockJUnit44RunnerDelegateImpl.java:326)
	at org.junit.internal.runners.MethodRoadie$2.run(MethodRoadie.java:89)
	at org.junit.internal.runners.MethodRoadie.runBeforesThenTestThenAfters(MethodRoadie.java:97)
	at org.powermock.modules.junit4.internal.impl.PowerMockJUnit44RunnerDelegateImpl$PowerMockJUnit44MethodRunner.executeTest(PowerMockJUnit44RunnerDelegateImpl.java:310)
	at org.powermock.modules.junit4.internal.impl.PowerMockJUnit47RunnerDelegateImpl$PowerMockJUnit47MethodRunner.executeTestInSuper(PowerMockJUnit47RunnerDelegateImpl.java:131)
	at org.powermock.modules.junit4.internal.impl.PowerMockJUnit47RunnerDelegateImpl$PowerMockJUnit47MethodRunner.access$100(PowerMockJUnit47RunnerDelegateImpl.java:59)
	at org.powermock.modules.junit4.internal.impl.PowerMockJUnit47RunnerDelegateImpl$PowerMockJUnit47MethodRunner$TestExecutorStatement.evaluate(PowerMockJUnit47RunnerDelegateImpl.java:147)
	at org.powermock.modules.junit4.internal.impl.PowerMockJUnit47RunnerDelegateImpl$PowerMockJUnit47MethodRunner.evaluateStatement(PowerMockJUnit47RunnerDelegateImpl.java:107)
	at org.powermock.modules.junit4.internal.impl.PowerMockJUnit47RunnerDelegateImpl$PowerMockJUnit47MethodRunner.executeTest(PowerMockJUnit47RunnerDelegateImpl.java:82)
	at org.powermock.modules.junit4.internal.impl.PowerMockJUnit44RunnerDelegateImpl$PowerMockJUnit44MethodRunner.runBeforesThenTestThenAfters(PowerMockJUnit44RunnerDelegateImpl.java:298)
	at org.junit.internal.runners.MethodRoadie.runTest(MethodRoadie.java:87)
	at org.junit.internal.runners.MethodRoadie.run(MethodRoadie.java:50)
	at org.powermock.modules.junit4.internal.impl.PowerMockJUnit44RunnerDelegateImpl.invokeTestMethod(PowerMockJUnit44RunnerDelegateImpl.java:218)
	at org.powermock.modules.junit4.internal.impl.PowerMockJUnit44RunnerDelegateImpl.runMethods(PowerMockJUnit44RunnerDelegateImpl.java:160)
	at org.powermock.modules.junit4.internal.impl.PowerMockJUnit44RunnerDelegateImpl$1.run(PowerMockJUnit44RunnerDelegateImpl.java:134)
	at org.junit.internal.runners.ClassRoadie.runUnprotected(ClassRoadie.java:34)
	at org.junit.internal.runners.ClassRoadie.runProtected(ClassRoadie.java:44)
	at org.powermock.modules.junit4.internal.impl.PowerMockJUnit44RunnerDelegateImpl.run(PowerMockJUnit44RunnerDelegateImpl.java:136)
	at org.powermock.modules.junit4.common.internal.impl.JUnit4TestSuiteChunkerImpl.run(JUnit4TestSuiteChunkerImpl.java:121)
	at org.powermock.modules.junit4.common.internal.impl.AbstractCommonPowerMockRunner.run(AbstractCommonPowerMockRunner.java:57)
	at org.powermock.modules.junit4.PowerMockRunner.run(PowerMockRunner.java:59)
	at org.apache.maven.surefire.junit4.JUnit4Provider.execute(JUnit4Provider.java:252)
	at org.apache.maven.surefire.junit4.JUnit4Provider.executeTestSet(JUnit4Provider.java:141)
	at org.apache.maven.surefire.junit4.JUnit4Provider.invoke(JUnit4Provider.java:112)
	at sun.reflect.NativeMethodAccessorImpl.invoke0(Native Method)
	at sun.reflect.NativeMethodAccessorImpl.invoke(NativeMethodAccessorImpl.java:62)
	at sun.reflect.DelegatingMethodAccessorImpl.invoke(DelegatingMethodAccessorImpl.java:43)
	at java.lang.reflect.Method.invoke(Method.java:498)
	at org.apache.maven.surefire.util.ReflectionUtils.invokeMethodWithArray(ReflectionUtils.java:189)
	at org.apache.maven.surefire.booter.ProviderFactory$ProviderProxy.invoke(ProviderFactory.java:165)
	at org.apache.maven.surefire.booter.ProviderFactory.invokeProvider(ProviderFactory.java:85)
	at org.apache.maven.surefire.booter.ForkedBooter.runSuitesInProcess(ForkedBooter.java:115)
	at org.apache.maven.surefire.booter.ForkedBooter.main(ForkedBooter.java:75)
Caused by: javax.ws.rs.ProcessingException: Error reading entity from input stream.
	at org.glassfish.jersey.message.internal.InboundMessageContext.readEntity(InboundMessageContext.java:866)
	at org.glassfish.jersey.message.internal.InboundMessageContext.readEntity(InboundMessageContext.java:810)
	at org.glassfish.jersey.client.ClientResponse.readEntity(ClientResponse.java:368)
	at org.glassfish.jersey.client.InboundJaxrsResponse$2.call(InboundJaxrsResponse.java:122)
	at org.glassfish.jersey.internal.Errors.process(Errors.java:315)
	at org.glassfish.jersey.internal.Errors.process(Errors.java:297)
	at org.glassfish.jersey.internal.Errors.process(Errors.java:228)
	at org.glassfish.jersey.process.internal.RequestScope.runInScope(RequestScope.java:399)
	at org.glassfish.jersey.client.InboundJaxrsResponse.readEntity(InboundJaxrsResponse.java:119)
	at pl.zankowski.iextrading4j.client.rest.manager.RestManager.executeRequest(RestManager.java:38)
	... 42 more
Caused by: com.fasterxml.jackson.databind.exc.UnrecognizedPropertyException: Unrecognized field &quot;image&quot; (class pl.zankowski.iextrading4j.api.stocks.News), not marked as ignorable (6 known properties: &quot;headline&quot;, &quot;summary&quot;, &quot;datetime&quot;, &quot;url&quot;, &quot;source&quot;, &quot;related&quot;])
 at [Source: (org.glassfish.jersey.message.internal.EntityInputStream); line: 1, column: 573] (through reference chain: java.util.ArrayList[0]-&gt;pl.zankowski.iextrading4j.api.stocks.News[&quot;image&quot;])
	at com.fasterxml.jackson.databind.exc.UnrecognizedPropertyException.from(UnrecognizedPropertyException.java:61)
	at com.fasterxml.jackson.databind.DeserializationContext.handleUnknownProperty(DeserializationContext.java:822)
	at com.fasterxml.jackson.databind.deser.std.StdDeserializer.handleUnknownProperty(StdDeserializer.java:1152)
	at com.fasterxml.jackson.databind.deser.BeanDeserializerBase.handleUnknownProperty(BeanDeserializerBase.java:1582)
	at com.fasterxml.jackson.databind.deser.BeanDeserializerBase.handleUnknownVanilla(BeanDeserializerBase.java:1560)
	at com.fasterxml.jackson.databind.deser.BeanDeserializer.deserialize(BeanDeserializer.java:258)
	at com.fasterxml.jackson.databind.deser.BeanDeserializer._deserializeUsingPropertyBased(BeanDeserializer.java:441)
	at com.fasterxml.jackson.databind.deser.BeanDeserializerBase.deserializeFromObjectUsingNonDefault(BeanDeserializerBase.java:1280)
	at com.fasterxml.jackson.databind.deser.BeanDeserializer.deserializeFromObject(BeanDeserializer.java:326)
	at com.fasterxml.jackson.databind.deser.BeanDeserializer.deserialize(BeanDeserializer.java:159)
	at com.fasterxml.jackson.databind.deser.std.CollectionDeserializer.deserialize(CollectionDeserializer.java:286)
	at com.fasterxml.jackson.databind.deser.std.CollectionDeserializer.deserialize(CollectionDeserializer.java:245)
	at com.fasterxml.jackson.databind.deser.std.CollectionDeserializer.deserialize(CollectionDeserializer.java:27)
	at com.fasterxml.jackson.databind.ObjectReader._bind(ObjectReader.java:1574)
	at com.fasterxml.jackson.databind.ObjectReader.readValue(ObjectReader.java:965)
	at com.fasterxml.jackson.jaxrs.base.ProviderBase.readFrom(ProviderBase.java:815)
	at org.glassfish.jersey.message.internal.ReaderInterceptorExecutor$TerminalReaderInterceptor.invokeReadFrom(ReaderInterceptorExecutor.java:257)
	at org.glassfish.jersey.message.internal.ReaderInterceptorExecutor$TerminalReaderInterceptor.aroundReadFrom(ReaderInterceptorExecutor.java:229)
	at org.glassfish.jersey.message.internal.ReaderInterceptorExecutor.proceed(ReaderInterceptorExecutor.java:149)
	at org.glassfish.jersey.message.internal.MessageBodyFactory.readFrom(MessageBodyFactory.java:1124)
	at org.glassfish.jersey.message.internal.InboundMessageContext.readEntity(InboundMessageContext.java:851)
	... 51 more
</error>
  </testcase>
  <testcase classname="pl.zankowski.iextrading4j.test.acceptance.StocksAcceptanceTest" name="openCloseAcceptanceTest" time="0.48"/>
  <testcase classname="pl.zankowski.iextrading4j.test.acceptance.StocksAcceptanceTest" name="peersAcceptanceTest" time="0.482"/>
  <testcase classname="pl.zankowski.iextrading4j.test.acceptance.StocksAcceptanceTest" name="previousAcceptanceTest" time="0.537"/>
  <testcase classname="pl.zankowski.iextrading4j.test.acceptance.StocksAcceptanceTest" name="priceAcceptanceTest" time="0.596"/>
  <testcase classname="pl.zankowski.iextrading4j.test.acceptance.StocksAcceptanceTest" name="quoteAcceptanceTest" time="0.478"/>
  <testcase classname="pl.zankowski.iextrading4j.test.acceptance.StocksAcceptanceTest" name="relevantAcceptanceTest" time="0.498"/>
  <testcase classname="pl.zankowski.iextrading4j.test.acceptance.StocksAcceptanceTest" name="splitsAcceptanceTest" time="0.539"/>
  <testcase classname="pl.zankowski.iextrading4j.test.acceptance.StocksAcceptanceTest" name="venueVolumeAcceptanceTest" time="0.473"/>
  <testcase classname="pl.zankowski.iextrading4j.test.acceptance.StocksAcceptanceTest" name="ohlcAcceptanceTest" time="0.473"/>
  <testcase classname="pl.zankowski.iextrading4j.test.acceptance.StocksAcceptanceTest" name="shortInterestAcceptanceTest" time="0.882"/>
  <testcase classname="pl.zankowski.iextrading4j.test.acceptance.StocksAcceptanceTest" name="timeSeriesAcceptanceTest" time="0.688"/>
  <testcase classname="pl.zankowski.iextrading4j.test.acceptance.StocksAcceptanceTest" name="thresholdSecuritiesAcceptanceTest" time="0.594"/>
  <testcase classname="pl.zankowski.iextrading4j.test.acceptance.StocksAcceptanceTest" name="ohlcMarketAcceptanceTest" time="1.51"/>
  <testcase classname="pl.zankowski.iextrading4j.test.acceptance.StocksAcceptanceTest" name="previousMarketAcceptanceTest" time="1.424"/>
</testsuite>